
Currently Loaded Modules:
  1) openmpi/4.1.6

 

job is starting on gpua018.delta.ncsa.illinois.edu
/u/wzhong/miniconda3/bin/python3
# packages in environment at /u/wzhong/miniconda3:
#
# Name                    Version                   Build  Channel
/u/wzhong/miniconda3/lib/python3.12/site-packages/torch_geometric/deprecation.py:26: UserWarning: 'data.DataLoader' is deprecated, use 'loader.DataLoader' instead
  warnings.warn(out)
No Nvidia modulus is detected.
Creating data loaders...
Not finding in path 1
Creating data loaders...
Data loaders created: Train=6000, Val=1000, Test=3000
Loading pretrained model ...
No trained model
model training ...
validating
Current best validation errs by now: 1.6880913890600204
Epoch 1/400, Loss: 0.01549962
Epoch 2/400, Loss: 0.00427061
Epoch 3/400, Loss: 0.00187834
Epoch 4/400, Loss: 0.00274989
Epoch 5/400, Loss: 0.00210051
validating
Current best validation errs by now: 0.3484700082540512
Epoch 6/400, Loss: 0.00620475
Epoch 7/400, Loss: 0.00189277
Epoch 8/400, Loss: 0.00762594
Epoch 9/400, Loss: 0.00210951
Epoch 10/400, Loss: 0.00320060
validating
Current best validation errs by now: 0.30777468759194015
Epoch 11/400, Loss: 0.00193841
Epoch 12/400, Loss: 0.00159208
Epoch 13/400, Loss: 0.00170560
Epoch 14/400, Loss: 0.00154299
Epoch 15/400, Loss: 0.02105293
validating
Current best validation errs by now: 0.2102212969250977
Epoch 16/400, Loss: 0.00647665
Epoch 17/400, Loss: 0.01912179
Epoch 18/400, Loss: 0.00174667
Epoch 19/400, Loss: 0.00078850
Epoch 20/400, Loss: 0.00153757
validating
Current best validation errs by now: 0.2102212969250977
Epoch 21/400, Loss: 0.00393252
Epoch 22/400, Loss: 0.00080887
Epoch 23/400, Loss: 0.00056149
Epoch 24/400, Loss: 0.00073661
Epoch 25/400, Loss: 0.00041728
validating
Current best validation errs by now: 0.18334327579289675
Epoch 26/400, Loss: 0.00240025
Epoch 27/400, Loss: 0.01738698
Epoch 28/400, Loss: 0.00118344
Epoch 29/400, Loss: 0.00015968
Epoch 30/400, Loss: 0.00047949
validating
Current best validation errs by now: 0.18334327579289675
Epoch 31/400, Loss: 0.00045325
Epoch 32/400, Loss: 0.00318108
Epoch 33/400, Loss: 0.00073692
Epoch 34/400, Loss: 0.00138938
Epoch 35/400, Loss: 0.00360562
validating
Current best validation errs by now: 0.16013464872539043
Epoch 36/400, Loss: 0.00016076
Epoch 37/400, Loss: 0.00280478
Epoch 38/400, Loss: 0.00088776
Epoch 39/400, Loss: 0.00028436
Epoch 40/400, Loss: 0.00478490
validating
Current best validation errs by now: 0.16013464872539043
Epoch 41/400, Loss: 0.00344808
Epoch 42/400, Loss: 0.00068749
Epoch 43/400, Loss: 0.00026152
Epoch 44/400, Loss: 0.00079861
Epoch 45/400, Loss: 0.00749777
validating
Current best validation errs by now: 0.16013464872539043
Epoch 46/400, Loss: 0.00108285
Epoch 47/400, Loss: 0.00036390
Epoch 48/400, Loss: 0.00040422
Epoch 49/400, Loss: 0.00037631
Epoch 50/400, Loss: 0.00011803
validating
Current best validation errs by now: 0.15032257457263767
Epoch 51/400, Loss: 0.00182183
Epoch 52/400, Loss: 0.00299835
Epoch 53/400, Loss: 0.00093621
Epoch 54/400, Loss: 0.00046352
Epoch 55/400, Loss: 0.00036163
validating
Current best validation errs by now: 0.14014127924479544
Epoch 56/400, Loss: 0.00134258
Epoch 57/400, Loss: 0.00189567
Epoch 58/400, Loss: 0.00031895
Epoch 59/400, Loss: 0.00036118
Epoch 60/400, Loss: 0.00026079
validating
Current best validation errs by now: 0.14014127924479544
Epoch 61/400, Loss: 0.00214279
Epoch 62/400, Loss: 0.00125600
Epoch 63/400, Loss: 0.00039602
Epoch 64/400, Loss: 0.00052181
Epoch 65/400, Loss: 0.00037852
validating
Current best validation errs by now: 0.12112790560536087
Epoch 66/400, Loss: 0.00088083
Epoch 67/400, Loss: 0.00101329
Epoch 68/400, Loss: 0.00241056
Epoch 69/400, Loss: 0.00105800
Epoch 70/400, Loss: 0.00256181
validating
Current best validation errs by now: 0.12112790560536087
Epoch 71/400, Loss: 0.00102056
Epoch 72/400, Loss: 0.00055562
Epoch 73/400, Loss: 0.00240838
Epoch 74/400, Loss: 0.00097164
Epoch 75/400, Loss: 0.00134221
validating
Current best validation errs by now: 0.12112790560536087
Epoch 76/400, Loss: 0.00018511
Epoch 77/400, Loss: 0.00021956
Epoch 78/400, Loss: 0.00039734
Epoch 79/400, Loss: 0.00037241
Epoch 80/400, Loss: 0.00149105
validating
Current best validation errs by now: 0.11736582111567259
Epoch 81/400, Loss: 0.00012292
Epoch 82/400, Loss: 0.00089085
Epoch 83/400, Loss: 0.00016669
Epoch 84/400, Loss: 0.00130646
Epoch 85/400, Loss: 0.00025591
validating
Current best validation errs by now: 0.10911439146474004
Epoch 86/400, Loss: 0.00012402
Epoch 87/400, Loss: 0.00057606
Epoch 88/400, Loss: 0.00135416
Epoch 89/400, Loss: 0.00100343
Epoch 90/400, Loss: 0.00015264
validating
Current best validation errs by now: 0.10538693294115364
Epoch 91/400, Loss: 0.00005082
Epoch 92/400, Loss: 0.00004715
Epoch 93/400, Loss: 0.00077255
Epoch 94/400, Loss: 0.00058796
Epoch 95/400, Loss: 0.00272867
validating
Current best validation errs by now: 0.10538693294115364
Epoch 96/400, Loss: 0.00039057
Epoch 97/400, Loss: 0.00047751
Epoch 98/400, Loss: 0.00021726
Epoch 99/400, Loss: 0.00020109
Epoch 100/400, Loss: 0.00019216
validating
Current best validation errs by now: 0.10538693294115364
Epoch 101/400, Loss: 0.00079109
Epoch 102/400, Loss: 0.00032371
Epoch 103/400, Loss: 0.00033611
Epoch 104/400, Loss: 0.00132698
Epoch 105/400, Loss: 0.00020598
validating
Current best validation errs by now: 0.10332753414846957
Epoch 106/400, Loss: 0.00031424
Epoch 107/400, Loss: 0.00037406
Epoch 108/400, Loss: 0.00025824
Epoch 109/400, Loss: 0.00039809
Epoch 110/400, Loss: 0.00281154
validating
Current best validation errs by now: 0.10332753414846957
Epoch 111/400, Loss: 0.00113477
Epoch 112/400, Loss: 0.00121383
Epoch 113/400, Loss: 0.00010192
Epoch 114/400, Loss: 0.00156756
Epoch 115/400, Loss: 0.00015538
validating
Current best validation errs by now: 0.10258419292233885
Epoch 116/400, Loss: 0.00316252
Epoch 117/400, Loss: 0.00120967
Epoch 118/400, Loss: 0.00049390
Epoch 119/400, Loss: 0.00032615
Epoch 120/400, Loss: 0.00018682
validating
Current best validation errs by now: 0.10258419292233885
Epoch 121/400, Loss: 0.00184556
Epoch 122/400, Loss: 0.00040743
Epoch 123/400, Loss: 0.00012920
Epoch 124/400, Loss: 0.00054660
Epoch 125/400, Loss: 0.00091691
validating
Current best validation errs by now: 0.10258419292233885
Epoch 126/400, Loss: 0.00012700
Epoch 127/400, Loss: 0.00061603
Epoch 128/400, Loss: 0.00016535
Epoch 129/400, Loss: 0.00080333
Epoch 130/400, Loss: 0.00085603
validating
Current best validation errs by now: 0.10258419292233885
Epoch 131/400, Loss: 0.00125735
Epoch 132/400, Loss: 0.00049006
Epoch 133/400, Loss: 0.00013911
Epoch 134/400, Loss: 0.00072437
Epoch 135/400, Loss: 0.00036261
validating
Current best validation errs by now: 0.10258419292233885
Epoch 136/400, Loss: 0.00148831
Epoch 137/400, Loss: 0.00053040
Epoch 138/400, Loss: 0.00242119
Epoch 139/400, Loss: 0.00054377
Epoch 140/400, Loss: 0.00014937
validating
Current best validation errs by now: 0.10069577437639236
Epoch 141/400, Loss: 0.00058429
Epoch 142/400, Loss: 0.00013513
Epoch 143/400, Loss: 0.00141769
Epoch 144/400, Loss: 0.00023289
Epoch 145/400, Loss: 0.00026004
validating
Current best validation errs by now: 0.10069577437639236
Epoch 146/400, Loss: 0.00051218
Epoch 147/400, Loss: 0.00029326
Epoch 148/400, Loss: 0.00005164
Epoch 149/400, Loss: 0.00015243
Epoch 150/400, Loss: 0.00061015
validating
Current best validation errs by now: 0.10069577437639236
Epoch 151/400, Loss: 0.00014940
Epoch 152/400, Loss: 0.00150073
Epoch 153/400, Loss: 0.00022718
Epoch 154/400, Loss: 0.00090507
Epoch 155/400, Loss: 0.00013025
validating
Current best validation errs by now: 0.091559549190104
Epoch 156/400, Loss: 0.00058688
Epoch 157/400, Loss: 0.00007629
Epoch 158/400, Loss: 0.00076552
Epoch 159/400, Loss: 0.00042068
Epoch 160/400, Loss: 0.00009659
validating
Current best validation errs by now: 0.091559549190104
Epoch 161/400, Loss: 0.00070623
Epoch 162/400, Loss: 0.00006499
Epoch 163/400, Loss: 0.00070560
Epoch 164/400, Loss: 0.00283169
Epoch 165/400, Loss: 0.00015826
validating
Current best validation errs by now: 0.091559549190104
Epoch 166/400, Loss: 0.00044816
Epoch 167/400, Loss: 0.00167525
Epoch 168/400, Loss: 0.00027865
Epoch 169/400, Loss: 0.00007640
Epoch 170/400, Loss: 0.00033534
validating
Current best validation errs by now: 0.091559549190104
Epoch 171/400, Loss: 0.00042308
Epoch 172/400, Loss: 0.00007974
Epoch 173/400, Loss: 0.00157574
Epoch 174/400, Loss: 0.00007865
Epoch 175/400, Loss: 0.00168428
validating
Current best validation errs by now: 0.091559549190104
Epoch 176/400, Loss: 0.00035822
Epoch 177/400, Loss: 0.00024592
Epoch 178/400, Loss: 0.00008350
Epoch 179/400, Loss: 0.00011810
Epoch 180/400, Loss: 0.00020326
validating
Current best validation errs by now: 0.091559549190104
Epoch 181/400, Loss: 0.00100271
Epoch 182/400, Loss: 0.00039263
Epoch 183/400, Loss: 0.00052102
Epoch 184/400, Loss: 0.00022792
Epoch 185/400, Loss: 0.00017833
validating
Current best validation errs by now: 0.091559549190104
Epoch 186/400, Loss: 0.00014949
Epoch 187/400, Loss: 0.00040502
Epoch 188/400, Loss: 0.00021940
Epoch 189/400, Loss: 0.00009094
Epoch 190/400, Loss: 0.00015422
validating
Current best validation errs by now: 0.08741578950360418
Epoch 191/400, Loss: 0.00008925
Epoch 192/400, Loss: 0.00006799
Epoch 193/400, Loss: 0.00053546
Epoch 194/400, Loss: 0.00120912
Epoch 195/400, Loss: 0.00019886
validating
Current best validation errs by now: 0.08741578950360418
Epoch 196/400, Loss: 0.00007541
Epoch 197/400, Loss: 0.00014938
Epoch 198/400, Loss: 0.00017942
Epoch 199/400, Loss: 0.00221618
Epoch 200/400, Loss: 0.00220524
validating
Current best validation errs by now: 0.08741578950360418
Epoch 201/400, Loss: 0.00026679
Epoch 202/400, Loss: 0.00019852
Epoch 203/400, Loss: 0.00030072
Epoch 204/400, Loss: 0.00127228
Epoch 205/400, Loss: 0.00027607
validating
Current best validation errs by now: 0.08741578950360418
Epoch 206/400, Loss: 0.00109161
Epoch 207/400, Loss: 0.00013103
Epoch 208/400, Loss: 0.00073814
Epoch 209/400, Loss: 0.00063187
Epoch 210/400, Loss: 0.00061645
validating
Current best validation errs by now: 0.08741578950360418
Epoch 211/400, Loss: 0.00031792
Epoch 212/400, Loss: 0.00056795
Epoch 213/400, Loss: 0.00023711
Epoch 214/400, Loss: 0.00039846
Epoch 215/400, Loss: 0.00048067
validating
Current best validation errs by now: 0.08741578950360418
Epoch 216/400, Loss: 0.00163315
Epoch 217/400, Loss: 0.00194402
Epoch 218/400, Loss: 0.00151242
Epoch 219/400, Loss: 0.00066170
Epoch 220/400, Loss: 0.00024226
validating
Current best validation errs by now: 0.08602695271931589
Epoch 221/400, Loss: 0.00017613
Epoch 222/400, Loss: 0.00046631
Epoch 223/400, Loss: 0.00036170
Epoch 224/400, Loss: 0.00024630
Epoch 225/400, Loss: 0.00083201
validating
Current best validation errs by now: 0.08602695271931589
Epoch 226/400, Loss: 0.00009087
Epoch 227/400, Loss: 0.00122226
Epoch 228/400, Loss: 0.00008715
Epoch 229/400, Loss: 0.00086334
Epoch 230/400, Loss: 0.00006876
validating
Current best validation errs by now: 0.08602695271931589
Epoch 231/400, Loss: 0.00064464
Epoch 232/400, Loss: 0.00035043
Epoch 233/400, Loss: 0.00118761
Epoch 234/400, Loss: 0.00011579
Epoch 235/400, Loss: 0.00007249
validating
Current best validation errs by now: 0.08602695271931589
Epoch 236/400, Loss: 0.00089358
Epoch 237/400, Loss: 0.00022360
Epoch 238/400, Loss: 0.00084726
Epoch 239/400, Loss: 0.00010448
Epoch 240/400, Loss: 0.00019551
validating
Current best validation errs by now: 0.08602695271931589
Epoch 241/400, Loss: 0.00011381
Epoch 242/400, Loss: 0.00010563
Epoch 243/400, Loss: 0.00256903
Epoch 244/400, Loss: 0.00096080
Epoch 245/400, Loss: 0.00058617
validating
Current best validation errs by now: 0.08602695271931589
Epoch 246/400, Loss: 0.00049396
Epoch 247/400, Loss: 0.00085709
Epoch 248/400, Loss: 0.00031704
Epoch 249/400, Loss: 0.00263410
Epoch 250/400, Loss: 0.00077067
validating
Current best validation errs by now: 0.08602695271931589
Epoch 251/400, Loss: 0.00025182
Epoch 252/400, Loss: 0.00028129
Epoch 253/400, Loss: 0.00020354
Epoch 254/400, Loss: 0.00037582
Epoch 255/400, Loss: 0.00013011
validating
Current best validation errs by now: 0.08602695271931589
Epoch 256/400, Loss: 0.00006925
Epoch 257/400, Loss: 0.00029835
Epoch 258/400, Loss: 0.00008246
Epoch 259/400, Loss: 0.00036339
Epoch 260/400, Loss: 0.00068518
validating
Current best validation errs by now: 0.08435301205236465
Epoch 261/400, Loss: 0.00041737
Epoch 262/400, Loss: 0.00225817
Epoch 263/400, Loss: 0.00257434
Epoch 264/400, Loss: 0.00004553
Epoch 265/400, Loss: 0.00100179
validating
Current best validation errs by now: 0.08435301205236465
Epoch 266/400, Loss: 0.00041501
Epoch 267/400, Loss: 0.00012844
Epoch 268/400, Loss: 0.00012787
Epoch 269/400, Loss: 0.00022861
Epoch 270/400, Loss: 0.00031428
validating
Current best validation errs by now: 0.08435301205236465
Epoch 271/400, Loss: 0.00106465
Epoch 272/400, Loss: 0.00059558
Epoch 273/400, Loss: 0.00034505
Epoch 274/400, Loss: 0.00115747
Epoch 275/400, Loss: 0.00073733
validating
Current best validation errs by now: 0.08435301205236465
Epoch 276/400, Loss: 0.00239002
Epoch 277/400, Loss: 0.00017227
Epoch 278/400, Loss: 0.00033792
Epoch 279/400, Loss: 0.00003459
Epoch 280/400, Loss: 0.00008394
validating
Current best validation errs by now: 0.08435301205236465
Epoch 281/400, Loss: 0.00006936
Epoch 282/400, Loss: 0.00021377
Epoch 283/400, Loss: 0.00044036
Epoch 284/400, Loss: 0.00010305
Epoch 285/400, Loss: 0.00007245
validating
Current best validation errs by now: 0.08435301205236465
Epoch 286/400, Loss: 0.00003010
Epoch 287/400, Loss: 0.00013596
Epoch 288/400, Loss: 0.00035468
Epoch 289/400, Loss: 0.00006964
Epoch 290/400, Loss: 0.00300489
validating
Current best validation errs by now: 0.08435301205236465
Epoch 291/400, Loss: 0.00010089
Epoch 292/400, Loss: 0.00014031
Epoch 293/400, Loss: 0.00013575
Epoch 294/400, Loss: 0.00045016
Epoch 295/400, Loss: 0.00161571
validating
Current best validation errs by now: 0.08435301205236465
Epoch 296/400, Loss: 0.00126137
Epoch 297/400, Loss: 0.00014369
Epoch 298/400, Loss: 0.00062521
Epoch 299/400, Loss: 0.00010588
Epoch 300/400, Loss: 0.00010474
validating
Current best validation errs by now: 0.08435301205236465
Epoch 301/400, Loss: 0.00028626
Epoch 302/400, Loss: 0.00066083
Epoch 303/400, Loss: 0.00007971
Epoch 304/400, Loss: 0.00010676
Epoch 305/400, Loss: 0.00032797
validating
Current best validation errs by now: 0.08435301205236465
Epoch 306/400, Loss: 0.00016834
Epoch 307/400, Loss: 0.00003291
Epoch 308/400, Loss: 0.00011504
Epoch 309/400, Loss: 0.00012372
Epoch 310/400, Loss: 0.00011249
validating
Current best validation errs by now: 0.08435301205236465
Epoch 311/400, Loss: 0.00069988
Epoch 312/400, Loss: 0.00010793
Epoch 313/400, Loss: 0.00009910
Epoch 314/400, Loss: 0.00069780
Epoch 315/400, Loss: 0.00159383
validating
Current best validation errs by now: 0.08435301205236465
Epoch 316/400, Loss: 0.00004075
Epoch 317/400, Loss: 0.00007907
Epoch 318/400, Loss: 0.00009516
Epoch 319/400, Loss: 0.00044842
Epoch 320/400, Loss: 0.00055295
validating
Current best validation errs by now: 0.08435301205236465
Epoch 321/400, Loss: 0.00025982
Epoch 322/400, Loss: 0.00045540
Epoch 323/400, Loss: 0.00015163
Epoch 324/400, Loss: 0.00020572
Epoch 325/400, Loss: 0.00007836
validating
Current best validation errs by now: 0.08435301205236465
Epoch 326/400, Loss: 0.00015347
Epoch 327/400, Loss: 0.00015498
Epoch 328/400, Loss: 0.00035698
Epoch 329/400, Loss: 0.00011078
Epoch 330/400, Loss: 0.00013598
validating
Current best validation errs by now: 0.08435301205236465
Epoch 331/400, Loss: 0.00003688
Epoch 332/400, Loss: 0.00012973
Epoch 333/400, Loss: 0.00039407
Epoch 334/400, Loss: 0.00034389
Epoch 335/400, Loss: 0.00012667
validating
Current best validation errs by now: 0.08202909348160028
Epoch 336/400, Loss: 0.00269282
Epoch 337/400, Loss: 0.00050135
Epoch 338/400, Loss: 0.00199777
Epoch 339/400, Loss: 0.00018474
Epoch 340/400, Loss: 0.00007403
validating
Current best validation errs by now: 0.08202909348160028
Epoch 341/400, Loss: 0.00016603
Epoch 342/400, Loss: 0.00009514
Epoch 343/400, Loss: 0.00019872
Epoch 344/400, Loss: 0.00005679
Epoch 345/400, Loss: 0.00009071
validating
Current best validation errs by now: 0.08202909348160028
Epoch 346/400, Loss: 0.00015695
Epoch 347/400, Loss: 0.00009798
Epoch 348/400, Loss: 0.00048130
Epoch 349/400, Loss: 0.00008668
Epoch 350/400, Loss: 0.00030642
validating
Current best validation errs by now: 0.08142915079183877
Epoch 351/400, Loss: 0.00013582
Epoch 352/400, Loss: 0.00007107
Epoch 353/400, Loss: 0.00010749
Epoch 354/400, Loss: 0.00015141
Epoch 355/400, Loss: 0.00010093
validating
Current best validation errs by now: 0.0811866217199713
Epoch 356/400, Loss: 0.00006460
Epoch 357/400, Loss: 0.00019511
Epoch 358/400, Loss: 0.00056021
Epoch 359/400, Loss: 0.00046753
Epoch 360/400, Loss: 0.00043954
validating
Current best validation errs by now: 0.0811866217199713
Epoch 361/400, Loss: 0.00007775
Epoch 362/400, Loss: 0.00220004
Epoch 363/400, Loss: 0.00002046
Epoch 364/400, Loss: 0.00022999
Epoch 365/400, Loss: 0.00015382
validating
Current best validation errs by now: 0.0804735224340111
Epoch 366/400, Loss: 0.00028485
Epoch 367/400, Loss: 0.00009956
Epoch 368/400, Loss: 0.00012222
Epoch 369/400, Loss: 0.00033355
Epoch 370/400, Loss: 0.00073648
validating
Current best validation errs by now: 0.0804735224340111
Epoch 371/400, Loss: 0.00046435
Epoch 372/400, Loss: 0.00009300
Epoch 373/400, Loss: 0.00168918
Epoch 374/400, Loss: 0.00147906
Epoch 375/400, Loss: 0.00009624
validating
Current best validation errs by now: 0.0804735224340111
Epoch 376/400, Loss: 0.00036888
Epoch 377/400, Loss: 0.00027214
Epoch 378/400, Loss: 0.00020639
Epoch 379/400, Loss: 0.00006480
Epoch 380/400, Loss: 0.00062190
validating
Current best validation errs by now: 0.0804735224340111
Epoch 381/400, Loss: 0.00005172
Epoch 382/400, Loss: 0.00017974
Epoch 383/400, Loss: 0.00030397
Epoch 384/400, Loss: 0.00021502
Epoch 385/400, Loss: 0.00016429
validating
Current best validation errs by now: 0.0804735224340111
Epoch 386/400, Loss: 0.00045577
Epoch 387/400, Loss: 0.00014666
Epoch 388/400, Loss: 0.00010143
Epoch 389/400, Loss: 0.00004083
Epoch 390/400, Loss: 0.00016407
validating
Current best validation errs by now: 0.0804735224340111
Epoch 391/400, Loss: 0.00085960
Epoch 392/400, Loss: 0.00054774
Epoch 393/400, Loss: 0.00004700
Epoch 394/400, Loss: 0.00009726
Epoch 395/400, Loss: 0.00007821
validating
Current best validation errs by now: 0.0788438802100718
Epoch 396/400, Loss: 0.00014588
Epoch 397/400, Loss: 0.00022774
Epoch 398/400, Loss: 0.00218244
Epoch 399/400, Loss: 0.00020683
Epoch 400/400, Loss: 0.00010247
total training time: 29692.00981426239 seconds
evalute average performance on 3000 samples
average stess relative err: 0.08665687438224753
