
Currently Loaded Modules:
  1) openmpi/4.1.6

 

job is starting on gpua098.delta.ncsa.illinois.edu
/u/wzhong/miniconda3/bin/python3
# packages in environment at /u/wzhong/miniconda3:
#
# Name                    Version                   Build  Channel
/u/wzhong/miniconda3/lib/python3.12/site-packages/torch_geometric/deprecation.py:26: UserWarning: 'data.DataLoader' is deprecated, use 'loader.DataLoader' instead
  warnings.warn(out)
No Nvidia modulus is detected.
Creating data loaders...
Not finding in path 1
Creating data loaders...
Data loaders created: Train=2133, Val=355, Test=1067
Loading pretrained model ...
No trained model
model training ...
validating
Current best validation errs by now: 37.52433127282371
Epoch 1/400, Loss: 0.00000542
Epoch 2/400, Loss: 0.00000572
Epoch 3/400, Loss: 0.00000583
Epoch 4/400, Loss: 0.00000489
Epoch 5/400, Loss: 0.00000488
validating
Current best validation errs by now: 0.4594274169122669
Epoch 6/400, Loss: 0.00000405
Epoch 7/400, Loss: 0.00000523
Epoch 8/400, Loss: 0.00000505
Epoch 9/400, Loss: 0.00000449
Epoch 10/400, Loss: 0.00000420
validating
Current best validation errs by now: 0.44706632771962124
Epoch 11/400, Loss: 0.00000481
Epoch 12/400, Loss: 0.00000437
Epoch 13/400, Loss: 0.00000431
Epoch 14/400, Loss: 0.00000445
Epoch 15/400, Loss: 0.00000395
validating
Current best validation errs by now: 0.4141336817976455
Epoch 16/400, Loss: 0.00000466
Epoch 17/400, Loss: 0.00000379
Epoch 18/400, Loss: 0.00000365
Epoch 19/400, Loss: 0.00000397
Epoch 20/400, Loss: 0.00000955
validating
Current best validation errs by now: 0.39645242204128855
Epoch 21/400, Loss: 0.00000343
Epoch 22/400, Loss: 0.00000331
Epoch 23/400, Loss: 0.00000359
Epoch 24/400, Loss: 0.00000382
Epoch 25/400, Loss: 0.00000305
validating
Current best validation errs by now: 0.3877106580096231
Epoch 26/400, Loss: 0.00000345
Epoch 27/400, Loss: 0.00000351
Epoch 28/400, Loss: 0.00000322
Epoch 29/400, Loss: 0.00000358
Epoch 30/400, Loss: 0.00000352
validating
Current best validation errs by now: 0.3791606994581894
Epoch 31/400, Loss: 0.00000424
Epoch 32/400, Loss: 0.00000335
Epoch 33/400, Loss: 0.00000334
Epoch 34/400, Loss: 0.00000253
Epoch 35/400, Loss: 0.00000387
validating
Current best validation errs by now: 0.377286931914343
Epoch 36/400, Loss: 0.00000351
Epoch 37/400, Loss: 0.00000440
Epoch 38/400, Loss: 0.00000331
Epoch 39/400, Loss: 0.00000322
Epoch 40/400, Loss: 0.00000328
validating
Current best validation errs by now: 0.377286931914343
Epoch 41/400, Loss: 0.00000324
Epoch 42/400, Loss: 0.00000903
Epoch 43/400, Loss: 0.00000253
Epoch 44/400, Loss: 0.00000269
Epoch 45/400, Loss: 0.00000273
validating
Current best validation errs by now: 0.377286931914343
Epoch 46/400, Loss: 0.00000384
Epoch 47/400, Loss: 0.00000352
Epoch 48/400, Loss: 0.00000233
Epoch 49/400, Loss: 0.00000391
Epoch 50/400, Loss: 0.00000311
validating
Current best validation errs by now: 0.36763746444608125
Epoch 51/400, Loss: 0.00000455
Epoch 52/400, Loss: 0.00000395
Epoch 53/400, Loss: 0.00000294
Epoch 54/400, Loss: 0.00000337
Epoch 55/400, Loss: 0.00000391
validating
Current best validation errs by now: 0.36345608637366494
Epoch 56/400, Loss: 0.00000459
Epoch 57/400, Loss: 0.00000265
Epoch 58/400, Loss: 0.00000292
Epoch 59/400, Loss: 0.00000240
Epoch 60/400, Loss: 0.00000273
validating
Current best validation errs by now: 0.36345608637366494
Epoch 61/400, Loss: 0.00000274
Epoch 62/400, Loss: 0.00000240
Epoch 63/400, Loss: 0.00000264
Epoch 64/400, Loss: 0.00000288
Epoch 65/400, Loss: 0.00000339
validating
Current best validation errs by now: 0.3591847489417439
Epoch 66/400, Loss: 0.00000278
Epoch 67/400, Loss: 0.00000245
Epoch 68/400, Loss: 0.00000276
Epoch 69/400, Loss: 0.00000322
Epoch 70/400, Loss: 0.00000229
validating
Current best validation errs by now: 0.35577152833132675
Epoch 71/400, Loss: 0.00000283
Epoch 72/400, Loss: 0.00000253
Epoch 73/400, Loss: 0.00000279
Epoch 74/400, Loss: 0.00000267
Epoch 75/400, Loss: 0.00000282
validating
Current best validation errs by now: 0.35421584491998376
Epoch 76/400, Loss: 0.00000361
Epoch 77/400, Loss: 0.00000282
Epoch 78/400, Loss: 0.00000284
Epoch 79/400, Loss: 0.00000247
Epoch 80/400, Loss: 0.00000293
validating
Current best validation errs by now: 0.35401317032290175
Epoch 81/400, Loss: 0.00000336
Epoch 82/400, Loss: 0.00000290
Epoch 83/400, Loss: 0.00000218
Epoch 84/400, Loss: 0.00000313
Epoch 85/400, Loss: 0.00000268
validating
Current best validation errs by now: 0.3536641517155607
Epoch 86/400, Loss: 0.00000330
Epoch 87/400, Loss: 0.00000234
Epoch 88/400, Loss: 0.00000351
Epoch 89/400, Loss: 0.00000295
Epoch 90/400, Loss: 0.00000278
validating
Current best validation errs by now: 0.3515342050035235
Epoch 91/400, Loss: 0.00000290
Epoch 92/400, Loss: 0.00000256
Epoch 93/400, Loss: 0.00000255
Epoch 94/400, Loss: 0.00000262
Epoch 95/400, Loss: 0.00000302
validating
Current best validation errs by now: 0.3515342050035235
Epoch 96/400, Loss: 0.00000307
Epoch 97/400, Loss: 0.00000293
Epoch 98/400, Loss: 0.00000267
Epoch 99/400, Loss: 0.00000317
Epoch 100/400, Loss: 0.00000226
validating
Current best validation errs by now: 0.34463759694300905
Epoch 101/400, Loss: 0.00000271
Epoch 102/400, Loss: 0.00000324
Epoch 103/400, Loss: 0.00000313
Epoch 104/400, Loss: 0.00000312
Epoch 105/400, Loss: 0.00000363
validating
Current best validation errs by now: 0.34463759694300905
Epoch 106/400, Loss: 0.00000259
Epoch 107/400, Loss: 0.00000299
Epoch 108/400, Loss: 0.00000223
Epoch 109/400, Loss: 0.00000257
Epoch 110/400, Loss: 0.00000285
validating
Current best validation errs by now: 0.3433511054012137
Epoch 111/400, Loss: 0.00000486
Epoch 112/400, Loss: 0.00000299
Epoch 113/400, Loss: 0.00000247
Epoch 114/400, Loss: 0.00000246
Epoch 115/400, Loss: 0.00000227
validating
Current best validation errs by now: 0.338876151954624
Epoch 116/400, Loss: 0.00000381
Epoch 117/400, Loss: 0.00000250
Epoch 118/400, Loss: 0.00000288
Epoch 119/400, Loss: 0.00000257
Epoch 120/400, Loss: 0.00000257
validating
Current best validation errs by now: 0.338876151954624
Epoch 121/400, Loss: 0.00000369
Epoch 122/400, Loss: 0.00000249
Epoch 123/400, Loss: 0.00000417
Epoch 124/400, Loss: 0.00000332
Epoch 125/400, Loss: 0.00000315
validating
Current best validation errs by now: 0.338876151954624
Epoch 126/400, Loss: 0.00000333
Epoch 127/400, Loss: 0.00000271
Epoch 128/400, Loss: 0.00000321
Epoch 129/400, Loss: 0.00000233
Epoch 130/400, Loss: 0.00000215
validating
Current best validation errs by now: 0.338876151954624
Epoch 131/400, Loss: 0.00000266
Epoch 132/400, Loss: 0.00000205
Epoch 133/400, Loss: 0.00000292
Epoch 134/400, Loss: 0.00000239
Epoch 135/400, Loss: 0.00000273
validating
Current best validation errs by now: 0.33881207830469373
Epoch 136/400, Loss: 0.00000261
Epoch 137/400, Loss: 0.00000215
Epoch 138/400, Loss: 0.00000271
Epoch 139/400, Loss: 0.00000253
Epoch 140/400, Loss: 0.00000279
validating
Current best validation errs by now: 0.33881207830469373
Epoch 141/400, Loss: 0.00000316
slurmstepd: error: *** JOB 8843476 ON gpua098 CANCELLED AT 2025-04-04T06:11:03 DUE TO TIME LIMIT ***
