
Currently Loaded Modules:
  1) openmpi/4.1.6

 

job is starting on gpua015.delta.ncsa.illinois.edu
/u/wzhong/miniconda3/bin/python3
# packages in environment at /u/wzhong/miniconda3:
#
# Name                    Version                   Build  Channel
/u/wzhong/miniconda3/lib/python3.12/site-packages/torch_geometric/deprecation.py:26: UserWarning: 'data.DataLoader' is deprecated, use 'loader.DataLoader' instead
  warnings.warn(out)
No Nvidia modulus is detected.
Creating data loaders...
Data loaders created: Train=1800, Val=300, Test=900
Creating data loaders...
Not finding in path 2
Loading pretrained model ...
No trained model
model training ...
validating
Current best validation errs by now: 1.5429522369305293
Epoch 1/400, Loss: 0.00222129
Epoch 2/400, Loss: 0.00046971
Epoch 3/400, Loss: 0.00033529
Epoch 4/400, Loss: 0.00060706
Epoch 5/400, Loss: 0.00050002
validating
Current best validation errs by now: 0.14303535041709742
Epoch 6/400, Loss: 0.00037896
Epoch 7/400, Loss: 0.00038789
Epoch 8/400, Loss: 0.00043287
Epoch 9/400, Loss: 0.00044554
Epoch 10/400, Loss: 0.00022163
validating
Current best validation errs by now: 0.06733230573435624
Epoch 11/400, Loss: 0.00029648
Epoch 12/400, Loss: 0.00017027
Epoch 13/400, Loss: 0.00025379
Epoch 14/400, Loss: 0.00005666
Epoch 15/400, Loss: 0.00009908
validating
Current best validation errs by now: 0.04703823879361153
Epoch 16/400, Loss: 0.00012533
Epoch 17/400, Loss: 0.00007602
Epoch 18/400, Loss: 0.00039653
Epoch 19/400, Loss: 0.00021826
Epoch 20/400, Loss: 0.00011794
validating
Current best validation errs by now: 0.0410118921349446
Epoch 21/400, Loss: 0.00004436
Epoch 22/400, Loss: 0.00020231
Epoch 23/400, Loss: 0.00006507
Epoch 24/400, Loss: 0.00011697
Epoch 25/400, Loss: 0.00002916
validating
Current best validation errs by now: 0.03279230316480001
Epoch 26/400, Loss: 0.00005609
Epoch 27/400, Loss: 0.00032914
Epoch 28/400, Loss: 0.00022844
Epoch 29/400, Loss: 0.00003929
Epoch 30/400, Loss: 0.00002608
validating
Current best validation errs by now: 0.030069093660761912
Epoch 31/400, Loss: 0.00004622
Epoch 32/400, Loss: 0.00002971
Epoch 33/400, Loss: 0.00004561
Epoch 34/400, Loss: 0.00010935
Epoch 35/400, Loss: 0.00002864
validating
Current best validation errs by now: 0.030069093660761912
Epoch 36/400, Loss: 0.00014681
Epoch 37/400, Loss: 0.00002090
Epoch 38/400, Loss: 0.00010975
Epoch 39/400, Loss: 0.00002312
Epoch 40/400, Loss: 0.00002513
validating
Current best validation errs by now: 0.030069093660761912
Epoch 41/400, Loss: 0.00010067
Epoch 42/400, Loss: 0.00001311
Epoch 43/400, Loss: 0.00005119
Epoch 44/400, Loss: 0.00002504
Epoch 45/400, Loss: 0.00002256
validating
Current best validation errs by now: 0.0252918626802663
Epoch 46/400, Loss: 0.00002254
Epoch 47/400, Loss: 0.00006143
Epoch 48/400, Loss: 0.00005337
Epoch 49/400, Loss: 0.00008581
Epoch 50/400, Loss: 0.00003076
validating
Current best validation errs by now: 0.023905736406644184
Epoch 51/400, Loss: 0.00005121
Epoch 52/400, Loss: 0.00001637
Epoch 53/400, Loss: 0.00002295
Epoch 54/400, Loss: 0.00001892
Epoch 55/400, Loss: 0.00005407
validating
Current best validation errs by now: 0.023905736406644184
Epoch 56/400, Loss: 0.00001907
Epoch 57/400, Loss: 0.00003658
Epoch 58/400, Loss: 0.00003770
Epoch 59/400, Loss: 0.00004037
Epoch 60/400, Loss: 0.00007023
validating
Current best validation errs by now: 0.02368461524757246
Epoch 61/400, Loss: 0.00004656
Epoch 62/400, Loss: 0.00006735
Epoch 63/400, Loss: 0.00001265
Epoch 64/400, Loss: 0.00013806
Epoch 65/400, Loss: 0.00004301
validating
Current best validation errs by now: 0.02368461524757246
Epoch 66/400, Loss: 0.00001770
Epoch 67/400, Loss: 0.00008574
Epoch 68/400, Loss: 0.00000755
Epoch 69/400, Loss: 0.00001864
Epoch 70/400, Loss: 0.00003798
validating
Current best validation errs by now: 0.02368461524757246
Epoch 71/400, Loss: 0.00004186
Epoch 72/400, Loss: 0.00003073
Epoch 73/400, Loss: 0.00005848
Epoch 74/400, Loss: 0.00001584
Epoch 75/400, Loss: 0.00002250
validating
Current best validation errs by now: 0.022960108208159604
Epoch 76/400, Loss: 0.00000687
Epoch 77/400, Loss: 0.00003218
Epoch 78/400, Loss: 0.00002237
Epoch 79/400, Loss: 0.00001392
Epoch 80/400, Loss: 0.00006316
validating
Current best validation errs by now: 0.021163885183632374
Epoch 81/400, Loss: 0.00004080
Epoch 82/400, Loss: 0.00001554
Epoch 83/400, Loss: 0.00000804
Epoch 84/400, Loss: 0.00004669
Epoch 85/400, Loss: 0.00001534
validating
Current best validation errs by now: 0.021163885183632374
Epoch 86/400, Loss: 0.00001142
Epoch 87/400, Loss: 0.00002524
Epoch 88/400, Loss: 0.00001509
Epoch 89/400, Loss: 0.00000539
Epoch 90/400, Loss: 0.00002693
validating
Current best validation errs by now: 0.021163885183632374
Epoch 91/400, Loss: 0.00001376
Epoch 92/400, Loss: 0.00000478
Epoch 93/400, Loss: 0.00002014
Epoch 94/400, Loss: 0.00001299
Epoch 95/400, Loss: 0.00000598
validating
Current best validation errs by now: 0.014571250279744466
Epoch 96/400, Loss: 0.00000416
Epoch 97/400, Loss: 0.00001555
Epoch 98/400, Loss: 0.00002045
Epoch 99/400, Loss: 0.00007104
Epoch 100/400, Loss: 0.00004558
validating
Current best validation errs by now: 0.014571250279744466
Epoch 101/400, Loss: 0.00003831
Epoch 102/400, Loss: 0.00001084
Epoch 103/400, Loss: 0.00000862
Epoch 104/400, Loss: 0.00003055
Epoch 105/400, Loss: 0.00002037
validating
Current best validation errs by now: 0.014571250279744466
Epoch 106/400, Loss: 0.00000846
Epoch 107/400, Loss: 0.00000991
Epoch 108/400, Loss: 0.00005228
Epoch 109/400, Loss: 0.00000489
Epoch 110/400, Loss: 0.00000648
validating
Current best validation errs by now: 0.014571250279744466
Epoch 111/400, Loss: 0.00002196
Epoch 112/400, Loss: 0.00000949
Epoch 113/400, Loss: 0.00000612
Epoch 114/400, Loss: 0.00009899
Epoch 115/400, Loss: 0.00000539
validating
Current best validation errs by now: 0.014571250279744466
Epoch 116/400, Loss: 0.00000621
Epoch 117/400, Loss: 0.00000532
Epoch 118/400, Loss: 0.00001524
Epoch 119/400, Loss: 0.00000626
Epoch 120/400, Loss: 0.00003743
validating
Current best validation errs by now: 0.012791666047026714
Epoch 121/400, Loss: 0.00003524
Epoch 122/400, Loss: 0.00001674
Epoch 123/400, Loss: 0.00001602
Epoch 124/400, Loss: 0.00000654
Epoch 125/400, Loss: 0.00000912
validating
Current best validation errs by now: 0.012791666047026714
Epoch 126/400, Loss: 0.00000989
Epoch 127/400, Loss: 0.00001350
Epoch 128/400, Loss: 0.00003292
Epoch 129/400, Loss: 0.00000882
Epoch 130/400, Loss: 0.00000918
validating
Current best validation errs by now: 0.012791666047026714
Epoch 131/400, Loss: 0.00022871
Epoch 132/400, Loss: 0.00000562
Epoch 133/400, Loss: 0.00000958
Epoch 134/400, Loss: 0.00000596
Epoch 135/400, Loss: 0.00000420
validating
Current best validation errs by now: 0.012365038640176256
Epoch 136/400, Loss: 0.00000508
Epoch 137/400, Loss: 0.00006115
Epoch 138/400, Loss: 0.00003647
Epoch 139/400, Loss: 0.00000331
Epoch 140/400, Loss: 0.00001059
validating
Current best validation errs by now: 0.012365038640176256
Epoch 141/400, Loss: 0.00001307
Epoch 142/400, Loss: 0.00001007
Epoch 143/400, Loss: 0.00002805
Epoch 144/400, Loss: 0.00000875
Epoch 145/400, Loss: 0.00001156
validating
Current best validation errs by now: 0.012365038640176256
Epoch 146/400, Loss: 0.00001179
Epoch 147/400, Loss: 0.00003505
Epoch 148/400, Loss: 0.00002080
Epoch 149/400, Loss: 0.00003338
Epoch 150/400, Loss: 0.00001943
validating
Current best validation errs by now: 0.012365038640176256
Epoch 151/400, Loss: 0.00008412
Epoch 152/400, Loss: 0.00001218
Epoch 153/400, Loss: 0.00012801
Epoch 154/400, Loss: 0.00000302
Epoch 155/400, Loss: 0.00000480
validating
Current best validation errs by now: 0.012365038640176256
Epoch 156/400, Loss: 0.00008726
Epoch 157/400, Loss: 0.00002603
Epoch 158/400, Loss: 0.00001153
Epoch 159/400, Loss: 0.00000802
Epoch 160/400, Loss: 0.00001467
validating
Current best validation errs by now: 0.012365038640176256
Epoch 161/400, Loss: 0.00001434
Epoch 162/400, Loss: 0.00001735
Epoch 163/400, Loss: 0.00000886
Epoch 164/400, Loss: 0.00000757
Epoch 165/400, Loss: 0.00000664
validating
Current best validation errs by now: 0.012365038640176256
Epoch 166/400, Loss: 0.00002385
Epoch 167/400, Loss: 0.00000418
Epoch 168/400, Loss: 0.00001022
Epoch 169/400, Loss: 0.00015133
Epoch 170/400, Loss: 0.00000284
validating
Current best validation errs by now: 0.012365038640176256
Epoch 171/400, Loss: 0.00004339
Epoch 172/400, Loss: 0.00001713
Epoch 173/400, Loss: 0.00000298
Epoch 174/400, Loss: 0.00001469
Epoch 175/400, Loss: 0.00005214
validating
Current best validation errs by now: 0.012080266183863084
Epoch 176/400, Loss: 0.00000526
Epoch 177/400, Loss: 0.00002165
Epoch 178/400, Loss: 0.00000616
Epoch 179/400, Loss: 0.00000445
Epoch 180/400, Loss: 0.00001267
validating
Current best validation errs by now: 0.012080266183863084
Epoch 181/400, Loss: 0.00000384
Epoch 182/400, Loss: 0.00000486
Epoch 183/400, Loss: 0.00001344
Epoch 184/400, Loss: 0.00005685
Epoch 185/400, Loss: 0.00002545
validating
Current best validation errs by now: 0.012080266183863084
Epoch 186/400, Loss: 0.00001649
Epoch 187/400, Loss: 0.00000537
Epoch 188/400, Loss: 0.00000645
slurmstepd: error: *** JOB 8843472 ON gpua015 CANCELLED AT 2025-04-04T05:42:21 DUE TO TIME LIMIT ***
