
Currently Loaded Modules:
  1) openmpi/4.1.6

 

job is starting on gpua031.delta.ncsa.illinois.edu
/u/wzhong/miniconda3/bin/python3
# packages in environment at /u/wzhong/miniconda3:
#
# Name                    Version                   Build  Channel
/u/wzhong/miniconda3/lib/python3.12/site-packages/torch_geometric/deprecation.py:26: UserWarning: 'data.DataLoader' is deprecated, use 'loader.DataLoader' instead
  warnings.warn(out)
No Nvidia modulus is detected.
Creating data loaders...
Data loaders created: Train=1282, Val=213, Test=643
Creating data loaders...
Not finding in path 2
Loading pretrained model ...
No trained model
model training ...
validating
Current best validation errs by now: 3.558230759392322
Epoch 1/400, Loss: 0.00033879
Epoch 2/400, Loss: 0.00026226
Epoch 3/400, Loss: 0.00028371
Epoch 4/400, Loss: 0.00019816
Epoch 5/400, Loss: 0.00022024
validating
Current best validation errs by now: 0.7308368814383315
Epoch 6/400, Loss: 0.00013775
Epoch 7/400, Loss: 0.00044585
Epoch 8/400, Loss: 0.00013820
Epoch 9/400, Loss: 0.00012316
Epoch 10/400, Loss: 0.00053921
validating
Current best validation errs by now: 0.6665572795509732
Epoch 11/400, Loss: 0.00038548
Epoch 12/400, Loss: 0.00021031
Epoch 13/400, Loss: 0.00019395
Epoch 14/400, Loss: 0.00031067
Epoch 15/400, Loss: 0.00024062
validating
Current best validation errs by now: 0.6456605617149335
Epoch 16/400, Loss: 0.00029427
Epoch 17/400, Loss: 0.00094786
Epoch 18/400, Loss: 0.00022035
Epoch 19/400, Loss: 0.00034915
Epoch 20/400, Loss: 0.00045637
validating
Current best validation errs by now: 0.6456605617149335
Epoch 21/400, Loss: 0.00014772
Epoch 22/400, Loss: 0.00013457
Epoch 23/400, Loss: 0.00033039
Epoch 24/400, Loss: 0.00011760
Epoch 25/400, Loss: 0.00045548
validating
Current best validation errs by now: 0.6322169327679934
Epoch 26/400, Loss: 0.00017813
Epoch 27/400, Loss: 0.00029801
Epoch 28/400, Loss: 0.00032843
Epoch 29/400, Loss: 0.00019707
Epoch 30/400, Loss: 0.00017255
validating
Current best validation errs by now: 0.6256035262710052
Epoch 31/400, Loss: 0.00024879
Epoch 32/400, Loss: 0.00017826
Epoch 33/400, Loss: 0.00012211
Epoch 34/400, Loss: 0.00016627
Epoch 35/400, Loss: 0.00029912
validating
Current best validation errs by now: 0.6115572039789997
Epoch 36/400, Loss: 0.00015119
slurmstepd: error: *** JOB 8843474 ON gpua031 CANCELLED AT 2025-04-04T05:46:23 DUE TO TIME LIMIT ***
