
Currently Loaded Modules:
  1) openmpi/4.1.6

 

job is starting on gpua033.delta.ncsa.illinois.edu
/u/wzhong/miniconda3/bin/python3
# packages in environment at /u/wzhong/miniconda3:
#
# Name                    Version                   Build  Channel
/u/wzhong/miniconda3/lib/python3.12/site-packages/torch_geometric/deprecation.py:26: UserWarning: 'data.DataLoader' is deprecated, use 'loader.DataLoader' instead
  warnings.warn(out)
No Nvidia modulus is detected.
Creating data loaders...
Not finding in path 1
Creating data loaders...
Data loaders created: Train=6000, Val=1000, Test=3000
Loading pretrained model ...
No trained model
model training ...
validating
Current best validation errs by now: 1.6868113819360733
Epoch 1/400, Loss: 0.03790157
Epoch 2/400, Loss: 0.00254965
Epoch 3/400, Loss: 0.00901668
Epoch 4/400, Loss: 0.00529097
Epoch 5/400, Loss: 0.02188581
validating
Current best validation errs by now: 0.30645022124052046
Epoch 6/400, Loss: 0.01051726
Epoch 7/400, Loss: 0.00782558
Epoch 8/400, Loss: 0.00259059
Epoch 9/400, Loss: 0.00315806
Epoch 10/400, Loss: 0.00152182
validating
Current best validation errs by now: 0.2539110653847456
Epoch 11/400, Loss: 0.01546546
Epoch 12/400, Loss: 0.00620594
Epoch 13/400, Loss: 0.00219151
Epoch 14/400, Loss: 0.00082462
Epoch 15/400, Loss: 0.00319018
validating
Current best validation errs by now: 0.22118287170678377
Epoch 16/400, Loss: 0.00255516
Epoch 17/400, Loss: 0.00100432
Epoch 18/400, Loss: 0.00167225
Epoch 19/400, Loss: 0.00143466
Epoch 20/400, Loss: 0.00405673
validating
Current best validation errs by now: 0.22118287170678377
Epoch 21/400, Loss: 0.01115733
Epoch 22/400, Loss: 0.00160096
Epoch 23/400, Loss: 0.00496630
Epoch 24/400, Loss: 0.00762260
Epoch 25/400, Loss: 0.00469526
validating
Current best validation errs by now: 0.2210189163275063
Epoch 26/400, Loss: 0.00185854
Epoch 27/400, Loss: 0.00263078
Epoch 28/400, Loss: 0.00527214
Epoch 29/400, Loss: 0.00729081
Epoch 30/400, Loss: 0.00325876
validating
Current best validation errs by now: 0.20781039487570524
Epoch 31/400, Loss: 0.00124001
Epoch 32/400, Loss: 0.00074968
Epoch 33/400, Loss: 0.00121385
Epoch 34/400, Loss: 0.00411421
Epoch 35/400, Loss: 0.00110080
validating
Current best validation errs by now: 0.19442647144570946
Epoch 36/400, Loss: 0.00127194
Epoch 37/400, Loss: 0.00127781
Epoch 38/400, Loss: 0.00429804
Epoch 39/400, Loss: 0.00137990
Epoch 40/400, Loss: 0.01436281
validating
Current best validation errs by now: 0.18296702584996818
Epoch 41/400, Loss: 0.00792172
Epoch 42/400, Loss: 0.00054789
Epoch 43/400, Loss: 0.00060027
Epoch 44/400, Loss: 0.00094133
Epoch 45/400, Loss: 0.00060214
validating
Current best validation errs by now: 0.17863924073800444
Epoch 46/400, Loss: 0.00074588
Epoch 47/400, Loss: 0.00049055
Epoch 48/400, Loss: 0.00107313
Epoch 49/400, Loss: 0.00068049
Epoch 50/400, Loss: 0.00140537
validating
Current best validation errs by now: 0.17774134654551743
Epoch 51/400, Loss: 0.00100664
Epoch 52/400, Loss: 0.00100984
Epoch 53/400, Loss: 0.00608936
Epoch 54/400, Loss: 0.00122789
Epoch 55/400, Loss: 0.00060041
validating
Current best validation errs by now: 0.1689024496525526
Epoch 56/400, Loss: 0.00017027
Epoch 57/400, Loss: 0.00008524
Epoch 58/400, Loss: 0.00145941
Epoch 59/400, Loss: 0.00413452
Epoch 60/400, Loss: 0.00047643
validating
Current best validation errs by now: 0.1689024496525526
Epoch 61/400, Loss: 0.00054352
Epoch 62/400, Loss: 0.00230728
Epoch 63/400, Loss: 0.00045633
Epoch 64/400, Loss: 0.00273674
Epoch 65/400, Loss: 0.00121582
validating
Current best validation errs by now: 0.1689024496525526
Epoch 66/400, Loss: 0.00245727
Epoch 67/400, Loss: 0.00102555
Epoch 68/400, Loss: 0.01295780
Epoch 69/400, Loss: 0.00226359
Epoch 70/400, Loss: 0.00601430
validating
Current best validation errs by now: 0.16069691892899574
Epoch 71/400, Loss: 0.00570049
Epoch 72/400, Loss: 0.00360244
Epoch 73/400, Loss: 0.00058455
Epoch 74/400, Loss: 0.00128029
Epoch 75/400, Loss: 0.00038984
validating
Current best validation errs by now: 0.15699587966687978
Epoch 76/400, Loss: 0.00309120
Epoch 77/400, Loss: 0.00390624
Epoch 78/400, Loss: 0.00089967
Epoch 79/400, Loss: 0.00049217
Epoch 80/400, Loss: 0.00067251
validating
Current best validation errs by now: 0.15328984048031272
Epoch 81/400, Loss: 0.00109752
Epoch 82/400, Loss: 0.00023107
Epoch 83/400, Loss: 0.00145444
Epoch 84/400, Loss: 0.00050586
Epoch 85/400, Loss: 0.00089253
validating
Current best validation errs by now: 0.1531142126787454
Epoch 86/400, Loss: 0.00631986
Epoch 87/400, Loss: 0.00209712
Epoch 88/400, Loss: 0.00069570
Epoch 89/400, Loss: 0.00121096
Epoch 90/400, Loss: 0.00286737
validating
Current best validation errs by now: 0.1531142126787454
Epoch 91/400, Loss: 0.00512410
Epoch 92/400, Loss: 0.00130889
Epoch 93/400, Loss: 0.00464260
Epoch 94/400, Loss: 0.00180926
Epoch 95/400, Loss: 0.00068239
validating
Current best validation errs by now: 0.14961507218703626
Epoch 96/400, Loss: 0.00019992
Epoch 97/400, Loss: 0.00023280
Epoch 98/400, Loss: 0.00030069
Epoch 99/400, Loss: 0.00112759
Epoch 100/400, Loss: 0.00092201
validating
Current best validation errs by now: 0.1426371340882033
Epoch 101/400, Loss: 0.00590783
Epoch 102/400, Loss: 0.01119811
Epoch 103/400, Loss: 0.00174914
Epoch 104/400, Loss: 0.00043047
Epoch 105/400, Loss: 0.00026719
validating
Current best validation errs by now: 0.1426371340882033
Epoch 106/400, Loss: 0.00014870
Epoch 107/400, Loss: 0.00368415
Epoch 108/400, Loss: 0.00081587
Epoch 109/400, Loss: 0.00548325
Epoch 110/400, Loss: 0.00029502
validating
Current best validation errs by now: 0.1426371340882033
Epoch 111/400, Loss: 0.00272651
Epoch 112/400, Loss: 0.00222110
Epoch 113/400, Loss: 0.00331963
Epoch 114/400, Loss: 0.00318000
Epoch 115/400, Loss: 0.00025371
validating
Current best validation errs by now: 0.1426371340882033
Epoch 116/400, Loss: 0.00028748
slurmstepd: error: *** JOB 8843473 ON gpua033 CANCELLED AT 2025-04-04T05:45:53 DUE TO TIME LIMIT ***
