
Currently Loaded Modules:
  1) openmpi/4.1.6

 

job is starting on gpua072.delta.ncsa.illinois.edu
/u/wzhong/miniconda3/bin/python3
# packages in environment at /u/wzhong/miniconda3:
#
# Name                    Version                   Build  Channel
/u/wzhong/miniconda3/lib/python3.12/site-packages/torch_geometric/deprecation.py:26: UserWarning: 'data.DataLoader' is deprecated, use 'loader.DataLoader' instead
  warnings.warn(out)
No Nvidia modulus is detected.
Creating data loaders...
Data loaders created: Train=1800, Val=300, Test=900
Creating data loaders...
Not finding in path 2
Loading pretrained model ...
No trained model
model training ...
validating
Current best validation errs by now: 1.547324882944425
Epoch 1/400, Loss: 0.00144573
Epoch 2/400, Loss: 0.00253103
Epoch 3/400, Loss: 0.00381709
Epoch 4/400, Loss: 0.00189770
Epoch 5/400, Loss: 0.00034999
validating
Current best validation errs by now: 0.10527551596363385
Epoch 6/400, Loss: 0.00027207
Epoch 7/400, Loss: 0.00022458
Epoch 8/400, Loss: 0.00035562
Epoch 9/400, Loss: 0.00058291
Epoch 10/400, Loss: 0.00032181
validating
Current best validation errs by now: 0.07007578143229087
Epoch 11/400, Loss: 0.00035326
Epoch 12/400, Loss: 0.00012586
Epoch 13/400, Loss: 0.00065621
Epoch 14/400, Loss: 0.00021056
Epoch 15/400, Loss: 0.00009271
validating
Current best validation errs by now: 0.056274719759821894
Epoch 16/400, Loss: 0.00041764
Epoch 17/400, Loss: 0.00008084
Epoch 18/400, Loss: 0.00006391
Epoch 19/400, Loss: 0.00011174
Epoch 20/400, Loss: 0.00092954
validating
Current best validation errs by now: 0.056274719759821894
Epoch 21/400, Loss: 0.00025750
Epoch 22/400, Loss: 0.00006305
Epoch 23/400, Loss: 0.00020110
Epoch 24/400, Loss: 0.00004529
Epoch 25/400, Loss: 0.00010121
validating
Current best validation errs by now: 0.03408807115629316
Epoch 26/400, Loss: 0.00010315
Epoch 27/400, Loss: 0.00024358
Epoch 28/400, Loss: 0.00002682
Epoch 29/400, Loss: 0.00046986
Epoch 30/400, Loss: 0.00009764
validating
Current best validation errs by now: 0.03408807115629316
Epoch 31/400, Loss: 0.00002298
Epoch 32/400, Loss: 0.00006128
Epoch 33/400, Loss: 0.00003692
Epoch 34/400, Loss: 0.00004277
Epoch 35/400, Loss: 0.00002889
validating
Current best validation errs by now: 0.03387592299530903
Epoch 36/400, Loss: 0.00005238
Epoch 37/400, Loss: 0.00008040
Epoch 38/400, Loss: 0.00010634
Epoch 39/400, Loss: 0.00008040
Epoch 40/400, Loss: 0.00020822
validating
Current best validation errs by now: 0.02861015306785703
Epoch 41/400, Loss: 0.00003102
Epoch 42/400, Loss: 0.00002015
Epoch 43/400, Loss: 0.00007744
Epoch 44/400, Loss: 0.00005534
Epoch 45/400, Loss: 0.00002149
validating
Current best validation errs by now: 0.02861015306785703
Epoch 46/400, Loss: 0.00006282
Epoch 47/400, Loss: 0.00004644
Epoch 48/400, Loss: 0.00002852
Epoch 49/400, Loss: 0.00003658
Epoch 50/400, Loss: 0.00006796
validating
Current best validation errs by now: 0.02861015306785703
Epoch 51/400, Loss: 0.00036024
Epoch 52/400, Loss: 0.00059550
Epoch 53/400, Loss: 0.00003567
Epoch 54/400, Loss: 0.00024339
Epoch 55/400, Loss: 0.00079872
validating
Current best validation errs by now: 0.02861015306785703
Epoch 56/400, Loss: 0.00001276
Epoch 57/400, Loss: 0.00002156
Epoch 58/400, Loss: 0.00005920
Epoch 59/400, Loss: 0.00008865
Epoch 60/400, Loss: 0.00003374
validating
Current best validation errs by now: 0.02861015306785703
Epoch 61/400, Loss: 0.00004782
Epoch 62/400, Loss: 0.00005475
Epoch 63/400, Loss: 0.00014033
Epoch 64/400, Loss: 0.00001777
Epoch 65/400, Loss: 0.00002207
validating
Current best validation errs by now: 0.02861015306785703
Epoch 66/400, Loss: 0.00007799
Epoch 67/400, Loss: 0.00008947
Epoch 68/400, Loss: 0.00006894
Epoch 69/400, Loss: 0.00003686
Epoch 70/400, Loss: 0.00001792
validating
Current best validation errs by now: 0.02861015306785703
Epoch 71/400, Loss: 0.00001359
Epoch 72/400, Loss: 0.00002011
Epoch 73/400, Loss: 0.00004149
Epoch 74/400, Loss: 0.00002302
Epoch 75/400, Loss: 0.00001577
validating
Current best validation errs by now: 0.027949765796462696
Epoch 76/400, Loss: 0.00005110
Epoch 77/400, Loss: 0.00022028
Epoch 78/400, Loss: 0.00003526
Epoch 79/400, Loss: 0.00040346
Epoch 80/400, Loss: 0.00002369
validating
Current best validation errs by now: 0.0239748581747214
Epoch 81/400, Loss: 0.00002325
Epoch 82/400, Loss: 0.00003692
Epoch 83/400, Loss: 0.00001254
Epoch 84/400, Loss: 0.00009762
Epoch 85/400, Loss: 0.00001383
validating
Current best validation errs by now: 0.022469250963379938
Epoch 86/400, Loss: 0.00002393
Epoch 87/400, Loss: 0.00008703
Epoch 88/400, Loss: 0.00001162
Epoch 89/400, Loss: 0.00001726
Epoch 90/400, Loss: 0.00011511
validating
Current best validation errs by now: 0.022469250963379938
Epoch 91/400, Loss: 0.00064401
Epoch 92/400, Loss: 0.00001491
Epoch 93/400, Loss: 0.00006299
Epoch 94/400, Loss: 0.00003628
Epoch 95/400, Loss: 0.00002227
validating
Current best validation errs by now: 0.022469250963379938
Epoch 96/400, Loss: 0.00004868
Epoch 97/400, Loss: 0.00001856
Epoch 98/400, Loss: 0.00001539
Epoch 99/400, Loss: 0.00007695
Epoch 100/400, Loss: 0.00001345
validating
Current best validation errs by now: 0.01796836427723368
Epoch 101/400, Loss: 0.00010103
Epoch 102/400, Loss: 0.00001694
Epoch 103/400, Loss: 0.00009851
Epoch 104/400, Loss: 0.00001436
Epoch 105/400, Loss: 0.00002688
validating
Current best validation errs by now: 0.01796836427723368
Epoch 106/400, Loss: 0.00018242
Epoch 107/400, Loss: 0.00003173
Epoch 108/400, Loss: 0.00004125
Epoch 109/400, Loss: 0.00003761
Epoch 110/400, Loss: 0.00002654
validating
Current best validation errs by now: 0.01796836427723368
Epoch 111/400, Loss: 0.00003874
Epoch 112/400, Loss: 0.00007614
Epoch 113/400, Loss: 0.00001090
Epoch 114/400, Loss: 0.00003156
Epoch 115/400, Loss: 0.00002043
validating
Current best validation errs by now: 0.01796836427723368
Epoch 116/400, Loss: 0.00000668
Epoch 117/400, Loss: 0.00002261
Epoch 118/400, Loss: 0.00000836
Epoch 119/400, Loss: 0.00002363
Epoch 120/400, Loss: 0.00007949
validating
Current best validation errs by now: 0.01796836427723368
Epoch 121/400, Loss: 0.00004384
Epoch 122/400, Loss: 0.00001094
Epoch 123/400, Loss: 0.00001396
Epoch 124/400, Loss: 0.00004754
Epoch 125/400, Loss: 0.00025161
validating
Current best validation errs by now: 0.01796836427723368
Epoch 126/400, Loss: 0.00001166
Epoch 127/400, Loss: 0.00001592
Epoch 128/400, Loss: 0.00001186
Epoch 129/400, Loss: 0.00001029
Epoch 130/400, Loss: 0.00002546
validating
Current best validation errs by now: 0.01796836427723368
Epoch 131/400, Loss: 0.00001474
Epoch 132/400, Loss: 0.00006768
Epoch 133/400, Loss: 0.00001182
Epoch 134/400, Loss: 0.00005420
Epoch 135/400, Loss: 0.00010069
validating
Current best validation errs by now: 0.01796836427723368
Epoch 136/400, Loss: 0.00008915
Epoch 137/400, Loss: 0.00001049
Epoch 138/400, Loss: 0.00002474
Epoch 139/400, Loss: 0.00001753
Epoch 140/400, Loss: 0.00001374
validating
Current best validation errs by now: 0.01796836427723368
Epoch 141/400, Loss: 0.00000753
Epoch 142/400, Loss: 0.00000858
Epoch 143/400, Loss: 0.00001418
Epoch 144/400, Loss: 0.00009196
Epoch 145/400, Loss: 0.00006114
validating
Current best validation errs by now: 0.01796836427723368
Epoch 146/400, Loss: 0.00001215
Epoch 147/400, Loss: 0.00008112
Epoch 148/400, Loss: 0.00001506
Epoch 149/400, Loss: 0.00004595
Epoch 150/400, Loss: 0.00000752
validating
Current best validation errs by now: 0.01796836427723368
Epoch 151/400, Loss: 0.00002009
Epoch 152/400, Loss: 0.00001879
Epoch 153/400, Loss: 0.00001377
Epoch 154/400, Loss: 0.00002028
Epoch 155/400, Loss: 0.00004881
validating
Current best validation errs by now: 0.01796836427723368
Epoch 156/400, Loss: 0.00004133
Epoch 157/400, Loss: 0.00004687
Epoch 158/400, Loss: 0.00000588
Epoch 159/400, Loss: 0.00002031
Epoch 160/400, Loss: 0.00001894
validating
Current best validation errs by now: 0.01796836427723368
Epoch 161/400, Loss: 0.00002837
Epoch 162/400, Loss: 0.00002768
Epoch 163/400, Loss: 0.00013050
Epoch 164/400, Loss: 0.00002953
Epoch 165/400, Loss: 0.00007878
validating
Current best validation errs by now: 0.01796836427723368
Epoch 166/400, Loss: 0.00016191
Epoch 167/400, Loss: 0.00001023
Epoch 168/400, Loss: 0.00014616
Epoch 169/400, Loss: 0.00026554
Epoch 170/400, Loss: 0.00076917
validating
Current best validation errs by now: 0.01796836427723368
Epoch 171/400, Loss: 0.00001631
Epoch 172/400, Loss: 0.00001634
Epoch 173/400, Loss: 0.00003121
Epoch 174/400, Loss: 0.00000458
Epoch 175/400, Loss: 0.00017952
validating
Current best validation errs by now: 0.01796836427723368
Epoch 176/400, Loss: 0.00002511
Epoch 177/400, Loss: 0.00001815
Epoch 178/400, Loss: 0.00000903
Epoch 179/400, Loss: 0.00020152
Epoch 180/400, Loss: 0.00001033
validating
Current best validation errs by now: 0.01796836427723368
Epoch 181/400, Loss: 0.00000876
Epoch 182/400, Loss: 0.00016064
Epoch 183/400, Loss: 0.00001333
Epoch 184/400, Loss: 0.00001892
Epoch 185/400, Loss: 0.00000703
validating
Current best validation errs by now: 0.014907536984731753
Epoch 186/400, Loss: 0.00001429
Epoch 187/400, Loss: 0.00002216
Epoch 188/400, Loss: 0.00000953
Epoch 189/400, Loss: 0.00021580
Epoch 190/400, Loss: 0.00001379
validating
Current best validation errs by now: 0.014907536984731753
Epoch 191/400, Loss: 0.00001860
Epoch 192/400, Loss: 0.00000348
Epoch 193/400, Loss: 0.00002716
Epoch 194/400, Loss: 0.00004969
Epoch 195/400, Loss: 0.00001820
validating
Current best validation errs by now: 0.014907536984731753
Epoch 196/400, Loss: 0.00000713
Epoch 197/400, Loss: 0.00002615
Epoch 198/400, Loss: 0.00002349
Epoch 199/400, Loss: 0.00007168
Epoch 200/400, Loss: 0.00001239
validating
Current best validation errs by now: 0.014907536984731753
Epoch 201/400, Loss: 0.00003179
Epoch 202/400, Loss: 0.00005413
Epoch 203/400, Loss: 0.00000696
Epoch 204/400, Loss: 0.00003117
Epoch 205/400, Loss: 0.00002247
validating
Current best validation errs by now: 0.014907536984731753
Epoch 206/400, Loss: 0.00006889
Epoch 207/400, Loss: 0.00004980
Epoch 208/400, Loss: 0.00018689
Epoch 209/400, Loss: 0.00010835
Epoch 210/400, Loss: 0.00002426
validating
Current best validation errs by now: 0.014907536984731753
Epoch 211/400, Loss: 0.00002883
Epoch 212/400, Loss: 0.00002780
Epoch 213/400, Loss: 0.00004591
Epoch 214/400, Loss: 0.00001883
Epoch 215/400, Loss: 0.00001139
validating
Current best validation errs by now: 0.014907536984731753
Epoch 216/400, Loss: 0.00000644
Epoch 217/400, Loss: 0.00001051
Epoch 218/400, Loss: 0.00001290
Epoch 219/400, Loss: 0.00000614
Epoch 220/400, Loss: 0.00000820
validating
Current best validation errs by now: 0.014907536984731753
Epoch 221/400, Loss: 0.00002403
Epoch 222/400, Loss: 0.00000394
Epoch 223/400, Loss: 0.00003957
Epoch 224/400, Loss: 0.00003675
Epoch 225/400, Loss: 0.00000579
validating
Current best validation errs by now: 0.014907536984731753
Epoch 226/400, Loss: 0.00000760
Epoch 227/400, Loss: 0.00002199
Epoch 228/400, Loss: 0.00000748
Epoch 229/400, Loss: 0.00001673
Epoch 230/400, Loss: 0.00010618
validating
Current best validation errs by now: 0.014907536984731753
Epoch 231/400, Loss: 0.00000833
Epoch 232/400, Loss: 0.00000781
Epoch 233/400, Loss: 0.00002524
Epoch 234/400, Loss: 0.00007101
Epoch 235/400, Loss: 0.00002608
validating
Current best validation errs by now: 0.014907536984731753
Epoch 236/400, Loss: 0.00004081
Epoch 237/400, Loss: 0.00018869
Epoch 238/400, Loss: 0.00003042
Epoch 239/400, Loss: 0.00001429
Epoch 240/400, Loss: 0.00001373
validating
Current best validation errs by now: 0.014907536984731753
Epoch 241/400, Loss: 0.00008526
Epoch 242/400, Loss: 0.00001066
Epoch 243/400, Loss: 0.00000545
Epoch 244/400, Loss: 0.00000829
Epoch 245/400, Loss: 0.00001229
validating
Current best validation errs by now: 0.014907536984731753
Epoch 246/400, Loss: 0.00000720
Epoch 247/400, Loss: 0.00001991
Epoch 248/400, Loss: 0.00002435
Epoch 249/400, Loss: 0.00002185
Epoch 250/400, Loss: 0.00001063
validating
Current best validation errs by now: 0.014907536984731753
Epoch 251/400, Loss: 0.00000784
Epoch 252/400, Loss: 0.00000650
Epoch 253/400, Loss: 0.00022810
Epoch 254/400, Loss: 0.00005300
Epoch 255/400, Loss: 0.00000572
validating
Current best validation errs by now: 0.014390154934177796
Epoch 256/400, Loss: 0.00002293
Epoch 257/400, Loss: 0.00003485
Epoch 258/400, Loss: 0.00000818
Epoch 259/400, Loss: 0.00002515
Epoch 260/400, Loss: 0.00000742
validating
Current best validation errs by now: 0.014390154934177796
Epoch 261/400, Loss: 0.00082388
Epoch 262/400, Loss: 0.00001339
Epoch 263/400, Loss: 0.00000539
Epoch 264/400, Loss: 0.00003267
Epoch 265/400, Loss: 0.00004826
validating
Current best validation errs by now: 0.014390154934177796
Epoch 266/400, Loss: 0.00001009
Epoch 267/400, Loss: 0.00000460
Epoch 268/400, Loss: 0.00000465
Epoch 269/400, Loss: 0.00001731
Epoch 270/400, Loss: 0.00001401
validating
Current best validation errs by now: 0.013837332390248775
Epoch 271/400, Loss: 0.00003103
Epoch 272/400, Loss: 0.00000572
Epoch 273/400, Loss: 0.00000566
Epoch 274/400, Loss: 0.00018429
Epoch 275/400, Loss: 0.00003053
validating
Current best validation errs by now: 0.013837332390248775
Epoch 276/400, Loss: 0.00002579
Epoch 277/400, Loss: 0.00000364
Epoch 278/400, Loss: 0.00000672
Epoch 279/400, Loss: 0.00002321
Epoch 280/400, Loss: 0.00000816
validating
Current best validation errs by now: 0.013837332390248775
Epoch 281/400, Loss: 0.00001474
Epoch 282/400, Loss: 0.00010736
Epoch 283/400, Loss: 0.00012404
Epoch 284/400, Loss: 0.00000649
Epoch 285/400, Loss: 0.00000687
validating
Current best validation errs by now: 0.013837332390248775
Epoch 286/400, Loss: 0.00000709
Epoch 287/400, Loss: 0.00000719
Epoch 288/400, Loss: 0.00002215
Epoch 289/400, Loss: 0.00006973
Epoch 290/400, Loss: 0.00001608
validating
Current best validation errs by now: 0.013837332390248775
Epoch 291/400, Loss: 0.00002389
Epoch 292/400, Loss: 0.00000683
Epoch 293/400, Loss: 0.00000664
Epoch 294/400, Loss: 0.00000330
Epoch 295/400, Loss: 0.00001770
validating
Current best validation errs by now: 0.013096800909067194
Epoch 296/400, Loss: 0.00000653
Epoch 297/400, Loss: 0.00000943
Epoch 298/400, Loss: 0.00000421
Epoch 299/400, Loss: 0.00000769
Epoch 300/400, Loss: 0.00001840
validating
Current best validation errs by now: 0.013096800909067194
Epoch 301/400, Loss: 0.00006540
Epoch 302/400, Loss: 0.00000922
Epoch 303/400, Loss: 0.00000869
Epoch 304/400, Loss: 0.00000827
Epoch 305/400, Loss: 0.00000647
validating
Current best validation errs by now: 0.013096800909067194
Epoch 306/400, Loss: 0.00001497
Epoch 307/400, Loss: 0.00004111
Epoch 308/400, Loss: 0.00001135
Epoch 309/400, Loss: 0.00000781
Epoch 310/400, Loss: 0.00000864
validating
Current best validation errs by now: 0.013096800909067194
Epoch 311/400, Loss: 0.00003805
Epoch 312/400, Loss: 0.00001120
Epoch 313/400, Loss: 0.00002659
Epoch 314/400, Loss: 0.00000526
Epoch 315/400, Loss: 0.00000319
validating
Current best validation errs by now: 0.013096800909067194
Epoch 316/400, Loss: 0.00003274
Epoch 317/400, Loss: 0.00001994
Epoch 318/400, Loss: 0.00001571
Epoch 319/400, Loss: 0.00012016
Epoch 320/400, Loss: 0.00001445
validating
Current best validation errs by now: 0.013096800909067194
Epoch 321/400, Loss: 0.00000858
Epoch 322/400, Loss: 0.00000875
Epoch 323/400, Loss: 0.00004537
Epoch 324/400, Loss: 0.00000745
Epoch 325/400, Loss: 0.00002017
validating
Current best validation errs by now: 0.013096800909067194
Epoch 326/400, Loss: 0.00001249
Epoch 327/400, Loss: 0.00000904
Epoch 328/400, Loss: 0.00001113
Epoch 329/400, Loss: 0.00002239
Epoch 330/400, Loss: 0.00001919
validating
Current best validation errs by now: 0.013096800909067194
Epoch 331/400, Loss: 0.00001837
Epoch 332/400, Loss: 0.00001080
Epoch 333/400, Loss: 0.00000884
Epoch 334/400, Loss: 0.00000677
Epoch 335/400, Loss: 0.00006466
validating
Current best validation errs by now: 0.013096800909067194
Epoch 336/400, Loss: 0.00000800
Epoch 337/400, Loss: 0.00000986
Epoch 338/400, Loss: 0.00001113
Epoch 339/400, Loss: 0.00002242
Epoch 340/400, Loss: 0.00003031
validating
Current best validation errs by now: 0.013096800909067194
Epoch 341/400, Loss: 0.00002497
Epoch 342/400, Loss: 0.00000942
Epoch 343/400, Loss: 0.00002897
Epoch 344/400, Loss: 0.00000508
Epoch 345/400, Loss: 0.00003430
validating
Current best validation errs by now: 0.013096800909067194
Epoch 346/400, Loss: 0.00000496
Epoch 347/400, Loss: 0.00003209
Epoch 348/400, Loss: 0.00003878
Epoch 349/400, Loss: 0.00001534
Epoch 350/400, Loss: 0.00011578
validating
Current best validation errs by now: 0.013096800909067194
Epoch 351/400, Loss: 0.00000842
Epoch 352/400, Loss: 0.00000591
Epoch 353/400, Loss: 0.00002501
Epoch 354/400, Loss: 0.00000541
Epoch 355/400, Loss: 0.00003671
validating
Current best validation errs by now: 0.013096800909067194
Epoch 356/400, Loss: 0.00002863
Epoch 357/400, Loss: 0.00001748
Epoch 358/400, Loss: 0.00000528
Epoch 359/400, Loss: 0.00004897
Epoch 360/400, Loss: 0.00000592
validating
Current best validation errs by now: 0.012606651186943055
Epoch 361/400, Loss: 0.00002100
Epoch 362/400, Loss: 0.00001877
Epoch 363/400, Loss: 0.00001105
Epoch 364/400, Loss: 0.00003004
Epoch 365/400, Loss: 0.00000544
validating
Current best validation errs by now: 0.012606651186943055
Epoch 366/400, Loss: 0.00006361
Epoch 367/400, Loss: 0.00000517
Epoch 368/400, Loss: 0.00003509
Epoch 369/400, Loss: 0.00002693
Epoch 370/400, Loss: 0.00001591
validating
Current best validation errs by now: 0.012606651186943055
Epoch 371/400, Loss: 0.00000638
Epoch 372/400, Loss: 0.00000831
Epoch 373/400, Loss: 0.00000427
Epoch 374/400, Loss: 0.00002743
Epoch 375/400, Loss: 0.00000553
validating
Current best validation errs by now: 0.012606651186943055
Epoch 376/400, Loss: 0.00000831
Epoch 377/400, Loss: 0.00001319
Epoch 378/400, Loss: 0.00001530
Epoch 379/400, Loss: 0.00001880
Epoch 380/400, Loss: 0.00000944
validating
Current best validation errs by now: 0.012606651186943055
Epoch 381/400, Loss: 0.00005446
Epoch 382/400, Loss: 0.00002593
Epoch 383/400, Loss: 0.00006092
Epoch 384/400, Loss: 0.00002390
Epoch 385/400, Loss: 0.00002049
validating
Current best validation errs by now: 0.012606651186943055
Epoch 386/400, Loss: 0.00001757
Epoch 387/400, Loss: 0.00001607
Epoch 388/400, Loss: 0.00001267
Epoch 389/400, Loss: 0.00002610
Epoch 390/400, Loss: 0.00003888
validating
Current best validation errs by now: 0.012606651186943055
Epoch 391/400, Loss: 0.00000588
Epoch 392/400, Loss: 0.00000554
Epoch 393/400, Loss: 0.00000611
Epoch 394/400, Loss: 0.00000591
Epoch 395/400, Loss: 0.00000455
validating
Current best validation errs by now: 0.012606651186943055
Epoch 396/400, Loss: 0.00000496
Epoch 397/400, Loss: 0.00003015
Epoch 398/400, Loss: 0.00000928
Epoch 399/400, Loss: 0.00003235
Epoch 400/400, Loss: 0.00002101
total training time: 7827.602336168289 seconds
evalute average performance on 900 samples
average stess relative err: 0.020114669555591214
