
Currently Loaded Modules:
  1) openmpi/4.1.6

 

job is starting on gpua072.delta.ncsa.illinois.edu
/u/wzhong/miniconda3/bin/python3
# packages in environment at /u/wzhong/miniconda3:
#
# Name                    Version                   Build  Channel
/u/wzhong/miniconda3/lib/python3.12/site-packages/torch_geometric/deprecation.py:26: UserWarning: 'data.DataLoader' is deprecated, use 'loader.DataLoader' instead
  warnings.warn(out)
No Nvidia modulus is detected.
Creating data loaders...
Data loaders created: Train=375, Val=62, Test=188
Creating data loaders...
Not finding in path 2
Loading pretrained model ...
model training ...
validating
Current best validation errs by now: 0.0031110131362032506
Epoch 1/400, Loss: 0.00048965
Epoch 2/400, Loss: 0.00029373
Epoch 3/400, Loss: 0.00016485
Epoch 4/400, Loss: 0.00017171
Epoch 5/400, Loss: 0.00015647
validating
Current best validation errs by now: 0.002043696017109699
Epoch 6/400, Loss: 0.00011258
Epoch 7/400, Loss: 0.00017176
Epoch 8/400, Loss: 0.00159668
Epoch 9/400, Loss: 0.00034588
Epoch 10/400, Loss: 0.00005419
validating
Current best validation errs by now: 0.002043696017109699
Epoch 11/400, Loss: 0.00113493
Epoch 12/400, Loss: 0.00013547
Epoch 13/400, Loss: 0.00027833
Epoch 14/400, Loss: 0.00003051
Epoch 15/400, Loss: 0.00048637
validating
Current best validation errs by now: 0.0015585385028257846
Epoch 16/400, Loss: 0.00005482
Epoch 17/400, Loss: 0.00044458
Epoch 18/400, Loss: 0.00017288
Epoch 19/400, Loss: 0.00004632
Epoch 20/400, Loss: 0.00005822
validating
Current best validation errs by now: 0.0012091592070646584
Epoch 21/400, Loss: 0.00008356
Epoch 22/400, Loss: 0.00009675
Epoch 23/400, Loss: 0.00004742
Epoch 24/400, Loss: 0.00002803
Epoch 25/400, Loss: 0.00022152
validating
Current best validation errs by now: 0.0012091592070646584
Epoch 26/400, Loss: 0.00004250
Epoch 27/400, Loss: 0.00015906
Epoch 28/400, Loss: 0.00001862
Epoch 29/400, Loss: 0.00005014
Epoch 30/400, Loss: 0.00034701
validating
Current best validation errs by now: 0.0011105249746657547
Epoch 31/400, Loss: 0.00005391
Epoch 32/400, Loss: 0.00001983
Epoch 33/400, Loss: 0.00006355
Epoch 34/400, Loss: 0.00003884
Epoch 35/400, Loss: 0.00046089
validating
Current best validation errs by now: 0.0011105249746657547
Epoch 36/400, Loss: 0.00004404
Epoch 37/400, Loss: 0.00022703
Epoch 38/400, Loss: 0.00004641
Epoch 39/400, Loss: 0.00001292
Epoch 40/400, Loss: 0.00003273
validating
Current best validation errs by now: 0.0011105249746657547
Epoch 41/400, Loss: 0.00004132
Epoch 42/400, Loss: 0.00004512
Epoch 43/400, Loss: 0.00014066
Epoch 44/400, Loss: 0.00004241
Epoch 45/400, Loss: 0.00004950
validating
Current best validation errs by now: 0.0011105249746657547
Epoch 46/400, Loss: 0.00008960
Epoch 47/400, Loss: 0.00002965
Epoch 48/400, Loss: 0.00009874
Epoch 49/400, Loss: 0.00019619
Epoch 50/400, Loss: 0.00001014
validating
Current best validation errs by now: 0.0011105249746657547
Epoch 51/400, Loss: 0.00003309
Epoch 52/400, Loss: 0.00004627
Epoch 53/400, Loss: 0.00012490
Epoch 54/400, Loss: 0.00004869
Epoch 55/400, Loss: 0.00015463
validating
Current best validation errs by now: 0.0011105249746657547
Epoch 56/400, Loss: 0.00004421
Epoch 57/400, Loss: 0.00003011
Epoch 58/400, Loss: 0.00008503
Epoch 59/400, Loss: 0.00003568
Epoch 60/400, Loss: 0.00011941
validating
Current best validation errs by now: 0.0011105249746657547
Epoch 61/400, Loss: 0.00006311
Epoch 62/400, Loss: 0.00001304
Epoch 63/400, Loss: 0.00004686
Epoch 64/400, Loss: 0.00003265
Epoch 65/400, Loss: 0.00002211
validating
Current best validation errs by now: 0.0011105249746657547
Epoch 66/400, Loss: 0.00003086
Epoch 67/400, Loss: 0.00008229
Epoch 68/400, Loss: 0.00002657
Epoch 69/400, Loss: 0.00003599
Epoch 70/400, Loss: 0.00004570
validating
Current best validation errs by now: 0.0011105249746657547
Epoch 71/400, Loss: 0.00008891
Epoch 72/400, Loss: 0.00004922
Epoch 73/400, Loss: 0.00007471
Epoch 74/400, Loss: 0.00001061
Epoch 75/400, Loss: 0.00002731
validating
Current best validation errs by now: 0.0009388250492197732
Epoch 76/400, Loss: 0.00013580
Epoch 77/400, Loss: 0.00008339
Epoch 78/400, Loss: 0.00003058
Epoch 79/400, Loss: 0.00004845
Epoch 80/400, Loss: 0.00003041
validating
Current best validation errs by now: 0.0008883674632787945
Epoch 81/400, Loss: 0.00011523
Epoch 82/400, Loss: 0.00004990
Epoch 83/400, Loss: 0.00007130
Epoch 84/400, Loss: 0.00003296
Epoch 85/400, Loss: 0.00000825
validating
Current best validation errs by now: 0.0008883674632787945
Epoch 86/400, Loss: 0.00002776
Epoch 87/400, Loss: 0.00003158
Epoch 88/400, Loss: 0.00002696
Epoch 89/400, Loss: 0.00001175
Epoch 90/400, Loss: 0.00001461
validating
Current best validation errs by now: 0.0008883674632787945
Epoch 91/400, Loss: 0.00002130
Epoch 92/400, Loss: 0.00006175
Epoch 93/400, Loss: 0.00002705
Epoch 94/400, Loss: 0.00002463
Epoch 95/400, Loss: 0.00002050
validating
Current best validation errs by now: 0.0008883674632787945
Epoch 96/400, Loss: 0.00001796
Epoch 97/400, Loss: 0.00003194
Epoch 98/400, Loss: 0.00002533
Epoch 99/400, Loss: 0.00013101
Epoch 100/400, Loss: 0.00003202
validating
Current best validation errs by now: 0.0008883674632787945
Epoch 101/400, Loss: 0.00005408
Epoch 102/400, Loss: 0.00001062
Epoch 103/400, Loss: 0.00006694
Epoch 104/400, Loss: 0.00002056
Epoch 105/400, Loss: 0.00004520
validating
Current best validation errs by now: 0.0008883674632787945
Epoch 106/400, Loss: 0.00004008
Epoch 107/400, Loss: 0.00001254
Epoch 108/400, Loss: 0.00005031
Epoch 109/400, Loss: 0.00002507
Epoch 110/400, Loss: 0.00001805
validating
Current best validation errs by now: 0.0008133222506712041
Epoch 111/400, Loss: 0.00017789
Epoch 112/400, Loss: 0.00001998
Epoch 113/400, Loss: 0.00002859
Epoch 114/400, Loss: 0.00001095
Epoch 115/400, Loss: 0.00002006
validating
Current best validation errs by now: 0.0007438374656973587
Epoch 116/400, Loss: 0.00003455
Epoch 117/400, Loss: 0.00002673
Epoch 118/400, Loss: 0.00003570
Epoch 119/400, Loss: 0.00001851
Epoch 120/400, Loss: 0.00002728
validating
Current best validation errs by now: 0.0007438374656973587
Epoch 121/400, Loss: 0.00001542
Epoch 122/400, Loss: 0.00001176
Epoch 123/400, Loss: 0.00000506
Epoch 124/400, Loss: 0.00001202
Epoch 125/400, Loss: 0.00002482
validating
Current best validation errs by now: 0.0007395895231785553
Epoch 126/400, Loss: 0.00010528
Epoch 127/400, Loss: 0.00002062
Epoch 128/400, Loss: 0.00002904
Epoch 129/400, Loss: 0.00001341
Epoch 130/400, Loss: 0.00005401
validating
Current best validation errs by now: 0.0007395895231785553
Epoch 131/400, Loss: 0.00002956
Epoch 132/400, Loss: 0.00000391
Epoch 133/400, Loss: 0.00001390
Epoch 134/400, Loss: 0.00009098
Epoch 135/400, Loss: 0.00005775
validating
Current best validation errs by now: 0.0007338654738099825
Epoch 136/400, Loss: 0.00002798
Epoch 137/400, Loss: 0.00002243
Epoch 138/400, Loss: 0.00001649
Epoch 139/400, Loss: 0.00005143
Epoch 140/400, Loss: 0.00002155
validating
Current best validation errs by now: 0.0007338654738099825
Epoch 141/400, Loss: 0.00004327
Epoch 142/400, Loss: 0.00001326
Epoch 143/400, Loss: 0.00001046
Epoch 144/400, Loss: 0.00001263
Epoch 145/400, Loss: 0.00001833
validating
Current best validation errs by now: 0.0007172768978747509
Epoch 146/400, Loss: 0.00003209
Epoch 147/400, Loss: 0.00000903
Epoch 148/400, Loss: 0.00000721
Epoch 149/400, Loss: 0.00003442
Epoch 150/400, Loss: 0.00003391
validating
Current best validation errs by now: 0.0007172768978747509
Epoch 151/400, Loss: 0.00002083
Epoch 152/400, Loss: 0.00001175
Epoch 153/400, Loss: 0.00001747
Epoch 154/400, Loss: 0.00000258
Epoch 155/400, Loss: 0.00001933
validating
Current best validation errs by now: 0.0006482788754041276
Epoch 156/400, Loss: 0.00000899
Epoch 157/400, Loss: 0.00000390
Epoch 158/400, Loss: 0.00002669
Epoch 159/400, Loss: 0.00039453
Epoch 160/400, Loss: 0.00001497
validating
Current best validation errs by now: 0.0006482788754041276
Epoch 161/400, Loss: 0.00000969
Epoch 162/400, Loss: 0.00004492
Epoch 163/400, Loss: 0.00001887
Epoch 164/400, Loss: 0.00005263
Epoch 165/400, Loss: 0.00000909
validating
Current best validation errs by now: 0.0006482788754041276
Epoch 166/400, Loss: 0.00002028
Epoch 167/400, Loss: 0.00001083
Epoch 168/400, Loss: 0.00002969
Epoch 169/400, Loss: 0.00007277
Epoch 170/400, Loss: 0.00005997
validating
Current best validation errs by now: 0.0006482788754041276
Epoch 171/400, Loss: 0.00003051
Epoch 172/400, Loss: 0.00003700
Epoch 173/400, Loss: 0.00001219
Epoch 174/400, Loss: 0.00000651
Epoch 175/400, Loss: 0.00001102
validating
Current best validation errs by now: 0.0006383042012701833
Epoch 176/400, Loss: 0.00002399
Epoch 177/400, Loss: 0.00001014
Epoch 178/400, Loss: 0.00001838
Epoch 179/400, Loss: 0.00002197
Epoch 180/400, Loss: 0.00001108
validating
Current best validation errs by now: 0.0006196752956677829
Epoch 181/400, Loss: 0.00000489
Epoch 182/400, Loss: 0.00001654
Epoch 183/400, Loss: 0.00000791
Epoch 184/400, Loss: 0.00001065
Epoch 185/400, Loss: 0.00001526
validating
Current best validation errs by now: 0.0006196752956677829
Epoch 186/400, Loss: 0.00002424
Epoch 187/400, Loss: 0.00003652
Epoch 188/400, Loss: 0.00024598
Epoch 189/400, Loss: 0.00001596
Epoch 190/400, Loss: 0.00003303
validating
Current best validation errs by now: 0.0006196752956677829
Epoch 191/400, Loss: 0.00007919
Epoch 192/400, Loss: 0.00002229
Epoch 193/400, Loss: 0.00000863
Epoch 194/400, Loss: 0.00001746
Epoch 195/400, Loss: 0.00001918
validating
Current best validation errs by now: 0.0006196752956677829
Epoch 196/400, Loss: 0.00001636
Epoch 197/400, Loss: 0.00005426
Epoch 198/400, Loss: 0.00000901
Epoch 199/400, Loss: 0.00002894
Epoch 200/400, Loss: 0.00000490
validating
Current best validation errs by now: 0.0005681743219141818
Epoch 201/400, Loss: 0.00002490
Epoch 202/400, Loss: 0.00004584
Epoch 203/400, Loss: 0.00006672
Epoch 204/400, Loss: 0.00002372
Epoch 205/400, Loss: 0.00004445
validating
Current best validation errs by now: 0.0005681743219141818
Epoch 206/400, Loss: 0.00001683
Epoch 207/400, Loss: 0.00000928
Epoch 208/400, Loss: 0.00002139
Epoch 209/400, Loss: 0.00029689
Epoch 210/400, Loss: 0.00002079
validating
Current best validation errs by now: 0.0005681743219141818
Epoch 211/400, Loss: 0.00002512
Epoch 212/400, Loss: 0.00001993
Epoch 213/400, Loss: 0.00002119
Epoch 214/400, Loss: 0.00000639
Epoch 215/400, Loss: 0.00000975
validating
Current best validation errs by now: 0.0005681743219141818
Epoch 216/400, Loss: 0.00001228
Epoch 217/400, Loss: 0.00002390
Epoch 218/400, Loss: 0.00000818
Epoch 219/400, Loss: 0.00003080
Epoch 220/400, Loss: 0.00000881
validating
Current best validation errs by now: 0.0005681743219141818
Epoch 221/400, Loss: 0.00000265
Epoch 222/400, Loss: 0.00001761
Epoch 223/400, Loss: 0.00002765
Epoch 224/400, Loss: 0.00002935
Epoch 225/400, Loss: 0.00001030
validating
Current best validation errs by now: 0.0005681743219141818
Epoch 226/400, Loss: 0.00000482
Epoch 227/400, Loss: 0.00038623
Epoch 228/400, Loss: 0.00001066
Epoch 229/400, Loss: 0.00002659
Epoch 230/400, Loss: 0.00003002
validating
Current best validation errs by now: 0.0005681743219141818
Epoch 231/400, Loss: 0.00001495
Epoch 232/400, Loss: 0.00001278
Epoch 233/400, Loss: 0.00001064
Epoch 234/400, Loss: 0.00000212
Epoch 235/400, Loss: 0.00002911
validating
Current best validation errs by now: 0.0005681743219141818
Epoch 236/400, Loss: 0.00001695
Epoch 237/400, Loss: 0.00000479
Epoch 238/400, Loss: 0.00000392
Epoch 239/400, Loss: 0.00001466
Epoch 240/400, Loss: 0.00003206
validating
Current best validation errs by now: 0.0005681743219141818
Epoch 241/400, Loss: 0.00001071
Epoch 242/400, Loss: 0.00001598
Epoch 243/400, Loss: 0.00002160
Epoch 244/400, Loss: 0.00002037
Epoch 245/400, Loss: 0.00003869
validating
Current best validation errs by now: 0.0005681743219141818
Epoch 246/400, Loss: 0.00000815
Epoch 247/400, Loss: 0.00002474
Epoch 248/400, Loss: 0.00000872
Epoch 249/400, Loss: 0.00000918
Epoch 250/400, Loss: 0.00005328
validating
Current best validation errs by now: 0.0005681743219141818
Epoch 251/400, Loss: 0.00001935
Epoch 252/400, Loss: 0.00000510
Epoch 253/400, Loss: 0.00001620
Epoch 254/400, Loss: 0.00001461
Epoch 255/400, Loss: 0.00001016
validating
Current best validation errs by now: 0.0005681743219141818
Epoch 256/400, Loss: 0.00000547
Epoch 257/400, Loss: 0.00003632
Epoch 258/400, Loss: 0.00000833
Epoch 259/400, Loss: 0.00000683
Epoch 260/400, Loss: 0.00000886
validating
Current best validation errs by now: 0.0005681743219141818
Epoch 261/400, Loss: 0.00000939
Epoch 262/400, Loss: 0.00000751
Epoch 263/400, Loss: 0.00000727
Epoch 264/400, Loss: 0.00001069
Epoch 265/400, Loss: 0.00000686
validating
Current best validation errs by now: 0.0005556599663255076
Epoch 266/400, Loss: 0.00002074
Epoch 267/400, Loss: 0.00003680
Epoch 268/400, Loss: 0.00005020
Epoch 269/400, Loss: 0.00002176
Epoch 270/400, Loss: 0.00000835
validating
Current best validation errs by now: 0.0005551656424593661
Epoch 271/400, Loss: 0.00002150
Epoch 272/400, Loss: 0.00014468
Epoch 273/400, Loss: 0.00000885
Epoch 274/400, Loss: 0.00000840
Epoch 275/400, Loss: 0.00001373
validating
Current best validation errs by now: 0.0005551656424593661
Epoch 276/400, Loss: 0.00003380
Epoch 277/400, Loss: 0.00001059
Epoch 278/400, Loss: 0.00001368
Epoch 279/400, Loss: 0.00000695
Epoch 280/400, Loss: 0.00000521
validating
Current best validation errs by now: 0.0005551656424593661
Epoch 281/400, Loss: 0.00013390
Epoch 282/400, Loss: 0.00000998
Epoch 283/400, Loss: 0.00001866
Epoch 284/400, Loss: 0.00000795
Epoch 285/400, Loss: 0.00000285
validating
Current best validation errs by now: 0.0005551656424593661
Epoch 286/400, Loss: 0.00000928
Epoch 287/400, Loss: 0.00001143
Epoch 288/400, Loss: 0.00000461
Epoch 289/400, Loss: 0.00001630
Epoch 290/400, Loss: 0.00000521
validating
Current best validation errs by now: 0.0005551656424593661
Epoch 291/400, Loss: 0.00003397
Epoch 292/400, Loss: 0.00004029
Epoch 293/400, Loss: 0.00001962
Epoch 294/400, Loss: 0.00000350
Epoch 295/400, Loss: 0.00001272
validating
Current best validation errs by now: 0.0005545405025083212
Epoch 296/400, Loss: 0.00002244
Epoch 297/400, Loss: 0.00001099
Epoch 298/400, Loss: 0.00000531
Epoch 299/400, Loss: 0.00002009
Epoch 300/400, Loss: 0.00000933
validating
Current best validation errs by now: 0.0005545405025083212
Epoch 301/400, Loss: 0.00001175
Epoch 302/400, Loss: 0.00001476
Epoch 303/400, Loss: 0.00000352
Epoch 304/400, Loss: 0.00001121
Epoch 305/400, Loss: 0.00001063
validating
Current best validation errs by now: 0.0005545405025083212
Epoch 306/400, Loss: 0.00000593
Epoch 307/400, Loss: 0.00003838
Epoch 308/400, Loss: 0.00000444
Epoch 309/400, Loss: 0.00001064
Epoch 310/400, Loss: 0.00001116
validating
Current best validation errs by now: 0.0005545405025083212
Epoch 311/400, Loss: 0.00003546
Epoch 312/400, Loss: 0.00000702
Epoch 313/400, Loss: 0.00002603
Epoch 314/400, Loss: 0.00001577
Epoch 315/400, Loss: 0.00003728
validating
Current best validation errs by now: 0.0005545405025083212
Epoch 316/400, Loss: 0.00002465
Epoch 317/400, Loss: 0.00000943
Epoch 318/400, Loss: 0.00001521
Epoch 319/400, Loss: 0.00001868
Epoch 320/400, Loss: 0.00000724
validating
Current best validation errs by now: 0.0005149733403795249
Epoch 321/400, Loss: 0.00001790
Epoch 322/400, Loss: 0.00004403
Epoch 323/400, Loss: 0.00001072
Epoch 324/400, Loss: 0.00000932
Epoch 325/400, Loss: 0.00000766
validating
Current best validation errs by now: 0.0005149733403795249
Epoch 326/400, Loss: 0.00001210
Epoch 327/400, Loss: 0.00000545
Epoch 328/400, Loss: 0.00001494
Epoch 329/400, Loss: 0.00000946
Epoch 330/400, Loss: 0.00001409
validating
Current best validation errs by now: 0.0005149733403795249
Epoch 331/400, Loss: 0.00008738
Epoch 332/400, Loss: 0.00000468
Epoch 333/400, Loss: 0.00003150
Epoch 334/400, Loss: 0.00000620
Epoch 335/400, Loss: 0.00000771
validating
Current best validation errs by now: 0.0005149733403795249
Epoch 336/400, Loss: 0.00000941
Epoch 337/400, Loss: 0.00002223
Epoch 338/400, Loss: 0.00002159
Epoch 339/400, Loss: 0.00003030
Epoch 340/400, Loss: 0.00002609
validating
Current best validation errs by now: 0.0005149733403795249
Epoch 341/400, Loss: 0.00003869
Epoch 342/400, Loss: 0.00000878
Epoch 343/400, Loss: 0.00002486
Epoch 344/400, Loss: 0.00001328
Epoch 345/400, Loss: 0.00000856
validating
Current best validation errs by now: 0.0005149733403795249
Epoch 346/400, Loss: 0.00001931
Epoch 347/400, Loss: 0.00010046
Epoch 348/400, Loss: 0.00000591
Epoch 349/400, Loss: 0.00000950
Epoch 350/400, Loss: 0.00002128
validating
Current best validation errs by now: 0.0005149733403795249
Epoch 351/400, Loss: 0.00001288
Epoch 352/400, Loss: 0.00001472
Epoch 353/400, Loss: 0.00001816
Epoch 354/400, Loss: 0.00000761
Epoch 355/400, Loss: 0.00003345
validating
Current best validation errs by now: 0.0005149733403795249
Epoch 356/400, Loss: 0.00000522
Epoch 357/400, Loss: 0.00000430
Epoch 358/400, Loss: 0.00000599
Epoch 359/400, Loss: 0.00000995
Epoch 360/400, Loss: 0.00001399
validating
Current best validation errs by now: 0.0005149733403795249
Epoch 361/400, Loss: 0.00000789
Epoch 362/400, Loss: 0.00001173
Epoch 363/400, Loss: 0.00000418
Epoch 364/400, Loss: 0.00000640
Epoch 365/400, Loss: 0.00000602
validating
Current best validation errs by now: 0.0005149733403795249
Epoch 366/400, Loss: 0.00000549
Epoch 367/400, Loss: 0.00000141
Epoch 368/400, Loss: 0.00000408
Epoch 369/400, Loss: 0.00000398
Epoch 370/400, Loss: 0.00000677
validating
Current best validation errs by now: 0.0005149733403795249
Epoch 371/400, Loss: 0.00001475
Epoch 372/400, Loss: 0.00003997
Epoch 373/400, Loss: 0.00001131
Epoch 374/400, Loss: 0.00002616
Epoch 375/400, Loss: 0.00000287
validating
Current best validation errs by now: 0.0005149733403795249
Epoch 376/400, Loss: 0.00002594
Epoch 377/400, Loss: 0.00000437
Epoch 378/400, Loss: 0.00000547
Epoch 379/400, Loss: 0.00000366
Epoch 380/400, Loss: 0.00002403
validating
Current best validation errs by now: 0.0005149733403795249
Epoch 381/400, Loss: 0.00000147
Epoch 382/400, Loss: 0.00001641
Epoch 383/400, Loss: 0.00000852
Epoch 384/400, Loss: 0.00000499
Epoch 385/400, Loss: 0.00000799
validating
Current best validation errs by now: 0.0005149733403795249
Epoch 386/400, Loss: 0.00002335
Epoch 387/400, Loss: 0.00001249
Epoch 388/400, Loss: 0.00002899
Epoch 389/400, Loss: 0.00000539
Epoch 390/400, Loss: 0.00003017
validating
Current best validation errs by now: 0.0005149733403795249
Epoch 391/400, Loss: 0.00000738
Epoch 392/400, Loss: 0.00001514
Epoch 393/400, Loss: 0.00000705
Epoch 394/400, Loss: 0.00000398
Epoch 395/400, Loss: 0.00001237
validating
Current best validation errs by now: 0.0005149733403795249
Epoch 396/400, Loss: 0.00000699
Epoch 397/400, Loss: 0.00000730
Epoch 398/400, Loss: 0.00000656
Epoch 399/400, Loss: 0.00001474
Epoch 400/400, Loss: 0.00001206
total training time: 1519.186907529831 seconds
evalute average performance on 188 samples
average stess relative err: 0.0016208671748903184
