
Currently Loaded Modules:
  1) openmpi/4.1.6

 

job is starting on gpua023.delta.ncsa.illinois.edu
/u/wzhong/miniconda3/bin/python3
# packages in environment at /u/wzhong/miniconda3:
#
# Name                    Version                   Build  Channel
/u/wzhong/miniconda3/lib/python3.12/site-packages/torch_geometric/deprecation.py:26: UserWarning: 'data.DataLoader' is deprecated, use 'loader.DataLoader' instead
  warnings.warn(out)
No Nvidia modulus is detected.
Creating data loaders...
Data loaders created: Train=1282, Val=213, Test=643
Creating data loaders...
Not finding in path 2
Loading pretrained model ...
model training ...
validating
Current best validation errs by now: 3.732217017473749
Epoch 1/400, Loss: 0.00035095
Epoch 2/400, Loss: 0.00063409
Epoch 3/400, Loss: 0.00034856
Epoch 4/400, Loss: 0.00015601
Epoch 5/400, Loss: 0.00034485
validating
Current best validation errs by now: 0.9062785872831031
Epoch 6/400, Loss: 0.00017787
Epoch 7/400, Loss: 0.00042629
Epoch 8/400, Loss: 0.00035519
Epoch 9/400, Loss: 0.00017358
Epoch 10/400, Loss: 0.00030984
validating
Current best validation errs by now: 0.8269470798577501
Epoch 11/400, Loss: 0.00057132
Epoch 12/400, Loss: 0.00061822
Epoch 13/400, Loss: 0.00058543
Epoch 14/400, Loss: 0.00014675
Epoch 15/400, Loss: 0.00047689
validating
Current best validation errs by now: 0.786787447235394
Epoch 16/400, Loss: 0.00046036
Epoch 17/400, Loss: 0.00045355
Epoch 18/400, Loss: 0.00028675
Epoch 19/400, Loss: 0.00026750
Epoch 20/400, Loss: 0.00054918
validating
Current best validation errs by now: 0.7733140408712933
Epoch 21/400, Loss: 0.00046726
Epoch 22/400, Loss: 0.00042132
Epoch 23/400, Loss: 0.00059016
Epoch 24/400, Loss: 0.00014954
Epoch 25/400, Loss: 0.00023126
validating
Current best validation errs by now: 0.7350258718074207
Epoch 26/400, Loss: 0.00047425
Epoch 27/400, Loss: 0.00030677
Epoch 28/400, Loss: 0.00050101
Epoch 29/400, Loss: 0.00074461
Epoch 30/400, Loss: 0.00042885
validating
Current best validation errs by now: 0.699081583761833
Epoch 31/400, Loss: 0.00026856
Epoch 32/400, Loss: 0.00014090
Epoch 33/400, Loss: 0.00018105
Epoch 34/400, Loss: 0.00038201
Epoch 35/400, Loss: 0.00015992
validating
Current best validation errs by now: 0.6489020167661944
Epoch 36/400, Loss: 0.00024092
Epoch 37/400, Loss: 0.00014773
Epoch 38/400, Loss: 0.00019642
Epoch 39/400, Loss: 0.00040485
Epoch 40/400, Loss: 0.00013861
validating
Current best validation errs by now: 0.5811921639341704
Epoch 41/400, Loss: 0.00013205
Epoch 42/400, Loss: 0.00008783
Epoch 43/400, Loss: 0.00026350
Epoch 44/400, Loss: 0.00017519
Epoch 45/400, Loss: 0.00010388
validating
Current best validation errs by now: 0.5811921639341704
Epoch 46/400, Loss: 0.00010780
Epoch 47/400, Loss: 0.00019776
Epoch 48/400, Loss: 0.00011635
Epoch 49/400, Loss: 0.00022738
Epoch 50/400, Loss: 0.00007632
validating
Current best validation errs by now: 0.5572537445406399
Epoch 51/400, Loss: 0.00020263
Epoch 52/400, Loss: 0.00025339
Epoch 53/400, Loss: 0.00007581
Epoch 54/400, Loss: 0.00016524
Epoch 55/400, Loss: 0.00016571
validating
Current best validation errs by now: 0.5466800757417096
Epoch 56/400, Loss: 0.00018637
Epoch 57/400, Loss: 0.00013053
Epoch 58/400, Loss: 0.00012646
Epoch 59/400, Loss: 0.00017213
Epoch 60/400, Loss: 0.00015094
validating
Current best validation errs by now: 0.5331259239727343
Epoch 61/400, Loss: 0.00008678
Epoch 62/400, Loss: 0.00062689
Epoch 63/400, Loss: 0.00013297
Epoch 64/400, Loss: 0.00012915
Epoch 65/400, Loss: 0.00012167
validating
Current best validation errs by now: 0.5235130437103236
Epoch 66/400, Loss: 0.00015682
Epoch 67/400, Loss: 0.00040991
Epoch 68/400, Loss: 0.00012289
Epoch 69/400, Loss: 0.00011135
Epoch 70/400, Loss: 0.00025963
validating
Current best validation errs by now: 0.5174109520206989
Epoch 71/400, Loss: 0.00031509
Epoch 72/400, Loss: 0.00005939
Epoch 73/400, Loss: 0.00006150
Epoch 74/400, Loss: 0.00024737
Epoch 75/400, Loss: 0.00021119
validating
Current best validation errs by now: 0.5046604965494272
Epoch 76/400, Loss: 0.00006593
Epoch 77/400, Loss: 0.00009958
Epoch 78/400, Loss: 0.00015734
Epoch 79/400, Loss: 0.00013087
Epoch 80/400, Loss: 0.00010339
validating
Current best validation errs by now: 0.5046604965494272
Epoch 81/400, Loss: 0.00019395
Epoch 82/400, Loss: 0.00007991
Epoch 83/400, Loss: 0.00008052
Epoch 84/400, Loss: 0.00007645
Epoch 85/400, Loss: 0.00027058
validating
Current best validation errs by now: 0.5041604692667303
Epoch 86/400, Loss: 0.00038573
Epoch 87/400, Loss: 0.00023447
Epoch 88/400, Loss: 0.00017479
Epoch 89/400, Loss: 0.00006544
Epoch 90/400, Loss: 0.00004329
validating
Current best validation errs by now: 0.49847082534866155
Epoch 91/400, Loss: 0.00004696
Epoch 92/400, Loss: 0.00008193
Epoch 93/400, Loss: 0.00003806
Epoch 94/400, Loss: 0.00018584
Epoch 95/400, Loss: 0.00011337
validating
Current best validation errs by now: 0.4966399076399109
Epoch 96/400, Loss: 0.00013399
Epoch 97/400, Loss: 0.00004794
Epoch 98/400, Loss: 0.00010235
Epoch 99/400, Loss: 0.00011550
Epoch 100/400, Loss: 0.00013338
validating
Current best validation errs by now: 0.48465104785883373
Epoch 101/400, Loss: 0.00019918
Epoch 102/400, Loss: 0.00014893
Epoch 103/400, Loss: 0.00020990
Epoch 104/400, Loss: 0.00018953
Epoch 105/400, Loss: 0.00012791
validating
Current best validation errs by now: 0.48465104785883373
Epoch 106/400, Loss: 0.00007122
Epoch 107/400, Loss: 0.00006870
Epoch 108/400, Loss: 0.00010403
Epoch 109/400, Loss: 0.00007963
Epoch 110/400, Loss: 0.00013976
validating
Current best validation errs by now: 0.4713995863854046
Epoch 111/400, Loss: 0.00007131
slurmstepd: error: *** JOB 8830384 ON gpua023 CANCELLED AT 2025-04-03T08:16:04 DUE TO TIME LIMIT ***
slurmstepd: error: container_p_join: open failed for /local/slurmjobs/8830384/.ns: No such file or directory
slurmstepd: error: container_g_join(8830384): No such file or directory
slurmstepd: error: *** JOB 8830384 STEPD TERMINATED ON gpua023 AT 2025-04-03T08:18:04 DUE TO JOB NOT ENDING WITH SIGNALS ***
slurmstepd: error: Container 2299624 in cgroup plugin has 1 processes, giving up after 127 sec
