
Currently Loaded Modules:
  1) openmpi/4.1.6

 

job is starting on gpua023.delta.ncsa.illinois.edu
/u/wzhong/miniconda3/bin/python3
# packages in environment at /u/wzhong/miniconda3:
#
# Name                    Version                   Build  Channel
/u/wzhong/miniconda3/lib/python3.12/site-packages/torch_geometric/deprecation.py:26: UserWarning: 'data.DataLoader' is deprecated, use 'loader.DataLoader' instead
  warnings.warn(out)
No Nvidia modulus is detected.
Creating data loaders...
Not finding in path 1
Creating data loaders...
Data loaders created: Train=6000, Val=1000, Test=3000
Loading pretrained model ...
No trained model
model training ...
validating
Current best validation errs by now: 1.6303040746748447
Epoch 1/400, Loss: 0.07225854
Epoch 2/400, Loss: 0.00737081
Epoch 3/400, Loss: 0.00815970
Epoch 4/400, Loss: 0.00331543
Epoch 5/400, Loss: 0.00253000
validating
Current best validation errs by now: 0.3338930013328791
Epoch 6/400, Loss: 0.00170448
Epoch 7/400, Loss: 0.00655151
Epoch 8/400, Loss: 0.00351971
Epoch 9/400, Loss: 0.00202036
Epoch 10/400, Loss: 0.01086303
validating
Current best validation errs by now: 0.29315441092848776
Epoch 11/400, Loss: 0.00064251
Epoch 12/400, Loss: 0.00316093
Epoch 13/400, Loss: 0.00235396
Epoch 14/400, Loss: 0.00219426
Epoch 15/400, Loss: 0.01297961
validating
Current best validation errs by now: 0.2600605663396418
Epoch 16/400, Loss: 0.00463775
Epoch 17/400, Loss: 0.00347310
Epoch 18/400, Loss: 0.00337219
Epoch 19/400, Loss: 0.00108800
Epoch 20/400, Loss: 0.00555939
validating
Current best validation errs by now: 0.25085345484688876
Epoch 21/400, Loss: 0.00644285
Epoch 22/400, Loss: 0.00135394
Epoch 23/400, Loss: 0.00126379
Epoch 24/400, Loss: 0.00970634
Epoch 25/400, Loss: 0.00776481
validating
Current best validation errs by now: 0.25085345484688876
Epoch 26/400, Loss: 0.00166521
Epoch 27/400, Loss: 0.00324803
Epoch 28/400, Loss: 0.00513503
Epoch 29/400, Loss: 0.00156834
Epoch 30/400, Loss: 0.00126918
validating
Current best validation errs by now: 0.2108399737328291
Epoch 31/400, Loss: 0.00545690
Epoch 32/400, Loss: 0.00319089
Epoch 33/400, Loss: 0.01238011
Epoch 34/400, Loss: 0.00169222
Epoch 35/400, Loss: 0.00520642
validating
Current best validation errs by now: 0.19424454265832902
Epoch 36/400, Loss: 0.00048567
Epoch 37/400, Loss: 0.00504653
Epoch 38/400, Loss: 0.00271612
Epoch 39/400, Loss: 0.00201375
Epoch 40/400, Loss: 0.00109298
validating
Current best validation errs by now: 0.19424454265832902
Epoch 41/400, Loss: 0.00095473
Epoch 42/400, Loss: 0.00499733
Epoch 43/400, Loss: 0.00546656
Epoch 44/400, Loss: 0.00036869
Epoch 45/400, Loss: 0.00155202
validating
Current best validation errs by now: 0.18829947913065553
Epoch 46/400, Loss: 0.00113920
Epoch 47/400, Loss: 0.00071679
Epoch 48/400, Loss: 0.00297433
Epoch 49/400, Loss: 0.00202456
Epoch 50/400, Loss: 0.00176697
validating
Current best validation errs by now: 0.177778518948704
Epoch 51/400, Loss: 0.00219545
Epoch 52/400, Loss: 0.00122505
Epoch 53/400, Loss: 0.00723996
Epoch 54/400, Loss: 0.00307270
Epoch 55/400, Loss: 0.01426491
validating
Current best validation errs by now: 0.177778518948704
Epoch 56/400, Loss: 0.00143790
Epoch 57/400, Loss: 0.00139254
Epoch 58/400, Loss: 0.00058687
Epoch 59/400, Loss: 0.00306379
Epoch 60/400, Loss: 0.00035381
validating
Current best validation errs by now: 0.17763222206756474
Epoch 61/400, Loss: 0.00104248
Epoch 62/400, Loss: 0.00141503
Epoch 63/400, Loss: 0.00148619
Epoch 64/400, Loss: 0.00083066
Epoch 65/400, Loss: 0.00067012
validating
Current best validation errs by now: 0.17009789548628032
Epoch 66/400, Loss: 0.00083616
Epoch 67/400, Loss: 0.00122665
Epoch 68/400, Loss: 0.00511348
Epoch 69/400, Loss: 0.00039322
Epoch 70/400, Loss: 0.00139080
validating
Current best validation errs by now: 0.17009789548628032
Epoch 71/400, Loss: 0.00396599
Epoch 72/400, Loss: 0.00114058
Epoch 73/400, Loss: 0.00115073
Epoch 74/400, Loss: 0.00021773
Epoch 75/400, Loss: 0.00079024
validating
Current best validation errs by now: 0.16770331596396865
Epoch 76/400, Loss: 0.00258754
Epoch 77/400, Loss: 0.00075062
Epoch 78/400, Loss: 0.00208626
Epoch 79/400, Loss: 0.00095766
Epoch 80/400, Loss: 0.00059994
validating
Current best validation errs by now: 0.15522000800445676
Epoch 81/400, Loss: 0.00507396
Epoch 82/400, Loss: 0.00029758
Epoch 83/400, Loss: 0.00138286
Epoch 84/400, Loss: 0.00049391
Epoch 85/400, Loss: 0.00422964
validating
Current best validation errs by now: 0.1495238126348704
Epoch 86/400, Loss: 0.00197576
Epoch 87/400, Loss: 0.00139723
Epoch 88/400, Loss: 0.00163316
Epoch 89/400, Loss: 0.00034356
Epoch 90/400, Loss: 0.00030727
validating
Current best validation errs by now: 0.1495238126348704
Epoch 91/400, Loss: 0.00146232
Epoch 92/400, Loss: 0.00018901
Epoch 93/400, Loss: 0.00542033
Epoch 94/400, Loss: 0.00218694
Epoch 95/400, Loss: 0.00024299
validating
Current best validation errs by now: 0.1495238126348704
Epoch 96/400, Loss: 0.00108913
Epoch 97/400, Loss: 0.00012576
Epoch 98/400, Loss: 0.00063952
Epoch 99/400, Loss: 0.00019371
Epoch 100/400, Loss: 0.00038200
validating
Current best validation errs by now: 0.1495238126348704
Epoch 101/400, Loss: 0.00119206
Epoch 102/400, Loss: 0.00192687
Epoch 103/400, Loss: 0.00445432
Epoch 104/400, Loss: 0.00059165
Epoch 105/400, Loss: 0.00176609
validating
Current best validation errs by now: 0.1495238126348704
Epoch 106/400, Loss: 0.00038851
Epoch 107/400, Loss: 0.00151239
Epoch 108/400, Loss: 0.00319836
Epoch 109/400, Loss: 0.00081293
Epoch 110/400, Loss: 0.00176268
validating
Current best validation errs by now: 0.1495238126348704
Epoch 111/400, Loss: 0.00491480
Epoch 112/400, Loss: 0.00112336
Epoch 113/400, Loss: 0.00078132
Epoch 114/400, Loss: 0.00046875
Epoch 115/400, Loss: 0.00044814
validating
Current best validation errs by now: 0.14489255776815116
Epoch 116/400, Loss: 0.00023256
Epoch 117/400, Loss: 0.00093885
Epoch 118/400, Loss: 0.00114437
Epoch 119/400, Loss: 0.00215661
Epoch 120/400, Loss: 0.00152117
validating
Current best validation errs by now: 0.14489255776815116
Epoch 121/400, Loss: 0.00305908
Epoch 122/400, Loss: 0.00238819
Epoch 123/400, Loss: 0.00025800
Epoch 124/400, Loss: 0.00197793
Epoch 125/400, Loss: 0.00048737
validating
Current best validation errs by now: 0.14431472732126713
Epoch 126/400, Loss: 0.00016508
Epoch 127/400, Loss: 0.00032022
Epoch 128/400, Loss: 0.00072621
Epoch 129/400, Loss: 0.00037051
Epoch 130/400, Loss: 0.00254876
validating
Current best validation errs by now: 0.14414417183212935
Epoch 131/400, Loss: 0.00211615
Epoch 132/400, Loss: 0.00042286
Epoch 133/400, Loss: 0.00642289
Epoch 134/400, Loss: 0.00142421
Epoch 135/400, Loss: 0.00195722
validating
Current best validation errs by now: 0.14338822318799793
Epoch 136/400, Loss: 0.00041308
Epoch 137/400, Loss: 0.00179723
Epoch 138/400, Loss: 0.00038696
Epoch 139/400, Loss: 0.00059272
Epoch 140/400, Loss: 0.00107861
validating
Current best validation errs by now: 0.13732267964817585
Epoch 141/400, Loss: 0.00248039
Epoch 142/400, Loss: 0.00069714
Epoch 143/400, Loss: 0.00056055
Epoch 144/400, Loss: 0.00131257
Epoch 145/400, Loss: 0.00217181
validating
Current best validation errs by now: 0.13529466897435485
Epoch 146/400, Loss: 0.00237231
Epoch 147/400, Loss: 0.00115142
Epoch 148/400, Loss: 0.00125329
Epoch 149/400, Loss: 0.00063560
Epoch 150/400, Loss: 0.00075974
validating
Current best validation errs by now: 0.13529466897435485
Epoch 151/400, Loss: 0.00128262
Epoch 152/400, Loss: 0.00030260
Epoch 153/400, Loss: 0.00060850
Epoch 154/400, Loss: 0.00007120
Epoch 155/400, Loss: 0.00294618
validating
Current best validation errs by now: 0.13529466897435485
Epoch 156/400, Loss: 0.00019836
Epoch 157/400, Loss: 0.00019922
Epoch 158/400, Loss: 0.00249109
Epoch 159/400, Loss: 0.00101145
Epoch 160/400, Loss: 0.00179811
validating
Current best validation errs by now: 0.13529466897435485
Epoch 161/400, Loss: 0.00709807
Epoch 162/400, Loss: 0.00027617
Epoch 163/400, Loss: 0.00013265
Epoch 164/400, Loss: 0.00028908
Epoch 165/400, Loss: 0.00041087
validating
Current best validation errs by now: 0.13529466897435485
Epoch 166/400, Loss: 0.00058786
Epoch 167/400, Loss: 0.00143883
Epoch 168/400, Loss: 0.00037447
Epoch 169/400, Loss: 0.00010323
Epoch 170/400, Loss: 0.00085883
validating
Current best validation errs by now: 0.13529466897435485
Epoch 171/400, Loss: 0.00132931
Epoch 172/400, Loss: 0.00125128
Epoch 173/400, Loss: 0.00187151
Epoch 174/400, Loss: 0.00037049
Epoch 175/400, Loss: 0.00100028
validating
Current best validation errs by now: 0.13529466897435485
Epoch 176/400, Loss: 0.00089966
Epoch 177/400, Loss: 0.00176649
Epoch 178/400, Loss: 0.00034509
Epoch 179/400, Loss: 0.00165339
Epoch 180/400, Loss: 0.00049460
validating
Current best validation errs by now: 0.13529466897435485
Epoch 181/400, Loss: 0.00037141
Epoch 182/400, Loss: 0.00046520
Epoch 183/400, Loss: 0.00020914
Epoch 184/400, Loss: 0.00063502
Epoch 185/400, Loss: 0.00119636
validating
Current best validation errs by now: 0.132504506399855
Epoch 186/400, Loss: 0.00265581
Epoch 187/400, Loss: 0.00016892
Epoch 188/400, Loss: 0.00092477
Epoch 189/400, Loss: 0.00078811
Epoch 190/400, Loss: 0.00021331
validating
Current best validation errs by now: 0.1302094476222992
Epoch 191/400, Loss: 0.00077645
Epoch 192/400, Loss: 0.00076018
Epoch 193/400, Loss: 0.00145936
Epoch 194/400, Loss: 0.00167330
Epoch 195/400, Loss: 0.00672053
validating
Current best validation errs by now: 0.1302094476222992
Epoch 196/400, Loss: 0.00148008
Epoch 197/400, Loss: 0.00026307
Epoch 198/400, Loss: 0.00185962
Epoch 199/400, Loss: 0.00338329
Epoch 200/400, Loss: 0.00078438
validating
Current best validation errs by now: 0.1302094476222992
Epoch 201/400, Loss: 0.00069592
Epoch 202/400, Loss: 0.00028743
Epoch 203/400, Loss: 0.00031809
Epoch 204/400, Loss: 0.00048283
Epoch 205/400, Loss: 0.00109198
validating
Current best validation errs by now: 0.1302094476222992
Epoch 206/400, Loss: 0.00015700
Epoch 207/400, Loss: 0.00042244
Epoch 208/400, Loss: 0.00461348
Epoch 209/400, Loss: 0.00263008
Epoch 210/400, Loss: 0.00052753
validating
Current best validation errs by now: 0.1302094476222992
Epoch 211/400, Loss: 0.00129373
Epoch 212/400, Loss: 0.00010467
Epoch 213/400, Loss: 0.00009382
Epoch 214/400, Loss: 0.00128304
Epoch 215/400, Loss: 0.00076143
validating
Current best validation errs by now: 0.12788255128078163
Epoch 216/400, Loss: 0.00077427
Epoch 217/400, Loss: 0.00096191
Epoch 218/400, Loss: 0.00068733
Epoch 219/400, Loss: 0.00091732
Epoch 220/400, Loss: 0.00201136
validating
Current best validation errs by now: 0.12788255128078163
Epoch 221/400, Loss: 0.00053704
Epoch 222/400, Loss: 0.00055865
Epoch 223/400, Loss: 0.00114664
Epoch 224/400, Loss: 0.00256961
Epoch 225/400, Loss: 0.00067314
validating
Current best validation errs by now: 0.12788255128078163
Epoch 226/400, Loss: 0.00049484
Epoch 227/400, Loss: 0.00088738
Epoch 228/400, Loss: 0.00038148
Epoch 229/400, Loss: 0.00032210
Epoch 230/400, Loss: 0.00229856
validating
Current best validation errs by now: 0.12788255128078163
Epoch 231/400, Loss: 0.00067958
Epoch 232/400, Loss: 0.00493606
Epoch 233/400, Loss: 0.00299565
Epoch 234/400, Loss: 0.00079919
Epoch 235/400, Loss: 0.00052561
validating
Current best validation errs by now: 0.12104147519916296
Epoch 236/400, Loss: 0.00395189
Epoch 237/400, Loss: 0.00085140
Epoch 238/400, Loss: 0.00014180
Epoch 239/400, Loss: 0.00074489
Epoch 240/400, Loss: 0.00028520
validating
Current best validation errs by now: 0.12104147519916296
Epoch 241/400, Loss: 0.00050881
Epoch 242/400, Loss: 0.00159205
Epoch 243/400, Loss: 0.00038500
Epoch 244/400, Loss: 0.00022967
Epoch 245/400, Loss: 0.00304606
validating
Current best validation errs by now: 0.12104147519916296
Epoch 246/400, Loss: 0.00104616
Epoch 247/400, Loss: 0.00010360
Epoch 248/400, Loss: 0.00047901
Epoch 249/400, Loss: 0.00078250
Epoch 250/400, Loss: 0.00039811
validating
Current best validation errs by now: 0.12104147519916296
Epoch 251/400, Loss: 0.00116950
Epoch 252/400, Loss: 0.00120112
Epoch 253/400, Loss: 0.00082273
Epoch 254/400, Loss: 0.00044561
Epoch 255/400, Loss: 0.00022735
validating
Current best validation errs by now: 0.12104147519916296
Epoch 256/400, Loss: 0.00063013
Epoch 257/400, Loss: 0.00063686
Epoch 258/400, Loss: 0.00045471
Epoch 259/400, Loss: 0.00128345
Epoch 260/400, Loss: 0.00013897
validating
Current best validation errs by now: 0.12104147519916296
Epoch 261/400, Loss: 0.00321861
Epoch 262/400, Loss: 0.00012934
Epoch 263/400, Loss: 0.00029483
Epoch 264/400, Loss: 0.00106339
Epoch 265/400, Loss: 0.00087034
validating
Current best validation errs by now: 0.12104147519916296
Epoch 266/400, Loss: 0.00085774
Epoch 267/400, Loss: 0.00077798
Epoch 268/400, Loss: 0.00050347
Epoch 269/400, Loss: 0.00149010
Epoch 270/400, Loss: 0.00088141
validating
Current best validation errs by now: 0.12104147519916296
Epoch 271/400, Loss: 0.00133011
Epoch 272/400, Loss: 0.00066524
Epoch 273/400, Loss: 0.00162560
Epoch 274/400, Loss: 0.00149457
Epoch 275/400, Loss: 0.00036218
validating
Current best validation errs by now: 0.12104147519916296
Epoch 276/400, Loss: 0.00033568
Epoch 277/400, Loss: 0.00045232
Epoch 278/400, Loss: 0.00015415
Epoch 279/400, Loss: 0.00018072
Epoch 280/400, Loss: 0.00005322
validating
Current best validation errs by now: 0.12104147519916296
Epoch 281/400, Loss: 0.00131011
Epoch 282/400, Loss: 0.00055594
Epoch 283/400, Loss: 0.00093619
Epoch 284/400, Loss: 0.00038630
Epoch 285/400, Loss: 0.00099764
validating
Current best validation errs by now: 0.12104147519916296
Epoch 286/400, Loss: 0.00101191
Epoch 287/400, Loss: 0.00069049
Epoch 288/400, Loss: 0.00125539
Epoch 289/400, Loss: 0.00070862
Epoch 290/400, Loss: 0.00237652
validating
Current best validation errs by now: 0.12104147519916296
Epoch 291/400, Loss: 0.00095183
Epoch 292/400, Loss: 0.00076667
Epoch 293/400, Loss: 0.00145438
Epoch 294/400, Loss: 0.00144295
Epoch 295/400, Loss: 0.00219281
validating
Current best validation errs by now: 0.12104147519916296
Epoch 296/400, Loss: 0.00027090
Epoch 297/400, Loss: 0.00019732
Epoch 298/400, Loss: 0.00123775
Epoch 299/400, Loss: 0.00056533
Epoch 300/400, Loss: 0.00048705
validating
Current best validation errs by now: 0.12104147519916296
Epoch 301/400, Loss: 0.00034833
Epoch 302/400, Loss: 0.00074279
Epoch 303/400, Loss: 0.00044537
Epoch 304/400, Loss: 0.00045711
Epoch 305/400, Loss: 0.00014780
validating
Current best validation errs by now: 0.12104147519916296
Epoch 306/400, Loss: 0.00043538
Epoch 307/400, Loss: 0.00024669
Epoch 308/400, Loss: 0.00072503
Epoch 309/400, Loss: 0.00037099
Epoch 310/400, Loss: 0.00075799
validating
Current best validation errs by now: 0.12104147519916296
Epoch 311/400, Loss: 0.00041720
Epoch 312/400, Loss: 0.00034379
Epoch 313/400, Loss: 0.00019902
Epoch 314/400, Loss: 0.00127659
Epoch 315/400, Loss: 0.00099119
validating
Current best validation errs by now: 0.12104147519916296
Epoch 316/400, Loss: 0.00018224
Epoch 317/400, Loss: 0.00005903
Epoch 318/400, Loss: 0.00029501
Epoch 319/400, Loss: 0.00092043
Epoch 320/400, Loss: 0.00074368
validating
Current best validation errs by now: 0.12104147519916296
Epoch 321/400, Loss: 0.00317971
Epoch 322/400, Loss: 0.00028616
Epoch 323/400, Loss: 0.00011819
Epoch 324/400, Loss: 0.00260167
Epoch 325/400, Loss: 0.00109856
validating
Current best validation errs by now: 0.12104147519916296
Epoch 326/400, Loss: 0.00029661
Epoch 327/400, Loss: 0.00027391
Epoch 328/400, Loss: 0.00133539
Epoch 329/400, Loss: 0.00190896
Epoch 330/400, Loss: 0.00067935
validating
Current best validation errs by now: 0.12104147519916296
Epoch 331/400, Loss: 0.00014786
Epoch 332/400, Loss: 0.00142994
Epoch 333/400, Loss: 0.00092908
Epoch 334/400, Loss: 0.00026638
Epoch 335/400, Loss: 0.00151678
validating
Current best validation errs by now: 0.12104147519916296
Epoch 336/400, Loss: 0.00078566
Epoch 337/400, Loss: 0.00074772
Epoch 338/400, Loss: 0.00109159
Epoch 339/400, Loss: 0.00062271
Epoch 340/400, Loss: 0.00013234
validating
Current best validation errs by now: 0.12104147519916296
Epoch 341/400, Loss: 0.00047984
Epoch 342/400, Loss: 0.00011156
Epoch 343/400, Loss: 0.00051377
Epoch 344/400, Loss: 0.00384546
Epoch 345/400, Loss: 0.00084324
validating
Current best validation errs by now: 0.12104147519916296
Epoch 346/400, Loss: 0.00157285
Epoch 347/400, Loss: 0.00106203
Epoch 348/400, Loss: 0.00032287
Epoch 349/400, Loss: 0.00049534
Epoch 350/400, Loss: 0.00043997
validating
Current best validation errs by now: 0.12104147519916296
Epoch 351/400, Loss: 0.00185797
Epoch 352/400, Loss: 0.00066051
Epoch 353/400, Loss: 0.00028771
Epoch 354/400, Loss: 0.00300888
Epoch 355/400, Loss: 0.00107065
validating
Current best validation errs by now: 0.12104147519916296
Epoch 356/400, Loss: 0.00140141
Epoch 357/400, Loss: 0.00022243
Epoch 358/400, Loss: 0.00040531
Epoch 359/400, Loss: 0.00029434
Epoch 360/400, Loss: 0.00029993
validating
Current best validation errs by now: 0.12104147519916296
Epoch 361/400, Loss: 0.00021253
Epoch 362/400, Loss: 0.00038149
Epoch 363/400, Loss: 0.00005057
Epoch 364/400, Loss: 0.00038037
Epoch 365/400, Loss: 0.00084272
validating
Current best validation errs by now: 0.12104147519916296
Epoch 366/400, Loss: 0.00002744
Epoch 367/400, Loss: 0.00072859
Epoch 368/400, Loss: 0.00023559
Epoch 369/400, Loss: 0.00100883
Epoch 370/400, Loss: 0.00026909
validating
Current best validation errs by now: 0.12104147519916296
Epoch 371/400, Loss: 0.00009549
Epoch 372/400, Loss: 0.00266369
Epoch 373/400, Loss: 0.00094238
Epoch 374/400, Loss: 0.00088043
Epoch 375/400, Loss: 0.00315481
validating
Current best validation errs by now: 0.12104147519916296
Epoch 376/400, Loss: 0.00063996
Epoch 377/400, Loss: 0.00207057
Epoch 378/400, Loss: 0.00175719
Epoch 379/400, Loss: 0.00017452
Epoch 380/400, Loss: 0.00021506
validating
Current best validation errs by now: 0.12104147519916296
Epoch 381/400, Loss: 0.00020420
Epoch 382/400, Loss: 0.00500678
Epoch 383/400, Loss: 0.00118174
Epoch 384/400, Loss: 0.00150037
Epoch 385/400, Loss: 0.00079728
validating
Current best validation errs by now: 0.12104147519916296
Epoch 386/400, Loss: 0.00010192
Epoch 387/400, Loss: 0.00038568
Epoch 388/400, Loss: 0.00053434
Epoch 389/400, Loss: 0.00022498
Epoch 390/400, Loss: 0.00075548
validating
Current best validation errs by now: 0.12104147519916296
Epoch 391/400, Loss: 0.00022421
Epoch 392/400, Loss: 0.00013372
Epoch 393/400, Loss: 0.00110545
Epoch 394/400, Loss: 0.00023637
Epoch 395/400, Loss: 0.00112640
validating
Current best validation errs by now: 0.12104147519916296
Epoch 396/400, Loss: 0.00022907
Epoch 397/400, Loss: 0.00176284
Epoch 398/400, Loss: 0.00017898
Epoch 399/400, Loss: 0.00081961
Epoch 400/400, Loss: 0.00041383
total training time: 31181.277683734894 seconds
evalute average performance on 3000 samples
average stess relative err: 0.12964343088492752
