
Currently Loaded Modules:
  1) openmpi/4.1.6

 

job is starting on gpua066.delta.ncsa.illinois.edu
/u/wzhong/miniconda3/bin/python3
# packages in environment at /u/wzhong/miniconda3:
#
# Name                    Version                   Build  Channel
/u/wzhong/miniconda3/lib/python3.12/site-packages/torch_geometric/deprecation.py:26: UserWarning: 'data.DataLoader' is deprecated, use 'loader.DataLoader' instead
  warnings.warn(out)
No Nvidia modulus is detected.
Creating data loaders...
Data loaders created: Train=2378, Val=396, Test=1190
Loading pretrained model ...
model training ...
validating
Current best validation errs by now: 0.7775399484718689
Epoch 1/400, Loss: 807.67553088
validating
Current best validation errs by now: 0.34010064714785776
Epoch 2/400, Loss: 345.77095299
validating
Current best validation errs by now: 0.27108663598997423
Epoch 3/400, Loss: 243.61821119
validating
Current best validation errs by now: 0.22335679400147815
Epoch 4/400, Loss: 204.21559016
validating
Current best validation errs by now: 0.21078065564536086
Epoch 5/400, Loss: 193.86306412
validating
Current best validation errs by now: 0.2005294609175186
Epoch 6/400, Loss: 169.16569084
validating
Current best validation errs by now: 0.2005294609175186
Epoch 7/400, Loss: 163.29907234
validating
Current best validation errs by now: 0.19201213953019391
Epoch 8/400, Loss: 176.93249852
validating
Current best validation errs by now: 0.19201213953019391
Epoch 9/400, Loss: 154.61105337
validating
Current best validation errs by now: 0.18824173205278136
Epoch 10/400, Loss: 150.33994344
validating
Current best validation errs by now: 0.18337603692304005
Epoch 11/400, Loss: 143.62006877
validating
Current best validation errs by now: 0.17894770351774764
slurmstepd: error: *** JOB 9252360 ON gpua066 CANCELLED AT 2025-04-20T23:03:13 DUE TO TIME LIMIT ***
