
Currently Loaded Modules:
  1) openmpi/4.1.6

 

job is starting on gpua060.delta.ncsa.illinois.edu
/u/wzhong/miniconda3/bin/python3
# packages in environment at /u/wzhong/miniconda3:
#
# Name                    Version                   Build  Channel
/u/wzhong/miniconda3/lib/python3.12/site-packages/torch_geometric/deprecation.py:26: UserWarning: 'data.DataLoader' is deprecated, use 'loader.DataLoader' instead
  warnings.warn(out)
No Nvidia modulus is detected.
Creating data loaders...
Data loaders created: Train=2460, Val=410, Test=1230
Creating data loaders...
Not finding in path 2
Loading pretrained model ...
No trained model
model training ...
validating
Current best validation errs by now: 31.41239975719917
Failed to load /work/hdd/bdsy/wzhong/processed_data/driver/graph2212.pt: PytorchStreamReader failed reading zip archive: failed finding central directory
Epoch 1/400, Loss: 0.00001302
Failed to load /work/hdd/bdsy/wzhong/processed_data/driver/graph2212.pt: PytorchStreamReader failed reading zip archive: failed finding central directory
Epoch 2/400, Loss: 0.00001010
Failed to load /work/hdd/bdsy/wzhong/processed_data/driver/graph2212.pt: PytorchStreamReader failed reading zip archive: failed finding central directory
Epoch 3/400, Loss: 0.00000796
Failed to load /work/hdd/bdsy/wzhong/processed_data/driver/graph2212.pt: PytorchStreamReader failed reading zip archive: failed finding central directory
Epoch 4/400, Loss: 0.00000878
Failed to load /work/hdd/bdsy/wzhong/processed_data/driver/graph2212.pt: PytorchStreamReader failed reading zip archive: failed finding central directory
Epoch 5/400, Loss: 0.00000745
validating
Current best validation errs by now: 0.551487209666066
Failed to load /work/hdd/bdsy/wzhong/processed_data/driver/graph2212.pt: PytorchStreamReader failed reading zip archive: failed finding central directory
Epoch 6/400, Loss: 0.00000806
Failed to load /work/hdd/bdsy/wzhong/processed_data/driver/graph2212.pt: PytorchStreamReader failed reading zip archive: failed finding central directory
Epoch 7/400, Loss: 0.00000798
Failed to load /work/hdd/bdsy/wzhong/processed_data/driver/graph2212.pt: PytorchStreamReader failed reading zip archive: failed finding central directory
Epoch 8/400, Loss: 0.00000639
Failed to load /work/hdd/bdsy/wzhong/processed_data/driver/graph2212.pt: PytorchStreamReader failed reading zip archive: failed finding central directory
Epoch 9/400, Loss: 0.00000703
Failed to load /work/hdd/bdsy/wzhong/processed_data/driver/graph2212.pt: PytorchStreamReader failed reading zip archive: failed finding central directory
Epoch 10/400, Loss: 0.00000710
validating
Current best validation errs by now: 0.5138646054558638
Failed to load /work/hdd/bdsy/wzhong/processed_data/driver/graph2212.pt: PytorchStreamReader failed reading zip archive: failed finding central directory
Epoch 11/400, Loss: 0.00000595
Failed to load /work/hdd/bdsy/wzhong/processed_data/driver/graph2212.pt: PytorchStreamReader failed reading zip archive: failed finding central directory
Epoch 12/400, Loss: 0.00000898
Failed to load /work/hdd/bdsy/wzhong/processed_data/driver/graph2212.pt: PytorchStreamReader failed reading zip archive: failed finding central directory
Epoch 13/400, Loss: 0.00000741
Failed to load /work/hdd/bdsy/wzhong/processed_data/driver/graph2212.pt: PytorchStreamReader failed reading zip archive: failed finding central directory
Epoch 14/400, Loss: 0.00000662
Failed to load /work/hdd/bdsy/wzhong/processed_data/driver/graph2212.pt: PytorchStreamReader failed reading zip archive: failed finding central directory
Epoch 15/400, Loss: 0.00000736
validating
Current best validation errs by now: 0.5108082461647871
Failed to load /work/hdd/bdsy/wzhong/processed_data/driver/graph2212.pt: PytorchStreamReader failed reading zip archive: failed finding central directory
Epoch 16/400, Loss: 0.00000666
Failed to load /work/hdd/bdsy/wzhong/processed_data/driver/graph2212.pt: PytorchStreamReader failed reading zip archive: failed finding central directory
Epoch 17/400, Loss: 0.00000538
Failed to load /work/hdd/bdsy/wzhong/processed_data/driver/graph2212.pt: PytorchStreamReader failed reading zip archive: failed finding central directory
Epoch 18/400, Loss: 0.00000548
Failed to load /work/hdd/bdsy/wzhong/processed_data/driver/graph2212.pt: PytorchStreamReader failed reading zip archive: failed finding central directory
Epoch 19/400, Loss: 0.00000603
slurmstepd: error: *** JOB 8830827 ON gpua060 CANCELLED AT 2025-04-03T10:03:32 DUE TO TIME LIMIT ***
