
Currently Loaded Modules:
  1) openmpi/4.1.6

 

job is starting on gpua022.delta.ncsa.illinois.edu
/u/wzhong/miniconda3/bin/python3
# packages in environment at /u/wzhong/miniconda3:
#
# Name                    Version                   Build  Channel
/u/wzhong/miniconda3/lib/python3.12/site-packages/torch_geometric/deprecation.py:26: UserWarning: 'data.DataLoader' is deprecated, use 'loader.DataLoader' instead
  warnings.warn(out)
No Nvidia modulus is detected.
Creating data loaders...
Data loaders created: Train=1800, Val=300, Test=900
Creating data loaders...
Not finding in path 2
Loading pretrained model ...
No trained model
model training ...
validating
Current best validation errs by now: 1.606784343322118
Epoch 1/400, Loss: 0.00194384
Epoch 2/400, Loss: 0.00182020
Epoch 3/400, Loss: 0.00130818
Epoch 4/400, Loss: 0.00099726
Epoch 5/400, Loss: 0.00078554
validating
Current best validation errs by now: 0.19505171557267506
Epoch 6/400, Loss: 0.00384990
Epoch 7/400, Loss: 0.00146175
Epoch 8/400, Loss: 0.00536645
Epoch 9/400, Loss: 0.00165748
Epoch 10/400, Loss: 0.00216152
validating
Current best validation errs by now: 0.15744955000778038
Epoch 11/400, Loss: 0.00104291
Epoch 12/400, Loss: 0.00108163
Epoch 13/400, Loss: 0.00065623
Epoch 14/400, Loss: 0.00238524
Epoch 15/400, Loss: 0.00099383
validating
Current best validation errs by now: 0.14649173294504483
Epoch 16/400, Loss: 0.00129238
Epoch 17/400, Loss: 0.00059729
Epoch 18/400, Loss: 0.00052964
Epoch 19/400, Loss: 0.00046154
Epoch 20/400, Loss: 0.00098925
validating
Current best validation errs by now: 0.11845488227903843
Epoch 21/400, Loss: 0.00033702
Epoch 22/400, Loss: 0.00052949
Epoch 23/400, Loss: 0.00089822
Epoch 24/400, Loss: 0.00744044
Epoch 25/400, Loss: 0.00023939
validating
Current best validation errs by now: 0.11845488227903843
Epoch 26/400, Loss: 0.00032268
Epoch 27/400, Loss: 0.00022148
Epoch 28/400, Loss: 0.00033495
Epoch 29/400, Loss: 0.00026071
Epoch 30/400, Loss: 0.00022142
validating
Current best validation errs by now: 0.10795794253547987
Epoch 31/400, Loss: 0.00071364
Epoch 32/400, Loss: 0.00070800
Epoch 33/400, Loss: 0.00045710
Epoch 34/400, Loss: 0.00124734
Epoch 35/400, Loss: 0.00056980
validating
Current best validation errs by now: 0.10795794253547987
Epoch 36/400, Loss: 0.00184995
Epoch 37/400, Loss: 0.00028736
Epoch 38/400, Loss: 0.00065083
Epoch 39/400, Loss: 0.00083692
Epoch 40/400, Loss: 0.00028859
validating
Current best validation errs by now: 0.09815409469107787
Epoch 41/400, Loss: 0.00020803
Epoch 42/400, Loss: 0.00054727
Epoch 43/400, Loss: 0.00031757
Epoch 44/400, Loss: 0.00022884
Epoch 45/400, Loss: 0.00146736
validating
Current best validation errs by now: 0.09815409469107787
Epoch 46/400, Loss: 0.00038246
Epoch 47/400, Loss: 0.00050318
Epoch 48/400, Loss: 0.00028614
Epoch 49/400, Loss: 0.00081059
Epoch 50/400, Loss: 0.00050437
validating
Current best validation errs by now: 0.09599423165122668
Epoch 51/400, Loss: 0.00031666
Epoch 52/400, Loss: 0.00016644
Epoch 53/400, Loss: 0.00064933
Epoch 54/400, Loss: 0.00188360
Epoch 55/400, Loss: 0.00043119
validating
Current best validation errs by now: 0.08522620737552643
Epoch 56/400, Loss: 0.00035490
Epoch 57/400, Loss: 0.00055189
Epoch 58/400, Loss: 0.00150941
Epoch 59/400, Loss: 0.00019843
Epoch 60/400, Loss: 0.00019667
validating
Current best validation errs by now: 0.08522620737552643
Epoch 61/400, Loss: 0.00018955
Epoch 62/400, Loss: 0.00017507
Epoch 63/400, Loss: 0.00059763
Epoch 64/400, Loss: 0.00062399
Epoch 65/400, Loss: 0.00117238
validating
Current best validation errs by now: 0.08142922945320606
Epoch 66/400, Loss: 0.00016231
Epoch 67/400, Loss: 0.00089564
Epoch 68/400, Loss: 0.00050032
Epoch 69/400, Loss: 0.00060475
Epoch 70/400, Loss: 0.00016130
validating
Current best validation errs by now: 0.08142922945320606
Epoch 71/400, Loss: 0.00054774
Epoch 72/400, Loss: 0.00073164
Epoch 73/400, Loss: 0.00033964
Epoch 74/400, Loss: 0.00051390
Epoch 75/400, Loss: 0.00022015
validating
Current best validation errs by now: 0.07904139810552199
Epoch 76/400, Loss: 0.00025352
Epoch 77/400, Loss: 0.00029371
Epoch 78/400, Loss: 0.00014720
Epoch 79/400, Loss: 0.00026396
Epoch 80/400, Loss: 0.00104186
validating
Current best validation errs by now: 0.07791435049225887
Epoch 81/400, Loss: 0.00026144
Epoch 82/400, Loss: 0.00063130
Epoch 83/400, Loss: 0.00019359
Epoch 84/400, Loss: 0.00037250
Epoch 85/400, Loss: 0.00011029
validating
Current best validation errs by now: 0.07733390142520269
Epoch 86/400, Loss: 0.00030694
Epoch 87/400, Loss: 0.00013956
Epoch 88/400, Loss: 0.00043279
Epoch 89/400, Loss: 0.00020394
Epoch 90/400, Loss: 0.00024944
validating
Current best validation errs by now: 0.07733390142520269
Epoch 91/400, Loss: 0.00063152
Epoch 92/400, Loss: 0.00030346
Epoch 93/400, Loss: 0.00014715
Epoch 94/400, Loss: 0.00011699
Epoch 95/400, Loss: 0.00009995
validating
Current best validation errs by now: 0.07587415741135677
Epoch 96/400, Loss: 0.00027618
Epoch 97/400, Loss: 0.00064470
Epoch 98/400, Loss: 0.00019562
Epoch 99/400, Loss: 0.00015447
Epoch 100/400, Loss: 0.00013501
validating
Current best validation errs by now: 0.07587415741135677
Epoch 101/400, Loss: 0.00050969
Epoch 102/400, Loss: 0.00025599
Epoch 103/400, Loss: 0.00031685
Epoch 104/400, Loss: 0.00022901
Epoch 105/400, Loss: 0.00036294
validating
Current best validation errs by now: 0.07486028784265121
Epoch 106/400, Loss: 0.00038012
Epoch 107/400, Loss: 0.00013050
Epoch 108/400, Loss: 0.00029852
Epoch 109/400, Loss: 0.00024708
Epoch 110/400, Loss: 0.00020132
validating
Current best validation errs by now: 0.07486028784265121
Epoch 111/400, Loss: 0.00022166
Epoch 112/400, Loss: 0.00025874
Epoch 113/400, Loss: 0.00074648
Epoch 114/400, Loss: 0.00055208
Epoch 115/400, Loss: 0.00129006
validating
Current best validation errs by now: 0.07486028784265121
Epoch 116/400, Loss: 0.00011570
Epoch 117/400, Loss: 0.00085755
Epoch 118/400, Loss: 0.00032957
Epoch 119/400, Loss: 0.00010705
Epoch 120/400, Loss: 0.00026777
validating
Current best validation errs by now: 0.07311689878503481
Epoch 121/400, Loss: 0.00019139
Epoch 122/400, Loss: 0.00029098
Epoch 123/400, Loss: 0.00016051
Epoch 124/400, Loss: 0.00013451
Epoch 125/400, Loss: 0.00013789
validating
Current best validation errs by now: 0.06882788073271513
Epoch 126/400, Loss: 0.00016241
Epoch 127/400, Loss: 0.00082523
Epoch 128/400, Loss: 0.00151802
Epoch 129/400, Loss: 0.00021316
Epoch 130/400, Loss: 0.00055635
validating
Current best validation errs by now: 0.06882788073271513
Epoch 131/400, Loss: 0.00013269
Epoch 132/400, Loss: 0.00015319
Epoch 133/400, Loss: 0.00031906
Epoch 134/400, Loss: 0.00052586
Epoch 135/400, Loss: 0.00025245
validating
Current best validation errs by now: 0.06882788073271513
Epoch 136/400, Loss: 0.00037208
Epoch 137/400, Loss: 0.00043686
Epoch 138/400, Loss: 0.00018362
Epoch 139/400, Loss: 0.00031893
Epoch 140/400, Loss: 0.00056325
validating
Current best validation errs by now: 0.06882788073271513
Epoch 141/400, Loss: 0.00029297
Epoch 142/400, Loss: 0.00009601
Epoch 143/400, Loss: 0.00019029
Epoch 144/400, Loss: 0.00067134
Epoch 145/400, Loss: 0.00048931
validating
Current best validation errs by now: 0.06882788073271513
Epoch 146/400, Loss: 0.00029742
Epoch 147/400, Loss: 0.00022072
Epoch 148/400, Loss: 0.00064830
Epoch 149/400, Loss: 0.00011754
Epoch 150/400, Loss: 0.00019759
validating
Current best validation errs by now: 0.06882788073271513
Epoch 151/400, Loss: 0.00008414
Epoch 152/400, Loss: 0.00012188
Epoch 153/400, Loss: 0.00013048
Epoch 154/400, Loss: 0.00040929
Epoch 155/400, Loss: 0.00014227
validating
Current best validation errs by now: 0.06633422963321209
Epoch 156/400, Loss: 0.00110494
Epoch 157/400, Loss: 0.00011021
Epoch 158/400, Loss: 0.00010405
Epoch 159/400, Loss: 0.00053933
Epoch 160/400, Loss: 0.00086374
validating
Current best validation errs by now: 0.06439333859831095
Epoch 161/400, Loss: 0.00021708
Epoch 162/400, Loss: 0.00023388
Epoch 163/400, Loss: 0.00029704
Epoch 164/400, Loss: 0.00013743
Epoch 165/400, Loss: 0.00010033
validating
Current best validation errs by now: 0.06439333859831095
Epoch 166/400, Loss: 0.00017395
Epoch 167/400, Loss: 0.00069023
Epoch 168/400, Loss: 0.00025487
Epoch 169/400, Loss: 0.00021470
Epoch 170/400, Loss: 0.00019408
validating
Current best validation errs by now: 0.06439333859831095
Epoch 171/400, Loss: 0.00008634
Epoch 172/400, Loss: 0.00017353
Epoch 173/400, Loss: 0.00052902
Epoch 174/400, Loss: 0.00055939
Epoch 175/400, Loss: 0.00102706
validating
Current best validation errs by now: 0.06439333859831095
Epoch 176/400, Loss: 0.00037037
Epoch 177/400, Loss: 0.00026527
Epoch 178/400, Loss: 0.00067538
Epoch 179/400, Loss: 0.00035457
Epoch 180/400, Loss: 0.00018162
validating
Current best validation errs by now: 0.06439333859831095
Epoch 181/400, Loss: 0.00015608
Epoch 182/400, Loss: 0.00017215
Epoch 183/400, Loss: 0.00058237
Epoch 184/400, Loss: 0.00036187
Epoch 185/400, Loss: 0.00007551
validating
Current best validation errs by now: 0.06416915697356065
Epoch 186/400, Loss: 0.00036683
Epoch 187/400, Loss: 0.00016005
Epoch 188/400, Loss: 0.00012394
Epoch 189/400, Loss: 0.00011246
Epoch 190/400, Loss: 0.00022143
validating
Current best validation errs by now: 0.06416915697356065
Epoch 191/400, Loss: 0.00038735
Epoch 192/400, Loss: 0.00017658
Epoch 193/400, Loss: 0.00016887
Epoch 194/400, Loss: 0.00021726
Epoch 195/400, Loss: 0.00007535
validating
Current best validation errs by now: 0.06380423347155253
Epoch 196/400, Loss: 0.00010260
Epoch 197/400, Loss: 0.00009972
Epoch 198/400, Loss: 0.00032585
Epoch 199/400, Loss: 0.00012479
Epoch 200/400, Loss: 0.00010700
validating
Current best validation errs by now: 0.06322165953616302
Epoch 201/400, Loss: 0.00024472
Epoch 202/400, Loss: 0.00012568
Epoch 203/400, Loss: 0.00017881
Epoch 204/400, Loss: 0.00071250
Epoch 205/400, Loss: 0.00023602
validating
Current best validation errs by now: 0.060903233339389164
Epoch 206/400, Loss: 0.00016275
Epoch 207/400, Loss: 0.00025366
Epoch 208/400, Loss: 0.00114410
Epoch 209/400, Loss: 0.00020671
Epoch 210/400, Loss: 0.00007329
validating
Current best validation errs by now: 0.060903233339389164
Epoch 211/400, Loss: 0.00012897
Epoch 212/400, Loss: 0.00017102
Epoch 213/400, Loss: 0.00013910
Epoch 214/400, Loss: 0.00016590
Epoch 215/400, Loss: 0.00010473
validating
Current best validation errs by now: 0.060903233339389164
Epoch 216/400, Loss: 0.00015545
Epoch 217/400, Loss: 0.00060297
Epoch 218/400, Loss: 0.00016115
Epoch 219/400, Loss: 0.00009019
Epoch 220/400, Loss: 0.00039303
validating
Current best validation errs by now: 0.05919577726473411
Epoch 221/400, Loss: 0.00044951
Epoch 222/400, Loss: 0.00021696
Epoch 223/400, Loss: 0.00030806
Epoch 224/400, Loss: 0.00040870
Epoch 225/400, Loss: 0.00007067
validating
Current best validation errs by now: 0.05919577726473411
Epoch 226/400, Loss: 0.00008431
Epoch 227/400, Loss: 0.00022923
Epoch 228/400, Loss: 0.00066438
Epoch 229/400, Loss: 0.00015629
Epoch 230/400, Loss: 0.00035197
validating
Current best validation errs by now: 0.05919577726473411
Epoch 231/400, Loss: 0.00021979
Epoch 232/400, Loss: 0.00016813
Epoch 233/400, Loss: 0.00012045
Epoch 234/400, Loss: 0.00025786
Epoch 235/400, Loss: 0.00034116
validating
Current best validation errs by now: 0.05919577726473411
Epoch 236/400, Loss: 0.00043306
Epoch 237/400, Loss: 0.00021339
Epoch 238/400, Loss: 0.00012191
Epoch 239/400, Loss: 0.00009553
Epoch 240/400, Loss: 0.00015925
validating
Current best validation errs by now: 0.05919577726473411
Epoch 241/400, Loss: 0.00010049
Epoch 242/400, Loss: 0.00008415
Epoch 243/400, Loss: 0.00012729
Epoch 244/400, Loss: 0.00010271
Epoch 245/400, Loss: 0.00026698
validating
Current best validation errs by now: 0.058801191647847494
Epoch 246/400, Loss: 0.00011372
Epoch 247/400, Loss: 0.00013441
Epoch 248/400, Loss: 0.00010695
Epoch 249/400, Loss: 0.00007898
Epoch 250/400, Loss: 0.00008016
validating
Current best validation errs by now: 0.058653893594940505
Epoch 251/400, Loss: 0.00084310
Epoch 252/400, Loss: 0.00023756
Epoch 253/400, Loss: 0.00006212
Epoch 254/400, Loss: 0.00005958
Epoch 255/400, Loss: 0.00024870
validating
Current best validation errs by now: 0.058653893594940505
Epoch 256/400, Loss: 0.00009713
Epoch 257/400, Loss: 0.00026859
Epoch 258/400, Loss: 0.00029800
Epoch 259/400, Loss: 0.00011616
Epoch 260/400, Loss: 0.00019676
validating
Current best validation errs by now: 0.058653893594940505
Epoch 261/400, Loss: 0.00009601
Epoch 262/400, Loss: 0.00018995
Epoch 263/400, Loss: 0.00016012
Epoch 264/400, Loss: 0.00007302
Epoch 265/400, Loss: 0.00020380
validating
Current best validation errs by now: 0.058653893594940505
Epoch 266/400, Loss: 0.00012300
Epoch 267/400, Loss: 0.00011577
Epoch 268/400, Loss: 0.00058628
Epoch 269/400, Loss: 0.00010513
Epoch 270/400, Loss: 0.00027699
validating
Current best validation errs by now: 0.0555950440838933
Epoch 271/400, Loss: 0.00024609
Epoch 272/400, Loss: 0.00009256
Epoch 273/400, Loss: 0.00032000
Epoch 274/400, Loss: 0.00016209
Epoch 275/400, Loss: 0.00039742
validating
Current best validation errs by now: 0.0555950440838933
Epoch 276/400, Loss: 0.00016964
Epoch 277/400, Loss: 0.00015376
Epoch 278/400, Loss: 0.00013362
Epoch 279/400, Loss: 0.00013662
Epoch 280/400, Loss: 0.00031225
validating
Current best validation errs by now: 0.0555950440838933
Epoch 281/400, Loss: 0.00008070
Epoch 282/400, Loss: 0.00022198
Epoch 283/400, Loss: 0.00009802
Epoch 284/400, Loss: 0.00010359
Epoch 285/400, Loss: 0.00006529
validating
Current best validation errs by now: 0.0555950440838933
Epoch 286/400, Loss: 0.00014497
Epoch 287/400, Loss: 0.00091822
Epoch 288/400, Loss: 0.00015266
Epoch 289/400, Loss: 0.00027043
Epoch 290/400, Loss: 0.00018022
validating
Current best validation errs by now: 0.0555950440838933
Epoch 291/400, Loss: 0.00018645
Epoch 292/400, Loss: 0.00012871
Epoch 293/400, Loss: 0.00021254
Epoch 294/400, Loss: 0.00023339
Epoch 295/400, Loss: 0.00045487
validating
Current best validation errs by now: 0.05473003381242355
Epoch 296/400, Loss: 0.00061947
Epoch 297/400, Loss: 0.00013682
Epoch 298/400, Loss: 0.00011012
Epoch 299/400, Loss: 0.00010145
Epoch 300/400, Loss: 0.00016535
validating
Current best validation errs by now: 0.05473003381242355
Epoch 301/400, Loss: 0.00006802
Epoch 302/400, Loss: 0.00011457
Epoch 303/400, Loss: 0.00018472
Epoch 304/400, Loss: 0.00014054
Epoch 305/400, Loss: 0.00018615
validating
Current best validation errs by now: 0.05473003381242355
Epoch 306/400, Loss: 0.00013920
Epoch 307/400, Loss: 0.00019836
Epoch 308/400, Loss: 0.00015100
Epoch 309/400, Loss: 0.00011793
Epoch 310/400, Loss: 0.00026321
validating
Current best validation errs by now: 0.05473003381242355
Epoch 311/400, Loss: 0.00012517
Epoch 312/400, Loss: 0.00015532
Epoch 313/400, Loss: 0.00011316
Epoch 314/400, Loss: 0.00024467
Epoch 315/400, Loss: 0.00011839
validating
Current best validation errs by now: 0.05473003381242355
Epoch 316/400, Loss: 0.00007351
Epoch 317/400, Loss: 0.00013835
Epoch 318/400, Loss: 0.00008146
Epoch 319/400, Loss: 0.00024776
Epoch 320/400, Loss: 0.00011672
validating
Current best validation errs by now: 0.05271218073864778
Epoch 321/400, Loss: 0.00008939
Epoch 322/400, Loss: 0.00030659
Epoch 323/400, Loss: 0.00005673
Epoch 324/400, Loss: 0.00016027
Epoch 325/400, Loss: 0.00017554
validating
Current best validation errs by now: 0.05271218073864778
Epoch 326/400, Loss: 0.00010615
Epoch 327/400, Loss: 0.00014302
Epoch 328/400, Loss: 0.00019034
Epoch 329/400, Loss: 0.00024731
Epoch 330/400, Loss: 0.00017271
validating
Current best validation errs by now: 0.05271218073864778
Epoch 331/400, Loss: 0.00015049
Epoch 332/400, Loss: 0.00010299
Epoch 333/400, Loss: 0.00012140
Epoch 334/400, Loss: 0.00012295
Epoch 335/400, Loss: 0.00019955
validating
Current best validation errs by now: 0.05271218073864778
Epoch 336/400, Loss: 0.00017262
Epoch 337/400, Loss: 0.00008361
Epoch 338/400, Loss: 0.00019463
Epoch 339/400, Loss: 0.00033881
Epoch 340/400, Loss: 0.00008263
validating
Current best validation errs by now: 0.05271218073864778
Epoch 341/400, Loss: 0.00019583
Epoch 342/400, Loss: 0.00012174
Epoch 343/400, Loss: 0.00022366
Epoch 344/400, Loss: 0.00016350
Epoch 345/400, Loss: 0.00006362
validating
Current best validation errs by now: 0.05271218073864778
Epoch 346/400, Loss: 0.00007146
Epoch 347/400, Loss: 0.00005930
Epoch 348/400, Loss: 0.00010660
Epoch 349/400, Loss: 0.00016667
Epoch 350/400, Loss: 0.00006309
validating
Current best validation errs by now: 0.05271218073864778
Epoch 351/400, Loss: 0.00014164
Epoch 352/400, Loss: 0.00020450
Epoch 353/400, Loss: 0.00015753
Epoch 354/400, Loss: 0.00012208
Epoch 355/400, Loss: 0.00015295
validating
Current best validation errs by now: 0.05271218073864778
Epoch 356/400, Loss: 0.00011693
Epoch 357/400, Loss: 0.00018214
Epoch 358/400, Loss: 0.00004366
Epoch 359/400, Loss: 0.00011096
Epoch 360/400, Loss: 0.00007966
validating
Current best validation errs by now: 0.05271218073864778
Epoch 361/400, Loss: 0.00011108
Epoch 362/400, Loss: 0.00010410
Epoch 363/400, Loss: 0.00019418
Epoch 364/400, Loss: 0.00008458
Epoch 365/400, Loss: 0.00007457
validating
Current best validation errs by now: 0.05271218073864778
Epoch 366/400, Loss: 0.00010800
Epoch 367/400, Loss: 0.00012090
Epoch 368/400, Loss: 0.00023303
Epoch 369/400, Loss: 0.00014025
Epoch 370/400, Loss: 0.00004687
validating
Current best validation errs by now: 0.05271218073864778
Epoch 371/400, Loss: 0.00036580
Epoch 372/400, Loss: 0.00017411
Epoch 373/400, Loss: 0.00010873
Epoch 374/400, Loss: 0.00014198
Epoch 375/400, Loss: 0.00010347
validating
Current best validation errs by now: 0.050403451398015026
Epoch 376/400, Loss: 0.00007613
Epoch 377/400, Loss: 0.00017284
Epoch 378/400, Loss: 0.00011443
Epoch 379/400, Loss: 0.00011793
Epoch 380/400, Loss: 0.00008416
validating
Current best validation errs by now: 0.050403451398015026
Epoch 381/400, Loss: 0.00017611
Epoch 382/400, Loss: 0.00010400
Epoch 383/400, Loss: 0.00019234
Epoch 384/400, Loss: 0.00008803
Epoch 385/400, Loss: 0.00011010
validating
Current best validation errs by now: 0.050403451398015026
Epoch 386/400, Loss: 0.00049489
Epoch 387/400, Loss: 0.00011399
Epoch 388/400, Loss: 0.00019381
Epoch 389/400, Loss: 0.00021693
Epoch 390/400, Loss: 0.00062045
validating
Current best validation errs by now: 0.050403451398015026
Epoch 391/400, Loss: 0.00005438
Epoch 392/400, Loss: 0.00013520
Epoch 393/400, Loss: 0.00006077
Epoch 394/400, Loss: 0.00023344
Epoch 395/400, Loss: 0.00006023
validating
Current best validation errs by now: 0.050403451398015026
Epoch 396/400, Loss: 0.00009288
Epoch 397/400, Loss: 0.00016016
Epoch 398/400, Loss: 0.00029289
Epoch 399/400, Loss: 0.00015082
Epoch 400/400, Loss: 0.00014082
total training time: 12915.657371520996 seconds
evalute average performance on 900 samples
average stess relative err: 0.05943254118992223
