
Currently Loaded Modules:
  1) openmpi/4.1.6

 

job is starting on gpua034.delta.ncsa.illinois.edu
/u/wzhong/miniconda3/bin/python3
# packages in environment at /u/wzhong/miniconda3:
#
# Name                    Version                   Build  Channel
/u/wzhong/miniconda3/lib/python3.12/site-packages/torch_geometric/deprecation.py:26: UserWarning: 'data.DataLoader' is deprecated, use 'loader.DataLoader' instead
  warnings.warn(out)
No Nvidia modulus is detected.
Creating data loaders...
Data loaders created: Train=375, Val=62, Test=188
Creating data loaders...
Not finding in path 2
Loading pretrained model ...
No trained model
model training ...
validating
Current best validation errs by now: 0.05089176308003164
Epoch 1/400, Loss: 0.00170935
Epoch 2/400, Loss: 0.00525198
Epoch 3/400, Loss: 0.00101565
Epoch 4/400, Loss: 0.00175789
Epoch 5/400, Loss: 0.00022808
validating
Current best validation errs by now: 0.005322488385342782
Epoch 6/400, Loss: 0.00042483
Epoch 7/400, Loss: 0.00015297
Epoch 8/400, Loss: 0.00148264
Epoch 9/400, Loss: 0.00030371
Epoch 10/400, Loss: 0.00084177
validating
Current best validation errs by now: 0.004365437619027591
Epoch 11/400, Loss: 0.00027698
Epoch 12/400, Loss: 0.00162030
Epoch 13/400, Loss: 0.00029805
Epoch 14/400, Loss: 0.00088513
Epoch 15/400, Loss: 0.00051591
validating
Current best validation errs by now: 0.004148064932275203
Epoch 16/400, Loss: 0.00014474
Epoch 17/400, Loss: 0.00037040
Epoch 18/400, Loss: 0.00049542
Epoch 19/400, Loss: 0.00018467
Epoch 20/400, Loss: 0.00099431
validating
Current best validation errs by now: 0.002495395263747102
Epoch 21/400, Loss: 0.00012673
Epoch 22/400, Loss: 0.00017759
Epoch 23/400, Loss: 0.00007921
Epoch 24/400, Loss: 0.00008783
Epoch 25/400, Loss: 0.00050448
validating
Current best validation errs by now: 0.00204948146241687
Epoch 26/400, Loss: 0.00006773
Epoch 27/400, Loss: 0.00007769
Epoch 28/400, Loss: 0.00034647
Epoch 29/400, Loss: 0.00015381
Epoch 30/400, Loss: 0.00005756
validating
Current best validation errs by now: 0.0016597092147886514
Epoch 31/400, Loss: 0.00125187
Epoch 32/400, Loss: 0.00007958
Epoch 33/400, Loss: 0.00005059
Epoch 34/400, Loss: 0.00009961
Epoch 35/400, Loss: 0.00011800
validating
Current best validation errs by now: 0.001421017276551274
Epoch 36/400, Loss: 0.00012658
Epoch 37/400, Loss: 0.00007785
Epoch 38/400, Loss: 0.00004024
Epoch 39/400, Loss: 0.00040701
Epoch 40/400, Loss: 0.00006387
validating
Current best validation errs by now: 0.001380585304897038
Epoch 41/400, Loss: 0.00002152
Epoch 42/400, Loss: 0.00003204
Epoch 43/400, Loss: 0.00004023
Epoch 44/400, Loss: 0.00098772
Epoch 45/400, Loss: 0.00001962
validating
Current best validation errs by now: 0.001193060289933196
Epoch 46/400, Loss: 0.00005476
Epoch 47/400, Loss: 0.00008775
Epoch 48/400, Loss: 0.00002290
Epoch 49/400, Loss: 0.00004648
Epoch 50/400, Loss: 0.00006614
validating
Current best validation errs by now: 0.001193060289933196
Epoch 51/400, Loss: 0.00010014
Epoch 52/400, Loss: 0.00012667
Epoch 53/400, Loss: 0.00002412
Epoch 54/400, Loss: 0.00010719
Epoch 55/400, Loss: 0.00006949
validating
Current best validation errs by now: 0.001193060289933196
Epoch 56/400, Loss: 0.00008192
Epoch 57/400, Loss: 0.00002240
Epoch 58/400, Loss: 0.00024230
Epoch 59/400, Loss: 0.00007758
Epoch 60/400, Loss: 0.00001889
validating
Current best validation errs by now: 0.0011056575834030105
Epoch 61/400, Loss: 0.00011510
Epoch 62/400, Loss: 0.00003201
Epoch 63/400, Loss: 0.00005342
Epoch 64/400, Loss: 0.00008315
Epoch 65/400, Loss: 0.00005572
validating
Current best validation errs by now: 0.0010761327021980597
Epoch 66/400, Loss: 0.00002107
Epoch 67/400, Loss: 0.00002251
Epoch 68/400, Loss: 0.00008462
Epoch 69/400, Loss: 0.00003072
Epoch 70/400, Loss: 0.00005507
validating
Current best validation errs by now: 0.0009951975061407974
Epoch 71/400, Loss: 0.00012234
Epoch 72/400, Loss: 0.00014413
Epoch 73/400, Loss: 0.00002273
Epoch 74/400, Loss: 0.00005822
Epoch 75/400, Loss: 0.00001037
validating
Current best validation errs by now: 0.0009951975061407974
Epoch 76/400, Loss: 0.00010338
Epoch 77/400, Loss: 0.00012502
Epoch 78/400, Loss: 0.00002738
Epoch 79/400, Loss: 0.00031082
Epoch 80/400, Loss: 0.00001346
validating
Current best validation errs by now: 0.0009208131786210522
Epoch 81/400, Loss: 0.00005035
Epoch 82/400, Loss: 0.00005709
Epoch 83/400, Loss: 0.00003177
Epoch 84/400, Loss: 0.00002634
Epoch 85/400, Loss: 0.00004923
validating
Current best validation errs by now: 0.0009208131786210522
Epoch 86/400, Loss: 0.00002932
Epoch 87/400, Loss: 0.00003473
Epoch 88/400, Loss: 0.00003790
Epoch 89/400, Loss: 0.00005926
Epoch 90/400, Loss: 0.00001451
validating
Current best validation errs by now: 0.0009208131786210522
Epoch 91/400, Loss: 0.00001233
Epoch 92/400, Loss: 0.00005049
Epoch 93/400, Loss: 0.00008972
Epoch 94/400, Loss: 0.00015829
Epoch 95/400, Loss: 0.00003128
validating
Current best validation errs by now: 0.0009208131786210522
Epoch 96/400, Loss: 0.00001463
Epoch 97/400, Loss: 0.00001685
Epoch 98/400, Loss: 0.00007212
Epoch 99/400, Loss: 0.00002146
Epoch 100/400, Loss: 0.00005835
validating
Current best validation errs by now: 0.0009208131786210522
Epoch 101/400, Loss: 0.00001484
Epoch 102/400, Loss: 0.00001679
Epoch 103/400, Loss: 0.00007523
Epoch 104/400, Loss: 0.00004775
Epoch 105/400, Loss: 0.00001216
validating
Current best validation errs by now: 0.0008971504547873572
Epoch 106/400, Loss: 0.00006555
Epoch 107/400, Loss: 0.00001600
Epoch 108/400, Loss: 0.00001682
Epoch 109/400, Loss: 0.00002033
Epoch 110/400, Loss: 0.00004203
validating
Current best validation errs by now: 0.0008971504547873572
Epoch 111/400, Loss: 0.00007188
Epoch 112/400, Loss: 0.00001441
Epoch 113/400, Loss: 0.00001821
Epoch 114/400, Loss: 0.00009676
Epoch 115/400, Loss: 0.00002181
validating
Current best validation errs by now: 0.000795117546541376
Epoch 116/400, Loss: 0.00001052
Epoch 117/400, Loss: 0.00001481
Epoch 118/400, Loss: 0.00006884
Epoch 119/400, Loss: 0.00002155
Epoch 120/400, Loss: 0.00001510
validating
Current best validation errs by now: 0.000795117546541376
Epoch 121/400, Loss: 0.00004916
Epoch 122/400, Loss: 0.00003673
Epoch 123/400, Loss: 0.00014274
Epoch 124/400, Loss: 0.00003295
Epoch 125/400, Loss: 0.00004853
validating
Current best validation errs by now: 0.000795117546541376
Epoch 126/400, Loss: 0.00003889
Epoch 127/400, Loss: 0.00002482
Epoch 128/400, Loss: 0.00003296
Epoch 129/400, Loss: 0.00008144
Epoch 130/400, Loss: 0.00002320
validating
Current best validation errs by now: 0.0007547656991406374
Epoch 131/400, Loss: 0.00003152
Epoch 132/400, Loss: 0.00003052
Epoch 133/400, Loss: 0.00002137
Epoch 134/400, Loss: 0.00008502
Epoch 135/400, Loss: 0.00004314
validating
Current best validation errs by now: 0.0007547656991406374
Epoch 136/400, Loss: 0.00001097
Epoch 137/400, Loss: 0.00000902
Epoch 138/400, Loss: 0.00001766
Epoch 139/400, Loss: 0.00001350
Epoch 140/400, Loss: 0.00000950
validating
Current best validation errs by now: 0.0007547656991406374
Epoch 141/400, Loss: 0.00001984
Epoch 142/400, Loss: 0.00004637
Epoch 143/400, Loss: 0.00012371
Epoch 144/400, Loss: 0.00003745
Epoch 145/400, Loss: 0.00002501
validating
Current best validation errs by now: 0.0007547656991406374
Epoch 146/400, Loss: 0.00003029
Epoch 147/400, Loss: 0.00003008
Epoch 148/400, Loss: 0.00000792
Epoch 149/400, Loss: 0.00003140
Epoch 150/400, Loss: 0.00005598
validating
Current best validation errs by now: 0.0007547656991406374
Epoch 151/400, Loss: 0.00001387
Epoch 152/400, Loss: 0.00002677
Epoch 153/400, Loss: 0.00002090
Epoch 154/400, Loss: 0.00001616
Epoch 155/400, Loss: 0.00003681
validating
Current best validation errs by now: 0.0007451775445294897
Epoch 156/400, Loss: 0.00001316
Epoch 157/400, Loss: 0.00001629
Epoch 158/400, Loss: 0.00002537
Epoch 159/400, Loss: 0.00005354
Epoch 160/400, Loss: 0.00002848
validating
Current best validation errs by now: 0.0007451775445294897
Epoch 161/400, Loss: 0.00006989
Epoch 162/400, Loss: 0.00000952
Epoch 163/400, Loss: 0.00002093
Epoch 164/400, Loss: 0.00001380
Epoch 165/400, Loss: 0.00008494
validating
Current best validation errs by now: 0.0007451775445294897
Epoch 166/400, Loss: 0.00000626
Epoch 167/400, Loss: 0.00003902
Epoch 168/400, Loss: 0.00001531
Epoch 169/400, Loss: 0.00000859
Epoch 170/400, Loss: 0.00004243
validating
Current best validation errs by now: 0.0007451775445294897
Epoch 171/400, Loss: 0.00003132
Epoch 172/400, Loss: 0.00001736
Epoch 173/400, Loss: 0.00001739
Epoch 174/400, Loss: 0.00003820
Epoch 175/400, Loss: 0.00002824
validating
Current best validation errs by now: 0.0006918182635056455
Epoch 176/400, Loss: 0.00001361
Epoch 177/400, Loss: 0.00000545
Epoch 178/400, Loss: 0.00003434
Epoch 179/400, Loss: 0.00001192
Epoch 180/400, Loss: 0.00002705
validating
Current best validation errs by now: 0.0006918182635056455
Epoch 181/400, Loss: 0.00035824
Epoch 182/400, Loss: 0.00009094
Epoch 183/400, Loss: 0.00002271
Epoch 184/400, Loss: 0.00001512
Epoch 185/400, Loss: 0.00001409
validating
Current best validation errs by now: 0.0006918182635056455
Epoch 186/400, Loss: 0.00000936
Epoch 187/400, Loss: 0.00002655
Epoch 188/400, Loss: 0.00005641
Epoch 189/400, Loss: 0.00000461
Epoch 190/400, Loss: 0.00001924
validating
Current best validation errs by now: 0.0006918182635056455
Epoch 191/400, Loss: 0.00003350
Epoch 192/400, Loss: 0.00002374
Epoch 193/400, Loss: 0.00004504
Epoch 194/400, Loss: 0.00000638
Epoch 195/400, Loss: 0.00004180
validating
Current best validation errs by now: 0.0006918182635056455
Epoch 196/400, Loss: 0.00013059
Epoch 197/400, Loss: 0.00001104
Epoch 198/400, Loss: 0.00002004
Epoch 199/400, Loss: 0.00001588
Epoch 200/400, Loss: 0.00000634
validating
Current best validation errs by now: 0.0006918182635056455
Epoch 201/400, Loss: 0.00000879
Epoch 202/400, Loss: 0.00001623
Epoch 203/400, Loss: 0.00001969
Epoch 204/400, Loss: 0.00000560
Epoch 205/400, Loss: 0.00001821
validating
Current best validation errs by now: 0.0006478500356259305
Epoch 206/400, Loss: 0.00002268
Epoch 207/400, Loss: 0.00000907
Epoch 208/400, Loss: 0.00002759
Epoch 209/400, Loss: 0.00003052
Epoch 210/400, Loss: 0.00004223
validating
Current best validation errs by now: 0.0006478500356259305
Epoch 211/400, Loss: 0.00002441
Epoch 212/400, Loss: 0.00001117
Epoch 213/400, Loss: 0.00001882
Epoch 214/400, Loss: 0.00002183
Epoch 215/400, Loss: 0.00001329
validating
Current best validation errs by now: 0.0006244962175016201
Epoch 216/400, Loss: 0.00003628
Epoch 217/400, Loss: 0.00000602
Epoch 218/400, Loss: 0.00001127
Epoch 219/400, Loss: 0.00001193
Epoch 220/400, Loss: 0.00001733
validating
Current best validation errs by now: 0.0006244962175016201
Epoch 221/400, Loss: 0.00000509
Epoch 222/400, Loss: 0.00000323
Epoch 223/400, Loss: 0.00000773
Epoch 224/400, Loss: 0.00005901
Epoch 225/400, Loss: 0.00002390
validating
Current best validation errs by now: 0.0006244962175016201
Epoch 226/400, Loss: 0.00004974
Epoch 227/400, Loss: 0.00000851
Epoch 228/400, Loss: 0.00000827
Epoch 229/400, Loss: 0.00001156
Epoch 230/400, Loss: 0.00002184
validating
Current best validation errs by now: 0.0006244962175016201
Epoch 231/400, Loss: 0.00000959
Epoch 232/400, Loss: 0.00002047
Epoch 233/400, Loss: 0.00001208
Epoch 234/400, Loss: 0.00000903
Epoch 235/400, Loss: 0.00003777
validating
Current best validation errs by now: 0.0006244962175016201
Epoch 236/400, Loss: 0.00000973
Epoch 237/400, Loss: 0.00000462
Epoch 238/400, Loss: 0.00002656
Epoch 239/400, Loss: 0.00002961
Epoch 240/400, Loss: 0.00000690
validating
Current best validation errs by now: 0.0006244962175016201
Epoch 241/400, Loss: 0.00001858
Epoch 242/400, Loss: 0.00004451
Epoch 243/400, Loss: 0.00005478
Epoch 244/400, Loss: 0.00000665
Epoch 245/400, Loss: 0.00000364
validating
Current best validation errs by now: 0.0006078047083593124
Epoch 246/400, Loss: 0.00001135
Epoch 247/400, Loss: 0.00002852
Epoch 248/400, Loss: 0.00000532
Epoch 249/400, Loss: 0.00003035
Epoch 250/400, Loss: 0.00000801
validating
Current best validation errs by now: 0.0006078047083593124
Epoch 251/400, Loss: 0.00000865
Epoch 252/400, Loss: 0.00000272
Epoch 253/400, Loss: 0.00002321
Epoch 254/400, Loss: 0.00000745
Epoch 255/400, Loss: 0.00003873
validating
Current best validation errs by now: 0.0005852772517227418
Epoch 256/400, Loss: 0.00001264
Epoch 257/400, Loss: 0.00000675
Epoch 258/400, Loss: 0.00001404
Epoch 259/400, Loss: 0.00000400
Epoch 260/400, Loss: 0.00003379
validating
Current best validation errs by now: 0.0005852772517227418
Epoch 261/400, Loss: 0.00000725
Epoch 262/400, Loss: 0.00005190
Epoch 263/400, Loss: 0.00000903
Epoch 264/400, Loss: 0.00002732
Epoch 265/400, Loss: 0.00000983
validating
Current best validation errs by now: 0.0005651172222344265
Epoch 266/400, Loss: 0.00004381
Epoch 267/400, Loss: 0.00002130
Epoch 268/400, Loss: 0.00000449
Epoch 269/400, Loss: 0.00002174
Epoch 270/400, Loss: 0.00000724
validating
Current best validation errs by now: 0.0005651172222344265
Epoch 271/400, Loss: 0.00000611
Epoch 272/400, Loss: 0.00002802
Epoch 273/400, Loss: 0.00000506
Epoch 274/400, Loss: 0.00002594
Epoch 275/400, Loss: 0.00000684
validating
Current best validation errs by now: 0.0005651172222344265
Epoch 276/400, Loss: 0.00000988
Epoch 277/400, Loss: 0.00001482
Epoch 278/400, Loss: 0.00001489
Epoch 279/400, Loss: 0.00001443
Epoch 280/400, Loss: 0.00001952
validating
Current best validation errs by now: 0.0005651172222344265
Epoch 281/400, Loss: 0.00001159
Epoch 282/400, Loss: 0.00002668
Epoch 283/400, Loss: 0.00014012
Epoch 284/400, Loss: 0.00000828
Epoch 285/400, Loss: 0.00000436
validating
Current best validation errs by now: 0.0005651172222344265
Epoch 286/400, Loss: 0.00000629
Epoch 287/400, Loss: 0.00001924
Epoch 288/400, Loss: 0.00001028
Epoch 289/400, Loss: 0.00001609
Epoch 290/400, Loss: 0.00001209
validating
Current best validation errs by now: 0.0005651172222344265
Epoch 291/400, Loss: 0.00001137
Epoch 292/400, Loss: 0.00001036
Epoch 293/400, Loss: 0.00000946
Epoch 294/400, Loss: 0.00000743
Epoch 295/400, Loss: 0.00000643
validating
Current best validation errs by now: 0.0005651172222344265
Epoch 296/400, Loss: 0.00000879
Epoch 297/400, Loss: 0.00001461
Epoch 298/400, Loss: 0.00001059
Epoch 299/400, Loss: 0.00001392
Epoch 300/400, Loss: 0.00001269
validating
Current best validation errs by now: 0.0005651172222344265
Epoch 301/400, Loss: 0.00000662
Epoch 302/400, Loss: 0.00001845
Epoch 303/400, Loss: 0.00000222
Epoch 304/400, Loss: 0.00001564
Epoch 305/400, Loss: 0.00002229
validating
Current best validation errs by now: 0.0005651172222344265
Epoch 306/400, Loss: 0.00000814
Epoch 307/400, Loss: 0.00000703
Epoch 308/400, Loss: 0.00000232
Epoch 309/400, Loss: 0.00000862
Epoch 310/400, Loss: 0.00000936
validating
Current best validation errs by now: 0.0005651172222344265
Epoch 311/400, Loss: 0.00002054
Epoch 312/400, Loss: 0.00001498
Epoch 313/400, Loss: 0.00000618
Epoch 314/400, Loss: 0.00000789
Epoch 315/400, Loss: 0.00000915
validating
Current best validation errs by now: 0.0005651172222344265
Epoch 316/400, Loss: 0.00001695
Epoch 317/400, Loss: 0.00000593
Epoch 318/400, Loss: 0.00001692
Epoch 319/400, Loss: 0.00006059
Epoch 320/400, Loss: 0.00001800
validating
Current best validation errs by now: 0.0005651172222344265
Epoch 321/400, Loss: 0.00002384
Epoch 322/400, Loss: 0.00000679
Epoch 323/400, Loss: 0.00000752
Epoch 324/400, Loss: 0.00004191
Epoch 325/400, Loss: 0.00000910
validating
Current best validation errs by now: 0.0005319154330326485
Epoch 326/400, Loss: 0.00000888
Epoch 327/400, Loss: 0.00002786
Epoch 328/400, Loss: 0.00000340
Epoch 329/400, Loss: 0.00002283
Epoch 330/400, Loss: 0.00002826
validating
Current best validation errs by now: 0.0005319154330326485
Epoch 331/400, Loss: 0.00001332
Epoch 332/400, Loss: 0.00000454
Epoch 333/400, Loss: 0.00001624
Epoch 334/400, Loss: 0.00002172
Epoch 335/400, Loss: 0.00000748
validating
Current best validation errs by now: 0.0005319154330326485
Epoch 336/400, Loss: 0.00001473
Epoch 337/400, Loss: 0.00000651
Epoch 338/400, Loss: 0.00000318
Epoch 339/400, Loss: 0.00000348
Epoch 340/400, Loss: 0.00000637
validating
Current best validation errs by now: 0.0005319154330326485
Epoch 341/400, Loss: 0.00001332
Epoch 342/400, Loss: 0.00000214
Epoch 343/400, Loss: 0.00001006
Epoch 344/400, Loss: 0.00000375
Epoch 345/400, Loss: 0.00000979
validating
Current best validation errs by now: 0.0005239055852495855
Epoch 346/400, Loss: 0.00001399
Epoch 347/400, Loss: 0.00000932
Epoch 348/400, Loss: 0.00002174
Epoch 349/400, Loss: 0.00001044
Epoch 350/400, Loss: 0.00000912
validating
Current best validation errs by now: 0.0004976326472974653
Epoch 351/400, Loss: 0.00012968
Epoch 352/400, Loss: 0.00018562
Epoch 353/400, Loss: 0.00000854
Epoch 354/400, Loss: 0.00000669
Epoch 355/400, Loss: 0.00000876
validating
Current best validation errs by now: 0.0004976326472974653
Epoch 356/400, Loss: 0.00000577
Epoch 357/400, Loss: 0.00003081
Epoch 358/400, Loss: 0.00000292
Epoch 359/400, Loss: 0.00001193
Epoch 360/400, Loss: 0.00000503
validating
Current best validation errs by now: 0.0004976326472974653
Epoch 361/400, Loss: 0.00001032
Epoch 362/400, Loss: 0.00000159
Epoch 363/400, Loss: 0.00001839
Epoch 364/400, Loss: 0.00001785
Epoch 365/400, Loss: 0.00001272
validating
Current best validation errs by now: 0.0004976326472974653
Epoch 366/400, Loss: 0.00000683
Epoch 367/400, Loss: 0.00000539
Epoch 368/400, Loss: 0.00000591
Epoch 369/400, Loss: 0.00000538
Epoch 370/400, Loss: 0.00000922
validating
Current best validation errs by now: 0.0004976326472974653
Epoch 371/400, Loss: 0.00001827
Epoch 372/400, Loss: 0.00000521
Epoch 373/400, Loss: 0.00004306
Epoch 374/400, Loss: 0.00003145
Epoch 375/400, Loss: 0.00001763
validating
Current best validation errs by now: 0.0004976326472974653
Epoch 376/400, Loss: 0.00001987
Epoch 377/400, Loss: 0.00001114
Epoch 378/400, Loss: 0.00000275
Epoch 379/400, Loss: 0.00000821
Epoch 380/400, Loss: 0.00005100
validating
Current best validation errs by now: 0.0004976326472974653
Epoch 381/400, Loss: 0.00000967
Epoch 382/400, Loss: 0.00003571
Epoch 383/400, Loss: 0.00000910
Epoch 384/400, Loss: 0.00001455
Epoch 385/400, Loss: 0.00004265
validating
Current best validation errs by now: 0.0004976326472974653
Epoch 386/400, Loss: 0.00002395
Epoch 387/400, Loss: 0.00000371
Epoch 388/400, Loss: 0.00000229
Epoch 389/400, Loss: 0.00000741
Epoch 390/400, Loss: 0.00000690
validating
Current best validation errs by now: 0.0004976326472974653
Epoch 391/400, Loss: 0.00001936
Epoch 392/400, Loss: 0.00000936
Epoch 393/400, Loss: 0.00000280
Epoch 394/400, Loss: 0.00001528
Epoch 395/400, Loss: 0.00000887
validating
Current best validation errs by now: 0.0004976326472974653
Epoch 396/400, Loss: 0.00000466
Epoch 397/400, Loss: 0.00000556
Epoch 398/400, Loss: 0.00001408
Epoch 399/400, Loss: 0.00001806
Epoch 400/400, Loss: 0.00000652
total training time: 16673.498786449432 seconds
evalute average performance on 188 samples
average stess relative err: 0.0015612213104217749
