
Currently Loaded Modules:
  1) openmpi/4.1.6

 

job is starting on gpua019.delta.ncsa.illinois.edu
/u/wzhong/miniconda3/bin/python3
# packages in environment at /u/wzhong/miniconda3:
#
# Name                    Version                   Build  Channel
/u/wzhong/miniconda3/lib/python3.12/site-packages/torch_geometric/deprecation.py:26: UserWarning: 'data.DataLoader' is deprecated, use 'loader.DataLoader' instead
  warnings.warn(out)
No Nvidia modulus is detected.
Creating data loaders...
Not finding in path 1
Creating data loaders...
Data loaders created: Train=6000, Val=1000, Test=3000
Loading pretrained model ...
No trained model
model training ...
validating
Current best validation errs by now: 1.687864977300167
Epoch 1/400, Loss: 0.00386743
Epoch 2/400, Loss: 0.00405638
Epoch 3/400, Loss: 0.00623850
Epoch 4/400, Loss: 0.00508067
Epoch 5/400, Loss: 0.00545133
validating
Current best validation errs by now: 0.4068566054776311
Epoch 6/400, Loss: 0.00711935
Epoch 7/400, Loss: 0.02209373
Epoch 8/400, Loss: 0.00448256
Epoch 9/400, Loss: 0.00383737
Epoch 10/400, Loss: 0.00220417
validating
Current best validation errs by now: 0.28703572173416614
Epoch 11/400, Loss: 0.00205099
Epoch 12/400, Loss: 0.00266823
Epoch 13/400, Loss: 0.00150101
Epoch 14/400, Loss: 0.01071107
Epoch 15/400, Loss: 0.00172475
validating
Current best validation errs by now: 0.24957053866237403
Epoch 16/400, Loss: 0.00109880
Epoch 17/400, Loss: 0.00023980
Epoch 18/400, Loss: 0.00292852
Epoch 19/400, Loss: 0.00120463
Epoch 20/400, Loss: 0.00493273
validating
Current best validation errs by now: 0.24957053866237403
Epoch 21/400, Loss: 0.00280647
Epoch 22/400, Loss: 0.00414606
Epoch 23/400, Loss: 0.00348099
Epoch 24/400, Loss: 0.00040210
Epoch 25/400, Loss: 0.00790018
validating
Current best validation errs by now: 0.22039873541146518
Epoch 26/400, Loss: 0.00129860
Epoch 27/400, Loss: 0.00529314
Epoch 28/400, Loss: 0.00278722
Epoch 29/400, Loss: 0.00538464
Epoch 30/400, Loss: 0.00141817
validating
Current best validation errs by now: 0.2139082326479256
Epoch 31/400, Loss: 0.00063727
Epoch 32/400, Loss: 0.00116442
Epoch 33/400, Loss: 0.01037096
Epoch 34/400, Loss: 0.00426221
Epoch 35/400, Loss: 0.00118708
validating
Current best validation errs by now: 0.201712537817657
Epoch 36/400, Loss: 0.00296510
Epoch 37/400, Loss: 0.01191212
Epoch 38/400, Loss: 0.00150716
Epoch 39/400, Loss: 0.00196531
Epoch 40/400, Loss: 0.00192137
validating
Current best validation errs by now: 0.18942974781990052
Epoch 41/400, Loss: 0.00091461
Epoch 42/400, Loss: 0.00119533
Epoch 43/400, Loss: 0.00330583
Epoch 44/400, Loss: 0.00319115
Epoch 45/400, Loss: 0.00087763
validating
Current best validation errs by now: 0.18942974781990052
Epoch 46/400, Loss: 0.00348421
Epoch 47/400, Loss: 0.00078638
Epoch 48/400, Loss: 0.00320637
Epoch 49/400, Loss: 0.00144271
Epoch 50/400, Loss: 0.00089785
validating
Current best validation errs by now: 0.18722261471673846
Epoch 51/400, Loss: 0.00146459
Epoch 52/400, Loss: 0.00099939
Epoch 53/400, Loss: 0.00288546
Epoch 54/400, Loss: 0.00042977
Epoch 55/400, Loss: 0.00259510
validating
Current best validation errs by now: 0.17168335850909353
Epoch 56/400, Loss: 0.00058983
Epoch 57/400, Loss: 0.00033747
Epoch 58/400, Loss: 0.00172838
Epoch 59/400, Loss: 0.00552702
Epoch 60/400, Loss: 0.00110836
validating
Current best validation errs by now: 0.17168335850909353
Epoch 61/400, Loss: 0.00301163
Epoch 62/400, Loss: 0.00089776
Epoch 63/400, Loss: 0.00321232
Epoch 64/400, Loss: 0.00170677
Epoch 65/400, Loss: 0.00180529
validating
Current best validation errs by now: 0.17168335850909353
Epoch 66/400, Loss: 0.00038356
Epoch 67/400, Loss: 0.00038886
Epoch 68/400, Loss: 0.00362787
Epoch 69/400, Loss: 0.00018150
Epoch 70/400, Loss: 0.00014823
validating
Current best validation errs by now: 0.17168335850909353
Epoch 71/400, Loss: 0.00075162
Epoch 72/400, Loss: 0.00151380
Epoch 73/400, Loss: 0.00068191
Epoch 74/400, Loss: 0.00059240
Epoch 75/400, Loss: 0.00186508
validating
Current best validation errs by now: 0.16163894690014421
Epoch 76/400, Loss: 0.00477229
Epoch 77/400, Loss: 0.00031504
Epoch 78/400, Loss: 0.00037720
Epoch 79/400, Loss: 0.00036616
Epoch 80/400, Loss: 0.00189601
validating
Current best validation errs by now: 0.16163894690014421
Epoch 81/400, Loss: 0.00237990
Epoch 82/400, Loss: 0.00019714
Epoch 83/400, Loss: 0.00037312
Epoch 84/400, Loss: 0.00184128
Epoch 85/400, Loss: 0.00076873
validating
Current best validation errs by now: 0.16163894690014421
Epoch 86/400, Loss: 0.00127736
Epoch 87/400, Loss: 0.00089866
Epoch 88/400, Loss: 0.00022790
Epoch 89/400, Loss: 0.00022875
Epoch 90/400, Loss: 0.00180087
validating
Current best validation errs by now: 0.16163894690014421
Epoch 91/400, Loss: 0.00071090
Epoch 92/400, Loss: 0.00046333
Epoch 93/400, Loss: 0.00030874
Epoch 94/400, Loss: 0.00044085
Epoch 95/400, Loss: 0.00217493
validating
Current best validation errs by now: 0.16163894690014421
Epoch 96/400, Loss: 0.00015197
Epoch 97/400, Loss: 0.00014508
Epoch 98/400, Loss: 0.00009860
Epoch 99/400, Loss: 0.00062702
Epoch 100/400, Loss: 0.00213850
validating
Current best validation errs by now: 0.15690984577871858
Epoch 101/400, Loss: 0.00079645
Epoch 102/400, Loss: 0.00091181
Epoch 103/400, Loss: 0.00092723
Epoch 104/400, Loss: 0.00027936
Epoch 105/400, Loss: 0.00021929
validating
Current best validation errs by now: 0.15690984577871858
Epoch 106/400, Loss: 0.00059506
Epoch 107/400, Loss: 0.00137380
Epoch 108/400, Loss: 0.00065884
Epoch 109/400, Loss: 0.00050008
Epoch 110/400, Loss: 0.00039950
validating
Current best validation errs by now: 0.15690984577871858
Epoch 111/400, Loss: 0.00054547
Epoch 112/400, Loss: 0.00141825
Epoch 113/400, Loss: 0.00024136
Epoch 114/400, Loss: 0.00229007
Epoch 115/400, Loss: 0.00545145
validating
Current best validation errs by now: 0.15690984577871858
Epoch 116/400, Loss: 0.00112823
Epoch 117/400, Loss: 0.00095599
Epoch 118/400, Loss: 0.00226852
Epoch 119/400, Loss: 0.00301964
Epoch 120/400, Loss: 0.00111057
validating
Current best validation errs by now: 0.15128676780685782
Epoch 121/400, Loss: 0.00071149
Epoch 122/400, Loss: 0.00368166
Epoch 123/400, Loss: 0.00084769
Epoch 124/400, Loss: 0.00099081
Epoch 125/400, Loss: 0.00100147
validating
Current best validation errs by now: 0.15128676780685782
Epoch 126/400, Loss: 0.00034350
Epoch 127/400, Loss: 0.00067960
Epoch 128/400, Loss: 0.00141705
Epoch 129/400, Loss: 0.00227726
Epoch 130/400, Loss: 0.00142649
validating
Current best validation errs by now: 0.15128676780685782
Epoch 131/400, Loss: 0.00073571
Epoch 132/400, Loss: 0.00083784
Epoch 133/400, Loss: 0.00026615
Epoch 134/400, Loss: 0.00115226
Epoch 135/400, Loss: 0.00033761
validating
Current best validation errs by now: 0.1509009751677513
Epoch 136/400, Loss: 0.00047714
Epoch 137/400, Loss: 0.00094659
Epoch 138/400, Loss: 0.00031170
Epoch 139/400, Loss: 0.00349739
Epoch 140/400, Loss: 0.00024558
validating
Current best validation errs by now: 0.1509009751677513
Epoch 141/400, Loss: 0.00107181
Epoch 142/400, Loss: 0.00354106
Epoch 143/400, Loss: 0.00062093
Epoch 144/400, Loss: 0.00043766
Epoch 145/400, Loss: 0.00028937
validating
Current best validation errs by now: 0.1509009751677513
Epoch 146/400, Loss: 0.00013724
Epoch 147/400, Loss: 0.00306180
Epoch 148/400, Loss: 0.00098696
Epoch 149/400, Loss: 0.00107666
Epoch 150/400, Loss: 0.00076200
validating
Current best validation errs by now: 0.1509009751677513
Epoch 151/400, Loss: 0.00028599
Epoch 152/400, Loss: 0.00036258
Epoch 153/400, Loss: 0.00227790
Epoch 154/400, Loss: 0.00120032
Epoch 155/400, Loss: 0.00162811
validating
Current best validation errs by now: 0.1509009751677513
Epoch 156/400, Loss: 0.00045522
Epoch 157/400, Loss: 0.00461862
Epoch 158/400, Loss: 0.00089207
Epoch 159/400, Loss: 0.00038299
Epoch 160/400, Loss: 0.00411204
validating
Current best validation errs by now: 0.1509009751677513
Epoch 161/400, Loss: 0.00127098
Epoch 162/400, Loss: 0.00140275
Epoch 163/400, Loss: 0.00037643
Epoch 164/400, Loss: 0.00163194
Epoch 165/400, Loss: 0.00133607
validating
Current best validation errs by now: 0.149281821237877
Epoch 166/400, Loss: 0.00037297
Epoch 167/400, Loss: 0.00039204
Epoch 168/400, Loss: 0.00026512
Epoch 169/400, Loss: 0.00191659
Epoch 170/400, Loss: 0.00212751
validating
Current best validation errs by now: 0.149281821237877
Epoch 171/400, Loss: 0.00094713
Epoch 172/400, Loss: 0.00170282
Epoch 173/400, Loss: 0.00069545
Epoch 174/400, Loss: 0.00042967
Epoch 175/400, Loss: 0.00045440
validating
Current best validation errs by now: 0.14920346851088107
Epoch 176/400, Loss: 0.00227784
Epoch 177/400, Loss: 0.00100093
Epoch 178/400, Loss: 0.00035568
Epoch 179/400, Loss: 0.00112440
Epoch 180/400, Loss: 0.00097896
validating
Current best validation errs by now: 0.1458120083902031
Epoch 181/400, Loss: 0.00203472
Epoch 182/400, Loss: 0.00098422
Epoch 183/400, Loss: 0.00126396
Epoch 184/400, Loss: 0.00102258
Epoch 185/400, Loss: 0.00118407
validating
Current best validation errs by now: 0.14395198796875774
Epoch 186/400, Loss: 0.00055753
Epoch 187/400, Loss: 0.00032284
Epoch 188/400, Loss: 0.00047633
Epoch 189/400, Loss: 0.00093364
Epoch 190/400, Loss: 0.00425667
validating
Current best validation errs by now: 0.14395198796875774
Epoch 191/400, Loss: 0.00016290
Epoch 192/400, Loss: 0.00047941
Epoch 193/400, Loss: 0.00005660
Epoch 194/400, Loss: 0.00347524
Epoch 195/400, Loss: 0.00112540
validating
Current best validation errs by now: 0.14395198796875774
Epoch 196/400, Loss: 0.00083115
Epoch 197/400, Loss: 0.00022096
Epoch 198/400, Loss: 0.00091133
Epoch 199/400, Loss: 0.00076956
Epoch 200/400, Loss: 0.00329669
validating
Current best validation errs by now: 0.14395198796875774
Epoch 201/400, Loss: 0.00101712
Epoch 202/400, Loss: 0.00254028
Epoch 203/400, Loss: 0.00026709
Epoch 204/400, Loss: 0.00014867
Epoch 205/400, Loss: 0.00049240
validating
Current best validation errs by now: 0.14395198796875774
Epoch 206/400, Loss: 0.00030869
Epoch 207/400, Loss: 0.00045762
Epoch 208/400, Loss: 0.00017989
Epoch 209/400, Loss: 0.00116150
Epoch 210/400, Loss: 0.00018120
validating
Current best validation errs by now: 0.14395198796875774
Epoch 211/400, Loss: 0.00023938
Epoch 212/400, Loss: 0.00349340
Epoch 213/400, Loss: 0.00320829
Epoch 214/400, Loss: 0.00044095
Epoch 215/400, Loss: 0.00143114
validating
Current best validation errs by now: 0.14395198796875774
Epoch 216/400, Loss: 0.00057245
Epoch 217/400, Loss: 0.00043221
Epoch 218/400, Loss: 0.00084264
Epoch 219/400, Loss: 0.00033606
Epoch 220/400, Loss: 0.00075645
validating
Current best validation errs by now: 0.1435291588101536
Epoch 221/400, Loss: 0.00052221
Epoch 222/400, Loss: 0.00064341
Epoch 223/400, Loss: 0.00074274
Epoch 224/400, Loss: 0.00227845
Epoch 225/400, Loss: 0.00100122
validating
Current best validation errs by now: 0.1435291588101536
Epoch 226/400, Loss: 0.00074372
Epoch 227/400, Loss: 0.00106410
Epoch 228/400, Loss: 0.00261681
Epoch 229/400, Loss: 0.00047361
Epoch 230/400, Loss: 0.00010705
validating
Current best validation errs by now: 0.1435291588101536
Epoch 231/400, Loss: 0.00123875
Epoch 232/400, Loss: 0.00052635
Epoch 233/400, Loss: 0.00945254
Epoch 234/400, Loss: 0.00039999
Epoch 235/400, Loss: 0.00101235
validating
Current best validation errs by now: 0.1435291588101536
Epoch 236/400, Loss: 0.00038454
Epoch 237/400, Loss: 0.00064603
Epoch 238/400, Loss: 0.00017707
Epoch 239/400, Loss: 0.00025340
Epoch 240/400, Loss: 0.00040820
validating
Current best validation errs by now: 0.14296116728894412
Epoch 241/400, Loss: 0.00232613
Epoch 242/400, Loss: 0.00038394
Epoch 243/400, Loss: 0.00171438
Epoch 244/400, Loss: 0.00081015
Epoch 245/400, Loss: 0.00028663
validating
Current best validation errs by now: 0.14296116728894412
Epoch 246/400, Loss: 0.00220300
Epoch 247/400, Loss: 0.00102252
Epoch 248/400, Loss: 0.00029355
Epoch 249/400, Loss: 0.00039922
Epoch 250/400, Loss: 0.00016663
validating
Current best validation errs by now: 0.14296116728894412
Epoch 251/400, Loss: 0.00019348
Epoch 252/400, Loss: 0.00050373
Epoch 253/400, Loss: 0.00042224
Epoch 254/400, Loss: 0.00041677
Epoch 255/400, Loss: 0.00032311
validating
Current best validation errs by now: 0.14296116728894412
Epoch 256/400, Loss: 0.00124757
Epoch 257/400, Loss: 0.00021620
Epoch 258/400, Loss: 0.00021681
Epoch 259/400, Loss: 0.00039291
Epoch 260/400, Loss: 0.00076248
validating
Current best validation errs by now: 0.14296116728894412
Epoch 261/400, Loss: 0.00028507
Epoch 262/400, Loss: 0.00065027
Epoch 263/400, Loss: 0.00117026
Epoch 264/400, Loss: 0.00188220
Epoch 265/400, Loss: 0.00030698
validating
Current best validation errs by now: 0.14296116728894412
Epoch 266/400, Loss: 0.00059888
Epoch 267/400, Loss: 0.00034780
Epoch 268/400, Loss: 0.00032516
Epoch 269/400, Loss: 0.00111988
Epoch 270/400, Loss: 0.00040934
validating
Current best validation errs by now: 0.14296116728894412
Epoch 271/400, Loss: 0.00004696
Epoch 272/400, Loss: 0.00014732
Epoch 273/400, Loss: 0.00018654
Epoch 274/400, Loss: 0.00056627
Epoch 275/400, Loss: 0.00175869
validating
Current best validation errs by now: 0.14296116728894412
Epoch 276/400, Loss: 0.00047286
Epoch 277/400, Loss: 0.00060653
Epoch 278/400, Loss: 0.00078752
Epoch 279/400, Loss: 0.00179292
Epoch 280/400, Loss: 0.00119980
validating
Current best validation errs by now: 0.14296116728894412
Epoch 281/400, Loss: 0.00172472
Epoch 282/400, Loss: 0.00039633
Epoch 283/400, Loss: 0.00020026
Epoch 284/400, Loss: 0.00019177
Epoch 285/400, Loss: 0.00105586
validating
Current best validation errs by now: 0.14296116728894412
Epoch 286/400, Loss: 0.00044011
Epoch 287/400, Loss: 0.00048198
Epoch 288/400, Loss: 0.00031532
Epoch 289/400, Loss: 0.00035578
Epoch 290/400, Loss: 0.00090723
validating
Current best validation errs by now: 0.14275287324935199
Epoch 291/400, Loss: 0.00035062
Epoch 292/400, Loss: 0.00052252
Epoch 293/400, Loss: 0.00009120
Epoch 294/400, Loss: 0.00039641
Epoch 295/400, Loss: 0.00036298
validating
Current best validation errs by now: 0.14275287324935199
Epoch 296/400, Loss: 0.00050470
Epoch 297/400, Loss: 0.00022627
Epoch 298/400, Loss: 0.00200490
Epoch 299/400, Loss: 0.00020898
Epoch 300/400, Loss: 0.00067799
validating
Current best validation errs by now: 0.13927853552997113
Epoch 301/400, Loss: 0.00061545
Epoch 302/400, Loss: 0.00013891
Epoch 303/400, Loss: 0.00050988
Epoch 304/400, Loss: 0.00049375
Epoch 305/400, Loss: 0.00492137
validating
Current best validation errs by now: 0.13927853552997113
Epoch 306/400, Loss: 0.00015319
Epoch 307/400, Loss: 0.00028724
Epoch 308/400, Loss: 0.00152110
Epoch 309/400, Loss: 0.00012254
Epoch 310/400, Loss: 0.00083142
validating
Current best validation errs by now: 0.13927853552997113
Epoch 311/400, Loss: 0.00043104
Epoch 312/400, Loss: 0.00166935
Epoch 313/400, Loss: 0.00054334
Epoch 314/400, Loss: 0.00105452
Epoch 315/400, Loss: 0.00210908
validating
Current best validation errs by now: 0.13927853552997113
Epoch 316/400, Loss: 0.00028453
Epoch 317/400, Loss: 0.00014775
Epoch 318/400, Loss: 0.00037833
Epoch 319/400, Loss: 0.00039765
Epoch 320/400, Loss: 0.00037015
validating
Current best validation errs by now: 0.13927853552997113
Epoch 321/400, Loss: 0.00010040
Epoch 322/400, Loss: 0.00115077
Epoch 323/400, Loss: 0.00023817
Epoch 324/400, Loss: 0.00205181
Epoch 325/400, Loss: 0.00018090
validating
Current best validation errs by now: 0.13927853552997113
Epoch 326/400, Loss: 0.00067773
Epoch 327/400, Loss: 0.00041932
Epoch 328/400, Loss: 0.00088618
Epoch 329/400, Loss: 0.00143533
Epoch 330/400, Loss: 0.00017798
validating
Current best validation errs by now: 0.13927853552997113
Epoch 331/400, Loss: 0.00098415
Epoch 332/400, Loss: 0.00025699
Epoch 333/400, Loss: 0.00034838
Epoch 334/400, Loss: 0.00087362
Epoch 335/400, Loss: 0.00058795
validating
Current best validation errs by now: 0.13927853552997113
Epoch 336/400, Loss: 0.00039062
Epoch 337/400, Loss: 0.00251474
Epoch 338/400, Loss: 0.00106742
Epoch 339/400, Loss: 0.00074682
Epoch 340/400, Loss: 0.00017004
validating
Current best validation errs by now: 0.13927853552997113
Epoch 341/400, Loss: 0.00065949
Epoch 342/400, Loss: 0.00006072
Epoch 343/400, Loss: 0.00010744
Epoch 344/400, Loss: 0.00028589
Epoch 345/400, Loss: 0.00193201
validating
Current best validation errs by now: 0.13927853552997113
Epoch 346/400, Loss: 0.00129842
Epoch 347/400, Loss: 0.00126262
Epoch 348/400, Loss: 0.00029245
Epoch 349/400, Loss: 0.00043888
Epoch 350/400, Loss: 0.00129471
validating
Current best validation errs by now: 0.13927853552997113
Epoch 351/400, Loss: 0.00019751
Epoch 352/400, Loss: 0.00014566
Epoch 353/400, Loss: 0.00092876
Epoch 354/400, Loss: 0.00010430
Epoch 355/400, Loss: 0.00110406
validating
Current best validation errs by now: 0.13927853552997113
Epoch 356/400, Loss: 0.00019132
Epoch 357/400, Loss: 0.00158732
Epoch 358/400, Loss: 0.00037675
Epoch 359/400, Loss: 0.00065246
Epoch 360/400, Loss: 0.00024540
validating
Current best validation errs by now: 0.13927853552997113
Epoch 361/400, Loss: 0.00148376
Epoch 362/400, Loss: 0.00024432
Epoch 363/400, Loss: 0.00032847
Epoch 364/400, Loss: 0.00254368
Epoch 365/400, Loss: 0.00147403
validating
Current best validation errs by now: 0.13927853552997113
Epoch 366/400, Loss: 0.00029613
Epoch 367/400, Loss: 0.00104670
Epoch 368/400, Loss: 0.00021819
Epoch 369/400, Loss: 0.00097865
Epoch 370/400, Loss: 0.00034141
validating
Current best validation errs by now: 0.13927853552997113
Epoch 371/400, Loss: 0.00118899
Epoch 372/400, Loss: 0.00011687
Epoch 373/400, Loss: 0.00067585
Epoch 374/400, Loss: 0.00046178
Epoch 375/400, Loss: 0.00045947
validating
Current best validation errs by now: 0.13927853552997113
Epoch 376/400, Loss: 0.00025492
Epoch 377/400, Loss: 0.00039788
Epoch 378/400, Loss: 0.00035454
Epoch 379/400, Loss: 0.00064919
Epoch 380/400, Loss: 0.00094106
validating
Current best validation errs by now: 0.13927853552997113
Epoch 381/400, Loss: 0.00099741
Epoch 382/400, Loss: 0.00007881
Epoch 383/400, Loss: 0.00022031
Epoch 384/400, Loss: 0.00050936
Epoch 385/400, Loss: 0.00302431
validating
Current best validation errs by now: 0.13927853552997113
Epoch 386/400, Loss: 0.00107731
Epoch 387/400, Loss: 0.00065815
Epoch 388/400, Loss: 0.00064032
Epoch 389/400, Loss: 0.00046935
Epoch 390/400, Loss: 0.00018559
validating
Current best validation errs by now: 0.13927853552997113
Epoch 391/400, Loss: 0.00047190
Epoch 392/400, Loss: 0.00027469
Epoch 393/400, Loss: 0.00083554
Epoch 394/400, Loss: 0.00051487
Epoch 395/400, Loss: 0.00076973
validating
Current best validation errs by now: 0.13927853552997113
Epoch 396/400, Loss: 0.00029486
Epoch 397/400, Loss: 0.00097091
Epoch 398/400, Loss: 0.00022954
Epoch 399/400, Loss: 0.00061322
Epoch 400/400, Loss: 0.00171085
total training time: 30132.88410806656 seconds
evalute average performance on 3000 samples
average stess relative err: 0.14892007006891073
