
Currently Loaded Modules:
  1) openmpi/4.1.6

 

job is starting on gpua062.delta.ncsa.illinois.edu
/u/wzhong/miniconda3/bin/python3
# packages in environment at /u/wzhong/miniconda3:
#
# Name                    Version                   Build  Channel
/u/wzhong/miniconda3/lib/python3.12/site-packages/torch_geometric/deprecation.py:26: UserWarning: 'data.DataLoader' is deprecated, use 'loader.DataLoader' instead
  warnings.warn(out)
No Nvidia modulus is detected.
Creating data loaders...
Data loaders created: Train=375, Val=62, Test=188
Creating data loaders...
Not finding in path 2
Loading pretrained model ...
model training ...
validating
Current best validation errs by now: 0.05095047347487942
Epoch 1/400, Loss: 0.00213041
Epoch 2/400, Loss: 0.00060316
Epoch 3/400, Loss: 0.00167409
Epoch 4/400, Loss: 0.00027752
Epoch 5/400, Loss: 0.00021803
validating
Current best validation errs by now: 0.004623607221630311
Epoch 6/400, Loss: 0.00041090
Epoch 7/400, Loss: 0.00015564
Epoch 8/400, Loss: 0.00014959
Epoch 9/400, Loss: 0.00009112
Epoch 10/400, Loss: 0.00028978
validating
Current best validation errs by now: 0.0029081205401809947
Epoch 11/400, Loss: 0.00013444
Epoch 12/400, Loss: 0.00007523
Epoch 13/400, Loss: 0.00008048
Epoch 14/400, Loss: 0.00006552
Epoch 15/400, Loss: 0.00033915
validating
Current best validation errs by now: 0.0025360498243131705
Epoch 16/400, Loss: 0.00052572
Epoch 17/400, Loss: 0.00027612
Epoch 18/400, Loss: 0.00004946
Epoch 19/400, Loss: 0.00031035
Epoch 20/400, Loss: 0.00017212
validating
Current best validation errs by now: 0.0017809519626861138
Epoch 21/400, Loss: 0.00008211
Epoch 22/400, Loss: 0.00004939
Epoch 23/400, Loss: 0.00010318
Epoch 24/400, Loss: 0.00013997
Epoch 25/400, Loss: 0.00003604
validating
Current best validation errs by now: 0.0015258731934497314
Epoch 26/400, Loss: 0.00004966
Epoch 27/400, Loss: 0.00043903
Epoch 28/400, Loss: 0.00005340
Epoch 29/400, Loss: 0.00010633
Epoch 30/400, Loss: 0.00009819
validating
Current best validation errs by now: 0.0013872654770591085
Epoch 31/400, Loss: 0.00002282
Epoch 32/400, Loss: 0.00005554
Epoch 33/400, Loss: 0.00003173
Epoch 34/400, Loss: 0.00004751
Epoch 35/400, Loss: 0.00002901
validating
Current best validation errs by now: 0.0009772144624167272
Epoch 36/400, Loss: 0.00002770
Epoch 37/400, Loss: 0.00006923
Epoch 38/400, Loss: 0.00003899
Epoch 39/400, Loss: 0.00001011
Epoch 40/400, Loss: 0.00004911
validating
Current best validation errs by now: 0.0009772144624167272
Epoch 41/400, Loss: 0.00009228
Epoch 42/400, Loss: 0.00002014
Epoch 43/400, Loss: 0.00006169
Epoch 44/400, Loss: 0.00002090
Epoch 45/400, Loss: 0.00004489
validating
Current best validation errs by now: 0.0009455006361202968
Epoch 46/400, Loss: 0.00001901
Epoch 47/400, Loss: 0.00001474
Epoch 48/400, Loss: 0.00008064
Epoch 49/400, Loss: 0.00002167
Epoch 50/400, Loss: 0.00001418
validating
Current best validation errs by now: 0.0008734405001309971
Epoch 51/400, Loss: 0.00001201
Epoch 52/400, Loss: 0.00005884
Epoch 53/400, Loss: 0.00001763
Epoch 54/400, Loss: 0.00004424
Epoch 55/400, Loss: 0.00006041
validating
Current best validation errs by now: 0.0008440766457257973
Epoch 56/400, Loss: 0.00002029
Epoch 57/400, Loss: 0.00003769
Epoch 58/400, Loss: 0.00000763
Epoch 59/400, Loss: 0.00003319
Epoch 60/400, Loss: 0.00001867
validating
Current best validation errs by now: 0.0007145214373350984
Epoch 61/400, Loss: 0.00004302
Epoch 62/400, Loss: 0.00001591
Epoch 63/400, Loss: 0.00003593
Epoch 64/400, Loss: 0.00000945
Epoch 65/400, Loss: 0.00009868
validating
Current best validation errs by now: 0.0007145214373350984
Epoch 66/400, Loss: 0.00000822
Epoch 67/400, Loss: 0.00003589
Epoch 68/400, Loss: 0.00000881
Epoch 69/400, Loss: 0.00001346
Epoch 70/400, Loss: 0.00002707
validating
Current best validation errs by now: 0.0007145214373350984
Epoch 71/400, Loss: 0.00002159
Epoch 72/400, Loss: 0.00001202
Epoch 73/400, Loss: 0.00002803
Epoch 74/400, Loss: 0.00008160
Epoch 75/400, Loss: 0.00001908
validating
Current best validation errs by now: 0.0007145214373350984
Epoch 76/400, Loss: 0.00006147
Epoch 77/400, Loss: 0.00001443
Epoch 78/400, Loss: 0.00003513
Epoch 79/400, Loss: 0.00002868
Epoch 80/400, Loss: 0.00003680
validating
Current best validation errs by now: 0.0007145214373350984
Epoch 81/400, Loss: 0.00006028
Epoch 82/400, Loss: 0.00002381
Epoch 83/400, Loss: 0.00000832
Epoch 84/400, Loss: 0.00001721
Epoch 85/400, Loss: 0.00001905
validating
Current best validation errs by now: 0.0006450958030801567
Epoch 86/400, Loss: 0.00000842
Epoch 87/400, Loss: 0.00001645
Epoch 88/400, Loss: 0.00002770
Epoch 89/400, Loss: 0.00001506
Epoch 90/400, Loss: 0.00002876
validating
Current best validation errs by now: 0.0006450958030801567
Epoch 91/400, Loss: 0.00003919
Epoch 92/400, Loss: 0.00002642
Epoch 93/400, Loss: 0.00003242
Epoch 94/400, Loss: 0.00001976
Epoch 95/400, Loss: 0.00003860
validating
Current best validation errs by now: 0.0006450958030801567
Epoch 96/400, Loss: 0.00002422
Epoch 97/400, Loss: 0.00000719
Epoch 98/400, Loss: 0.00020849
Epoch 99/400, Loss: 0.00000549
Epoch 100/400, Loss: 0.00002264
validating
Current best validation errs by now: 0.0006450958030801567
Epoch 101/400, Loss: 0.00004236
Epoch 102/400, Loss: 0.00016443
Epoch 103/400, Loss: 0.00003886
Epoch 104/400, Loss: 0.00000812
Epoch 105/400, Loss: 0.00000672
validating
Current best validation errs by now: 0.0006450958030801567
Epoch 106/400, Loss: 0.00004708
Epoch 107/400, Loss: 0.00001855
Epoch 108/400, Loss: 0.00003354
Epoch 109/400, Loss: 0.00001252
Epoch 110/400, Loss: 0.00001867
validating
Current best validation errs by now: 0.0006450958030801567
Epoch 111/400, Loss: 0.00001184
Epoch 112/400, Loss: 0.00000938
Epoch 113/400, Loss: 0.00001139
Epoch 114/400, Loss: 0.00000823
Epoch 115/400, Loss: 0.00000736
validating
Current best validation errs by now: 0.0006136320828978393
Epoch 116/400, Loss: 0.00002521
Epoch 117/400, Loss: 0.00002256
Epoch 118/400, Loss: 0.00000697
Epoch 119/400, Loss: 0.00000798
Epoch 120/400, Loss: 0.00000826
validating
Current best validation errs by now: 0.0006136320828978393
Epoch 121/400, Loss: 0.00001119
Epoch 122/400, Loss: 0.00002712
Epoch 123/400, Loss: 0.00001007
Epoch 124/400, Loss: 0.00000494
Epoch 125/400, Loss: 0.00003115
validating
Current best validation errs by now: 0.0006136320828978393
Epoch 126/400, Loss: 0.00002585
Epoch 127/400, Loss: 0.00000630
Epoch 128/400, Loss: 0.00000773
Epoch 129/400, Loss: 0.00001069
Epoch 130/400, Loss: 0.00003132
validating
Current best validation errs by now: 0.0005844878225264349
Epoch 131/400, Loss: 0.00001569
Epoch 132/400, Loss: 0.00000686
Epoch 133/400, Loss: 0.00000306
Epoch 134/400, Loss: 0.00000672
Epoch 135/400, Loss: 0.00000537
validating
Current best validation errs by now: 0.0005349020516845367
Epoch 136/400, Loss: 0.00001088
Epoch 137/400, Loss: 0.00000846
Epoch 138/400, Loss: 0.00002800
Epoch 139/400, Loss: 0.00001937
Epoch 140/400, Loss: 0.00002609
validating
Current best validation errs by now: 0.0005349020516845367
Epoch 141/400, Loss: 0.00001730
Epoch 142/400, Loss: 0.00000741
Epoch 143/400, Loss: 0.00000647
Epoch 144/400, Loss: 0.00001647
Epoch 145/400, Loss: 0.00000412
validating
Current best validation errs by now: 0.0005349020516845367
Epoch 146/400, Loss: 0.00002879
Epoch 147/400, Loss: 0.00000705
Epoch 148/400, Loss: 0.00002078
Epoch 149/400, Loss: 0.00004983
Epoch 150/400, Loss: 0.00000544
validating
Current best validation errs by now: 0.0005349020516845367
Epoch 151/400, Loss: 0.00001270
Epoch 152/400, Loss: 0.00000451
Epoch 153/400, Loss: 0.00000373
Epoch 154/400, Loss: 0.00001242
Epoch 155/400, Loss: 0.00002307
validating
Current best validation errs by now: 0.0005349020516845367
Epoch 156/400, Loss: 0.00000342
Epoch 157/400, Loss: 0.00000455
Epoch 158/400, Loss: 0.00000687
Epoch 159/400, Loss: 0.00003954
Epoch 160/400, Loss: 0.00000467
validating
Current best validation errs by now: 0.0005349020516845367
Epoch 161/400, Loss: 0.00000737
Epoch 162/400, Loss: 0.00010557
Epoch 163/400, Loss: 0.00000516
Epoch 164/400, Loss: 0.00000292
Epoch 165/400, Loss: 0.00000499
validating
Current best validation errs by now: 0.0005349020516845367
Epoch 166/400, Loss: 0.00001168
Epoch 167/400, Loss: 0.00003687
Epoch 168/400, Loss: 0.00001369
Epoch 169/400, Loss: 0.00000396
Epoch 170/400, Loss: 0.00001134
validating
Current best validation errs by now: 0.0005349020516845367
Epoch 171/400, Loss: 0.00000797
Epoch 172/400, Loss: 0.00001942
Epoch 173/400, Loss: 0.00004542
Epoch 174/400, Loss: 0.00002111
Epoch 175/400, Loss: 0.00000740
validating
Current best validation errs by now: 0.0005349020516845367
Epoch 176/400, Loss: 0.00001654
Epoch 177/400, Loss: 0.00001868
Epoch 178/400, Loss: 0.00000692
Epoch 179/400, Loss: 0.00000523
Epoch 180/400, Loss: 0.00001947
validating
Current best validation errs by now: 0.0005317277260004512
Epoch 181/400, Loss: 0.00000583
Epoch 182/400, Loss: 0.00002550
Epoch 183/400, Loss: 0.00000529
Epoch 184/400, Loss: 0.00000959
Epoch 185/400, Loss: 0.00001507
validating
Current best validation errs by now: 0.0005317277260004512
Epoch 186/400, Loss: 0.00002127
Epoch 187/400, Loss: 0.00000573
Epoch 188/400, Loss: 0.00000217
Epoch 189/400, Loss: 0.00005177
Epoch 190/400, Loss: 0.00000488
validating
Current best validation errs by now: 0.00052144754097812
Epoch 191/400, Loss: 0.00001402
Epoch 192/400, Loss: 0.00000702
Epoch 193/400, Loss: 0.00001713
Epoch 194/400, Loss: 0.00001470
Epoch 195/400, Loss: 0.00001227
validating
Current best validation errs by now: 0.0004970637612953601
Epoch 196/400, Loss: 0.00002609
Epoch 197/400, Loss: 0.00001686
Epoch 198/400, Loss: 0.00001400
Epoch 199/400, Loss: 0.00002494
Epoch 200/400, Loss: 0.00001071
validating
Current best validation errs by now: 0.0004970637612953601
Epoch 201/400, Loss: 0.00001719
Epoch 202/400, Loss: 0.00000535
Epoch 203/400, Loss: 0.00003100
Epoch 204/400, Loss: 0.00000936
Epoch 205/400, Loss: 0.00000497
validating
Current best validation errs by now: 0.0004970637612953601
Epoch 206/400, Loss: 0.00001267
Epoch 207/400, Loss: 0.00000247
Epoch 208/400, Loss: 0.00001711
Epoch 209/400, Loss: 0.00015972
Epoch 210/400, Loss: 0.00000683
validating
Current best validation errs by now: 0.0004970637612953601
Epoch 211/400, Loss: 0.00000850
Epoch 212/400, Loss: 0.00001944
Epoch 213/400, Loss: 0.00003917
Epoch 214/400, Loss: 0.00000179
Epoch 215/400, Loss: 0.00001187
validating
Current best validation errs by now: 0.0004544396689462085
Epoch 216/400, Loss: 0.00004169
Epoch 217/400, Loss: 0.00000501
Epoch 218/400, Loss: 0.00000656
Epoch 219/400, Loss: 0.00001229
Epoch 220/400, Loss: 0.00001607
validating
Current best validation errs by now: 0.0004544396689462085
Epoch 221/400, Loss: 0.00000958
Epoch 222/400, Loss: 0.00001556
Epoch 223/400, Loss: 0.00001207
Epoch 224/400, Loss: 0.00005576
Epoch 225/400, Loss: 0.00000584
validating
Current best validation errs by now: 0.0004544396689462085
Epoch 226/400, Loss: 0.00002514
Epoch 227/400, Loss: 0.00003149
Epoch 228/400, Loss: 0.00003463
Epoch 229/400, Loss: 0.00001279
Epoch 230/400, Loss: 0.00001872
validating
Current best validation errs by now: 0.0004544396689462085
Epoch 231/400, Loss: 0.00000628
Epoch 232/400, Loss: 0.00000300
Epoch 233/400, Loss: 0.00000694
Epoch 234/400, Loss: 0.00000572
Epoch 235/400, Loss: 0.00000935
validating
Current best validation errs by now: 0.0004544396689462085
Epoch 236/400, Loss: 0.00000860
Epoch 237/400, Loss: 0.00004551
Epoch 238/400, Loss: 0.00000187
Epoch 239/400, Loss: 0.00001009
Epoch 240/400, Loss: 0.00000546
validating
Current best validation errs by now: 0.0004544396689462085
Epoch 241/400, Loss: 0.00001261
Epoch 242/400, Loss: 0.00000710
Epoch 243/400, Loss: 0.00000526
Epoch 244/400, Loss: 0.00000805
Epoch 245/400, Loss: 0.00001005
validating
Current best validation errs by now: 0.0004544396689462085
Epoch 246/400, Loss: 0.00001695
Epoch 247/400, Loss: 0.00001148
Epoch 248/400, Loss: 0.00003628
Epoch 249/400, Loss: 0.00001292
Epoch 250/400, Loss: 0.00000682
validating
Current best validation errs by now: 0.0004544396689462085
Epoch 251/400, Loss: 0.00000228
Epoch 252/400, Loss: 0.00001500
Epoch 253/400, Loss: 0.00001424
Epoch 254/400, Loss: 0.00000619
Epoch 255/400, Loss: 0.00001412
validating
Current best validation errs by now: 0.0004544396689462085
Epoch 256/400, Loss: 0.00000327
Epoch 257/400, Loss: 0.00000520
Epoch 258/400, Loss: 0.00001361
Epoch 259/400, Loss: 0.00000561
Epoch 260/400, Loss: 0.00000791
validating
Current best validation errs by now: 0.00044379484109325154
Epoch 261/400, Loss: 0.00001140
Epoch 262/400, Loss: 0.00004420
Epoch 263/400, Loss: 0.00003445
Epoch 264/400, Loss: 0.00001120
Epoch 265/400, Loss: 0.00000392
validating
Current best validation errs by now: 0.00044379484109325154
Epoch 266/400, Loss: 0.00001262
Epoch 267/400, Loss: 0.00000874
Epoch 268/400, Loss: 0.00000710
Epoch 269/400, Loss: 0.00001843
Epoch 270/400, Loss: 0.00000553
validating
Current best validation errs by now: 0.00044379484109325154
Epoch 271/400, Loss: 0.00000483
Epoch 272/400, Loss: 0.00000663
Epoch 273/400, Loss: 0.00000347
Epoch 274/400, Loss: 0.00001603
Epoch 275/400, Loss: 0.00000373
validating
Current best validation errs by now: 0.00044379484109325154
Epoch 276/400, Loss: 0.00004138
Epoch 277/400, Loss: 0.00000428
Epoch 278/400, Loss: 0.00000566
Epoch 279/400, Loss: 0.00000471
Epoch 280/400, Loss: 0.00003905
validating
Current best validation errs by now: 0.00042932870518040634
Epoch 281/400, Loss: 0.00002011
Epoch 282/400, Loss: 0.00000275
Epoch 283/400, Loss: 0.00000659
Epoch 284/400, Loss: 0.00000490
Epoch 285/400, Loss: 0.00000654
validating
Current best validation errs by now: 0.00042932870518040634
Epoch 286/400, Loss: 0.00001203
Epoch 287/400, Loss: 0.00000564
Epoch 288/400, Loss: 0.00002144
Epoch 289/400, Loss: 0.00001242
Epoch 290/400, Loss: 0.00000561
validating
Current best validation errs by now: 0.00042932870518040634
Epoch 291/400, Loss: 0.00000764
Epoch 292/400, Loss: 0.00001080
Epoch 293/400, Loss: 0.00000568
Epoch 294/400, Loss: 0.00001232
Epoch 295/400, Loss: 0.00000465
validating
Current best validation errs by now: 0.00042932870518040634
Epoch 296/400, Loss: 0.00000882
Epoch 297/400, Loss: 0.00000516
Epoch 298/400, Loss: 0.00001756
Epoch 299/400, Loss: 0.00000539
Epoch 300/400, Loss: 0.00001236
validating
Current best validation errs by now: 0.00042932870518040634
Epoch 301/400, Loss: 0.00000831
Epoch 302/400, Loss: 0.00000326
Epoch 303/400, Loss: 0.00000738
Epoch 304/400, Loss: 0.00000807
Epoch 305/400, Loss: 0.00001104
validating
Current best validation errs by now: 0.00042932870518040634
Epoch 306/400, Loss: 0.00000833
Epoch 307/400, Loss: 0.00010569
Epoch 308/400, Loss: 0.00000976
Epoch 309/400, Loss: 0.00000420
Epoch 310/400, Loss: 0.00000834
validating
Current best validation errs by now: 0.00042932870518040634
Epoch 311/400, Loss: 0.00000802
Epoch 312/400, Loss: 0.00001925
Epoch 313/400, Loss: 0.00003748
Epoch 314/400, Loss: 0.00000528
Epoch 315/400, Loss: 0.00001096
validating
Current best validation errs by now: 0.0003956781151974874
Epoch 316/400, Loss: 0.00001177
Epoch 317/400, Loss: 0.00000138
Epoch 318/400, Loss: 0.00000839
Epoch 319/400, Loss: 0.00000581
Epoch 320/400, Loss: 0.00000483
validating
Current best validation errs by now: 0.0003956781151974874
Epoch 321/400, Loss: 0.00001702
Epoch 322/400, Loss: 0.00002510
Epoch 323/400, Loss: 0.00001039
Epoch 324/400, Loss: 0.00007179
Epoch 325/400, Loss: 0.00000808
validating
Current best validation errs by now: 0.0003956781151974874
Epoch 326/400, Loss: 0.00000488
Epoch 327/400, Loss: 0.00001258
Epoch 328/400, Loss: 0.00000564
Epoch 329/400, Loss: 0.00001261
Epoch 330/400, Loss: 0.00000873
validating
Current best validation errs by now: 0.0003956781151974874
Epoch 331/400, Loss: 0.00000528
Epoch 332/400, Loss: 0.00000864
Epoch 333/400, Loss: 0.00001320
Epoch 334/400, Loss: 0.00000408
Epoch 335/400, Loss: 0.00000408
validating
Current best validation errs by now: 0.0003956781151974874
Epoch 336/400, Loss: 0.00000804
Epoch 337/400, Loss: 0.00001222
Epoch 338/400, Loss: 0.00002840
Epoch 339/400, Loss: 0.00001323
Epoch 340/400, Loss: 0.00004222
validating
Current best validation errs by now: 0.0003956781151974874
Epoch 341/400, Loss: 0.00000347
Epoch 342/400, Loss: 0.00000598
Epoch 343/400, Loss: 0.00001389
Epoch 344/400, Loss: 0.00000654
Epoch 345/400, Loss: 0.00000420
validating
Current best validation errs by now: 0.00038193961893651454
Epoch 346/400, Loss: 0.00000288
Epoch 347/400, Loss: 0.00000731
Epoch 348/400, Loss: 0.00000954
Epoch 349/400, Loss: 0.00000671
Epoch 350/400, Loss: 0.00000365
validating
Current best validation errs by now: 0.00037574942595505664
Epoch 351/400, Loss: 0.00001835
Epoch 352/400, Loss: 0.00000208
Epoch 353/400, Loss: 0.00000425
Epoch 354/400, Loss: 0.00000229
Epoch 355/400, Loss: 0.00006190
validating
Current best validation errs by now: 0.00037574942595505664
Epoch 356/400, Loss: 0.00000268
Epoch 357/400, Loss: 0.00000373
Epoch 358/400, Loss: 0.00000433
Epoch 359/400, Loss: 0.00000961
Epoch 360/400, Loss: 0.00001402
validating
Current best validation errs by now: 0.00037574942595505664
Epoch 361/400, Loss: 0.00000874
Epoch 362/400, Loss: 0.00000658
Epoch 363/400, Loss: 0.00000456
Epoch 364/400, Loss: 0.00002495
Epoch 365/400, Loss: 0.00000343
validating
Current best validation errs by now: 0.00037574942595505664
Epoch 366/400, Loss: 0.00009332
Epoch 367/400, Loss: 0.00000434
Epoch 368/400, Loss: 0.00000697
Epoch 369/400, Loss: 0.00001774
Epoch 370/400, Loss: 0.00000605
validating
Current best validation errs by now: 0.00037574942595505664
Epoch 371/400, Loss: 0.00000440
Epoch 372/400, Loss: 0.00000536
Epoch 373/400, Loss: 0.00001418
Epoch 374/400, Loss: 0.00000900
Epoch 375/400, Loss: 0.00000394
validating
Current best validation errs by now: 0.00037574942595505664
Epoch 376/400, Loss: 0.00000202
Epoch 377/400, Loss: 0.00000505
Epoch 378/400, Loss: 0.00007217
Epoch 379/400, Loss: 0.00000591
Epoch 380/400, Loss: 0.00000331
validating
Current best validation errs by now: 0.00037574942595505664
Epoch 381/400, Loss: 0.00005216
Epoch 382/400, Loss: 0.00001518
Epoch 383/400, Loss: 0.00001671
Epoch 384/400, Loss: 0.00000521
Epoch 385/400, Loss: 0.00000446
validating
Current best validation errs by now: 0.000364735220735442
Epoch 386/400, Loss: 0.00000182
Epoch 387/400, Loss: 0.00001314
Epoch 388/400, Loss: 0.00000361
Epoch 389/400, Loss: 0.00000696
Epoch 390/400, Loss: 0.00000907
validating
Current best validation errs by now: 0.000364735220735442
Epoch 391/400, Loss: 0.00000308
Epoch 392/400, Loss: 0.00002739
Epoch 393/400, Loss: 0.00000171
Epoch 394/400, Loss: 0.00000380
Epoch 395/400, Loss: 0.00000296
validating
Current best validation errs by now: 0.000364735220735442
Epoch 396/400, Loss: 0.00000269
Epoch 397/400, Loss: 0.00000502
Epoch 398/400, Loss: 0.00000726
Epoch 399/400, Loss: 0.00001846
Epoch 400/400, Loss: 0.00000608
total training time: 1577.6585216522217 seconds
evalute average performance on 188 samples
average stess relative err: 0.0010372995263636805
