
Currently Loaded Modules:
  1) openmpi/4.1.6

 

job is starting on gpua010.delta.ncsa.illinois.edu
/u/wzhong/miniconda3/bin/python3
# packages in environment at /u/wzhong/miniconda3:
#
# Name                    Version                   Build  Channel
/u/wzhong/miniconda3/lib/python3.12/site-packages/torch_geometric/deprecation.py:26: UserWarning: 'data.DataLoader' is deprecated, use 'loader.DataLoader' instead
  warnings.warn(out)
No Nvidia modulus is detected.
Creating data loaders...
Not finding in path 1
Creating data loaders...
Data loaders created: Train=6000, Val=1000, Test=3000
Loading pretrained model ...
model training ...
validating
Current best validation errs by now: 1.7263735181093216
Epoch 1/400, Loss: 0.01444190
Epoch 2/400, Loss: 0.01110543
Epoch 3/400, Loss: 0.00220908
Epoch 4/400, Loss: 0.00642321
Epoch 5/400, Loss: 0.00183523
validating
Current best validation errs by now: 0.2696858576312661
Epoch 6/400, Loss: 0.00377498
Epoch 7/400, Loss: 0.00539564
Epoch 8/400, Loss: 0.00205563
Epoch 9/400, Loss: 0.00083244
Epoch 10/400, Loss: 0.00043170
validating
Current best validation errs by now: 0.21198546653240918
Epoch 11/400, Loss: 0.01597755
Epoch 12/400, Loss: 0.00202721
Epoch 13/400, Loss: 0.00220290
Epoch 14/400, Loss: 0.00130085
Epoch 15/400, Loss: 0.00105962
validating
Current best validation errs by now: 0.1884391539134085
Epoch 16/400, Loss: 0.00163526
Epoch 17/400, Loss: 0.00104197
Epoch 18/400, Loss: 0.00180445
Epoch 19/400, Loss: 0.00201837
Epoch 20/400, Loss: 0.01207846
validating
Current best validation errs by now: 0.185457581974566
Epoch 21/400, Loss: 0.00060538
Epoch 22/400, Loss: 0.00143629
Epoch 23/400, Loss: 0.00178181
Epoch 24/400, Loss: 0.00219471
Epoch 25/400, Loss: 0.00009534
validating
Current best validation errs by now: 0.1704185218811035
Epoch 26/400, Loss: 0.01554053
Epoch 27/400, Loss: 0.00092516
Epoch 28/400, Loss: 0.00330707
Epoch 29/400, Loss: 0.00008469
Epoch 30/400, Loss: 0.00041023
validating
Current best validation errs by now: 0.16502426482737065
Epoch 31/400, Loss: 0.00275884
Epoch 32/400, Loss: 0.00034717
Epoch 33/400, Loss: 0.00028227
Epoch 34/400, Loss: 0.00034778
Epoch 35/400, Loss: 0.00096375
validating
Current best validation errs by now: 0.14504666144773365
Epoch 36/400, Loss: 0.00154439
Epoch 37/400, Loss: 0.00076202
Epoch 38/400, Loss: 0.00230124
Epoch 39/400, Loss: 0.00053981
Epoch 40/400, Loss: 0.00028739
validating
Current best validation errs by now: 0.13586560975201428
Epoch 41/400, Loss: 0.00201240
Epoch 42/400, Loss: 0.00219879
Epoch 43/400, Loss: 0.00250455
Epoch 44/400, Loss: 0.00136789
Epoch 45/400, Loss: 0.00554303
validating
Current best validation errs by now: 0.13586560975201428
Epoch 46/400, Loss: 0.00189528
Epoch 47/400, Loss: 0.00076621
Epoch 48/400, Loss: 0.00267388
Epoch 49/400, Loss: 0.00069668
Epoch 50/400, Loss: 0.00037029
validating
Current best validation errs by now: 0.13586560975201428
Epoch 51/400, Loss: 0.00162031
Epoch 52/400, Loss: 0.00070706
Epoch 53/400, Loss: 0.00037000
Epoch 54/400, Loss: 0.00104618
Epoch 55/400, Loss: 0.00053827
validating
Current best validation errs by now: 0.13033944153785706
Epoch 56/400, Loss: 0.00065190
Epoch 57/400, Loss: 0.00392889
Epoch 58/400, Loss: 0.00048430
Epoch 59/400, Loss: 0.00038879
Epoch 60/400, Loss: 0.00051739
validating
Current best validation errs by now: 0.12424291471764445
Epoch 61/400, Loss: 0.00084885
Epoch 62/400, Loss: 0.00052166
Epoch 63/400, Loss: 0.00469303
Epoch 64/400, Loss: 0.00045421
Epoch 65/400, Loss: 0.00041863
validating
Current best validation errs by now: 0.12102059726789594
Epoch 66/400, Loss: 0.00090902
Epoch 67/400, Loss: 0.00512182
Epoch 68/400, Loss: 0.00033426
Epoch 69/400, Loss: 0.00019517
Epoch 70/400, Loss: 0.00019783
validating
Current best validation errs by now: 0.12102059726789594
Epoch 71/400, Loss: 0.00096171
Epoch 72/400, Loss: 0.00005203
Epoch 73/400, Loss: 0.00191962
Epoch 74/400, Loss: 0.00149154
Epoch 75/400, Loss: 0.00051558
validating
Current best validation errs by now: 0.12102059726789594
Epoch 76/400, Loss: 0.00029645
Epoch 77/400, Loss: 0.00004444
Epoch 78/400, Loss: 0.00044942
Epoch 79/400, Loss: 0.00047082
Epoch 80/400, Loss: 0.00059049
validating
Current best validation errs by now: 0.12102059726789594
Epoch 81/400, Loss: 0.00039008
Epoch 82/400, Loss: 0.00010627
Epoch 83/400, Loss: 0.00010610
Epoch 84/400, Loss: 0.00032907
Epoch 85/400, Loss: 0.00010976
validating
Current best validation errs by now: 0.12033914394117892
Epoch 86/400, Loss: 0.00112990
Epoch 87/400, Loss: 0.00178893
Epoch 88/400, Loss: 0.00043174
Epoch 89/400, Loss: 0.00019184
Epoch 90/400, Loss: 0.00020442
validating
Current best validation errs by now: 0.11991526436619461
Epoch 91/400, Loss: 0.00033160
Epoch 92/400, Loss: 0.00019200
Epoch 93/400, Loss: 0.00162173
Epoch 94/400, Loss: 0.00020261
Epoch 95/400, Loss: 0.00158330
validating
Current best validation errs by now: 0.11991526436619461
Epoch 96/400, Loss: 0.00015064
Epoch 97/400, Loss: 0.00123799
Epoch 98/400, Loss: 0.00079123
Epoch 99/400, Loss: 0.00064226
Epoch 100/400, Loss: 0.00068417
validating
Current best validation errs by now: 0.11991526436619461
Epoch 101/400, Loss: 0.00073127
Epoch 102/400, Loss: 0.00044863
Epoch 103/400, Loss: 0.00014814
Epoch 104/400, Loss: 0.00030175
Epoch 105/400, Loss: 0.00181432
validating
Current best validation errs by now: 0.11991526436619461
Epoch 106/400, Loss: 0.00019316
Epoch 107/400, Loss: 0.00030319
Epoch 108/400, Loss: 0.00109023
Epoch 109/400, Loss: 0.00164480
Epoch 110/400, Loss: 0.00289427
validating
Current best validation errs by now: 0.11991526436619461
Epoch 111/400, Loss: 0.00046383
Epoch 112/400, Loss: 0.00400034
Epoch 113/400, Loss: 0.00095159
Epoch 114/400, Loss: 0.00046145
Epoch 115/400, Loss: 0.00054496
validating
Current best validation errs by now: 0.11762654593214393
Epoch 116/400, Loss: 0.00065994
Epoch 117/400, Loss: 0.00021837
Epoch 118/400, Loss: 0.00015207
Epoch 119/400, Loss: 0.00095096
Epoch 120/400, Loss: 0.00145544
validating
Current best validation errs by now: 0.11762654593214393
Epoch 121/400, Loss: 0.00130963
Epoch 122/400, Loss: 0.00033873
Epoch 123/400, Loss: 0.00040974
Epoch 124/400, Loss: 0.00026443
Epoch 125/400, Loss: 0.00102620
validating
Current best validation errs by now: 0.1151034527849406
Epoch 126/400, Loss: 0.00643975
Epoch 127/400, Loss: 0.00040967
Epoch 128/400, Loss: 0.00018117
Epoch 129/400, Loss: 0.00036362
Epoch 130/400, Loss: 0.00027921
validating
Current best validation errs by now: 0.1151034527849406
Epoch 131/400, Loss: 0.00063384
Epoch 132/400, Loss: 0.00125051
Epoch 133/400, Loss: 0.00011331
Epoch 134/400, Loss: 0.00036083
Epoch 135/400, Loss: 0.00092554
validating
Current best validation errs by now: 0.11029219173081219
Epoch 136/400, Loss: 0.00031139
Epoch 137/400, Loss: 0.00032108
Epoch 138/400, Loss: 0.00044257
Epoch 139/400, Loss: 0.00169147
Epoch 140/400, Loss: 0.00099153
validating
Current best validation errs by now: 0.11029219173081219
Epoch 141/400, Loss: 0.00022165
Epoch 142/400, Loss: 0.00010790
Epoch 143/400, Loss: 0.00016430
Epoch 144/400, Loss: 0.00147987
Epoch 145/400, Loss: 0.00024496
validating
Current best validation errs by now: 0.11029219173081219
Epoch 146/400, Loss: 0.00021958
Epoch 147/400, Loss: 0.00032936
Epoch 148/400, Loss: 0.00046605
Epoch 149/400, Loss: 0.00013187
Epoch 150/400, Loss: 0.00077096
validating
Current best validation errs by now: 0.11029219173081219
Epoch 151/400, Loss: 0.00015096
Epoch 152/400, Loss: 0.00014380
Epoch 153/400, Loss: 0.00156486
Epoch 154/400, Loss: 0.00045002
Epoch 155/400, Loss: 0.00167094
validating
Current best validation errs by now: 0.11029219173081219
Epoch 156/400, Loss: 0.00005914
Epoch 157/400, Loss: 0.00023478
Epoch 158/400, Loss: 0.00103383
Epoch 159/400, Loss: 0.00016980
Epoch 160/400, Loss: 0.00008873
validating
Current best validation errs by now: 0.11029219173081219
Epoch 161/400, Loss: 0.00028594
Epoch 162/400, Loss: 0.00035615
Epoch 163/400, Loss: 0.00064167
Epoch 164/400, Loss: 0.00202521
Epoch 165/400, Loss: 0.00073595
validating
Current best validation errs by now: 0.11029219173081219
Epoch 166/400, Loss: 0.00180332
Epoch 167/400, Loss: 0.00590308
Epoch 168/400, Loss: 0.00025028
Epoch 169/400, Loss: 0.00017659
Epoch 170/400, Loss: 0.00037426
validating
Current best validation errs by now: 0.11029219173081219
Epoch 171/400, Loss: 0.00042988
Epoch 172/400, Loss: 0.00010034
Epoch 173/400, Loss: 0.00060366
Epoch 174/400, Loss: 0.00026392
Epoch 175/400, Loss: 0.00083087
validating
Current best validation errs by now: 0.11029219173081219
Epoch 176/400, Loss: 0.00064337
Epoch 177/400, Loss: 0.00022915
Epoch 178/400, Loss: 0.00008271
Epoch 179/400, Loss: 0.00109062
Epoch 180/400, Loss: 0.00120767
validating
Current best validation errs by now: 0.11029219173081219
Epoch 181/400, Loss: 0.00124054
Epoch 182/400, Loss: 0.00050442
Epoch 183/400, Loss: 0.00099291
Epoch 184/400, Loss: 0.00081745
Epoch 185/400, Loss: 0.00095107
validating
Current best validation errs by now: 0.11029219173081219
Epoch 186/400, Loss: 0.00224107
Epoch 187/400, Loss: 0.00014263
Epoch 188/400, Loss: 0.00040799
Epoch 189/400, Loss: 0.00036048
Epoch 190/400, Loss: 0.00081019
validating
Current best validation errs by now: 0.11029219173081219
Epoch 191/400, Loss: 0.00028626
Epoch 192/400, Loss: 0.00109541
Epoch 193/400, Loss: 0.00017294
Epoch 194/400, Loss: 0.00053624
Epoch 195/400, Loss: 0.00020263
validating
Current best validation errs by now: 0.11029219173081219
Epoch 196/400, Loss: 0.00029500
Epoch 197/400, Loss: 0.00059420
Epoch 198/400, Loss: 0.00059621
Epoch 199/400, Loss: 0.00030406
Epoch 200/400, Loss: 0.00066569
validating
Current best validation errs by now: 0.11029219173081219
Epoch 201/400, Loss: 0.00015758
Epoch 202/400, Loss: 0.00018218
Epoch 203/400, Loss: 0.00102657
Epoch 204/400, Loss: 0.00052874
Epoch 205/400, Loss: 0.00076470
validating
Current best validation errs by now: 0.11029219173081219
Epoch 206/400, Loss: 0.00006609
Epoch 207/400, Loss: 0.00053587
Epoch 208/400, Loss: 0.00088932
Epoch 209/400, Loss: 0.00051416
Epoch 210/400, Loss: 0.00061950
validating
Current best validation errs by now: 0.11029219173081219
Epoch 211/400, Loss: 0.00022368
Epoch 212/400, Loss: 0.00195658
Epoch 213/400, Loss: 0.00024294
Epoch 214/400, Loss: 0.00130826
Epoch 215/400, Loss: 0.00129379
validating
Current best validation errs by now: 0.11029219173081219
Epoch 216/400, Loss: 0.00331902
Epoch 217/400, Loss: 0.00125905
Epoch 218/400, Loss: 0.00016515
Epoch 219/400, Loss: 0.00048121
Epoch 220/400, Loss: 0.00069104
validating
Current best validation errs by now: 0.11029219173081219
Epoch 221/400, Loss: 0.00031645
Epoch 222/400, Loss: 0.00111796
Epoch 223/400, Loss: 0.00016608
Epoch 224/400, Loss: 0.00042572
Epoch 225/400, Loss: 0.00170588
validating
Current best validation errs by now: 0.11029219173081219
Epoch 226/400, Loss: 0.00003009
Epoch 227/400, Loss: 0.00041208
Epoch 228/400, Loss: 0.00045631
Epoch 229/400, Loss: 0.00104007
Epoch 230/400, Loss: 0.00138488
validating
Current best validation errs by now: 0.11029219173081219
Epoch 231/400, Loss: 0.00056821
Epoch 232/400, Loss: 0.00010457
Epoch 233/400, Loss: 0.00015069
Epoch 234/400, Loss: 0.00110633
Epoch 235/400, Loss: 0.00010269
validating
Current best validation errs by now: 0.11029219173081219
Epoch 236/400, Loss: 0.00009259
Epoch 237/400, Loss: 0.00023607
Epoch 238/400, Loss: 0.00030952
Epoch 239/400, Loss: 0.00061268
Epoch 240/400, Loss: 0.00180849
validating
Current best validation errs by now: 0.10716719700023532
Epoch 241/400, Loss: 0.00034952
Epoch 242/400, Loss: 0.00026900
Epoch 243/400, Loss: 0.00044985
Epoch 244/400, Loss: 0.00090619
Epoch 245/400, Loss: 0.00034353
validating
Current best validation errs by now: 0.10716719700023532
Epoch 246/400, Loss: 0.00026468
Epoch 247/400, Loss: 0.00011619
Epoch 248/400, Loss: 0.00015539
Epoch 249/400, Loss: 0.00122852
Epoch 250/400, Loss: 0.00021583
validating
Current best validation errs by now: 0.10716719700023532
Epoch 251/400, Loss: 0.00034645
Epoch 252/400, Loss: 0.00051274
Epoch 253/400, Loss: 0.00045115
Epoch 254/400, Loss: 0.00022647
Epoch 255/400, Loss: 0.00103400
validating
Current best validation errs by now: 0.10716719700023532
Epoch 256/400, Loss: 0.00021305
Epoch 257/400, Loss: 0.00056064
Epoch 258/400, Loss: 0.00036751
Epoch 259/400, Loss: 0.00036573
Epoch 260/400, Loss: 0.00111576
validating
Current best validation errs by now: 0.10716719700023532
Epoch 261/400, Loss: 0.00007241
Epoch 262/400, Loss: 0.00043367
Epoch 263/400, Loss: 0.00167816
Epoch 264/400, Loss: 0.00010793
Epoch 265/400, Loss: 0.00198947
validating
Current best validation errs by now: 0.10716719700023532
Epoch 266/400, Loss: 0.00020377
Epoch 267/400, Loss: 0.00186092
Epoch 268/400, Loss: 0.00061725
Epoch 269/400, Loss: 0.00046353
Epoch 270/400, Loss: 0.00010864
validating
Current best validation errs by now: 0.10716719700023532
Epoch 271/400, Loss: 0.00011566
Epoch 272/400, Loss: 0.00030817
Epoch 273/400, Loss: 0.00023322
Epoch 274/400, Loss: 0.00030429
Epoch 275/400, Loss: 0.00019466
validating
Current best validation errs by now: 0.10716719700023532
Epoch 276/400, Loss: 0.00007100
Epoch 277/400, Loss: 0.00010893
Epoch 278/400, Loss: 0.00031073
Epoch 279/400, Loss: 0.00025805
Epoch 280/400, Loss: 0.00015156
validating
Current best validation errs by now: 0.10716719700023532
Epoch 281/400, Loss: 0.00027920
Epoch 282/400, Loss: 0.00006577
Epoch 283/400, Loss: 0.00021624
Epoch 284/400, Loss: 0.00726154
Epoch 285/400, Loss: 0.00021134
validating
Current best validation errs by now: 0.10716719700023532
Epoch 286/400, Loss: 0.00263132
Epoch 287/400, Loss: 0.00008506
Epoch 288/400, Loss: 0.00056878
Epoch 289/400, Loss: 0.00075802
Epoch 290/400, Loss: 0.00013721
validating
Current best validation errs by now: 0.10716719700023532
Epoch 291/400, Loss: 0.00002574
Epoch 292/400, Loss: 0.00004724
Epoch 293/400, Loss: 0.00099660
Epoch 294/400, Loss: 0.00042637
Epoch 295/400, Loss: 0.00007109
validating
Current best validation errs by now: 0.10585924810916185
Epoch 296/400, Loss: 0.00003215
Epoch 297/400, Loss: 0.00033952
Epoch 298/400, Loss: 0.00006082
Epoch 299/400, Loss: 0.00047342
Epoch 300/400, Loss: 0.00092598
validating
Current best validation errs by now: 0.10585924810916185
Epoch 301/400, Loss: 0.00008496
Epoch 302/400, Loss: 0.00102128
Epoch 303/400, Loss: 0.00151037
Epoch 304/400, Loss: 0.00064607
Epoch 305/400, Loss: 0.00010497
validating
Current best validation errs by now: 0.10585924810916185
Epoch 306/400, Loss: 0.00022779
Epoch 307/400, Loss: 0.00022623
Epoch 308/400, Loss: 0.00066161
Epoch 309/400, Loss: 0.00004282
Epoch 310/400, Loss: 0.00017182
validating
Current best validation errs by now: 0.10585924810916185
Epoch 311/400, Loss: 0.00015911
Epoch 312/400, Loss: 0.00079030
Epoch 313/400, Loss: 0.00017969
Epoch 314/400, Loss: 0.00015713
Epoch 315/400, Loss: 0.00028044
validating
Current best validation errs by now: 0.10585924810916185
Epoch 316/400, Loss: 0.00041850
Epoch 317/400, Loss: 0.00017521
Epoch 318/400, Loss: 0.00030059
Epoch 319/400, Loss: 0.00112721
Epoch 320/400, Loss: 0.00274816
validating
Current best validation errs by now: 0.10585924810916185
Epoch 321/400, Loss: 0.00138761
Epoch 322/400, Loss: 0.00032784
Epoch 323/400, Loss: 0.00053586
Epoch 324/400, Loss: 0.00068320
Epoch 325/400, Loss: 0.00050755
validating
Current best validation errs by now: 0.10585924810916185
Epoch 326/400, Loss: 0.00062775
Epoch 327/400, Loss: 0.00013525
Epoch 328/400, Loss: 0.00010815
Epoch 329/400, Loss: 0.00034954
Epoch 330/400, Loss: 0.00026226
validating
Current best validation errs by now: 0.10585924810916185
Epoch 331/400, Loss: 0.00044888
Epoch 332/400, Loss: 0.00040728
Epoch 333/400, Loss: 0.00028181
Epoch 334/400, Loss: 0.00016706
Epoch 335/400, Loss: 0.00016162
validating
Current best validation errs by now: 0.10585924810916185
Epoch 336/400, Loss: 0.00105926
Epoch 337/400, Loss: 0.00020579
Epoch 338/400, Loss: 0.00036880
Epoch 339/400, Loss: 0.00026525
Epoch 340/400, Loss: 0.00081337
validating
Current best validation errs by now: 0.10585924810916185
Epoch 341/400, Loss: 0.00037283
Epoch 342/400, Loss: 0.00058582
Epoch 343/400, Loss: 0.00138565
Epoch 344/400, Loss: 0.00008478
Epoch 345/400, Loss: 0.00111942
validating
Current best validation errs by now: 0.10585924810916185
Epoch 346/400, Loss: 0.00007482
Epoch 347/400, Loss: 0.00008613
Epoch 348/400, Loss: 0.00179150
Epoch 349/400, Loss: 0.00001505
Epoch 350/400, Loss: 0.00036265
validating
Current best validation errs by now: 0.10585924810916185
Epoch 351/400, Loss: 0.00139045
Epoch 352/400, Loss: 0.00028725
Epoch 353/400, Loss: 0.00026035
Epoch 354/400, Loss: 0.00089310
Epoch 355/400, Loss: 0.00021870
validating
Current best validation errs by now: 0.10585924810916185
Epoch 356/400, Loss: 0.00025250
Epoch 357/400, Loss: 0.00011561
Epoch 358/400, Loss: 0.00039897
Epoch 359/400, Loss: 0.00011546
Epoch 360/400, Loss: 0.00019280
validating
Current best validation errs by now: 0.10585924810916185
Epoch 361/400, Loss: 0.00019287
Epoch 362/400, Loss: 0.00031688
Epoch 363/400, Loss: 0.00005435
Epoch 364/400, Loss: 0.00074840
Epoch 365/400, Loss: 0.00059433
validating
Current best validation errs by now: 0.10581048614438623
Epoch 366/400, Loss: 0.00020686
Epoch 367/400, Loss: 0.00089276
Epoch 368/400, Loss: 0.00061283
Epoch 369/400, Loss: 0.00025991
Epoch 370/400, Loss: 0.00029663
validating
Current best validation errs by now: 0.10581048614438623
Epoch 371/400, Loss: 0.00104738
Epoch 372/400, Loss: 0.00062262
Epoch 373/400, Loss: 0.00046466
Epoch 374/400, Loss: 0.00047815
Epoch 375/400, Loss: 0.00034979
validating
Current best validation errs by now: 0.10581048614438623
Epoch 376/400, Loss: 0.00015479
Epoch 377/400, Loss: 0.00010523
Epoch 378/400, Loss: 0.00028172
Epoch 379/400, Loss: 0.00010632
Epoch 380/400, Loss: 0.00014911
validating
Current best validation errs by now: 0.10581048614438623
Epoch 381/400, Loss: 0.00017274
Epoch 382/400, Loss: 0.00002682
Epoch 383/400, Loss: 0.00009815
Epoch 384/400, Loss: 0.00032473
Epoch 385/400, Loss: 0.00005288
validating
Current best validation errs by now: 0.10581048614438623
Epoch 386/400, Loss: 0.00101293
Epoch 387/400, Loss: 0.00044420
Epoch 388/400, Loss: 0.00252684
Epoch 389/400, Loss: 0.00020659
Epoch 390/400, Loss: 0.00229686
validating
Current best validation errs by now: 0.10581048614438623
Epoch 391/400, Loss: 0.00004155
Epoch 392/400, Loss: 0.00017099
Epoch 393/400, Loss: 0.00010325
Epoch 394/400, Loss: 0.00042117
Epoch 395/400, Loss: 0.00048722
validating
Current best validation errs by now: 0.10581048614438623
Epoch 396/400, Loss: 0.00049955
Epoch 397/400, Loss: 0.00076920
Epoch 398/400, Loss: 0.00036340
Epoch 399/400, Loss: 0.00120838
Epoch 400/400, Loss: 0.00028447
total training time: 29361.961035728455 seconds
evalute average performance on 3000 samples
average stess relative err: 0.10759708237648011
