
Currently Loaded Modules:
  1) openmpi/4.1.6

 

job is starting on gpua080.delta.ncsa.illinois.edu
/u/wzhong/miniconda3/bin/python3
# packages in environment at /u/wzhong/miniconda3:
#
# Name                    Version                   Build  Channel
/u/wzhong/miniconda3/lib/python3.12/site-packages/torch_geometric/deprecation.py:26: UserWarning: 'data.DataLoader' is deprecated, use 'loader.DataLoader' instead
  warnings.warn(out)
No Nvidia modulus is detected.
Creating data loaders...
Data loaders created: Train=2460, Val=410, Test=1230
Creating data loaders...
Not finding in path 2
Loading pretrained model ...
No trained model
model training ...
validating
Current best validation errs by now: 31.642783239411145
Failed to load /work/hdd/bdsy/wzhong/processed_data/driver/graph2212.pt: PytorchStreamReader failed reading zip archive: failed finding central directory
Epoch 1/400, Loss: 0.00001720
Failed to load /work/hdd/bdsy/wzhong/processed_data/driver/graph2212.pt: PytorchStreamReader failed reading zip archive: failed finding central directory
Epoch 2/400, Loss: 0.00001373
Failed to load /work/hdd/bdsy/wzhong/processed_data/driver/graph2212.pt: PytorchStreamReader failed reading zip archive: failed finding central directory
Epoch 3/400, Loss: 0.00001489
Failed to load /work/hdd/bdsy/wzhong/processed_data/driver/graph2212.pt: PytorchStreamReader failed reading zip archive: failed finding central directory
Epoch 4/400, Loss: 0.00001197
Failed to load /work/hdd/bdsy/wzhong/processed_data/driver/graph2212.pt: PytorchStreamReader failed reading zip archive: failed finding central directory
Epoch 5/400, Loss: 0.00001002
validating
Current best validation errs by now: 0.6228391948269635
Failed to load /work/hdd/bdsy/wzhong/processed_data/driver/graph2212.pt: PytorchStreamReader failed reading zip archive: failed finding central directory
Epoch 6/400, Loss: 0.00001118
Failed to load /work/hdd/bdsy/wzhong/processed_data/driver/graph2212.pt: PytorchStreamReader failed reading zip archive: failed finding central directory
Epoch 7/400, Loss: 0.00001075
Failed to load /work/hdd/bdsy/wzhong/processed_data/driver/graph2212.pt: PytorchStreamReader failed reading zip archive: failed finding central directory
Epoch 8/400, Loss: 0.00001133
Failed to load /work/hdd/bdsy/wzhong/processed_data/driver/graph2212.pt: PytorchStreamReader failed reading zip archive: failed finding central directory
Epoch 9/400, Loss: 0.00000919
Failed to load /work/hdd/bdsy/wzhong/processed_data/driver/graph2212.pt: PytorchStreamReader failed reading zip archive: failed finding central directory
Epoch 10/400, Loss: 0.00000759
validating
Current best validation errs by now: 0.534588280247479
Failed to load /work/hdd/bdsy/wzhong/processed_data/driver/graph2212.pt: PytorchStreamReader failed reading zip archive: failed finding central directory
Epoch 11/400, Loss: 0.00000850
Failed to load /work/hdd/bdsy/wzhong/processed_data/driver/graph2212.pt: PytorchStreamReader failed reading zip archive: failed finding central directory
Epoch 12/400, Loss: 0.00000639
Failed to load /work/hdd/bdsy/wzhong/processed_data/driver/graph2212.pt: PytorchStreamReader failed reading zip archive: failed finding central directory
Epoch 13/400, Loss: 0.00000766
Failed to load /work/hdd/bdsy/wzhong/processed_data/driver/graph2212.pt: PytorchStreamReader failed reading zip archive: failed finding central directory
Epoch 14/400, Loss: 0.00000676
Failed to load /work/hdd/bdsy/wzhong/processed_data/driver/graph2212.pt: PytorchStreamReader failed reading zip archive: failed finding central directory
Epoch 15/400, Loss: 0.00000620
validating
Current best validation errs by now: 0.4770886409573439
Failed to load /work/hdd/bdsy/wzhong/processed_data/driver/graph2212.pt: PytorchStreamReader failed reading zip archive: failed finding central directory
Epoch 16/400, Loss: 0.00000507
Failed to load /work/hdd/bdsy/wzhong/processed_data/driver/graph2212.pt: PytorchStreamReader failed reading zip archive: failed finding central directory
Epoch 17/400, Loss: 0.00000490
Failed to load /work/hdd/bdsy/wzhong/processed_data/driver/graph2212.pt: PytorchStreamReader failed reading zip archive: failed finding central directory
Epoch 18/400, Loss: 0.00000510
Failed to load /work/hdd/bdsy/wzhong/processed_data/driver/graph2212.pt: PytorchStreamReader failed reading zip archive: failed finding central directory
Epoch 19/400, Loss: 0.00000482
Failed to load /work/hdd/bdsy/wzhong/processed_data/driver/graph2212.pt: PytorchStreamReader failed reading zip archive: failed finding central directory
Epoch 20/400, Loss: 0.00000414
validating
Current best validation errs by now: 0.4252859411443152
Failed to load /work/hdd/bdsy/wzhong/processed_data/driver/graph2212.pt: PytorchStreamReader failed reading zip archive: failed finding central directory
Epoch 21/400, Loss: 0.00000402
Failed to load /work/hdd/bdsy/wzhong/processed_data/driver/graph2212.pt: PytorchStreamReader failed reading zip archive: failed finding central directory
Epoch 22/400, Loss: 0.00000390
Failed to load /work/hdd/bdsy/wzhong/processed_data/driver/graph2212.pt: PytorchStreamReader failed reading zip archive: failed finding central directory
Epoch 23/400, Loss: 0.00000479
Failed to load /work/hdd/bdsy/wzhong/processed_data/driver/graph2212.pt: PytorchStreamReader failed reading zip archive: failed finding central directory
Epoch 24/400, Loss: 0.00000435
Failed to load /work/hdd/bdsy/wzhong/processed_data/driver/graph2212.pt: PytorchStreamReader failed reading zip archive: failed finding central directory
Epoch 25/400, Loss: 0.00000464
validating
Current best validation errs by now: 0.4029746600040575
Failed to load /work/hdd/bdsy/wzhong/processed_data/driver/graph2212.pt: PytorchStreamReader failed reading zip archive: failed finding central directory
Epoch 26/400, Loss: 0.00000360
Failed to load /work/hdd/bdsy/wzhong/processed_data/driver/graph2212.pt: PytorchStreamReader failed reading zip archive: failed finding central directory
Epoch 27/400, Loss: 0.00000384
Failed to load /work/hdd/bdsy/wzhong/processed_data/driver/graph2212.pt: PytorchStreamReader failed reading zip archive: failed finding central directory
Epoch 28/400, Loss: 0.00000334
Failed to load /work/hdd/bdsy/wzhong/processed_data/driver/graph2212.pt: PytorchStreamReader failed reading zip archive: failed finding central directory
Epoch 29/400, Loss: 0.00000403
Failed to load /work/hdd/bdsy/wzhong/processed_data/driver/graph2212.pt: PytorchStreamReader failed reading zip archive: failed finding central directory
Epoch 30/400, Loss: 0.00000287
validating
Current best validation errs by now: 0.3653500890586434
Failed to load /work/hdd/bdsy/wzhong/processed_data/driver/graph2212.pt: PytorchStreamReader failed reading zip archive: failed finding central directory
Epoch 31/400, Loss: 0.00000394
Failed to load /work/hdd/bdsy/wzhong/processed_data/driver/graph2212.pt: PytorchStreamReader failed reading zip archive: failed finding central directory
Epoch 32/400, Loss: 0.00000283
Failed to load /work/hdd/bdsy/wzhong/processed_data/driver/graph2212.pt: PytorchStreamReader failed reading zip archive: failed finding central directory
Epoch 33/400, Loss: 0.00000234
Failed to load /work/hdd/bdsy/wzhong/processed_data/driver/graph2212.pt: PytorchStreamReader failed reading zip archive: failed finding central directory
Epoch 34/400, Loss: 0.00000286
Failed to load /work/hdd/bdsy/wzhong/processed_data/driver/graph2212.pt: PytorchStreamReader failed reading zip archive: failed finding central directory
Epoch 35/400, Loss: 0.00000204
validating
Current best validation errs by now: 0.31347392186885925
Failed to load /work/hdd/bdsy/wzhong/processed_data/driver/graph2212.pt: PytorchStreamReader failed reading zip archive: failed finding central directory
Epoch 36/400, Loss: 0.00000354
Failed to load /work/hdd/bdsy/wzhong/processed_data/driver/graph2212.pt: PytorchStreamReader failed reading zip archive: failed finding central directory
Epoch 37/400, Loss: 0.00000277
Failed to load /work/hdd/bdsy/wzhong/processed_data/driver/graph2212.pt: PytorchStreamReader failed reading zip archive: failed finding central directory
Epoch 38/400, Loss: 0.00000209
Failed to load /work/hdd/bdsy/wzhong/processed_data/driver/graph2212.pt: PytorchStreamReader failed reading zip archive: failed finding central directory
Epoch 39/400, Loss: 0.00000280
Failed to load /work/hdd/bdsy/wzhong/processed_data/driver/graph2212.pt: PytorchStreamReader failed reading zip archive: failed finding central directory
Epoch 40/400, Loss: 0.00000205
validating
Current best validation errs by now: 0.2947982255278564
Failed to load /work/hdd/bdsy/wzhong/processed_data/driver/graph2212.pt: PytorchStreamReader failed reading zip archive: failed finding central directory
Epoch 41/400, Loss: 0.00000198
Failed to load /work/hdd/bdsy/wzhong/processed_data/driver/graph2212.pt: PytorchStreamReader failed reading zip archive: failed finding central directory
Epoch 42/400, Loss: 0.00000162
Failed to load /work/hdd/bdsy/wzhong/processed_data/driver/graph2212.pt: PytorchStreamReader failed reading zip archive: failed finding central directory
Epoch 43/400, Loss: 0.00000273
Failed to load /work/hdd/bdsy/wzhong/processed_data/driver/graph2212.pt: PytorchStreamReader failed reading zip archive: failed finding central directory
Epoch 44/400, Loss: 0.00000214
Failed to load /work/hdd/bdsy/wzhong/processed_data/driver/graph2212.pt: PytorchStreamReader failed reading zip archive: failed finding central directory
Epoch 45/400, Loss: 0.00000165
validating
Current best validation errs by now: 0.2749955416089151
Failed to load /work/hdd/bdsy/wzhong/processed_data/driver/graph2212.pt: PytorchStreamReader failed reading zip archive: failed finding central directory
Epoch 46/400, Loss: 0.00000224
Failed to load /work/hdd/bdsy/wzhong/processed_data/driver/graph2212.pt: PytorchStreamReader failed reading zip archive: failed finding central directory
Epoch 47/400, Loss: 0.00000162
Failed to load /work/hdd/bdsy/wzhong/processed_data/driver/graph2212.pt: PytorchStreamReader failed reading zip archive: failed finding central directory
Epoch 48/400, Loss: 0.00000200
Failed to load /work/hdd/bdsy/wzhong/processed_data/driver/graph2212.pt: PytorchStreamReader failed reading zip archive: failed finding central directory
Epoch 49/400, Loss: 0.00000179
Failed to load /work/hdd/bdsy/wzhong/processed_data/driver/graph2212.pt: PytorchStreamReader failed reading zip archive: failed finding central directory
Epoch 50/400, Loss: 0.00000171
validating
Current best validation errs by now: 0.26638334927762425
Failed to load /work/hdd/bdsy/wzhong/processed_data/driver/graph2212.pt: PytorchStreamReader failed reading zip archive: failed finding central directory
Epoch 51/400, Loss: 0.00000146
Failed to load /work/hdd/bdsy/wzhong/processed_data/driver/graph2212.pt: PytorchStreamReader failed reading zip archive: failed finding central directory
Epoch 52/400, Loss: 0.00000132
Failed to load /work/hdd/bdsy/wzhong/processed_data/driver/graph2212.pt: PytorchStreamReader failed reading zip archive: failed finding central directory
Epoch 53/400, Loss: 0.00000184
Failed to load /work/hdd/bdsy/wzhong/processed_data/driver/graph2212.pt: PytorchStreamReader failed reading zip archive: failed finding central directory
Epoch 54/400, Loss: 0.00000191
Failed to load /work/hdd/bdsy/wzhong/processed_data/driver/graph2212.pt: PytorchStreamReader failed reading zip archive: failed finding central directory
Epoch 55/400, Loss: 0.00000162
validating
Current best validation errs by now: 0.2654685378801532
Failed to load /work/hdd/bdsy/wzhong/processed_data/driver/graph2212.pt: PytorchStreamReader failed reading zip archive: failed finding central directory
Epoch 56/400, Loss: 0.00000250
slurmstepd: error: *** JOB 8894651 ON gpua080 CANCELLED AT 2025-04-06T07:01:09 DUE TO TIME LIMIT ***
