
Currently Loaded Modules:
  1) openmpi/4.1.6

 

job is starting on gpua086.delta.ncsa.illinois.edu
/u/wzhong/miniconda3/bin/python3
# packages in environment at /u/wzhong/miniconda3:
#
# Name                    Version                   Build  Channel
/u/wzhong/miniconda3/lib/python3.12/site-packages/torch_geometric/deprecation.py:26: UserWarning: 'data.DataLoader' is deprecated, use 'loader.DataLoader' instead
  warnings.warn(out)
No Nvidia modulus is detected.
Creating data loaders...
Data loaders created: Train=375, Val=62, Test=188
Creating data loaders...
Not finding in path 2
Loading pretrained model ...
model training ...
validating
Current best validation errs by now: 0.04807098275951801
Epoch 1/400, Loss: 0.00096630
Epoch 2/400, Loss: 0.00050419
Epoch 3/400, Loss: 0.00062585
Epoch 4/400, Loss: 0.00043547
Epoch 5/400, Loss: 0.00141772
validating
Current best validation errs by now: 0.004424515882537009
Epoch 6/400, Loss: 0.00092161
Epoch 7/400, Loss: 0.00025142
Epoch 8/400, Loss: 0.00014188
Epoch 9/400, Loss: 0.00018324
Epoch 10/400, Loss: 0.00040559
validating
Current best validation errs by now: 0.003244013247650958
Epoch 11/400, Loss: 0.00020728
Epoch 12/400, Loss: 0.00009560
Epoch 13/400, Loss: 0.00014743
Epoch 14/400, Loss: 0.00009279
Epoch 15/400, Loss: 0.00023283
validating
Current best validation errs by now: 0.0026948826402545937
Epoch 16/400, Loss: 0.00018182
Epoch 17/400, Loss: 0.00090064
Epoch 18/400, Loss: 0.00015430
Epoch 19/400, Loss: 0.00014608
Epoch 20/400, Loss: 0.00033224
validating
Current best validation errs by now: 0.0023414307300211683
Epoch 21/400, Loss: 0.00012579
Epoch 22/400, Loss: 0.00016393
Epoch 23/400, Loss: 0.00005455
Epoch 24/400, Loss: 0.00003993
Epoch 25/400, Loss: 0.00009845
validating
Current best validation errs by now: 0.0018810769392838401
Epoch 26/400, Loss: 0.00008953
Epoch 27/400, Loss: 0.00003959
Epoch 28/400, Loss: 0.00017239
Epoch 29/400, Loss: 0.00003657
Epoch 30/400, Loss: 0.00016157
validating
Current best validation errs by now: 0.0018810769392838401
Epoch 31/400, Loss: 0.00002143
Epoch 32/400, Loss: 0.00006994
Epoch 33/400, Loss: 0.00012953
Epoch 34/400, Loss: 0.00020087
Epoch 35/400, Loss: 0.00002111
validating
Current best validation errs by now: 0.0011578167116479768
Epoch 36/400, Loss: 0.00014431
Epoch 37/400, Loss: 0.00002085
Epoch 38/400, Loss: 0.00006884
Epoch 39/400, Loss: 0.00020547
Epoch 40/400, Loss: 0.00004336
validating
Current best validation errs by now: 0.0010511331906121585
Epoch 41/400, Loss: 0.00004856
Epoch 42/400, Loss: 0.00009009
Epoch 43/400, Loss: 0.00005148
Epoch 44/400, Loss: 0.00006167
Epoch 45/400, Loss: 0.00010909
validating
Current best validation errs by now: 0.000969818705925718
Epoch 46/400, Loss: 0.00001483
Epoch 47/400, Loss: 0.00011174
Epoch 48/400, Loss: 0.00003502
Epoch 49/400, Loss: 0.00003265
Epoch 50/400, Loss: 0.00000890
validating
Current best validation errs by now: 0.000969818705925718
Epoch 51/400, Loss: 0.00011246
Epoch 52/400, Loss: 0.00004019
Epoch 53/400, Loss: 0.00005509
Epoch 54/400, Loss: 0.00002668
Epoch 55/400, Loss: 0.00003127
validating
Current best validation errs by now: 0.000969818705925718
Epoch 56/400, Loss: 0.00001775
Epoch 57/400, Loss: 0.00001958
Epoch 58/400, Loss: 0.00001604
Epoch 59/400, Loss: 0.00002493
Epoch 60/400, Loss: 0.00014323
validating
Current best validation errs by now: 0.0009601301102403311
Epoch 61/400, Loss: 0.00004536
Epoch 62/400, Loss: 0.00004776
Epoch 63/400, Loss: 0.00004480
Epoch 64/400, Loss: 0.00008042
Epoch 65/400, Loss: 0.00002472
validating
Current best validation errs by now: 0.0008533099514146846
Epoch 66/400, Loss: 0.00004272
Epoch 67/400, Loss: 0.00002588
Epoch 68/400, Loss: 0.00000710
Epoch 69/400, Loss: 0.00000640
Epoch 70/400, Loss: 0.00001519
validating
Current best validation errs by now: 0.0008010141295193123
Epoch 71/400, Loss: 0.00003579
Epoch 72/400, Loss: 0.00002122
Epoch 73/400, Loss: 0.00003270
Epoch 74/400, Loss: 0.00004588
Epoch 75/400, Loss: 0.00004899
validating
Current best validation errs by now: 0.0008010141295193123
Epoch 76/400, Loss: 0.00001752
Epoch 77/400, Loss: 0.00002367
Epoch 78/400, Loss: 0.00002547
Epoch 79/400, Loss: 0.00001796
Epoch 80/400, Loss: 0.00003080
validating
Current best validation errs by now: 0.0008010141295193123
Epoch 81/400, Loss: 0.00007051
Epoch 82/400, Loss: 0.00012948
Epoch 83/400, Loss: 0.00006971
Epoch 84/400, Loss: 0.00001090
Epoch 85/400, Loss: 0.00022806
validating
Current best validation errs by now: 0.0008010141295193123
Epoch 86/400, Loss: 0.00002244
Epoch 87/400, Loss: 0.00004134
Epoch 88/400, Loss: 0.00011532
Epoch 89/400, Loss: 0.00001770
Epoch 90/400, Loss: 0.00002864
validating
Current best validation errs by now: 0.0008010141295193123
Epoch 91/400, Loss: 0.00003248
Epoch 92/400, Loss: 0.00002185
Epoch 93/400, Loss: 0.00002339
Epoch 94/400, Loss: 0.00001653
Epoch 95/400, Loss: 0.00011959
validating
Current best validation errs by now: 0.0008010141295193123
Epoch 96/400, Loss: 0.00006109
Epoch 97/400, Loss: 0.00000641
Epoch 98/400, Loss: 0.00003233
Epoch 99/400, Loss: 0.00004135
Epoch 100/400, Loss: 0.00003496
validating
Current best validation errs by now: 0.000727192711389263
Epoch 101/400, Loss: 0.00002981
Epoch 102/400, Loss: 0.00003202
Epoch 103/400, Loss: 0.00003090
Epoch 104/400, Loss: 0.00003258
Epoch 105/400, Loss: 0.00000958
validating
Current best validation errs by now: 0.000727192711389263
Epoch 106/400, Loss: 0.00002381
Epoch 107/400, Loss: 0.00002014
Epoch 108/400, Loss: 0.00004010
Epoch 109/400, Loss: 0.00001166
Epoch 110/400, Loss: 0.00001229
validating
Current best validation errs by now: 0.000727192711389263
Epoch 111/400, Loss: 0.00001853
Epoch 112/400, Loss: 0.00000759
Epoch 113/400, Loss: 0.00001164
Epoch 114/400, Loss: 0.00012917
Epoch 115/400, Loss: 0.00000769
validating
Current best validation errs by now: 0.0007138366326539506
Epoch 116/400, Loss: 0.00002331
Epoch 117/400, Loss: 0.00002486
Epoch 118/400, Loss: 0.00001990
Epoch 119/400, Loss: 0.00000426
Epoch 120/400, Loss: 0.00000724
validating
Current best validation errs by now: 0.0006876520520534307
Epoch 121/400, Loss: 0.00006769
Epoch 122/400, Loss: 0.00002415
Epoch 123/400, Loss: 0.00005341
Epoch 124/400, Loss: 0.00004145
Epoch 125/400, Loss: 0.00000443
validating
Current best validation errs by now: 0.0006745984024863931
Epoch 126/400, Loss: 0.00002544
Epoch 127/400, Loss: 0.00001555
Epoch 128/400, Loss: 0.00001200
Epoch 129/400, Loss: 0.00000688
Epoch 130/400, Loss: 0.00004945
validating
Current best validation errs by now: 0.0006745984024863931
Epoch 131/400, Loss: 0.00001700
Epoch 132/400, Loss: 0.00002739
Epoch 133/400, Loss: 0.00006204
Epoch 134/400, Loss: 0.00000964
Epoch 135/400, Loss: 0.00001873
validating
Current best validation errs by now: 0.0006745984024863931
Epoch 136/400, Loss: 0.00000740
Epoch 137/400, Loss: 0.00008775
Epoch 138/400, Loss: 0.00002318
Epoch 139/400, Loss: 0.00003942
Epoch 140/400, Loss: 0.00003175
validating
Current best validation errs by now: 0.0006706237524462443
Epoch 141/400, Loss: 0.00002487
Epoch 142/400, Loss: 0.00000904
Epoch 143/400, Loss: 0.00001023
Epoch 144/400, Loss: 0.00000960
Epoch 145/400, Loss: 0.00002856
validating
Current best validation errs by now: 0.0006706237524462443
Epoch 146/400, Loss: 0.00000781
Epoch 147/400, Loss: 0.00001498
Epoch 148/400, Loss: 0.00002646
Epoch 149/400, Loss: 0.00000646
Epoch 150/400, Loss: 0.00004527
validating
Current best validation errs by now: 0.0006706237524462443
Epoch 151/400, Loss: 0.00004166
Epoch 152/400, Loss: 0.00001936
Epoch 153/400, Loss: 0.00000695
Epoch 154/400, Loss: 0.00002927
Epoch 155/400, Loss: 0.00000706
validating
Current best validation errs by now: 0.0006706237524462443
Epoch 156/400, Loss: 0.00000671
Epoch 157/400, Loss: 0.00000745
Epoch 158/400, Loss: 0.00000775
Epoch 159/400, Loss: 0.00001425
Epoch 160/400, Loss: 0.00001686
validating
Current best validation errs by now: 0.0006415420737598211
Epoch 161/400, Loss: 0.00001104
Epoch 162/400, Loss: 0.00004257
Epoch 163/400, Loss: 0.00000637
Epoch 164/400, Loss: 0.00000656
Epoch 165/400, Loss: 0.00002849
validating
Current best validation errs by now: 0.0006415420737598211
Epoch 166/400, Loss: 0.00002016
Epoch 167/400, Loss: 0.00001021
Epoch 168/400, Loss: 0.00004867
Epoch 169/400, Loss: 0.00000432
Epoch 170/400, Loss: 0.00001596
validating
Current best validation errs by now: 0.0006415420737598211
Epoch 171/400, Loss: 0.00000895
Epoch 172/400, Loss: 0.00001471
Epoch 173/400, Loss: 0.00002347
Epoch 174/400, Loss: 0.00002633
Epoch 175/400, Loss: 0.00001721
validating
Current best validation errs by now: 0.0006415420737598211
Epoch 176/400, Loss: 0.00003775
Epoch 177/400, Loss: 0.00000274
Epoch 178/400, Loss: 0.00002300
Epoch 179/400, Loss: 0.00001260
Epoch 180/400, Loss: 0.00001221
validating
Current best validation errs by now: 0.0006142393474639844
Epoch 181/400, Loss: 0.00000688
Epoch 182/400, Loss: 0.00001288
Epoch 183/400, Loss: 0.00004094
Epoch 184/400, Loss: 0.00001200
Epoch 185/400, Loss: 0.00009782
validating
Current best validation errs by now: 0.0006142393474639844
Epoch 186/400, Loss: 0.00001631
Epoch 187/400, Loss: 0.00001480
Epoch 188/400, Loss: 0.00003145
Epoch 189/400, Loss: 0.00011274
Epoch 190/400, Loss: 0.00001154
validating
Current best validation errs by now: 0.0006142393474639844
Epoch 191/400, Loss: 0.00000784
Epoch 192/400, Loss: 0.00002985
Epoch 193/400, Loss: 0.00000340
Epoch 194/400, Loss: 0.00001058
Epoch 195/400, Loss: 0.00002066
validating
Current best validation errs by now: 0.0006142393474639844
Epoch 196/400, Loss: 0.00001489
Epoch 197/400, Loss: 0.00001025
Epoch 198/400, Loss: 0.00001566
Epoch 199/400, Loss: 0.00002519
Epoch 200/400, Loss: 0.00001111
validating
Current best validation errs by now: 0.0006142393474639844
Epoch 201/400, Loss: 0.00000890
Epoch 202/400, Loss: 0.00001035
Epoch 203/400, Loss: 0.00003979
Epoch 204/400, Loss: 0.00002012
Epoch 205/400, Loss: 0.00001320
validating
Current best validation errs by now: 0.0005623619771570027
Epoch 206/400, Loss: 0.00000602
Epoch 207/400, Loss: 0.00000572
Epoch 208/400, Loss: 0.00001979
Epoch 209/400, Loss: 0.00003342
Epoch 210/400, Loss: 0.00001147
validating
Current best validation errs by now: 0.0005499462887171596
Epoch 211/400, Loss: 0.00002377
Epoch 212/400, Loss: 0.00001152
Epoch 213/400, Loss: 0.00001788
Epoch 214/400, Loss: 0.00003187
Epoch 215/400, Loss: 0.00002206
validating
Current best validation errs by now: 0.0005499462887171596
Epoch 216/400, Loss: 0.00000218
Epoch 217/400, Loss: 0.00000867
Epoch 218/400, Loss: 0.00001290
Epoch 219/400, Loss: 0.00001431
Epoch 220/400, Loss: 0.00000522
validating
Current best validation errs by now: 0.0005341881525612646
Epoch 221/400, Loss: 0.00001058
Epoch 222/400, Loss: 0.00003270
Epoch 223/400, Loss: 0.00000865
Epoch 224/400, Loss: 0.00004751
Epoch 225/400, Loss: 0.00005322
validating
Current best validation errs by now: 0.0005341881525612646
Epoch 226/400, Loss: 0.00002159
Epoch 227/400, Loss: 0.00002124
Epoch 228/400, Loss: 0.00001128
Epoch 229/400, Loss: 0.00000404
Epoch 230/400, Loss: 0.00001384
validating
Current best validation errs by now: 0.0005341881525612646
Epoch 231/400, Loss: 0.00002322
Epoch 232/400, Loss: 0.00000600
Epoch 233/400, Loss: 0.00000991
Epoch 234/400, Loss: 0.00001544
Epoch 235/400, Loss: 0.00001602
validating
Current best validation errs by now: 0.0005341881525612646
Epoch 236/400, Loss: 0.00000902
Epoch 237/400, Loss: 0.00002214
Epoch 238/400, Loss: 0.00001196
Epoch 239/400, Loss: 0.00000656
Epoch 240/400, Loss: 0.00000821
validating
Current best validation errs by now: 0.0005341881525612646
Epoch 241/400, Loss: 0.00001827
Epoch 242/400, Loss: 0.00000791
Epoch 243/400, Loss: 0.00002135
Epoch 244/400, Loss: 0.00000762
Epoch 245/400, Loss: 0.00000642
validating
Current best validation errs by now: 0.0005341881525612646
Epoch 246/400, Loss: 0.00000327
Epoch 247/400, Loss: 0.00000729
Epoch 248/400, Loss: 0.00000939
Epoch 249/400, Loss: 0.00001335
Epoch 250/400, Loss: 0.00001043
validating
Current best validation errs by now: 0.0005341881525612646
Epoch 251/400, Loss: 0.00001449
Epoch 252/400, Loss: 0.00000681
Epoch 253/400, Loss: 0.00000808
Epoch 254/400, Loss: 0.00001827
Epoch 255/400, Loss: 0.00001049
validating
Current best validation errs by now: 0.0005290011148674473
Epoch 256/400, Loss: 0.00001009
Epoch 257/400, Loss: 0.00002156
Epoch 258/400, Loss: 0.00000690
Epoch 259/400, Loss: 0.00002435
Epoch 260/400, Loss: 0.00005432
validating
Current best validation errs by now: 0.0005290011148674473
Epoch 261/400, Loss: 0.00000868
Epoch 262/400, Loss: 0.00001065
Epoch 263/400, Loss: 0.00000994
Epoch 264/400, Loss: 0.00000287
Epoch 265/400, Loss: 0.00000966
validating
Current best validation errs by now: 0.0005290011148674473
Epoch 266/400, Loss: 0.00002364
Epoch 267/400, Loss: 0.00001295
Epoch 268/400, Loss: 0.00000998
Epoch 269/400, Loss: 0.00000854
Epoch 270/400, Loss: 0.00000742
validating
Current best validation errs by now: 0.0005139102516207663
Epoch 271/400, Loss: 0.00000556
Epoch 272/400, Loss: 0.00002722
Epoch 273/400, Loss: 0.00002246
Epoch 274/400, Loss: 0.00001999
Epoch 275/400, Loss: 0.00000486
validating
Current best validation errs by now: 0.0005049264084758056
Epoch 276/400, Loss: 0.00001261
Epoch 277/400, Loss: 0.00001099
Epoch 278/400, Loss: 0.00000488
Epoch 279/400, Loss: 0.00000702
Epoch 280/400, Loss: 0.00001723
validating
Current best validation errs by now: 0.0005049264084758056
Epoch 281/400, Loss: 0.00000867
Epoch 282/400, Loss: 0.00002094
Epoch 283/400, Loss: 0.00000567
Epoch 284/400, Loss: 0.00002131
Epoch 285/400, Loss: 0.00001115
validating
Current best validation errs by now: 0.0005049264084758056
Epoch 286/400, Loss: 0.00002655
Epoch 287/400, Loss: 0.00002510
Epoch 288/400, Loss: 0.00002616
Epoch 289/400, Loss: 0.00000403
Epoch 290/400, Loss: 0.00001859
validating
Current best validation errs by now: 0.0005049264084758056
Epoch 291/400, Loss: 0.00000777
Epoch 292/400, Loss: 0.00001079
Epoch 293/400, Loss: 0.00000650
Epoch 294/400, Loss: 0.00000276
Epoch 295/400, Loss: 0.00001156
validating
Current best validation errs by now: 0.0005049264084758056
Epoch 296/400, Loss: 0.00001447
Epoch 297/400, Loss: 0.00001581
Epoch 298/400, Loss: 0.00001409
Epoch 299/400, Loss: 0.00000488
Epoch 300/400, Loss: 0.00002019
validating
Current best validation errs by now: 0.0005049264084758056
Epoch 301/400, Loss: 0.00001684
Epoch 302/400, Loss: 0.00000725
Epoch 303/400, Loss: 0.00000298
Epoch 304/400, Loss: 0.00001956
Epoch 305/400, Loss: 0.00002197
validating
Current best validation errs by now: 0.0005049264084758056
Epoch 306/400, Loss: 0.00000694
Epoch 307/400, Loss: 0.00003204
Epoch 308/400, Loss: 0.00002025
Epoch 309/400, Loss: 0.00001053
Epoch 310/400, Loss: 0.00001063
validating
Current best validation errs by now: 0.0005049264084758056
Epoch 311/400, Loss: 0.00001088
Epoch 312/400, Loss: 0.00000272
Epoch 313/400, Loss: 0.00001111
Epoch 314/400, Loss: 0.00000265
Epoch 315/400, Loss: 0.00000596
validating
Current best validation errs by now: 0.0005049264084758056
Epoch 316/400, Loss: 0.00001005
Epoch 317/400, Loss: 0.00001969
Epoch 318/400, Loss: 0.00001245
Epoch 319/400, Loss: 0.00000279
Epoch 320/400, Loss: 0.00000424
validating
Current best validation errs by now: 0.00047251754515473883
Epoch 321/400, Loss: 0.00001070
Epoch 322/400, Loss: 0.00000732
Epoch 323/400, Loss: 0.00002902
Epoch 324/400, Loss: 0.00001966
Epoch 325/400, Loss: 0.00000359
validating
Current best validation errs by now: 0.00047251754515473883
Epoch 326/400, Loss: 0.00004120
Epoch 327/400, Loss: 0.00002763
Epoch 328/400, Loss: 0.00001152
Epoch 329/400, Loss: 0.00000775
Epoch 330/400, Loss: 0.00001332
validating
Current best validation errs by now: 0.00046623639354947954
Epoch 331/400, Loss: 0.00002240
Epoch 332/400, Loss: 0.00002536
Epoch 333/400, Loss: 0.00001189
Epoch 334/400, Loss: 0.00001010
Epoch 335/400, Loss: 0.00003293
validating
Current best validation errs by now: 0.00046623639354947954
Epoch 336/400, Loss: 0.00002820
Epoch 337/400, Loss: 0.00000513
Epoch 338/400, Loss: 0.00000500
Epoch 339/400, Loss: 0.00003005
Epoch 340/400, Loss: 0.00003172
validating
Current best validation errs by now: 0.00046623639354947954
Epoch 341/400, Loss: 0.00000620
Epoch 342/400, Loss: 0.00002083
Epoch 343/400, Loss: 0.00002223
Epoch 344/400, Loss: 0.00001622
Epoch 345/400, Loss: 0.00000940
validating
Current best validation errs by now: 0.00046623639354947954
Epoch 346/400, Loss: 0.00004658
Epoch 347/400, Loss: 0.00001270
Epoch 348/400, Loss: 0.00000791
Epoch 349/400, Loss: 0.00000387
Epoch 350/400, Loss: 0.00003037
validating
Current best validation errs by now: 0.00046623639354947954
Epoch 351/400, Loss: 0.00000437
Epoch 352/400, Loss: 0.00001943
Epoch 353/400, Loss: 0.00002574
Epoch 354/400, Loss: 0.00001442
Epoch 355/400, Loss: 0.00000676
validating
Current best validation errs by now: 0.00046623639354947954
Epoch 356/400, Loss: 0.00000782
Epoch 357/400, Loss: 0.00000888
Epoch 358/400, Loss: 0.00000272
Epoch 359/400, Loss: 0.00000745
Epoch 360/400, Loss: 0.00001609
validating
Current best validation errs by now: 0.00046623639354947954
Epoch 361/400, Loss: 0.00000631
Epoch 362/400, Loss: 0.00000454
Epoch 363/400, Loss: 0.00009590
Epoch 364/400, Loss: 0.00001412
Epoch 365/400, Loss: 0.00002386
validating
Current best validation errs by now: 0.00046623639354947954
Epoch 366/400, Loss: 0.00000914
Epoch 367/400, Loss: 0.00000974
Epoch 368/400, Loss: 0.00000905
Epoch 369/400, Loss: 0.00000442
Epoch 370/400, Loss: 0.00000310
validating
Current best validation errs by now: 0.00046623639354947954
Epoch 371/400, Loss: 0.00000681
Epoch 372/400, Loss: 0.00001626
Epoch 373/400, Loss: 0.00000542
Epoch 374/400, Loss: 0.00001149
Epoch 375/400, Loss: 0.00000631
validating
Current best validation errs by now: 0.00044050164363016527
Epoch 376/400, Loss: 0.00000497
Epoch 377/400, Loss: 0.00000781
Epoch 378/400, Loss: 0.00000936
Epoch 379/400, Loss: 0.00001128
Epoch 380/400, Loss: 0.00001207
validating
Current best validation errs by now: 0.00044050164363016527
Epoch 381/400, Loss: 0.00000779
Epoch 382/400, Loss: 0.00000850
Epoch 383/400, Loss: 0.00002504
Epoch 384/400, Loss: 0.00001358
Epoch 385/400, Loss: 0.00002416
validating
Current best validation errs by now: 0.00040888941786702604
Epoch 386/400, Loss: 0.00000677
Epoch 387/400, Loss: 0.00001050
Epoch 388/400, Loss: 0.00003556
Epoch 389/400, Loss: 0.00000922
Epoch 390/400, Loss: 0.00000813
validating
Current best validation errs by now: 0.00040888941786702604
Epoch 391/400, Loss: 0.00001232
Epoch 392/400, Loss: 0.00004037
Epoch 393/400, Loss: 0.00000611
Epoch 394/400, Loss: 0.00000805
Epoch 395/400, Loss: 0.00000423
validating
Current best validation errs by now: 0.00040888941786702604
Epoch 396/400, Loss: 0.00003314
Epoch 397/400, Loss: 0.00000808
Epoch 398/400, Loss: 0.00001232
Epoch 399/400, Loss: 0.00000859
Epoch 400/400, Loss: 0.00002563
total training time: 1507.8851146697998 seconds
evalute average performance on 188 samples
average stess relative err: 0.0012076960858316756
