
Currently Loaded Modules:
  1) openmpi/4.1.6

 

job is starting on gpua035.delta.ncsa.illinois.edu
/u/wzhong/miniconda3/bin/python3
# packages in environment at /u/wzhong/miniconda3:
#
# Name                    Version                   Build  Channel
/u/wzhong/miniconda3/lib/python3.12/site-packages/torch_geometric/deprecation.py:26: UserWarning: 'data.DataLoader' is deprecated, use 'loader.DataLoader' instead
  warnings.warn(out)
No Nvidia modulus is detected.
Creating data loaders...
Not finding in path 1
Creating data loaders...
Data loaders created: Train=2133, Val=355, Test=1067
Loading pretrained model ...
No trained model
model training ...
validating
Current best validation errs by now: 32.85249958844252
Epoch 1/400, Loss: 0.00000894
Epoch 2/400, Loss: 0.00000700
Epoch 3/400, Loss: 0.00000628
Epoch 4/400, Loss: 0.00000524
Epoch 5/400, Loss: 0.00000516
validating
Current best validation errs by now: 0.4983461240647544
Epoch 6/400, Loss: 0.00000463
Epoch 7/400, Loss: 0.00000548
Epoch 8/400, Loss: 0.00000473
Epoch 9/400, Loss: 0.00000496
Epoch 10/400, Loss: 0.00000408
validating
Current best validation errs by now: 0.4469242558512889
Epoch 11/400, Loss: 0.00000504
Epoch 12/400, Loss: 0.00000470
Epoch 13/400, Loss: 0.00000532
Epoch 14/400, Loss: 0.00000544
Epoch 15/400, Loss: 0.00000427
validating
Current best validation errs by now: 0.44447687620848
Epoch 16/400, Loss: 0.00000487
Epoch 17/400, Loss: 0.00000588
Epoch 18/400, Loss: 0.00000430
Epoch 19/400, Loss: 0.00000477
Epoch 20/400, Loss: 0.00000473
validating
Current best validation errs by now: 0.4309532547500772
Epoch 21/400, Loss: 0.00000343
Epoch 22/400, Loss: 0.00000487
Epoch 23/400, Loss: 0.00000427
Epoch 24/400, Loss: 0.00000456
Epoch 25/400, Loss: 0.00000377
validating
Current best validation errs by now: 0.42144905622576323
Epoch 26/400, Loss: 0.00000390
Epoch 27/400, Loss: 0.00000368
Epoch 28/400, Loss: 0.00000412
Epoch 29/400, Loss: 0.00000444
Epoch 30/400, Loss: 0.00000406
validating
Current best validation errs by now: 0.41461068291059683
Epoch 31/400, Loss: 0.00000359
Epoch 32/400, Loss: 0.00000379
Epoch 33/400, Loss: 0.00000367
Epoch 34/400, Loss: 0.00000369
Epoch 35/400, Loss: 0.00000483
validating
Current best validation errs by now: 0.404471020127686
Epoch 36/400, Loss: 0.00000363
Epoch 37/400, Loss: 0.00000384
Epoch 38/400, Loss: 0.00000333
Epoch 39/400, Loss: 0.00000394
Epoch 40/400, Loss: 0.00000428
validating
Current best validation errs by now: 0.4004584879102841
Epoch 41/400, Loss: 0.00000336
Epoch 42/400, Loss: 0.00000383
Epoch 43/400, Loss: 0.00000494
Epoch 44/400, Loss: 0.00000312
Epoch 45/400, Loss: 0.00000474
validating
Current best validation errs by now: 0.3998228329168239
Epoch 46/400, Loss: 0.00000407
Epoch 47/400, Loss: 0.00000307
Epoch 48/400, Loss: 0.00000434
Epoch 49/400, Loss: 0.00000313
Epoch 50/400, Loss: 0.00000324
validating
Current best validation errs by now: 0.3872859645897234
Epoch 51/400, Loss: 0.00000372
Epoch 52/400, Loss: 0.00000354
Epoch 53/400, Loss: 0.00000342
Epoch 54/400, Loss: 0.00000305
Epoch 55/400, Loss: 0.00000581
validating
Current best validation errs by now: 0.3872859645897234
Epoch 56/400, Loss: 0.00000296
Epoch 57/400, Loss: 0.00000408
Epoch 58/400, Loss: 0.00000303
Epoch 59/400, Loss: 0.00000400
Epoch 60/400, Loss: 0.00000322
validating
Current best validation errs by now: 0.3872859645897234
Epoch 61/400, Loss: 0.00000397
Epoch 62/400, Loss: 0.00000273
Epoch 63/400, Loss: 0.00000358
Epoch 64/400, Loss: 0.00000383
Epoch 65/400, Loss: 0.00000278
validating
Current best validation errs by now: 0.3778268482483609
Epoch 66/400, Loss: 0.00000290
Epoch 67/400, Loss: 0.00000384
Epoch 68/400, Loss: 0.00000325
Epoch 69/400, Loss: 0.00000312
Epoch 70/400, Loss: 0.00000316
validating
Current best validation errs by now: 0.3778268482483609
Epoch 71/400, Loss: 0.00000312
Epoch 72/400, Loss: 0.00000346
Epoch 73/400, Loss: 0.00000343
Epoch 74/400, Loss: 0.00000369
Epoch 75/400, Loss: 0.00000255
validating
Current best validation errs by now: 0.37421778709116116
Epoch 76/400, Loss: 0.00000384
Epoch 77/400, Loss: 0.00000424
Epoch 78/400, Loss: 0.00000292
Epoch 79/400, Loss: 0.00000309
Epoch 80/400, Loss: 0.00000430
validating
Current best validation errs by now: 0.3702448381504542
Epoch 81/400, Loss: 0.00000277
Epoch 82/400, Loss: 0.00000334
Epoch 83/400, Loss: 0.00000290
Epoch 84/400, Loss: 0.00000367
Epoch 85/400, Loss: 0.00000300
validating
Current best validation errs by now: 0.36794883642398135
Epoch 86/400, Loss: 0.00000372
Epoch 87/400, Loss: 0.00000259
Epoch 88/400, Loss: 0.00000303
Epoch 89/400, Loss: 0.00000280
Epoch 90/400, Loss: 0.00000305
validating
Current best validation errs by now: 0.36794883642398135
Epoch 91/400, Loss: 0.00000292
Epoch 92/400, Loss: 0.00000325
Epoch 93/400, Loss: 0.00000331
Epoch 94/400, Loss: 0.00000344
Epoch 95/400, Loss: 0.00000285
validating
Current best validation errs by now: 0.3653382699254533
Epoch 96/400, Loss: 0.00000360
Epoch 97/400, Loss: 0.00000321
Epoch 98/400, Loss: 0.00000350
Epoch 99/400, Loss: 0.00000304
Epoch 100/400, Loss: 0.00000351
validating
Current best validation errs by now: 0.362374355675469
Epoch 101/400, Loss: 0.00000344
Epoch 102/400, Loss: 0.00000349
Epoch 103/400, Loss: 0.00000275
Epoch 104/400, Loss: 0.00000345
Epoch 105/400, Loss: 0.00000340
validating
Current best validation errs by now: 0.362374355675469
Epoch 106/400, Loss: 0.00000288
Epoch 107/400, Loss: 0.00000292
Epoch 108/400, Loss: 0.00000314
Epoch 109/400, Loss: 0.00000226
Epoch 110/400, Loss: 0.00000313
validating
Current best validation errs by now: 0.3584283068986006
Epoch 111/400, Loss: 0.00000371
Epoch 112/400, Loss: 0.00000304
Epoch 113/400, Loss: 0.00000243
slurmstepd: error: *** JOB 8843485 ON gpua035 CANCELLED AT 2025-04-04T07:53:05 DUE TO TIME LIMIT ***
