
Currently Loaded Modules:
  1) openmpi/4.1.6

 

job is starting on gpua092.delta.ncsa.illinois.edu
/u/wzhong/miniconda3/bin/python3
# packages in environment at /u/wzhong/miniconda3:
#
# Name                    Version                   Build  Channel
/u/wzhong/miniconda3/lib/python3.12/site-packages/torch_geometric/deprecation.py:26: UserWarning: 'data.DataLoader' is deprecated, use 'loader.DataLoader' instead
  warnings.warn(out)
No Nvidia modulus is detected.
Creating data loaders...
Data loaders created: Train=1800, Val=300, Test=900
Creating data loaders...
Not finding in path 2
Loading pretrained model ...
No trained model
model training ...
validating
Current best validation errs by now: 1.4941707292199136
Epoch 1/400, Loss: 0.00201519
Epoch 2/400, Loss: 0.00114681
Epoch 3/400, Loss: 0.00036327
Epoch 4/400, Loss: 0.00155822
Epoch 5/400, Loss: 0.00088312
validating
Current best validation errs by now: 0.11606744177639484
Epoch 6/400, Loss: 0.00029145
Epoch 7/400, Loss: 0.00071918
Epoch 8/400, Loss: 0.00019146
Epoch 9/400, Loss: 0.00059509
Epoch 10/400, Loss: 0.00035103
validating
Current best validation errs by now: 0.0784540684397022
Epoch 11/400, Loss: 0.00016615
Epoch 12/400, Loss: 0.00007117
Epoch 13/400, Loss: 0.00011372
Epoch 14/400, Loss: 0.00015889
Epoch 15/400, Loss: 0.00076603
validating
Current best validation errs by now: 0.05344658115257819
Epoch 16/400, Loss: 0.00009746
Epoch 17/400, Loss: 0.00105907
Epoch 18/400, Loss: 0.00025114
Epoch 19/400, Loss: 0.00005672
Epoch 20/400, Loss: 0.00008763
validating
Current best validation errs by now: 0.045844065907100835
Epoch 21/400, Loss: 0.00028287
Epoch 22/400, Loss: 0.00007570
Epoch 23/400, Loss: 0.00038604
Epoch 24/400, Loss: 0.00003694
Epoch 25/400, Loss: 0.00004611
validating
Current best validation errs by now: 0.03885429608946045
Epoch 26/400, Loss: 0.00007686
Epoch 27/400, Loss: 0.00004225
Epoch 28/400, Loss: 0.00015727
Epoch 29/400, Loss: 0.00034459
Epoch 30/400, Loss: 0.00005269
validating
Current best validation errs by now: 0.03601268242423733
Epoch 31/400, Loss: 0.00004472
Epoch 32/400, Loss: 0.00004514
Epoch 33/400, Loss: 0.00006463
Epoch 34/400, Loss: 0.00005312
Epoch 35/400, Loss: 0.00002505
validating
Current best validation errs by now: 0.03196215133493145
Epoch 36/400, Loss: 0.00008922
Epoch 37/400, Loss: 0.00009174
Epoch 38/400, Loss: 0.00003109
Epoch 39/400, Loss: 0.00011459
Epoch 40/400, Loss: 0.00001950
validating
Current best validation errs by now: 0.028944762162864207
Epoch 41/400, Loss: 0.00003015
Epoch 42/400, Loss: 0.00001087
Epoch 43/400, Loss: 0.00004019
Epoch 44/400, Loss: 0.00003315
Epoch 45/400, Loss: 0.00002326
validating
Current best validation errs by now: 0.02560992494225502
Epoch 46/400, Loss: 0.00001595
Epoch 47/400, Loss: 0.00015935
Epoch 48/400, Loss: 0.00002718
Epoch 49/400, Loss: 0.00001911
Epoch 50/400, Loss: 0.00003779
validating
Current best validation errs by now: 0.02560992494225502
Epoch 51/400, Loss: 0.00003224
Epoch 52/400, Loss: 0.00001939
Epoch 53/400, Loss: 0.00006661
Epoch 54/400, Loss: 0.00002452
Epoch 55/400, Loss: 0.00005146
validating
Current best validation errs by now: 0.02560992494225502
Epoch 56/400, Loss: 0.00002556
Epoch 57/400, Loss: 0.00002036
Epoch 58/400, Loss: 0.00004344
Epoch 59/400, Loss: 0.00004735
Epoch 60/400, Loss: 0.00002712
validating
Current best validation errs by now: 0.02560992494225502
Epoch 61/400, Loss: 0.00001539
Epoch 62/400, Loss: 0.00003408
Epoch 63/400, Loss: 0.00001264
Epoch 64/400, Loss: 0.00002760
Epoch 65/400, Loss: 0.00003023
validating
Current best validation errs by now: 0.02560992494225502
Epoch 66/400, Loss: 0.00001033
Epoch 67/400, Loss: 0.00001385
Epoch 68/400, Loss: 0.00004338
Epoch 69/400, Loss: 0.00004581
Epoch 70/400, Loss: 0.00001116
validating
Current best validation errs by now: 0.01937730533691744
Epoch 71/400, Loss: 0.00002104
Epoch 72/400, Loss: 0.00003169
Epoch 73/400, Loss: 0.00002102
Epoch 74/400, Loss: 0.00005070
Epoch 75/400, Loss: 0.00001037
validating
Current best validation errs by now: 0.01937730533691744
Epoch 76/400, Loss: 0.00002372
Epoch 77/400, Loss: 0.00001575
Epoch 78/400, Loss: 0.00003115
Epoch 79/400, Loss: 0.00001767
Epoch 80/400, Loss: 0.00007165
validating
Current best validation errs by now: 0.01937730533691744
Epoch 81/400, Loss: 0.00038586
Epoch 82/400, Loss: 0.00018064
Epoch 83/400, Loss: 0.00001588
Epoch 84/400, Loss: 0.00012901
Epoch 85/400, Loss: 0.00000749
validating
Current best validation errs by now: 0.017926482207452257
Epoch 86/400, Loss: 0.00002246
Epoch 87/400, Loss: 0.00000893
Epoch 88/400, Loss: 0.00000656
Epoch 89/400, Loss: 0.00000612
Epoch 90/400, Loss: 0.00001090
validating
Current best validation errs by now: 0.017926482207452257
Epoch 91/400, Loss: 0.00007893
Epoch 92/400, Loss: 0.00004848
Epoch 93/400, Loss: 0.00004678
Epoch 94/400, Loss: 0.00012710
Epoch 95/400, Loss: 0.00000560
validating
Current best validation errs by now: 0.017926482207452257
Epoch 96/400, Loss: 0.00003382
Epoch 97/400, Loss: 0.00001609
Epoch 98/400, Loss: 0.00000603
Epoch 99/400, Loss: 0.00004301
Epoch 100/400, Loss: 0.00005901
validating
Current best validation errs by now: 0.017926482207452257
Epoch 101/400, Loss: 0.00001124
Epoch 102/400, Loss: 0.00001829
Epoch 103/400, Loss: 0.00010131
Epoch 104/400, Loss: 0.00028564
Epoch 105/400, Loss: 0.00001498
validating
Current best validation errs by now: 0.017926482207452257
Epoch 106/400, Loss: 0.00000682
slurmstepd: error: *** JOB 8843478 ON gpua092 CANCELLED AT 2025-04-04T06:13:33 DUE TO TIME LIMIT ***
