
====================
== NVIDIA Modulus ==
====================

NVIDIA Release 24.09 (build 18526012)
Modulus PyPi Version 0.9.0 (Git Commit: eb01d2a)
Modulus Sym PyPi Version 1.7.0 (Git Commit: 249b76a)
Container image Copyright (c) 2024, NVIDIA CORPORATION & AFFILIATES. All rights reserved.
Copyright (c) 2014-2024 Facebook Inc.
Copyright (c) 2011-2014 Idiap Research Institute (Ronan Collobert)
Copyright (c) 2012-2014 Deepmind Technologies    (Koray Kavukcuoglu)
Copyright (c) 2011-2012 NEC Laboratories America (Koray Kavukcuoglu)
Copyright (c) 2011-2013 NYU                      (Clement Farabet)
Copyright (c) 2006-2010 NEC Laboratories America (Ronan Collobert, Leon Bottou, Iain Melvin, Jason Weston)
Copyright (c) 2006      Idiap Research Institute (Samy Bengio)
Copyright (c) 2001-2004 Idiap Research Institute (Ronan Collobert, Samy Bengio, Johnny Mariethoz)
Copyright (c) 2015      Google Inc.
Copyright (c) 2015      Yangqing Jia
Copyright (c) 2013-2016 The Caffe contributors
All rights reserved.

Various files include modifications (c) NVIDIA CORPORATION & AFFILIATES.  All rights reserved.

This container image and its contents are governed by the NVIDIA Deep Learning Container License.
By pulling and using the container, you accept the terms and conditions of this license:
https://developer.nvidia.com/ngc/nvidia-deep-learning-container-license

NOTE: CUDA Forward Compatibility mode ENABLED.
  Using CUDA 12.6 driver version 560.35.03 with kernel driver version 550.144.03.
  See https://docs.nvidia.com/deploy/cuda-compatibility/ for details.

job is starting on gpua024.delta.ncsa.illinois.edu
Python 3.10.12
/usr/local/lib/python3.10/dist-packages/torch_geometric/deprecation.py:22: UserWarning: 'data.DataLoader' is deprecated, use 'loader.DataLoader' instead
  warnings.warn(out)
/usr/local/lib/python3.10/dist-packages/torch/functional.py:512: UserWarning: torch.meshgrid: in an upcoming release, it will be required to pass the indexing argument. (Triggered internally at ../aten/src/ATen/native/TensorShape.cpp:3587.)
  return _VF.meshgrid(tensors, **kwargs)  # type: ignore[attr-defined]
Warp 1.3.3 initialized:
   CUDA Toolkit 12.5, Driver 12.6
   Devices:
     "cpu"      : "x86_64"
     "cuda:0"   : "NVIDIA A100-SXM4-40GB" (39 GiB, sm_80, mempool enabled)
   Kernel cache:
     /u/wzhong/.cache/warp/1.3.3
Creating data loaders...
Data loaders created: Train=2499, Val=416, Test=1250
Loading pretrained model ...
model training ...
validating
Module modulus.models.figconvnet.warp_neighbor_search 7da5518 load on device 'cuda:0' took 2996.70 ms  (compiled)
Current best validation errs by now: 0.4056361657517011
Epoch 1/400, Loss: 436.94814876
validating
Current best validation errs by now: 0.28965965328978843
Epoch 2/400, Loss: 290.51231613
validating
Current best validation errs by now: 0.25539485291511166
Epoch 3/400, Loss: 237.03521766
validating
Current best validation errs by now: 0.2355667484932396
Epoch 4/400, Loss: 205.46137471
validating
Current best validation errs by now: 0.22980986296438893
Epoch 5/400, Loss: 182.40234573
validating
Current best validation errs by now: 0.21038362311691988
Epoch 6/400, Loss: 167.43872556
validating
Current best validation errs by now: 0.2059826143995291
Epoch 7/400, Loss: 156.87936120
validating
Current best validation errs by now: 0.1936835772505089
Epoch 8/400, Loss: 146.13754773
validating
Current best validation errs by now: 0.1936835772505089
Epoch 9/400, Loss: 140.27436196
validating
Current best validation errs by now: 0.18242394971270331
slurmstepd: error: *** JOB 9303849 ON gpua024 CANCELLED AT 2025-04-23T22:06:10 DUE TO TIME LIMIT ***
