
====================
== NVIDIA Modulus ==
====================

NVIDIA Release 24.09 (build 18526012)
Modulus PyPi Version 0.9.0 (Git Commit: eb01d2a)
Modulus Sym PyPi Version 1.7.0 (Git Commit: 249b76a)
Container image Copyright (c) 2024, NVIDIA CORPORATION & AFFILIATES. All rights reserved.
Copyright (c) 2014-2024 Facebook Inc.
Copyright (c) 2011-2014 Idiap Research Institute (Ronan Collobert)
Copyright (c) 2012-2014 Deepmind Technologies    (Koray Kavukcuoglu)
Copyright (c) 2011-2012 NEC Laboratories America (Koray Kavukcuoglu)
Copyright (c) 2011-2013 NYU                      (Clement Farabet)
Copyright (c) 2006-2010 NEC Laboratories America (Ronan Collobert, Leon Bottou, Iain Melvin, Jason Weston)
Copyright (c) 2006      Idiap Research Institute (Samy Bengio)
Copyright (c) 2001-2004 Idiap Research Institute (Ronan Collobert, Samy Bengio, Johnny Mariethoz)
Copyright (c) 2015      Google Inc.
Copyright (c) 2015      Yangqing Jia
Copyright (c) 2013-2016 The Caffe contributors
All rights reserved.

Various files include modifications (c) NVIDIA CORPORATION & AFFILIATES.  All rights reserved.

This container image and its contents are governed by the NVIDIA Deep Learning Container License.
By pulling and using the container, you accept the terms and conditions of this license:
https://developer.nvidia.com/ngc/nvidia-deep-learning-container-license

NOTE: CUDA Forward Compatibility mode ENABLED.
  Using CUDA 12.6 driver version 560.35.03 with kernel driver version 550.144.03.
  See https://docs.nvidia.com/deploy/cuda-compatibility/ for details.

job is starting on gpua012.delta.ncsa.illinois.edu
Python 3.10.12
/usr/local/lib/python3.10/dist-packages/torch_geometric/deprecation.py:22: UserWarning: 'data.DataLoader' is deprecated, use 'loader.DataLoader' instead
  warnings.warn(out)
/usr/local/lib/python3.10/dist-packages/torch/functional.py:512: UserWarning: torch.meshgrid: in an upcoming release, it will be required to pass the indexing argument. (Triggered internally at ../aten/src/ATen/native/TensorShape.cpp:3587.)
  return _VF.meshgrid(tensors, **kwargs)  # type: ignore[attr-defined]
Warp 1.3.3 initialized:
   CUDA Toolkit 12.5, Driver 12.6
   Devices:
     "cpu"      : "x86_64"
     "cuda:0"   : "NVIDIA A100-SXM4-40GB" (39 GiB, sm_80, mempool enabled)
   Kernel cache:
     /u/wzhong/.cache/warp/1.3.3
Creating data loaders...
Data loaders created: Train=1800, Val=300, Test=900
Creating data loaders...
Not finding in path 2
Loading pretrained model ...
No trained model
model training ...
validating
Module modulus.models.figconvnet.warp_neighbor_search 7da5518 load on device 'cuda:0' took 1847.50 ms  (compiled)
Current best validation errs by now: 0.9345592453082403
/usr/local/lib/python3.10/dist-packages/torch/autograd/graph.py:744: UserWarning: Plan failed with a cudnnException: CUDNN_BACKEND_EXECUTION_PLAN_DESCRIPTOR: cudnnFinalize Descriptor Failed cudnn_status: CUDNN_STATUS_NOT_SUPPORTED (Triggered internally at ../aten/src/ATen/native/cudnn/Conv_v8.cpp:919.)
  return Variable._execution_engine.run_backward(  # Calls into the C++ engine to run the backward pass
Epoch 1/400, Loss: 3.69313009
validating
Current best validation errs by now: 0.07673168540000916
Epoch 2/400, Loss: 0.56204943
validating
Current best validation errs by now: 0.06216958453257879
Epoch 3/400, Loss: 0.36272028
validating
Current best validation errs by now: 0.04558638761440913
Epoch 4/400, Loss: 0.27423504
validating
Current best validation errs by now: 0.04558638761440913
Epoch 5/400, Loss: 0.23293594
validating
Current best validation errs by now: 0.04558638761440913
Epoch 6/400, Loss: 0.18791461
validating
Current best validation errs by now: 0.03633070889860392
Epoch 7/400, Loss: 0.18301055
validating
Current best validation errs by now: 0.03633070889860392
Epoch 8/400, Loss: 0.15540781
validating
Current best validation errs by now: 0.02594179253404339
Epoch 9/400, Loss: 0.16352584
validating
Current best validation errs by now: 0.02594179253404339
Epoch 10/400, Loss: 0.12473839
validating
Current best validation errs by now: 0.02594179253404339
Epoch 11/400, Loss: 0.13348990
validating
Current best validation errs by now: 0.02594179253404339
Epoch 12/400, Loss: 0.09069376
validating
Current best validation errs by now: 0.020181745467707516
Epoch 13/400, Loss: 0.11056688
validating
Current best validation errs by now: 0.020181745467707516
Epoch 14/400, Loss: 0.09772130
validating
Current best validation errs by now: 0.020181745467707516
Epoch 15/400, Loss: 0.10993885
validating
Current best validation errs by now: 0.020181745467707516
Epoch 16/400, Loss: 0.09609229
validating
Current best validation errs by now: 0.019579502260312437
Epoch 17/400, Loss: 0.09060247
validating
Current best validation errs by now: 0.019579502260312437
Epoch 18/400, Loss: 0.08667223
validating
Current best validation errs by now: 0.019579502260312437
Epoch 19/400, Loss: 0.07790175
validating
Current best validation errs by now: 0.019579502260312437
Epoch 20/400, Loss: 0.08910749
validating
Current best validation errs by now: 0.019579502260312437
Epoch 21/400, Loss: 0.08363353
validating
Current best validation errs by now: 0.01909857859214147
Epoch 22/400, Loss: 0.07125079
validating
Current best validation errs by now: 0.016252585385615626
Epoch 23/400, Loss: 0.06878130
validating
Current best validation errs by now: 0.01617089535109699
Epoch 24/400, Loss: 0.07327344
validating
Current best validation errs by now: 0.01617089535109699
Epoch 25/400, Loss: 0.06290033
validating
Current best validation errs by now: 0.01567165189422667
Epoch 26/400, Loss: 0.05903299
validating
Current best validation errs by now: 0.01567165189422667
Epoch 27/400, Loss: 0.06033894
validating
Current best validation errs by now: 0.01567165189422667
Epoch 28/400, Loss: 0.06415931
validating
Current best validation errs by now: 0.015292984281356135
Epoch 29/400, Loss: 0.07415067
validating
Current best validation errs by now: 0.015292984281356135
Epoch 30/400, Loss: 0.05268521
validating
Current best validation errs by now: 0.015292984281356135
Epoch 31/400, Loss: 0.05206196
validating
Current best validation errs by now: 0.015292984281356135
Epoch 32/400, Loss: 0.05965173
validating
Current best validation errs by now: 0.015292984281356135
Epoch 33/400, Loss: 0.04802373
validating
Current best validation errs by now: 0.014666343815624714
Epoch 34/400, Loss: 0.05767385
validating
Current best validation errs by now: 0.014666343815624714
Epoch 35/400, Loss: 0.05479753
validating
Current best validation errs by now: 0.014666343815624714
Epoch 36/400, Loss: 0.04496020
validating
Current best validation errs by now: 0.014666343815624714
Epoch 37/400, Loss: 0.06111878
validating
Current best validation errs by now: 0.014666343815624714
Epoch 38/400, Loss: 0.03419188
validating
Current best validation errs by now: 0.014666343815624714
Epoch 39/400, Loss: 0.05023466
validating
Current best validation errs by now: 0.014666343815624714
Epoch 40/400, Loss: 0.04781212
validating
Current best validation errs by now: 0.014666343815624714
Epoch 41/400, Loss: 0.04148958
validating
Current best validation errs by now: 0.014666343815624714
Epoch 42/400, Loss: 0.04456424
validating
Current best validation errs by now: 0.014666343815624714
Epoch 43/400, Loss: 0.04192154
validating
Current best validation errs by now: 0.014666343815624714
Epoch 44/400, Loss: 0.04281583
validating
Current best validation errs by now: 0.014666343815624714
Epoch 45/400, Loss: 0.03751493
validating
Current best validation errs by now: 0.014558483256647985
Epoch 46/400, Loss: 0.04660039
validating
Current best validation errs by now: 0.014053329974412918
Epoch 47/400, Loss: 0.03472854
validating
Current best validation errs by now: 0.014053329974412918
Epoch 48/400, Loss: 0.04145500
validating
Current best validation errs by now: 0.014053329974412918
Epoch 49/400, Loss: 0.03285847
validating
Current best validation errs by now: 0.014053329974412918
Epoch 50/400, Loss: 0.03250790
validating
Current best validation errs by now: 0.014053329974412918
Epoch 51/400, Loss: 0.03877543
validating
Current best validation errs by now: 0.014053329974412918
Epoch 52/400, Loss: 0.03086172
validating
Current best validation errs by now: 0.014053329974412918
Epoch 53/400, Loss: 0.03501262
validating
Current best validation errs by now: 0.014053329974412918
Epoch 54/400, Loss: 0.03312889
validating
Current best validation errs by now: 0.012158252239848177
Epoch 55/400, Loss: 0.03038668
validating
Current best validation errs by now: 0.012158252239848177
Epoch 56/400, Loss: 0.02903875
validating
Current best validation errs by now: 0.012158252239848177
Epoch 57/400, Loss: 0.03498409
validating
Current best validation errs by now: 0.012158252239848177
Epoch 58/400, Loss: 0.03138778
validating
Current best validation errs by now: 0.011399773489683867
Epoch 59/400, Loss: 0.02999316
validating
Current best validation errs by now: 0.011399773489683867
Epoch 60/400, Loss: 0.03126097
validating
Current best validation errs by now: 0.011399773489683867
Epoch 61/400, Loss: 0.02483905
validating
Current best validation errs by now: 0.011399773489683867
Epoch 62/400, Loss: 0.02998567
validating
Current best validation errs by now: 0.011399773489683867
Epoch 63/400, Loss: 0.03182770
validating
Current best validation errs by now: 0.011399773489683867
Epoch 64/400, Loss: 0.03359212
validating
Current best validation errs by now: 0.010932382992468775
Epoch 65/400, Loss: 0.02582089
validating
Current best validation errs by now: 0.010932382992468775
Epoch 66/400, Loss: 0.03442286
validating
Current best validation errs by now: 0.010932382992468775
Epoch 67/400, Loss: 0.02221825
validating
Current best validation errs by now: 0.010932382992468775
Epoch 68/400, Loss: 0.02524549
validating
Current best validation errs by now: 0.010932382992468775
Epoch 69/400, Loss: 0.02865817
validating
Current best validation errs by now: 0.010932382992468775
Epoch 70/400, Loss: 0.02617436
validating
Current best validation errs by now: 0.010932382992468775
Epoch 71/400, Loss: 0.02485656
validating
Current best validation errs by now: 0.010932382992468775
Epoch 72/400, Loss: 0.02350893
validating
Current best validation errs by now: 0.010932382992468775
Epoch 73/400, Loss: 0.02485560
validating
Current best validation errs by now: 0.010932382992468775
Epoch 74/400, Loss: 0.03084685
validating
Current best validation errs by now: 0.01054576391664644
Epoch 75/400, Loss: 0.02456212
validating
Current best validation errs by now: 0.01054576391664644
Epoch 76/400, Loss: 0.02130598
validating
Current best validation errs by now: 0.01054576391664644
Epoch 77/400, Loss: 0.02164186
validating
Current best validation errs by now: 0.01054576391664644
Epoch 78/400, Loss: 0.03177997
validating
Current best validation errs by now: 0.01054576391664644
Epoch 79/400, Loss: 0.01972226
validating
Current best validation errs by now: 0.01054576391664644
Epoch 80/400, Loss: 0.01828368
validating
Current best validation errs by now: 0.01054576391664644
Epoch 81/400, Loss: 0.02644652
validating
Current best validation errs by now: 0.01054576391664644
Epoch 82/400, Loss: 0.01672419
validating
Current best validation errs by now: 0.01054576391664644
Epoch 83/400, Loss: 0.02789698
validating
Current best validation errs by now: 0.01054576391664644
Epoch 84/400, Loss: 0.02054556
validating
Current best validation errs by now: 0.01054576391664644
Epoch 85/400, Loss: 0.01606593
validating
Current best validation errs by now: 0.01054576391664644
Epoch 86/400, Loss: 0.01929314
validating
Current best validation errs by now: 0.01054576391664644
Epoch 87/400, Loss: 0.02121349
validating
Current best validation errs by now: 0.01054576391664644
Epoch 88/400, Loss: 0.02392989
validating
Current best validation errs by now: 0.010119673688896
Epoch 89/400, Loss: 0.01742686
validating
Current best validation errs by now: 0.010119673688896
Epoch 90/400, Loss: 0.02070058
validating
Current best validation errs by now: 0.010119673688896
Epoch 91/400, Loss: 0.02157246
validating
Current best validation errs by now: 0.010119673688896
Epoch 92/400, Loss: 0.01588524
validating
Current best validation errs by now: 0.010119673688896
Epoch 93/400, Loss: 0.02278979
validating
Current best validation errs by now: 0.010119673688896
Epoch 94/400, Loss: 0.02139639
validating
Current best validation errs by now: 0.010119673688896
Epoch 95/400, Loss: 0.01720648
validating
Current best validation errs by now: 0.010119673688896
Epoch 96/400, Loss: 0.01930767
validating
Current best validation errs by now: 0.010119673688896
Epoch 97/400, Loss: 0.01733504
validating
Current best validation errs by now: 0.010119673688896
Epoch 98/400, Loss: 0.01584300
validating
Current best validation errs by now: 0.009641158239295086
Epoch 99/400, Loss: 0.01863471
validating
Current best validation errs by now: 0.009641158239295086
Epoch 100/400, Loss: 0.02111470
validating
Current best validation errs by now: 0.009641158239295086
Epoch 101/400, Loss: 0.01591989
validating
Current best validation errs by now: 0.009641158239295086
Epoch 102/400, Loss: 0.01339030
validating
Current best validation errs by now: 0.009641158239295086
Epoch 103/400, Loss: 0.01858423
validating
Current best validation errs by now: 0.009641158239295086
Epoch 104/400, Loss: 0.01548711
validating
Current best validation errs by now: 0.009641158239295086
Epoch 105/400, Loss: 0.02094889
validating
Current best validation errs by now: 0.009641158239295086
Epoch 106/400, Loss: 0.01509984
validating
Current best validation errs by now: 0.009641158239295086
Epoch 107/400, Loss: 0.01457766
validating
Current best validation errs by now: 0.009641158239295086
Epoch 108/400, Loss: 0.01690503
validating
Current best validation errs by now: 0.009641158239295086
Epoch 109/400, Loss: 0.01366852
validating
Current best validation errs by now: 0.00955596880055964
Epoch 110/400, Loss: 0.01465382
validating
Current best validation errs by now: 0.00955596880055964
Epoch 111/400, Loss: 0.01507626
validating
Current best validation errs by now: 0.00955596880055964
Epoch 112/400, Loss: 0.01402648
validating
Current best validation errs by now: 0.00955596880055964
Epoch 113/400, Loss: 0.01564948
validating
Current best validation errs by now: 0.00955596880055964
Epoch 114/400, Loss: 0.01531605
validating
Current best validation errs by now: 0.00955596880055964
Epoch 115/400, Loss: 0.01261189
validating
Current best validation errs by now: 0.00955596880055964
Epoch 116/400, Loss: 0.01957251
validating
Current best validation errs by now: 0.009281879498933752
Epoch 117/400, Loss: 0.01392762
validating
Current best validation errs by now: 0.009281879498933752
Epoch 118/400, Loss: 0.01907301
validating
Current best validation errs by now: 0.009014490386471152
Epoch 119/400, Loss: 0.01196682
validating
Current best validation errs by now: 0.009014490386471152
Epoch 120/400, Loss: 0.01413637
validating
Current best validation errs by now: 0.009014490386471152
slurmstepd: error: *** JOB 9026192 ON gpua012 CANCELLED AT 2025-04-11T04:40:03 DUE TO TIME LIMIT ***
