
====================
== NVIDIA Modulus ==
====================

NVIDIA Release 24.09 (build 18526012)
Modulus PyPi Version 0.9.0 (Git Commit: eb01d2a)
Modulus Sym PyPi Version 1.7.0 (Git Commit: 249b76a)
Container image Copyright (c) 2024, NVIDIA CORPORATION & AFFILIATES. All rights reserved.
Copyright (c) 2014-2024 Facebook Inc.
Copyright (c) 2011-2014 Idiap Research Institute (Ronan Collobert)
Copyright (c) 2012-2014 Deepmind Technologies    (Koray Kavukcuoglu)
Copyright (c) 2011-2012 NEC Laboratories America (Koray Kavukcuoglu)
Copyright (c) 2011-2013 NYU                      (Clement Farabet)
Copyright (c) 2006-2010 NEC Laboratories America (Ronan Collobert, Leon Bottou, Iain Melvin, Jason Weston)
Copyright (c) 2006      Idiap Research Institute (Samy Bengio)
Copyright (c) 2001-2004 Idiap Research Institute (Ronan Collobert, Samy Bengio, Johnny Mariethoz)
Copyright (c) 2015      Google Inc.
Copyright (c) 2015      Yangqing Jia
Copyright (c) 2013-2016 The Caffe contributors
All rights reserved.

Various files include modifications (c) NVIDIA CORPORATION & AFFILIATES.  All rights reserved.

This container image and its contents are governed by the NVIDIA Deep Learning Container License.
By pulling and using the container, you accept the terms and conditions of this license:
https://developer.nvidia.com/ngc/nvidia-deep-learning-container-license

NOTE: CUDA Forward Compatibility mode ENABLED.
  Using CUDA 12.6 driver version 560.35.03 with kernel driver version 550.144.03.
  See https://docs.nvidia.com/deploy/cuda-compatibility/ for details.

job is starting on gpua050.delta.ncsa.illinois.edu
Python 3.10.12
/usr/local/lib/python3.10/dist-packages/torch_geometric/deprecation.py:22: UserWarning: 'data.DataLoader' is deprecated, use 'loader.DataLoader' instead
  warnings.warn(out)
/usr/local/lib/python3.10/dist-packages/torch/functional.py:512: UserWarning: torch.meshgrid: in an upcoming release, it will be required to pass the indexing argument. (Triggered internally at ../aten/src/ATen/native/TensorShape.cpp:3587.)
  return _VF.meshgrid(tensors, **kwargs)  # type: ignore[attr-defined]
Warp 1.3.3 initialized:
   CUDA Toolkit 12.5, Driver 12.6
   Devices:
     "cpu"      : "x86_64"
     "cuda:0"   : "NVIDIA A100-SXM4-40GB" (39 GiB, sm_80, mempool enabled)
   Kernel cache:
     /u/wzhong/.cache/warp/1.3.3
Creating data loaders...
Data loaders created: Train=1282, Val=213, Test=643
Loading pretrained model ...
model training ...
validating
Module modulus.models.figconvnet.warp_neighbor_search 7da5518 load on device 'cuda:0' took 1804.65 ms  (compiled)
Current best validation errs by now: 0.32089269874801096
Epoch 1/400, Loss: 73.05050046
Epoch 2/400, Loss: 68.00943191
Epoch 3/400, Loss: 64.04605703
validating
Current best validation errs by now: 0.31728574556643974
Epoch 4/400, Loss: 60.39863970
Epoch 5/400, Loss: 57.09013217
Epoch 6/400, Loss: 54.27041001
validating
Current best validation errs by now: 0.3163368966377957
Epoch 7/400, Loss: 51.60890814
Epoch 8/400, Loss: 49.30527256
Epoch 9/400, Loss: 46.95803081
validating
Current best validation errs by now: 0.3163368966377957
Epoch 10/400, Loss: 44.46586418
Epoch 11/400, Loss: 43.03799468
Epoch 12/400, Loss: 41.76602547
validating
Current best validation errs by now: 0.3163368966377957
Epoch 13/400, Loss: 39.62589728
Epoch 14/400, Loss: 37.47689625
Epoch 15/400, Loss: 36.23835272
validating
Current best validation errs by now: 0.3163368966377957
Epoch 16/400, Loss: 34.59641779
Epoch 17/400, Loss: 33.75795420
Epoch 18/400, Loss: 32.95765037
validating
Current best validation errs by now: 0.3163368966377957
Epoch 19/400, Loss: 31.49678844
Epoch 20/400, Loss: 30.08547120
Epoch 21/400, Loss: 28.88098783
validating
Current best validation errs by now: 0.3163368966377957
Epoch 22/400, Loss: 28.39717598
Epoch 23/400, Loss: 27.38372602
Epoch 24/400, Loss: 26.47859036
validating
Current best validation errs by now: 0.3163368966377957
Epoch 25/400, Loss: 25.63575036
Epoch 26/400, Loss: 24.75558386
Epoch 27/400, Loss: 24.41172565
validating
Current best validation errs by now: 0.3163368966377957
Epoch 28/400, Loss: 23.05297854
Epoch 29/400, Loss: 22.17539946
Epoch 30/400, Loss: 21.93177497
validating
Current best validation errs by now: 0.3163368966377957
Epoch 31/400, Loss: 21.52868280
Epoch 32/400, Loss: 21.38123734
Epoch 33/400, Loss: 20.27465996
validating
Current best validation errs by now: 0.3163368966377957
Epoch 34/400, Loss: 20.29905278
Epoch 35/400, Loss: 19.90571263
Epoch 36/400, Loss: 18.70653381
validating
Current best validation errs by now: 0.3163368966377957
Epoch 37/400, Loss: 18.52571281
Epoch 38/400, Loss: 18.27741590
Epoch 39/400, Loss: 17.77730473
validating
Current best validation errs by now: 0.3163368966377957
Epoch 40/400, Loss: 17.37887248
Epoch 41/400, Loss: 17.45882104
Epoch 42/400, Loss: 16.83038109
validating
Current best validation errs by now: 0.3163368966377957
Epoch 43/400, Loss: 16.69264327
Epoch 44/400, Loss: 16.17485441
Epoch 45/400, Loss: 15.68850770
validating
Current best validation errs by now: 0.3163368966377957
Epoch 46/400, Loss: 15.40860334
Epoch 47/400, Loss: 14.71816416
Epoch 48/400, Loss: 14.80111511
validating
Current best validation errs by now: 0.3163368966377957
Epoch 49/400, Loss: 14.95811752
Epoch 50/400, Loss: 14.34003848
Epoch 51/400, Loss: 13.88332355
validating
Current best validation errs by now: 0.3163368966377957
Epoch 52/400, Loss: 13.94435667
Epoch 53/400, Loss: 13.58174824
Epoch 54/400, Loss: 13.50882747
validating
Current best validation errs by now: 0.3163368966377957
Epoch 55/400, Loss: 13.43325900
Epoch 56/400, Loss: 13.02360548
Epoch 57/400, Loss: 12.60794297
validating
Current best validation errs by now: 0.3163368966377957
Epoch 58/400, Loss: 12.53789325
Epoch 59/400, Loss: 12.67190256
Epoch 60/400, Loss: 12.26061943
validating
Current best validation errs by now: 0.3163368966377957
Epoch 61/400, Loss: 12.14766379
Epoch 62/400, Loss: 11.90960020
Epoch 63/400, Loss: 11.77613280
validating
Current best validation errs by now: 0.3163368966377957
Epoch 64/400, Loss: 11.18933117
Epoch 65/400, Loss: 11.46787086
Epoch 66/400, Loss: 11.43177593
validating
Current best validation errs by now: 0.3163368966377957
Epoch 67/400, Loss: 11.19461745
Epoch 68/400, Loss: 11.14999417
slurmstepd: error: *** JOB 9488304 ON gpua050 CANCELLED AT 2025-04-29T22:26:46 DUE TO TIME LIMIT ***
