
Currently Loaded Modules:
  1) openmpi/4.1.6

 

job is starting on gpua063.delta.ncsa.illinois.edu
/u/wzhong/miniconda3/bin/python3
# packages in environment at /u/wzhong/miniconda3:
#
# Name                    Version                   Build  Channel
/u/wzhong/miniconda3/lib/python3.12/site-packages/torch_geometric/deprecation.py:26: UserWarning: 'data.DataLoader' is deprecated, use 'loader.DataLoader' instead
  warnings.warn(out)
No Nvidia modulus is detected.
Creating data loaders...
Data loaders created: Train=1800, Val=300, Test=900
Creating data loaders...
Not finding in path 2
Loading pretrained model ...
No trained model
model training ...
validating
/u/wzhong/miniconda3/lib/python3.12/site-packages/torch_geometric/utils/sparse.py:277: UserWarning: Sparse CSR tensor support is in beta state. If you miss a functionality in the sparse tensor support, please submit a feature request to https://github.com/pytorch/pytorch/issues. (Triggered internally at /pytorch/aten/src/ATen/SparseCsrTensorImpl.cpp:53.)
  adj = torch.sparse_csr_tensor(
Current best validation errs by now: 1.7252376925945283
Epoch 1/400, Loss: 0.00882218
Epoch 2/400, Loss: 0.00770956
Epoch 3/400, Loss: 0.00953254
Epoch 4/400, Loss: 0.01103482
Epoch 5/400, Loss: 0.00717419
validating
Current best validation errs by now: 0.3418172196050485
Epoch 6/400, Loss: 0.00376506
Epoch 7/400, Loss: 0.00184043
Epoch 8/400, Loss: 0.00175515
Epoch 9/400, Loss: 0.00350341
Epoch 10/400, Loss: 0.00305500
validating
Current best validation errs by now: 0.24275351151823998
Epoch 11/400, Loss: 0.00248953
Epoch 12/400, Loss: 0.00126169
Epoch 13/400, Loss: 0.00396423
Epoch 14/400, Loss: 0.00477734
Epoch 15/400, Loss: 0.00248372
validating
Current best validation errs by now: 0.23718861018617948
Epoch 16/400, Loss: 0.00288449
Epoch 17/400, Loss: 0.00256848
Epoch 18/400, Loss: 0.00287328
slurmstepd: error: *** JOB 8844950 ON gpua063 CANCELLED AT 2025-04-04T08:03:39 DUE TO TIME LIMIT ***
