
Currently Loaded Modules:
  1) openmpi/4.1.6

 

job is starting on gpua085.delta.ncsa.illinois.edu
/u/wzhong/miniconda3/bin/python3
# packages in environment at /u/wzhong/miniconda3:
#
# Name                    Version                   Build  Channel
/u/wzhong/miniconda3/lib/python3.12/site-packages/torch_geometric/deprecation.py:26: UserWarning: 'data.DataLoader' is deprecated, use 'loader.DataLoader' instead
  warnings.warn(out)
No Nvidia modulus is detected.
Creating data loaders...
Data loaders created: Train=375, Val=62, Test=188
Creating data loaders...
Not finding in path 2
Loading pretrained model ...
No trained model
model training ...
validating
/u/wzhong/miniconda3/lib/python3.12/site-packages/torch_geometric/utils/sparse.py:277: UserWarning: Sparse CSR tensor support is in beta state. If you miss a functionality in the sparse tensor support, please submit a feature request to https://github.com/pytorch/pytorch/issues. (Triggered internally at /pytorch/aten/src/ATen/SparseCsrTensorImpl.cpp:53.)
  adj = torch.sparse_csr_tensor(
Current best validation errs by now: 0.059597072281664415
Epoch 1/400, Loss: 0.00805168
Epoch 2/400, Loss: 0.00873008
Epoch 3/400, Loss: 0.00272353
Epoch 4/400, Loss: 0.00225955
Epoch 5/400, Loss: 0.00434041
validating
Current best validation errs by now: 0.007994290974531923
Epoch 6/400, Loss: 0.00183787
Epoch 7/400, Loss: 0.00373123
Epoch 8/400, Loss: 0.00127260
Epoch 9/400, Loss: 0.00205364
Epoch 10/400, Loss: 0.00195010
validating
Current best validation errs by now: 0.006042393194811959
Epoch 11/400, Loss: 0.00296165
Epoch 12/400, Loss: 0.00167054
Epoch 13/400, Loss: 0.00196658
Epoch 14/400, Loss: 0.00086071
Epoch 15/400, Loss: 0.00311107
validating
Current best validation errs by now: 0.0054225829137008515
Epoch 16/400, Loss: 0.00141771
Epoch 17/400, Loss: 0.00036675
Epoch 18/400, Loss: 0.00042169
Epoch 19/400, Loss: 0.00026774
Epoch 20/400, Loss: 0.00025284
validating
Current best validation errs by now: 0.0054225829137008515
Epoch 21/400, Loss: 0.00067044
Epoch 22/400, Loss: 0.00030378
Epoch 23/400, Loss: 0.00030058
Epoch 24/400, Loss: 0.00103878
Epoch 25/400, Loss: 0.00281149
validating
Current best validation errs by now: 0.004860507155347976
Epoch 26/400, Loss: 0.00043455
Epoch 27/400, Loss: 0.00037384
Epoch 28/400, Loss: 0.00036504
Epoch 29/400, Loss: 0.00036345
Epoch 30/400, Loss: 0.00030578
validating
Current best validation errs by now: 0.0035527309763335414
Epoch 31/400, Loss: 0.00030590
Epoch 32/400, Loss: 0.00013547
Epoch 33/400, Loss: 0.00023913
Epoch 34/400, Loss: 0.00023667
Epoch 35/400, Loss: 0.00044099
validating
Current best validation errs by now: 0.0029938226836102623
Epoch 36/400, Loss: 0.00022455
Epoch 37/400, Loss: 0.00021981
Epoch 38/400, Loss: 0.00021794
Epoch 39/400, Loss: 0.00025256
Epoch 40/400, Loss: 0.00028278
validating
Current best validation errs by now: 0.0026583178513382953
Epoch 41/400, Loss: 0.00043702
Epoch 42/400, Loss: 0.00027198
Epoch 43/400, Loss: 0.00036048
Epoch 44/400, Loss: 0.00011051
Epoch 45/400, Loss: 0.00012377
validating
Current best validation errs by now: 0.002596536840898015
Epoch 46/400, Loss: 0.00016463
Epoch 47/400, Loss: 0.00023327
Epoch 48/400, Loss: 0.00046065
Epoch 49/400, Loss: 0.00016308
Epoch 50/400, Loss: 0.00033810
validating
Current best validation errs by now: 0.002381611040853445
Epoch 51/400, Loss: 0.00036289
Epoch 52/400, Loss: 0.00012838
Epoch 53/400, Loss: 0.00019394
Epoch 54/400, Loss: 0.00013846
Epoch 55/400, Loss: 0.00023157
validating
Current best validation errs by now: 0.0023414274929241547
Epoch 56/400, Loss: 0.00047771
Epoch 57/400, Loss: 0.00014119
Epoch 58/400, Loss: 0.00013933
Epoch 59/400, Loss: 0.00027035
Epoch 60/400, Loss: 0.00020620
validating
Current best validation errs by now: 0.0023414274929241547
Epoch 61/400, Loss: 0.00025027
Epoch 62/400, Loss: 0.00017628
Epoch 63/400, Loss: 0.00013830
Epoch 64/400, Loss: 0.00012779
Epoch 65/400, Loss: 0.00027524
validating
Current best validation errs by now: 0.00231948132521563
Epoch 66/400, Loss: 0.00029439
Epoch 67/400, Loss: 0.00025137
Epoch 68/400, Loss: 0.00013459
Epoch 69/400, Loss: 0.00013992
Epoch 70/400, Loss: 0.00049149
validating
Current best validation errs by now: 0.00231948132521563
Epoch 71/400, Loss: 0.00034252
Epoch 72/400, Loss: 0.00054986
Epoch 73/400, Loss: 0.00015605
Epoch 74/400, Loss: 0.00018637
Epoch 75/400, Loss: 0.00029631
validating
Current best validation errs by now: 0.00229874542621415
Epoch 76/400, Loss: 0.00025711
Epoch 77/400, Loss: 0.00017243
Epoch 78/400, Loss: 0.00017522
Epoch 79/400, Loss: 0.00027603
Epoch 80/400, Loss: 0.00024845
validating
Current best validation errs by now: 0.002271413264210306
Epoch 81/400, Loss: 0.00012544
Epoch 82/400, Loss: 0.00009390
Epoch 83/400, Loss: 0.00019151
Epoch 84/400, Loss: 0.00025831
Epoch 85/400, Loss: 0.00022747
validating
Current best validation errs by now: 0.002217953575910219
Epoch 86/400, Loss: 0.00014806
Epoch 87/400, Loss: 0.00014748
Epoch 88/400, Loss: 0.00038124
Epoch 89/400, Loss: 0.00022708
Epoch 90/400, Loss: 0.00021250
validating
Current best validation errs by now: 0.0022147099709048145
Epoch 91/400, Loss: 0.00022453
Epoch 92/400, Loss: 0.00024431
Epoch 93/400, Loss: 0.00018687
Epoch 94/400, Loss: 0.00015068
Epoch 95/400, Loss: 0.00008430
validating
Current best validation errs by now: 0.0021555836166014834
Epoch 96/400, Loss: 0.00011269
Epoch 97/400, Loss: 0.00017674
Epoch 98/400, Loss: 0.00031084
Epoch 99/400, Loss: 0.00013168
Epoch 100/400, Loss: 0.00011357
validating
Current best validation errs by now: 0.0021555836166014834
Epoch 101/400, Loss: 0.00010794
Epoch 102/400, Loss: 0.00026573
Epoch 103/400, Loss: 0.00025430
Epoch 104/400, Loss: 0.00022405
Epoch 105/400, Loss: 0.00010599
validating
Current best validation errs by now: 0.0021191020120656296
Epoch 106/400, Loss: 0.00026377
Epoch 107/400, Loss: 0.00013584
Epoch 108/400, Loss: 0.00010278
Epoch 109/400, Loss: 0.00016609
Epoch 110/400, Loss: 0.00012865
validating
Current best validation errs by now: 0.0021191020120656296
Epoch 111/400, Loss: 0.00019344
Epoch 112/400, Loss: 0.00024211
Epoch 113/400, Loss: 0.00030113
Epoch 114/400, Loss: 0.00018058
Epoch 115/400, Loss: 0.00014802
validating
Current best validation errs by now: 0.0020940304929090124
Epoch 116/400, Loss: 0.00021745
Epoch 117/400, Loss: 0.00021749
Epoch 118/400, Loss: 0.00033191
Epoch 119/400, Loss: 0.00029504
Epoch 120/400, Loss: 0.00041301
validating
Current best validation errs by now: 0.0020568878202128315
Epoch 121/400, Loss: 0.00012912
Epoch 122/400, Loss: 0.00019296
Epoch 123/400, Loss: 0.00013294
Epoch 124/400, Loss: 0.00025970
Epoch 125/400, Loss: 0.00012380
validating
Current best validation errs by now: 0.0020568878202128315
Epoch 126/400, Loss: 0.00016564
Epoch 127/400, Loss: 0.00009564
Epoch 128/400, Loss: 0.00026919
Epoch 129/400, Loss: 0.00018521
Epoch 130/400, Loss: 0.00012568
validating
Current best validation errs by now: 0.0019872441808993536
Epoch 131/400, Loss: 0.00015504
Epoch 132/400, Loss: 0.00016260
Epoch 133/400, Loss: 0.00009964
Epoch 134/400, Loss: 0.00009550
Epoch 135/400, Loss: 0.00030146
validating
Current best validation errs by now: 0.0019338715787706596
Epoch 136/400, Loss: 0.00016307
Epoch 137/400, Loss: 0.00022816
Epoch 138/400, Loss: 0.00007382
Epoch 139/400, Loss: 0.00017791
Epoch 140/400, Loss: 0.00018214
validating
Current best validation errs by now: 0.0019166525396999091
Epoch 141/400, Loss: 0.00015969
Epoch 142/400, Loss: 0.00007607
Epoch 143/400, Loss: 0.00024972
Epoch 144/400, Loss: 0.00009886
Epoch 145/400, Loss: 0.00011417
validating
Current best validation errs by now: 0.0019073127468507136
Epoch 146/400, Loss: 0.00019339
Epoch 147/400, Loss: 0.00022697
Epoch 148/400, Loss: 0.00006808
Epoch 149/400, Loss: 0.00017066
Epoch 150/400, Loss: 0.00034247
validating
Current best validation errs by now: 0.001870241508098139
Epoch 151/400, Loss: 0.00011941
Epoch 152/400, Loss: 0.00006784
Epoch 153/400, Loss: 0.00023090
Epoch 154/400, Loss: 0.00009043
Epoch 155/400, Loss: 0.00008458
validating
Current best validation errs by now: 0.0018519591802971498
Epoch 156/400, Loss: 0.00011798
Epoch 157/400, Loss: 0.00010715
Epoch 158/400, Loss: 0.00008358
Epoch 159/400, Loss: 0.00018949
Epoch 160/400, Loss: 0.00013503
validating
Current best validation errs by now: 0.0018519591802971498
Epoch 161/400, Loss: 0.00009358
Epoch 162/400, Loss: 0.00018415
Epoch 163/400, Loss: 0.00010171
Epoch 164/400, Loss: 0.00008112
Epoch 165/400, Loss: 0.00019553
validating
Current best validation errs by now: 0.001835454420577134
Epoch 166/400, Loss: 0.00017864
Epoch 167/400, Loss: 0.00024145
Epoch 168/400, Loss: 0.00018646
Epoch 169/400, Loss: 0.00008880
Epoch 170/400, Loss: 0.00006735
validating
Current best validation errs by now: 0.0018330947965413571
Epoch 171/400, Loss: 0.00022860
Epoch 172/400, Loss: 0.00016787
Epoch 173/400, Loss: 0.00016679
Epoch 174/400, Loss: 0.00006343
Epoch 175/400, Loss: 0.00009799
validating
Current best validation errs by now: 0.0018325222772546113
Epoch 176/400, Loss: 0.00010226
Epoch 177/400, Loss: 0.00014673
Epoch 178/400, Loss: 0.00006793
Epoch 179/400, Loss: 0.00008782
Epoch 180/400, Loss: 0.00028455
validating
Current best validation errs by now: 0.0018167254672716222
Epoch 181/400, Loss: 0.00010076
Epoch 182/400, Loss: 0.00016959
Epoch 183/400, Loss: 0.00016947
Epoch 184/400, Loss: 0.00015372
Epoch 185/400, Loss: 0.00011732
validating
Current best validation errs by now: 0.0018149891102145757
Epoch 186/400, Loss: 0.00008653
Epoch 187/400, Loss: 0.00012357
Epoch 188/400, Loss: 0.00011123
Epoch 189/400, Loss: 0.00014299
Epoch 190/400, Loss: 0.00008118
validating
Current best validation errs by now: 0.0018016125409743718
Epoch 191/400, Loss: 0.00007466
Epoch 192/400, Loss: 0.00038847
Epoch 193/400, Loss: 0.00010357
Epoch 194/400, Loss: 0.00010868
Epoch 195/400, Loss: 0.00015038
validating
Current best validation errs by now: 0.0017869629664346576
Epoch 196/400, Loss: 0.00008835
Epoch 197/400, Loss: 0.00020201
Epoch 198/400, Loss: 0.00010663
Epoch 199/400, Loss: 0.00010071
Epoch 200/400, Loss: 0.00008026
validating
Current best validation errs by now: 0.0017869629664346576
Epoch 201/400, Loss: 0.00014929
Epoch 202/400, Loss: 0.00019635
Epoch 203/400, Loss: 0.00012873
Epoch 204/400, Loss: 0.00028354
Epoch 205/400, Loss: 0.00006637
validating
Current best validation errs by now: 0.0017869629664346576
Epoch 206/400, Loss: 0.00012252
Epoch 207/400, Loss: 0.00019732
Epoch 208/400, Loss: 0.00007650
Epoch 209/400, Loss: 0.00012832
Epoch 210/400, Loss: 0.00014637
validating
Current best validation errs by now: 0.0017869629664346576
Epoch 211/400, Loss: 0.00036263
Epoch 212/400, Loss: 0.00007054
Epoch 213/400, Loss: 0.00010026
Epoch 214/400, Loss: 0.00018724
Epoch 215/400, Loss: 0.00006906
validating
Current best validation errs by now: 0.0017869629664346576
Epoch 216/400, Loss: 0.00007663
Epoch 217/400, Loss: 0.00005544
Epoch 218/400, Loss: 0.00010027
Epoch 219/400, Loss: 0.00007711
Epoch 220/400, Loss: 0.00008979
validating
Current best validation errs by now: 0.0017869629664346576
Epoch 221/400, Loss: 0.00007859
Epoch 222/400, Loss: 0.00009763
Epoch 223/400, Loss: 0.00008599
Epoch 224/400, Loss: 0.00004041
Epoch 225/400, Loss: 0.00005999
validating
Current best validation errs by now: 0.0017869629664346576
Epoch 226/400, Loss: 0.00012611
Epoch 227/400, Loss: 0.00007808
Epoch 228/400, Loss: 0.00006545
Epoch 229/400, Loss: 0.00004936
Epoch 230/400, Loss: 0.00007504
validating
Current best validation errs by now: 0.0017869629664346576
Epoch 231/400, Loss: 0.00030730
Epoch 232/400, Loss: 0.00005040
Epoch 233/400, Loss: 0.00010776
Epoch 234/400, Loss: 0.00008395
Epoch 235/400, Loss: 0.00005257
validating
Current best validation errs by now: 0.0017869629664346576
Epoch 236/400, Loss: 0.00012557
Epoch 237/400, Loss: 0.00008156
Epoch 238/400, Loss: 0.00004837
Epoch 239/400, Loss: 0.00014034
Epoch 240/400, Loss: 0.00006067
validating
Current best validation errs by now: 0.0016984848489594315
Epoch 241/400, Loss: 0.00003228
Epoch 242/400, Loss: 0.00004289
Epoch 243/400, Loss: 0.00004784
Epoch 244/400, Loss: 0.00015039
Epoch 245/400, Loss: 0.00004488
validating
Current best validation errs by now: 0.0015571508988467676
Epoch 246/400, Loss: 0.00003214
Epoch 247/400, Loss: 0.00021613
Epoch 248/400, Loss: 0.00004063
Epoch 249/400, Loss: 0.00005494
Epoch 250/400, Loss: 0.00004159
validating
Current best validation errs by now: 0.0015571508988467676
Epoch 251/400, Loss: 0.00004300
Epoch 252/400, Loss: 0.00003879
Epoch 253/400, Loss: 0.00004251
Epoch 254/400, Loss: 0.00005425
Epoch 255/400, Loss: 0.00006586
validating
Current best validation errs by now: 0.0014575637610358817
Epoch 256/400, Loss: 0.00005021
Epoch 257/400, Loss: 0.00005467
Epoch 258/400, Loss: 0.00002681
Epoch 259/400, Loss: 0.00005193
Epoch 260/400, Loss: 0.00003804
validating
Current best validation errs by now: 0.0014314096216337694
Epoch 261/400, Loss: 0.00004866
Epoch 262/400, Loss: 0.00005090
Epoch 263/400, Loss: 0.00011908
Epoch 264/400, Loss: 0.00003815
Epoch 265/400, Loss: 0.00006000
validating
Current best validation errs by now: 0.0014314096216337694
Epoch 266/400, Loss: 0.00006242
Epoch 267/400, Loss: 0.00005975
Epoch 268/400, Loss: 0.00005120
Epoch 269/400, Loss: 0.00005202
Epoch 270/400, Loss: 0.00010331
validating
Current best validation errs by now: 0.00134406796273505
Epoch 271/400, Loss: 0.00004727
Epoch 272/400, Loss: 0.00003021
Epoch 273/400, Loss: 0.00003912
Epoch 274/400, Loss: 0.00002681
Epoch 275/400, Loss: 0.00012237
validating
Current best validation errs by now: 0.00134406796273505
Epoch 276/400, Loss: 0.00009761
Epoch 277/400, Loss: 0.00002879
Epoch 278/400, Loss: 0.00004684
Epoch 279/400, Loss: 0.00003598
Epoch 280/400, Loss: 0.00003857
validating
Current best validation errs by now: 0.0013159921283893768
Epoch 281/400, Loss: 0.00004858
Epoch 282/400, Loss: 0.00005318
Epoch 283/400, Loss: 0.00004778
Epoch 284/400, Loss: 0.00010319
Epoch 285/400, Loss: 0.00003820
validating
Current best validation errs by now: 0.001287843317597083
Epoch 286/400, Loss: 0.00004449
Epoch 287/400, Loss: 0.00003146
Epoch 288/400, Loss: 0.00011825
Epoch 289/400, Loss: 0.00005095
Epoch 290/400, Loss: 0.00005136
validating
Current best validation errs by now: 0.001275191239396771
Epoch 291/400, Loss: 0.00005877
Epoch 292/400, Loss: 0.00003339
Epoch 293/400, Loss: 0.00002607
Epoch 294/400, Loss: 0.00004364
Epoch 295/400, Loss: 0.00004301
validating
Current best validation errs by now: 0.001275191239396771
Epoch 296/400, Loss: 0.00004259
Epoch 297/400, Loss: 0.00003678
Epoch 298/400, Loss: 0.00003393
Epoch 299/400, Loss: 0.00004421
Epoch 300/400, Loss: 0.00004717
validating
Current best validation errs by now: 0.001275191239396771
Epoch 301/400, Loss: 0.00009542
Epoch 302/400, Loss: 0.00011607
Epoch 303/400, Loss: 0.00004572
Epoch 304/400, Loss: 0.00004110
Epoch 305/400, Loss: 0.00003461
validating
Current best validation errs by now: 0.001275191239396771
Epoch 306/400, Loss: 0.00009467
Epoch 307/400, Loss: 0.00005298
Epoch 308/400, Loss: 0.00002511
Epoch 309/400, Loss: 0.00004244
Epoch 310/400, Loss: 0.00003938
validating
Current best validation errs by now: 0.001275191239396771
Epoch 311/400, Loss: 0.00003252
Epoch 312/400, Loss: 0.00003063
Epoch 313/400, Loss: 0.00018311
Epoch 314/400, Loss: 0.00008781
Epoch 315/400, Loss: 0.00005773
validating
Current best validation errs by now: 0.001275191239396771
Epoch 316/400, Loss: 0.00036642
Epoch 317/400, Loss: 0.00005812
Epoch 318/400, Loss: 0.00007405
Epoch 319/400, Loss: 0.00009586
Epoch 320/400, Loss: 0.00005571
validating
Current best validation errs by now: 0.001275191239396771
Epoch 321/400, Loss: 0.00003830
Epoch 322/400, Loss: 0.00007947
Epoch 323/400, Loss: 0.00003686
Epoch 324/400, Loss: 0.00003524
Epoch 325/400, Loss: 0.00003261
validating
Current best validation errs by now: 0.001275191239396771
Epoch 326/400, Loss: 0.00003657
Epoch 327/400, Loss: 0.00037689
Epoch 328/400, Loss: 0.00003725
Epoch 329/400, Loss: 0.00003331
Epoch 330/400, Loss: 0.00007838
validating
Current best validation errs by now: 0.001275191239396771
Epoch 331/400, Loss: 0.00002793
Epoch 332/400, Loss: 0.00003450
Epoch 333/400, Loss: 0.00004616
Epoch 334/400, Loss: 0.00002610
Epoch 335/400, Loss: 0.00004087
validating
Current best validation errs by now: 0.001275191239396771
Epoch 336/400, Loss: 0.00002344
Epoch 337/400, Loss: 0.00003357
Epoch 338/400, Loss: 0.00003817
Epoch 339/400, Loss: 0.00002939
Epoch 340/400, Loss: 0.00002669
validating
Current best validation errs by now: 0.001275191239396771
Epoch 341/400, Loss: 0.00004452
Epoch 342/400, Loss: 0.00006024
Epoch 343/400, Loss: 0.00005512
Epoch 344/400, Loss: 0.00003630
Epoch 345/400, Loss: 0.00002350
validating
Current best validation errs by now: 0.001275191239396771
Epoch 346/400, Loss: 0.00009617
Epoch 347/400, Loss: 0.00010066
Epoch 348/400, Loss: 0.00004303
Epoch 349/400, Loss: 0.00003439
Epoch 350/400, Loss: 0.00003069
validating
Current best validation errs by now: 0.001275191239396771
Epoch 351/400, Loss: 0.00007838
Epoch 352/400, Loss: 0.00007410
Epoch 353/400, Loss: 0.00003311
Epoch 354/400, Loss: 0.00003336
Epoch 355/400, Loss: 0.00005345
validating
Current best validation errs by now: 0.001275191239396771
Epoch 356/400, Loss: 0.00017380
Epoch 357/400, Loss: 0.00007952
Epoch 358/400, Loss: 0.00003261
Epoch 359/400, Loss: 0.00006265
Epoch 360/400, Loss: 0.00005076
validating
Current best validation errs by now: 0.001275191239396771
Epoch 361/400, Loss: 0.00003452
Epoch 362/400, Loss: 0.00006005
Epoch 363/400, Loss: 0.00001750
Epoch 364/400, Loss: 0.00005867
Epoch 365/400, Loss: 0.00003781
validating
Current best validation errs by now: 0.001275191239396771
Epoch 366/400, Loss: 0.00011629
Epoch 367/400, Loss: 0.00003581
Epoch 368/400, Loss: 0.00007156
Epoch 369/400, Loss: 0.00007144
Epoch 370/400, Loss: 0.00004335
validating
Current best validation errs by now: 0.001275191239396771
Epoch 371/400, Loss: 0.00003368
Epoch 372/400, Loss: 0.00003398
Epoch 373/400, Loss: 0.00003750
Epoch 374/400, Loss: 0.00003086
Epoch 375/400, Loss: 0.00004988
validating
Current best validation errs by now: 0.0012643301996567676
Epoch 376/400, Loss: 0.00003626
Epoch 377/400, Loss: 0.00002228
Epoch 378/400, Loss: 0.00003652
Epoch 379/400, Loss: 0.00003254
Epoch 380/400, Loss: 0.00013167
validating
Current best validation errs by now: 0.0012643301996567676
Epoch 381/400, Loss: 0.00016667
Epoch 382/400, Loss: 0.00005473
Epoch 383/400, Loss: 0.00003101
Epoch 384/400, Loss: 0.00006224
Epoch 385/400, Loss: 0.00003184
validating
Current best validation errs by now: 0.0012595906915638835
Epoch 386/400, Loss: 0.00007575
Epoch 387/400, Loss: 0.00003360
Epoch 388/400, Loss: 0.00008997
Epoch 389/400, Loss: 0.00007851
Epoch 390/400, Loss: 0.00002079
validating
Current best validation errs by now: 0.0012595906915638835
Epoch 391/400, Loss: 0.00008758
Epoch 392/400, Loss: 0.00003840
Epoch 393/400, Loss: 0.00010979
Epoch 394/400, Loss: 0.00006074
Epoch 395/400, Loss: 0.00005281
validating
Current best validation errs by now: 0.0012274027300713164
Epoch 396/400, Loss: 0.00003416
Epoch 397/400, Loss: 0.00003163
Epoch 398/400, Loss: 0.00003186
Epoch 399/400, Loss: 0.00003319
Epoch 400/400, Loss: 0.00004562
total training time: 13597.385695934296 seconds
evalute average performance on 188 samples
average stess relative err: 0.001998967022332858
