
Currently Loaded Modules:
  1) openmpi/4.1.6

 

job is starting on gpua015.delta.ncsa.illinois.edu
/u/wzhong/miniconda3/bin/python3
# packages in environment at /u/wzhong/miniconda3:
#
# Name                    Version                   Build  Channel
/u/wzhong/miniconda3/lib/python3.12/site-packages/torch_geometric/deprecation.py:26: UserWarning: 'data.DataLoader' is deprecated, use 'loader.DataLoader' instead
  warnings.warn(out)
No Nvidia modulus is detected.
Creating data loaders...
Data loaders created: Train=1282, Val=213, Test=643
Creating data loaders...
Not finding in path 2
Loading pretrained model ...
No trained model
model training ...
validating
/u/wzhong/miniconda3/lib/python3.12/site-packages/torch_geometric/utils/sparse.py:277: UserWarning: Sparse CSR tensor support is in beta state. If you miss a functionality in the sparse tensor support, please submit a feature request to https://github.com/pytorch/pytorch/issues. (Triggered internally at /pytorch/aten/src/ATen/SparseCsrTensorImpl.cpp:53.)
  adj = torch.sparse_csr_tensor(
Current best validation errs by now: 3.4049918489277085
Epoch 1/400, Loss: 0.00126311
Epoch 2/400, Loss: 0.00063087
Epoch 3/400, Loss: 0.00132756
Epoch 4/400, Loss: 0.00037769
Epoch 5/400, Loss: 0.00031272
validating
Current best validation errs by now: 0.9181605613847293
Epoch 6/400, Loss: 0.00021695
Epoch 7/400, Loss: 0.00036460
Epoch 8/400, Loss: 0.00026545
Epoch 9/400, Loss: 0.00034270
Epoch 10/400, Loss: 0.00026971
validating
Current best validation errs by now: 0.9181605613847293
Epoch 11/400, Loss: 0.00027836
Epoch 12/400, Loss: 0.00132634
Epoch 13/400, Loss: 0.00032049
Epoch 14/400, Loss: 0.00031300
Epoch 15/400, Loss: 0.00021369
validating
Current best validation errs by now: 0.9094177232661718
Epoch 16/400, Loss: 0.00027696
Epoch 17/400, Loss: 0.00023846
Epoch 18/400, Loss: 0.00042830
Epoch 19/400, Loss: 0.00060574
Epoch 20/400, Loss: 0.00025371
validating
Current best validation errs by now: 0.9043576031783377
Epoch 21/400, Loss: 0.00060316
Epoch 22/400, Loss: 0.00028390
Epoch 23/400, Loss: 0.00026192
Epoch 24/400, Loss: 0.00073372
Epoch 25/400, Loss: 0.00034247
validating
Current best validation errs by now: 0.8992865718026676
Epoch 26/400, Loss: 0.00079671
Epoch 27/400, Loss: 0.00021335
Epoch 28/400, Loss: 0.00057660
Epoch 29/400, Loss: 0.00030238
Epoch 30/400, Loss: 0.00030527
validating
Current best validation errs by now: 0.8907295739706693
Epoch 31/400, Loss: 0.00092495
Epoch 32/400, Loss: 0.00020201
Epoch 33/400, Loss: 0.00053719
Epoch 34/400, Loss: 0.00030374
Epoch 35/400, Loss: 0.00037310
validating
Current best validation errs by now: 0.8688333054103762
Epoch 36/400, Loss: 0.00030383
Epoch 37/400, Loss: 0.00037632
Epoch 38/400, Loss: 0.00041589
Epoch 39/400, Loss: 0.00018971
Epoch 40/400, Loss: 0.00036716
validating
Current best validation errs by now: 0.8665608850443307
Epoch 41/400, Loss: 0.00085107
Epoch 42/400, Loss: 0.00049656
Epoch 43/400, Loss: 0.00051159
Epoch 44/400, Loss: 0.00042737
Epoch 45/400, Loss: 0.00041169
validating
Current best validation errs by now: 0.8554015548576211
Epoch 46/400, Loss: 0.00051291
Epoch 47/400, Loss: 0.00053395
Epoch 48/400, Loss: 0.00036413
Epoch 49/400, Loss: 0.00028843
Epoch 50/400, Loss: 0.00085332
validating
Current best validation errs by now: 0.8481108406340012
Epoch 51/400, Loss: 0.00031087
Epoch 52/400, Loss: 0.00040705
Epoch 53/400, Loss: 0.00032529
Epoch 54/400, Loss: 0.00041635
Epoch 55/400, Loss: 0.00048582
validating
Current best validation errs by now: 0.8461203348468727
Epoch 56/400, Loss: 0.00068836
Epoch 57/400, Loss: 0.00016998
Epoch 58/400, Loss: 0.00033313
Epoch 59/400, Loss: 0.00085041
Epoch 60/400, Loss: 0.00029448
validating
Current best validation errs by now: 0.8442928606355694
Epoch 61/400, Loss: 0.00025249
Epoch 62/400, Loss: 0.00098737
Epoch 63/400, Loss: 0.00149128
Epoch 64/400, Loss: 0.00025458
Epoch 65/400, Loss: 0.00017664
validating
Current best validation errs by now: 0.8435551871156468
Epoch 66/400, Loss: 0.00027384
Epoch 67/400, Loss: 0.00021696
Epoch 68/400, Loss: 0.00081419
Epoch 69/400, Loss: 0.00041577
Epoch 70/400, Loss: 0.00019355
validating
Current best validation errs by now: 0.8424266767054097
Epoch 71/400, Loss: 0.00019625
Epoch 72/400, Loss: 0.00053216
Epoch 73/400, Loss: 0.00043488
Epoch 74/400, Loss: 0.00022735
Epoch 75/400, Loss: 0.00032441
validating
Current best validation errs by now: 0.8424266767054097
Epoch 76/400, Loss: 0.00019940
Epoch 77/400, Loss: 0.00017354
Epoch 78/400, Loss: 0.00029805
Epoch 79/400, Loss: 0.00017347
Epoch 80/400, Loss: 0.00017974
validating
Current best validation errs by now: 0.8424266767054097
Epoch 81/400, Loss: 0.00021178
Epoch 82/400, Loss: 0.00060974
Epoch 83/400, Loss: 0.00078230
Epoch 84/400, Loss: 0.00024080
Epoch 85/400, Loss: 0.00017869
validating
Current best validation errs by now: 0.8424266767054097
Epoch 86/400, Loss: 0.00034280
Epoch 87/400, Loss: 0.00037765
Epoch 88/400, Loss: 0.00027889
Epoch 89/400, Loss: 0.00020044
Epoch 90/400, Loss: 0.00038833
validating
Current best validation errs by now: 0.8403643031075527
Epoch 91/400, Loss: 0.00098166
Epoch 92/400, Loss: 0.00028560
Epoch 93/400, Loss: 0.00023319
Epoch 94/400, Loss: 0.00049584
Epoch 95/400, Loss: 0.00073338
validating
Current best validation errs by now: 0.8381614483578105
Epoch 96/400, Loss: 0.00040863
Epoch 97/400, Loss: 0.00098666
Epoch 98/400, Loss: 0.00038104
Epoch 99/400, Loss: 0.00073749
Epoch 100/400, Loss: 0.00075710
validating
Current best validation errs by now: 0.8381614483578105
Epoch 101/400, Loss: 0.00032476
Epoch 102/400, Loss: 0.00070004
Epoch 103/400, Loss: 0.00034397
Epoch 104/400, Loss: 0.00018867
Epoch 105/400, Loss: 0.00041544
validating
Current best validation errs by now: 0.8360269231975358
Epoch 106/400, Loss: 0.00060445
Epoch 107/400, Loss: 0.00052780
Epoch 108/400, Loss: 0.00025308
Epoch 109/400, Loss: 0.00047006
Epoch 110/400, Loss: 0.00031997
validating
Current best validation errs by now: 0.8360269231975358
Epoch 111/400, Loss: 0.00036782
Epoch 112/400, Loss: 0.00056193
Epoch 113/400, Loss: 0.00018489
Epoch 114/400, Loss: 0.00034467
Epoch 115/400, Loss: 0.00085450
validating
Current best validation errs by now: 0.8360269231975358
Epoch 116/400, Loss: 0.00052682
Epoch 117/400, Loss: 0.00018791
Epoch 118/400, Loss: 0.00065257
Epoch 119/400, Loss: 0.00017331
Epoch 120/400, Loss: 0.00017854
validating
Current best validation errs by now: 0.8351324021536419
Epoch 121/400, Loss: 0.00028113
Epoch 122/400, Loss: 0.00026610
Epoch 123/400, Loss: 0.00062405
Epoch 124/400, Loss: 0.00079414
Epoch 125/400, Loss: 0.00043760
validating
Current best validation errs by now: 0.8351324021536419
Epoch 126/400, Loss: 0.00076238
Epoch 127/400, Loss: 0.00040113
Epoch 128/400, Loss: 0.00041755
Epoch 129/400, Loss: 0.00029181
Epoch 130/400, Loss: 0.00027925
validating
Current best validation errs by now: 0.8333670393402028
Epoch 131/400, Loss: 0.00028677
Epoch 132/400, Loss: 0.00027238
Epoch 133/400, Loss: 0.00046036
Epoch 134/400, Loss: 0.00022675
Epoch 135/400, Loss: 0.00028513
validating
Current best validation errs by now: 0.8333670393402028
Epoch 136/400, Loss: 0.00099591
Epoch 137/400, Loss: 0.00037133
Epoch 138/400, Loss: 0.00028254
Epoch 139/400, Loss: 0.00036550
Epoch 140/400, Loss: 0.00049338
validating
Current best validation errs by now: 0.8333670393402028
Epoch 141/400, Loss: 0.00059044
Epoch 142/400, Loss: 0.00087126
Epoch 143/400, Loss: 0.00022729
Epoch 144/400, Loss: 0.00037100
Epoch 145/400, Loss: 0.00038544
validating
Current best validation errs by now: 0.8333670393402028
Epoch 146/400, Loss: 0.00049481
Epoch 147/400, Loss: 0.00026025
Epoch 148/400, Loss: 0.00086640
Epoch 149/400, Loss: 0.00047802
Epoch 150/400, Loss: 0.00081718
validating
Current best validation errs by now: 0.8333670393402028
Epoch 151/400, Loss: 0.00031698
Epoch 152/400, Loss: 0.00022988
Epoch 153/400, Loss: 0.00017694
Epoch 154/400, Loss: 0.00025789
Epoch 155/400, Loss: 0.00031795
validating
Current best validation errs by now: 0.8279253541024079
Epoch 156/400, Loss: 0.00022381
Epoch 157/400, Loss: 0.00043247
Epoch 158/400, Loss: 0.00038994
Epoch 159/400, Loss: 0.00084575
Epoch 160/400, Loss: 0.00045475
validating
Current best validation errs by now: 0.8250485034615781
Epoch 161/400, Loss: 0.00038905
Epoch 162/400, Loss: 0.00069573
Epoch 163/400, Loss: 0.00022610
Epoch 164/400, Loss: 0.00030740
Epoch 165/400, Loss: 0.00079872
validating
Current best validation errs by now: 0.8250485034615781
Epoch 166/400, Loss: 0.00017602
Epoch 167/400, Loss: 0.00060054
Epoch 168/400, Loss: 0.00027589
Epoch 169/400, Loss: 0.00036102
Epoch 170/400, Loss: 0.00052596
validating
Current best validation errs by now: 0.8250485034615781
Epoch 171/400, Loss: 0.00037228
Epoch 172/400, Loss: 0.00028227
Epoch 173/400, Loss: 0.00027999
Epoch 174/400, Loss: 0.00021479
Epoch 175/400, Loss: 0.00038907
validating
Current best validation errs by now: 0.8213851191628148
Epoch 176/400, Loss: 0.00044493
Epoch 177/400, Loss: 0.00022197
Epoch 178/400, Loss: 0.00077649
Epoch 179/400, Loss: 0.00038072
Epoch 180/400, Loss: 0.00065928
validating
Current best validation errs by now: 0.8198491749069501
Epoch 181/400, Loss: 0.00018829
Epoch 182/400, Loss: 0.00031065
Epoch 183/400, Loss: 0.00048268
Epoch 184/400, Loss: 0.00044699
Epoch 185/400, Loss: 0.00031900
validating
Current best validation errs by now: 0.8198491749069501
Epoch 186/400, Loss: 0.00047490
Epoch 187/400, Loss: 0.00021575
slurmstepd: error: *** JOB 8844952 ON gpua015 CANCELLED AT 2025-04-04T08:04:39 DUE TO TIME LIMIT ***
