
Currently Loaded Modules:
  1) openmpi/4.1.6

 

job is starting on gpua075.delta.ncsa.illinois.edu
/u/wzhong/miniconda3/bin/python3
# packages in environment at /u/wzhong/miniconda3:
#
# Name                    Version                   Build  Channel
/u/wzhong/miniconda3/lib/python3.12/site-packages/torch_geometric/deprecation.py:26: UserWarning: 'data.DataLoader' is deprecated, use 'loader.DataLoader' instead
  warnings.warn(out)
No Nvidia modulus is detected.
Creating data loaders...
Data loaders created: Train=1800, Val=300, Test=900
Creating data loaders...
Not finding in path 2
Loading pretrained model ...
No trained model
model training ...
validating
Current best validation errs by now: 1.6121421561638514
Epoch 1/400, Loss: 0.00411070
Epoch 2/400, Loss: 0.00163929
Epoch 3/400, Loss: 0.00196726
Epoch 4/400, Loss: 0.00081885
Epoch 5/400, Loss: 0.00089334
validating
Current best validation errs by now: 0.20115882779161134
Epoch 6/400, Loss: 0.00356957
Epoch 7/400, Loss: 0.00111972
Epoch 8/400, Loss: 0.00150113
Epoch 9/400, Loss: 0.00067699
Epoch 10/400, Loss: 0.00044210
validating
Current best validation errs by now: 0.17915842180450758
Epoch 11/400, Loss: 0.00123397
Epoch 12/400, Loss: 0.00062072
Epoch 13/400, Loss: 0.00350199
Epoch 14/400, Loss: 0.00228973
Epoch 15/400, Loss: 0.00083629
validating
Current best validation errs by now: 0.16392112677296003
Epoch 16/400, Loss: 0.00431413
Epoch 17/400, Loss: 0.00368581
Epoch 18/400, Loss: 0.00059407
Epoch 19/400, Loss: 0.00066206
Epoch 20/400, Loss: 0.00074534
validating
Current best validation errs by now: 0.1546023389697075
Epoch 21/400, Loss: 0.00087952
Epoch 22/400, Loss: 0.00062453
Epoch 23/400, Loss: 0.00165523
Epoch 24/400, Loss: 0.00063802
Epoch 25/400, Loss: 0.00186091
validating
Current best validation errs by now: 0.1448583281536897
Epoch 26/400, Loss: 0.00073467
Epoch 27/400, Loss: 0.00215820
Epoch 28/400, Loss: 0.00028318
Epoch 29/400, Loss: 0.00101219
Epoch 30/400, Loss: 0.00037528
validating
Current best validation errs by now: 0.12732432268559932
Epoch 31/400, Loss: 0.00032704
Epoch 32/400, Loss: 0.00206575
Epoch 33/400, Loss: 0.00051256
Epoch 34/400, Loss: 0.00112239
Epoch 35/400, Loss: 0.00055430
validating
Current best validation errs by now: 0.12080602206289769
Epoch 36/400, Loss: 0.00255144
Epoch 37/400, Loss: 0.00132161
Epoch 38/400, Loss: 0.00078989
Epoch 39/400, Loss: 0.00080905
Epoch 40/400, Loss: 0.00035836
validating
Current best validation errs by now: 0.10372651216884454
Epoch 41/400, Loss: 0.00170313
Epoch 42/400, Loss: 0.00060917
Epoch 43/400, Loss: 0.00092362
Epoch 44/400, Loss: 0.00023670
Epoch 45/400, Loss: 0.00021394
validating
Current best validation errs by now: 0.10042797200381756
Epoch 46/400, Loss: 0.00040839
Epoch 47/400, Loss: 0.00021708
Epoch 48/400, Loss: 0.00024153
Epoch 49/400, Loss: 0.00062204
Epoch 50/400, Loss: 0.00050448
validating
Current best validation errs by now: 0.0895210095991691
Epoch 51/400, Loss: 0.00016233
Epoch 52/400, Loss: 0.00051884
Epoch 53/400, Loss: 0.00023953
Epoch 54/400, Loss: 0.00066553
Epoch 55/400, Loss: 0.00062015
validating
Current best validation errs by now: 0.08543864885965984
Epoch 56/400, Loss: 0.00017015
Epoch 57/400, Loss: 0.00042107
Epoch 58/400, Loss: 0.00054204
Epoch 59/400, Loss: 0.00121294
Epoch 60/400, Loss: 0.00045072
validating
Current best validation errs by now: 0.08031616855412721
Epoch 61/400, Loss: 0.00015960
Epoch 62/400, Loss: 0.00051989
Epoch 63/400, Loss: 0.00018608
Epoch 64/400, Loss: 0.00101959
Epoch 65/400, Loss: 0.00046109
validating
Current best validation errs by now: 0.06970644387106101
Epoch 66/400, Loss: 0.00012168
Epoch 67/400, Loss: 0.00042943
Epoch 68/400, Loss: 0.00015254
Epoch 69/400, Loss: 0.00013848
Epoch 70/400, Loss: 0.00023521
validating
Current best validation errs by now: 0.06427494503557682
Epoch 71/400, Loss: 0.00053981
Epoch 72/400, Loss: 0.00025436
Epoch 73/400, Loss: 0.00010032
Epoch 74/400, Loss: 0.00009033
Epoch 75/400, Loss: 0.00018745
validating
Current best validation errs by now: 0.06427494503557682
Epoch 76/400, Loss: 0.00023071
Epoch 77/400, Loss: 0.00015079
Epoch 78/400, Loss: 0.00018408
Epoch 79/400, Loss: 0.00031549
Epoch 80/400, Loss: 0.00013922
validating
Current best validation errs by now: 0.063094456953307
Epoch 81/400, Loss: 0.00009206
Epoch 82/400, Loss: 0.00010971
Epoch 83/400, Loss: 0.00029599
Epoch 84/400, Loss: 0.00009223
Epoch 85/400, Loss: 0.00006337
validating
Current best validation errs by now: 0.059519822783768175
Epoch 86/400, Loss: 0.00010269
Epoch 87/400, Loss: 0.00015101
Epoch 88/400, Loss: 0.00010053
Epoch 89/400, Loss: 0.00014874
Epoch 90/400, Loss: 0.00103934
validating
Current best validation errs by now: 0.055155237441261606
Epoch 91/400, Loss: 0.00007499
Epoch 92/400, Loss: 0.00005774
Epoch 93/400, Loss: 0.00013332
Epoch 94/400, Loss: 0.00005749
Epoch 95/400, Loss: 0.00031627
validating
Current best validation errs by now: 0.04999847115327915
Epoch 96/400, Loss: 0.00011397
Epoch 97/400, Loss: 0.00013621
Epoch 98/400, Loss: 0.00016513
Epoch 99/400, Loss: 0.00006636
Epoch 100/400, Loss: 0.00017825
validating
Current best validation errs by now: 0.04999847115327915
Epoch 101/400, Loss: 0.00013684
Epoch 102/400, Loss: 0.00006813
Epoch 103/400, Loss: 0.00021379
Epoch 104/400, Loss: 0.00045057
Epoch 105/400, Loss: 0.00009381
validating
Current best validation errs by now: 0.04532997490217288
Epoch 106/400, Loss: 0.00008381
Epoch 107/400, Loss: 0.00013100
Epoch 108/400, Loss: 0.00009397
Epoch 109/400, Loss: 0.00012538
Epoch 110/400, Loss: 0.00013177
validating
Current best validation errs by now: 0.04532997490217288
Epoch 111/400, Loss: 0.00015191
Epoch 112/400, Loss: 0.00009866
Epoch 113/400, Loss: 0.00031971
Epoch 114/400, Loss: 0.00019933
Epoch 115/400, Loss: 0.00006034
validating
Current best validation errs by now: 0.044439354812105494
Epoch 116/400, Loss: 0.00011607
Epoch 117/400, Loss: 0.00005018
Epoch 118/400, Loss: 0.00040716
Epoch 119/400, Loss: 0.00007326
Epoch 120/400, Loss: 0.00003328
validating
Current best validation errs by now: 0.041666423889497914
Epoch 121/400, Loss: 0.00027635
Epoch 122/400, Loss: 0.00008137
Epoch 123/400, Loss: 0.00015334
Epoch 124/400, Loss: 0.00010437
Epoch 125/400, Loss: 0.00015602
validating
Current best validation errs by now: 0.041666423889497914
Epoch 126/400, Loss: 0.00006586
Epoch 127/400, Loss: 0.00007549
Epoch 128/400, Loss: 0.00008687
Epoch 129/400, Loss: 0.00037238
Epoch 130/400, Loss: 0.00003888
validating
Current best validation errs by now: 0.041666423889497914
Epoch 131/400, Loss: 0.00007933
Epoch 132/400, Loss: 0.00005019
Epoch 133/400, Loss: 0.00014478
Epoch 134/400, Loss: 0.00004942
Epoch 135/400, Loss: 0.00006585
validating
Current best validation errs by now: 0.038192587966720266
Epoch 136/400, Loss: 0.00005132
Epoch 137/400, Loss: 0.00012101
Epoch 138/400, Loss: 0.00012904
Epoch 139/400, Loss: 0.00005036
Epoch 140/400, Loss: 0.00004965
validating
Current best validation errs by now: 0.03756752559915185
Epoch 141/400, Loss: 0.00005979
Epoch 142/400, Loss: 0.00006769
Epoch 143/400, Loss: 0.00003446
Epoch 144/400, Loss: 0.00027699
Epoch 145/400, Loss: 0.00007429
validating
Current best validation errs by now: 0.036976709235459565
Epoch 146/400, Loss: 0.00004405
Epoch 147/400, Loss: 0.00029541
Epoch 148/400, Loss: 0.00005915
Epoch 149/400, Loss: 0.00043758
Epoch 150/400, Loss: 0.00002809
validating
Current best validation errs by now: 0.036976709235459565
Epoch 151/400, Loss: 0.00006277
Epoch 152/400, Loss: 0.00005092
Epoch 153/400, Loss: 0.00005275
Epoch 154/400, Loss: 0.00002732
Epoch 155/400, Loss: 0.00007859
validating
Current best validation errs by now: 0.03418225046868126
Epoch 156/400, Loss: 0.00003827
Epoch 157/400, Loss: 0.00007183
Epoch 158/400, Loss: 0.00007646
Epoch 159/400, Loss: 0.00002980
Epoch 160/400, Loss: 0.00007972
validating
Current best validation errs by now: 0.03418225046868126
Epoch 161/400, Loss: 0.00011737
Epoch 162/400, Loss: 0.00003847
Epoch 163/400, Loss: 0.00003825
Epoch 164/400, Loss: 0.00003301
Epoch 165/400, Loss: 0.00004748
validating
Current best validation errs by now: 0.03366948769738277
Epoch 166/400, Loss: 0.00013406
Epoch 167/400, Loss: 0.00003068
Epoch 168/400, Loss: 0.00003753
Epoch 169/400, Loss: 0.00052341
Epoch 170/400, Loss: 0.00004646
validating
Current best validation errs by now: 0.031544016463061174
Epoch 171/400, Loss: 0.00003904
Epoch 172/400, Loss: 0.00005013
Epoch 173/400, Loss: 0.00011944
Epoch 174/400, Loss: 0.00005334
Epoch 175/400, Loss: 0.00005055
validating
Current best validation errs by now: 0.031544016463061174
Epoch 176/400, Loss: 0.00002411
Epoch 177/400, Loss: 0.00004456
Epoch 178/400, Loss: 0.00008535
Epoch 179/400, Loss: 0.00005582
Epoch 180/400, Loss: 0.00006159
validating
Current best validation errs by now: 0.031544016463061174
Epoch 181/400, Loss: 0.00003262
Epoch 182/400, Loss: 0.00003749
Epoch 183/400, Loss: 0.00003028
Epoch 184/400, Loss: 0.00002817
Epoch 185/400, Loss: 0.00004331
validating
Current best validation errs by now: 0.031544016463061174
Epoch 186/400, Loss: 0.00006033
Epoch 187/400, Loss: 0.00001788
Epoch 188/400, Loss: 0.00004862
Epoch 189/400, Loss: 0.00006593
Epoch 190/400, Loss: 0.00003089
validating
Current best validation errs by now: 0.02939346883445978
Epoch 191/400, Loss: 0.00002297
Epoch 192/400, Loss: 0.00003727
Epoch 193/400, Loss: 0.00003606
Epoch 194/400, Loss: 0.00003217
Epoch 195/400, Loss: 0.00007914
validating
Current best validation errs by now: 0.02939346883445978
Epoch 196/400, Loss: 0.00002020
Epoch 197/400, Loss: 0.00005292
Epoch 198/400, Loss: 0.00002386
Epoch 199/400, Loss: 0.00002280
Epoch 200/400, Loss: 0.00006482
validating
Current best validation errs by now: 0.02939346883445978
Epoch 201/400, Loss: 0.00003057
Epoch 202/400, Loss: 0.00005865
Epoch 203/400, Loss: 0.00003086
Epoch 204/400, Loss: 0.00003856
Epoch 205/400, Loss: 0.00003815
validating
Current best validation errs by now: 0.02939346883445978
Epoch 206/400, Loss: 0.00006687
Epoch 207/400, Loss: 0.00003383
Epoch 208/400, Loss: 0.00007215
Epoch 209/400, Loss: 0.00006241
Epoch 210/400, Loss: 0.00003370
validating
Current best validation errs by now: 0.028433588507274787
Epoch 211/400, Loss: 0.00003726
Epoch 212/400, Loss: 0.00003651
Epoch 213/400, Loss: 0.00003035
Epoch 214/400, Loss: 0.00002777
Epoch 215/400, Loss: 0.00011088
validating
Current best validation errs by now: 0.028433588507274787
Epoch 216/400, Loss: 0.00002114
Epoch 217/400, Loss: 0.00002407
Epoch 218/400, Loss: 0.00002300
Epoch 219/400, Loss: 0.00002511
Epoch 220/400, Loss: 0.00011436
validating
Current best validation errs by now: 0.028433588507274787
Epoch 221/400, Loss: 0.00003682
Epoch 222/400, Loss: 0.00002419
Epoch 223/400, Loss: 0.00003717
Epoch 224/400, Loss: 0.00002327
Epoch 225/400, Loss: 0.00002106
validating
Current best validation errs by now: 0.028303147181868552
Epoch 226/400, Loss: 0.00003234
Epoch 227/400, Loss: 0.00001325
Epoch 228/400, Loss: 0.00018603
Epoch 229/400, Loss: 0.00051251
Epoch 230/400, Loss: 0.00010116
validating
Current best validation errs by now: 0.028303147181868552
Epoch 231/400, Loss: 0.00009377
Epoch 232/400, Loss: 0.00012914
Epoch 233/400, Loss: 0.00001952
Epoch 234/400, Loss: 0.00004616
Epoch 235/400, Loss: 0.00006163
validating
Current best validation errs by now: 0.02517990246415138
Epoch 236/400, Loss: 0.00018653
Epoch 237/400, Loss: 0.00003588
Epoch 238/400, Loss: 0.00005154
Epoch 239/400, Loss: 0.00001810
Epoch 240/400, Loss: 0.00004404
validating
Current best validation errs by now: 0.024333023875951768
Epoch 241/400, Loss: 0.00004816
Epoch 242/400, Loss: 0.00008426
Epoch 243/400, Loss: 0.00003019
Epoch 244/400, Loss: 0.00002698
Epoch 245/400, Loss: 0.00002091
validating
Current best validation errs by now: 0.023457902297377587
Epoch 246/400, Loss: 0.00004218
Epoch 247/400, Loss: 0.00001093
Epoch 248/400, Loss: 0.00014711
Epoch 249/400, Loss: 0.00001784
Epoch 250/400, Loss: 0.00007087
validating
Current best validation errs by now: 0.023457902297377587
Epoch 251/400, Loss: 0.00004695
Epoch 252/400, Loss: 0.00006822
Epoch 253/400, Loss: 0.00001092
Epoch 254/400, Loss: 0.00006002
Epoch 255/400, Loss: 0.00008610
validating
Current best validation errs by now: 0.023457902297377587
Epoch 256/400, Loss: 0.00002778
Epoch 257/400, Loss: 0.00003591
Epoch 258/400, Loss: 0.00001174
Epoch 259/400, Loss: 0.00003922
Epoch 260/400, Loss: 0.00001782
validating
Current best validation errs by now: 0.023457902297377587
Epoch 261/400, Loss: 0.00003207
Epoch 262/400, Loss: 0.00003812
Epoch 263/400, Loss: 0.00001360
Epoch 264/400, Loss: 0.00002848
Epoch 265/400, Loss: 0.00003308
validating
Current best validation errs by now: 0.023457902297377587
Epoch 266/400, Loss: 0.00002656
Epoch 267/400, Loss: 0.00001022
Epoch 268/400, Loss: 0.00003253
Epoch 269/400, Loss: 0.00001815
Epoch 270/400, Loss: 0.00001666
validating
Current best validation errs by now: 0.023457902297377587
Epoch 271/400, Loss: 0.00003713
Epoch 272/400, Loss: 0.00000995
Epoch 273/400, Loss: 0.00024848
Epoch 274/400, Loss: 0.00007344
Epoch 275/400, Loss: 0.00021988
validating
Current best validation errs by now: 0.023457902297377587
Epoch 276/400, Loss: 0.00003319
Epoch 277/400, Loss: 0.00003067
Epoch 278/400, Loss: 0.00004295
Epoch 279/400, Loss: 0.00002739
Epoch 280/400, Loss: 0.00001340
validating
Current best validation errs by now: 0.023225116127481064
Epoch 281/400, Loss: 0.00005915
Epoch 282/400, Loss: 0.00006556
Epoch 283/400, Loss: 0.00001721
Epoch 284/400, Loss: 0.00004747
Epoch 285/400, Loss: 0.00001191
validating
Current best validation errs by now: 0.023191501467178265
Epoch 286/400, Loss: 0.00013263
Epoch 287/400, Loss: 0.00003910
Epoch 288/400, Loss: 0.00002469
Epoch 289/400, Loss: 0.00001745
Epoch 290/400, Loss: 0.00010298
validating
Current best validation errs by now: 0.023191501467178265
Epoch 291/400, Loss: 0.00001612
Epoch 292/400, Loss: 0.00002018
Epoch 293/400, Loss: 0.00003313
Epoch 294/400, Loss: 0.00002513
Epoch 295/400, Loss: 0.00011013
validating
Current best validation errs by now: 0.023191501467178265
Epoch 296/400, Loss: 0.00001865
Epoch 297/400, Loss: 0.00002490
Epoch 298/400, Loss: 0.00001305
Epoch 299/400, Loss: 0.00001337
Epoch 300/400, Loss: 0.00001546
validating
Current best validation errs by now: 0.022235844765479365
Epoch 301/400, Loss: 0.00002940
Epoch 302/400, Loss: 0.00004131
Epoch 303/400, Loss: 0.00001395
Epoch 304/400, Loss: 0.00003138
Epoch 305/400, Loss: 0.00006727
validating
Current best validation errs by now: 0.022235844765479365
Epoch 306/400, Loss: 0.00004247
Epoch 307/400, Loss: 0.00006407
Epoch 308/400, Loss: 0.00007184
Epoch 309/400, Loss: 0.00002000
Epoch 310/400, Loss: 0.00004122
validating
Current best validation errs by now: 0.022235844765479365
Epoch 311/400, Loss: 0.00001724
Epoch 312/400, Loss: 0.00001753
Epoch 313/400, Loss: 0.00001671
Epoch 314/400, Loss: 0.00016480
Epoch 315/400, Loss: 0.00001949
validating
Current best validation errs by now: 0.022235844765479365
Epoch 316/400, Loss: 0.00000919
Epoch 317/400, Loss: 0.00002442
Epoch 318/400, Loss: 0.00009515
Epoch 319/400, Loss: 0.00001625
Epoch 320/400, Loss: 0.00004661
validating
Current best validation errs by now: 0.02174594486442705
Epoch 321/400, Loss: 0.00002193
Epoch 322/400, Loss: 0.00000936
Epoch 323/400, Loss: 0.00001621
Epoch 324/400, Loss: 0.00002608
Epoch 325/400, Loss: 0.00002608
validating
Current best validation errs by now: 0.02174594486442705
Epoch 326/400, Loss: 0.00003674
Epoch 327/400, Loss: 0.00001553
Epoch 328/400, Loss: 0.00005419
Epoch 329/400, Loss: 0.00005812
Epoch 330/400, Loss: 0.00001949
validating
Current best validation errs by now: 0.02174594486442705
Epoch 331/400, Loss: 0.00014639
Epoch 332/400, Loss: 0.00009161
Epoch 333/400, Loss: 0.00002592
Epoch 334/400, Loss: 0.00000689
Epoch 335/400, Loss: 0.00001846
validating
Current best validation errs by now: 0.02174594486442705
Epoch 336/400, Loss: 0.00001409
Epoch 337/400, Loss: 0.00003437
Epoch 338/400, Loss: 0.00004302
Epoch 339/400, Loss: 0.00001238
Epoch 340/400, Loss: 0.00000793
validating
Current best validation errs by now: 0.02174594486442705
Epoch 341/400, Loss: 0.00009485
Epoch 342/400, Loss: 0.00008142
Epoch 343/400, Loss: 0.00009903
Epoch 344/400, Loss: 0.00004750
Epoch 345/400, Loss: 0.00003367
validating
Current best validation errs by now: 0.02174594486442705
Epoch 346/400, Loss: 0.00002342
Epoch 347/400, Loss: 0.00002255
Epoch 348/400, Loss: 0.00002866
Epoch 349/400, Loss: 0.00002031
Epoch 350/400, Loss: 0.00001474
validating
Current best validation errs by now: 0.02174594486442705
Epoch 351/400, Loss: 0.00004961
Epoch 352/400, Loss: 0.00013239
Epoch 353/400, Loss: 0.00003035
Epoch 354/400, Loss: 0.00005145
Epoch 355/400, Loss: 0.00001301
validating
Current best validation errs by now: 0.02132656503468752
Epoch 356/400, Loss: 0.00000931
Epoch 357/400, Loss: 0.00001667
Epoch 358/400, Loss: 0.00014315
Epoch 359/400, Loss: 0.00002474
Epoch 360/400, Loss: 0.00002069
validating
Current best validation errs by now: 0.02077648449378709
Epoch 361/400, Loss: 0.00007484
Epoch 362/400, Loss: 0.00001195
Epoch 363/400, Loss: 0.00001770
Epoch 364/400, Loss: 0.00002943
Epoch 365/400, Loss: 0.00003420
validating
Current best validation errs by now: 0.02077648449378709
Epoch 366/400, Loss: 0.00002865
Epoch 367/400, Loss: 0.00002020
Epoch 368/400, Loss: 0.00003488
Epoch 369/400, Loss: 0.00002498
Epoch 370/400, Loss: 0.00000883
validating
Current best validation errs by now: 0.02047630966330568
Epoch 371/400, Loss: 0.00001497
Epoch 372/400, Loss: 0.00000930
Epoch 373/400, Loss: 0.00000944
Epoch 374/400, Loss: 0.00001722
Epoch 375/400, Loss: 0.00003076
validating
Current best validation errs by now: 0.02047630966330568
Epoch 376/400, Loss: 0.00004545
Epoch 377/400, Loss: 0.00000677
Epoch 378/400, Loss: 0.00000611
Epoch 379/400, Loss: 0.00001920
Epoch 380/400, Loss: 0.00002863
validating
Current best validation errs by now: 0.02047630966330568
Epoch 381/400, Loss: 0.00007517
Epoch 382/400, Loss: 0.00001489
Epoch 383/400, Loss: 0.00001191
Epoch 384/400, Loss: 0.00001578
Epoch 385/400, Loss: 0.00002928
validating
Current best validation errs by now: 0.02047630966330568
Epoch 386/400, Loss: 0.00001794
Epoch 387/400, Loss: 0.00001085
Epoch 388/400, Loss: 0.00001464
Epoch 389/400, Loss: 0.00004051
Epoch 390/400, Loss: 0.00000626
validating
Current best validation errs by now: 0.018431185676405826
Epoch 391/400, Loss: 0.00001083
Epoch 392/400, Loss: 0.00003307
Epoch 393/400, Loss: 0.00001681
Epoch 394/400, Loss: 0.00007528
Epoch 395/400, Loss: 0.00002423
validating
Current best validation errs by now: 0.018431185676405826
Epoch 396/400, Loss: 0.00001808
Epoch 397/400, Loss: 0.00009485
Epoch 398/400, Loss: 0.00001923
Epoch 399/400, Loss: 0.00001377
Epoch 400/400, Loss: 0.00001092
total training time: 7844.395588636398 seconds
evalute average performance on 900 samples
average stess relative err: 0.019602482156414126
