
Currently Loaded Modules:
  1) openmpi/4.1.6

 

job is starting on gpua095.delta.ncsa.illinois.edu
/u/wzhong/miniconda3/bin/python3
# packages in environment at /u/wzhong/miniconda3:
#
# Name                    Version                   Build  Channel
/u/wzhong/miniconda3/lib/python3.12/site-packages/torch_geometric/deprecation.py:26: UserWarning: 'data.DataLoader' is deprecated, use 'loader.DataLoader' instead
  warnings.warn(out)
No Nvidia modulus is detected.
Creating data loaders...
Not finding in path 1
Creating data loaders...
Data loaders created: Train=6000, Val=1000, Test=3000
Loading pretrained model ...
No trained model
model training ...
validating
Current best validation errs by now: 1.6506845937073231
Epoch 1/400, Loss: 0.03098652
Epoch 2/400, Loss: 0.02743835
Epoch 3/400, Loss: 0.01993626
Epoch 4/400, Loss: 0.01932010
Epoch 5/400, Loss: 0.01234696
validating
Current best validation errs by now: 0.43736706145107745
Epoch 6/400, Loss: 0.01337880
Epoch 7/400, Loss: 0.00497561
Epoch 8/400, Loss: 0.01480763
Epoch 9/400, Loss: 0.01216141
Epoch 10/400, Loss: 0.01327966
validating
Current best validation errs by now: 0.38784358716011047
Epoch 11/400, Loss: 0.01422108
Epoch 12/400, Loss: 0.00990574
Epoch 13/400, Loss: 0.02752154
Epoch 14/400, Loss: 0.00259760
Epoch 15/400, Loss: 0.00245635
validating
Current best validation errs by now: 0.31662034288048746
Epoch 16/400, Loss: 0.00828528
Epoch 17/400, Loss: 0.00913616
Epoch 18/400, Loss: 0.00530242
Epoch 19/400, Loss: 0.02147043
Epoch 20/400, Loss: 0.01224082
validating
Current best validation errs by now: 0.2973336327895522
Epoch 21/400, Loss: 0.00943748
Epoch 22/400, Loss: 0.00236449
Epoch 23/400, Loss: 0.00563834
Epoch 24/400, Loss: 0.01181526
Epoch 25/400, Loss: 0.00244291
validating
Current best validation errs by now: 0.27521659483760597
Epoch 26/400, Loss: 0.00423305
Epoch 27/400, Loss: 0.00234566
Epoch 28/400, Loss: 0.00635391
Epoch 29/400, Loss: 0.01559842
Epoch 30/400, Loss: 0.00175364
validating
Current best validation errs by now: 0.253006082855165
Epoch 31/400, Loss: 0.00403773
Epoch 32/400, Loss: 0.00393160
Epoch 33/400, Loss: 0.00632448
Epoch 34/400, Loss: 0.00136917
Epoch 35/400, Loss: 0.00621335
validating
Current best validation errs by now: 0.2479327119216323
Epoch 36/400, Loss: 0.00444191
Epoch 37/400, Loss: 0.00183364
Epoch 38/400, Loss: 0.00034022
Epoch 39/400, Loss: 0.00269710
Epoch 40/400, Loss: 0.00204486
validating
Current best validation errs by now: 0.23419654946774243
Epoch 41/400, Loss: 0.00162038
Epoch 42/400, Loss: 0.00347073
Epoch 43/400, Loss: 0.00158814
Epoch 44/400, Loss: 0.00296434
Epoch 45/400, Loss: 0.00632667
validating
Current best validation errs by now: 0.23419654946774243
Epoch 46/400, Loss: 0.00461684
Epoch 47/400, Loss: 0.00247720
Epoch 48/400, Loss: 0.00134479
Epoch 49/400, Loss: 0.00215305
Epoch 50/400, Loss: 0.02125064
validating
Current best validation errs by now: 0.22604921707510947
Epoch 51/400, Loss: 0.00209831
Epoch 52/400, Loss: 0.01093617
Epoch 53/400, Loss: 0.00419281
Epoch 54/400, Loss: 0.00120921
Epoch 55/400, Loss: 0.01443981
validating
Current best validation errs by now: 0.22604921707510947
Epoch 56/400, Loss: 0.00218455
Epoch 57/400, Loss: 0.00281777
Epoch 58/400, Loss: 0.00210748
Epoch 59/400, Loss: 0.00734409
Epoch 60/400, Loss: 0.00295370
validating
Current best validation errs by now: 0.22604921707510947
Epoch 61/400, Loss: 0.00081642
Epoch 62/400, Loss: 0.00182123
Epoch 63/400, Loss: 0.00170048
Epoch 64/400, Loss: 0.00163831
Epoch 65/400, Loss: 0.00211523
validating
Current best validation errs by now: 0.21297679160535335
Epoch 66/400, Loss: 0.00659182
Epoch 67/400, Loss: 0.00156786
Epoch 68/400, Loss: 0.00107623
Epoch 69/400, Loss: 0.00224254
Epoch 70/400, Loss: 0.00176529
validating
Current best validation errs by now: 0.21297679160535335
Epoch 71/400, Loss: 0.00379244
Epoch 72/400, Loss: 0.00139186
Epoch 73/400, Loss: 0.01458124
Epoch 74/400, Loss: 0.00180288
Epoch 75/400, Loss: 0.00470814
validating
Current best validation errs by now: 0.21297679160535335
Epoch 76/400, Loss: 0.00351185
Epoch 77/400, Loss: 0.00822880
Epoch 78/400, Loss: 0.00086741
Epoch 79/400, Loss: 0.00149771
Epoch 80/400, Loss: 0.00287668
validating
Current best validation errs by now: 0.20687916821986438
Epoch 81/400, Loss: 0.00129516
Epoch 82/400, Loss: 0.00129953
Epoch 83/400, Loss: 0.00018475
Epoch 84/400, Loss: 0.00128144
Epoch 85/400, Loss: 0.00961610
validating
Current best validation errs by now: 0.20243071753531694
Epoch 86/400, Loss: 0.00752537
Epoch 87/400, Loss: 0.00076599
Epoch 88/400, Loss: 0.00035914
Epoch 89/400, Loss: 0.00099029
Epoch 90/400, Loss: 0.00088658
validating
Current best validation errs by now: 0.20243071753531694
Epoch 91/400, Loss: 0.00346747
Epoch 92/400, Loss: 0.00183056
Epoch 93/400, Loss: 0.00327024
Epoch 94/400, Loss: 0.00105090
Epoch 95/400, Loss: 0.00473311
validating
Current best validation errs by now: 0.20243071753531694
Epoch 96/400, Loss: 0.00120420
Epoch 97/400, Loss: 0.00140134
Epoch 98/400, Loss: 0.00132868
Epoch 99/400, Loss: 0.00093789
Epoch 100/400, Loss: 0.00274914
validating
Current best validation errs by now: 0.20243071753531694
Epoch 101/400, Loss: 0.00137896
Epoch 102/400, Loss: 0.00570201
Epoch 103/400, Loss: 0.00548566
Epoch 104/400, Loss: 0.00531019
Epoch 105/400, Loss: 0.00280853
validating
Current best validation errs by now: 0.20073420122638344
Epoch 106/400, Loss: 0.00105568
Epoch 107/400, Loss: 0.00278719
Epoch 108/400, Loss: 0.00220817
Epoch 109/400, Loss: 0.00118026
Epoch 110/400, Loss: 0.00145104
validating
Current best validation errs by now: 0.1990508228056133
Epoch 111/400, Loss: 0.00089574
Epoch 112/400, Loss: 0.00163145
Epoch 113/400, Loss: 0.00192174
Epoch 114/400, Loss: 0.00150773
Epoch 115/400, Loss: 0.00109745
validating
Current best validation errs by now: 0.19114962732046842
Epoch 116/400, Loss: 0.00098582
Epoch 117/400, Loss: 0.00743672
Epoch 118/400, Loss: 0.00091765
Epoch 119/400, Loss: 0.00389535
Epoch 120/400, Loss: 0.00391752
validating
Current best validation errs by now: 0.19114962732046842
Epoch 121/400, Loss: 0.00467873
Epoch 122/400, Loss: 0.00061411
Epoch 123/400, Loss: 0.00117975
Epoch 124/400, Loss: 0.00164996
Epoch 125/400, Loss: 0.00164152
validating
Current best validation errs by now: 0.19114962732046842
Epoch 126/400, Loss: 0.00094465
Epoch 127/400, Loss: 0.00353681
Epoch 128/400, Loss: 0.00023448
Epoch 129/400, Loss: 0.00126178
Epoch 130/400, Loss: 0.01104181
validating
Current best validation errs by now: 0.19114962732046842
Epoch 131/400, Loss: 0.00221691
Epoch 132/400, Loss: 0.00139390
Epoch 133/400, Loss: 0.00229418
Epoch 134/400, Loss: 0.00115207
Epoch 135/400, Loss: 0.00508148
validating
Current best validation errs by now: 0.19114962732046842
Epoch 136/400, Loss: 0.00272256
Epoch 137/400, Loss: 0.00103318
Epoch 138/400, Loss: 0.00146726
Epoch 139/400, Loss: 0.00911395
Epoch 140/400, Loss: 0.00410492
validating
Current best validation errs by now: 0.19114962732046842
Epoch 141/400, Loss: 0.00917804
Epoch 142/400, Loss: 0.00099479
Epoch 143/400, Loss: 0.00278095
Epoch 144/400, Loss: 0.00559867
Epoch 145/400, Loss: 0.00048448
validating
Current best validation errs by now: 0.19114962732046842
Epoch 146/400, Loss: 0.00289224
Epoch 147/400, Loss: 0.00089123
Epoch 148/400, Loss: 0.00084270
Epoch 149/400, Loss: 0.00072245
Epoch 150/400, Loss: 0.00111026
validating
Current best validation errs by now: 0.19114962732046842
Epoch 151/400, Loss: 0.00117093
Epoch 152/400, Loss: 0.00321594
Epoch 153/400, Loss: 0.00129717
Epoch 154/400, Loss: 0.00121751
Epoch 155/400, Loss: 0.00098611
validating
Current best validation errs by now: 0.18437406999990344
Epoch 156/400, Loss: 0.00154704
Epoch 157/400, Loss: 0.02712104
Epoch 158/400, Loss: 0.00095610
Epoch 159/400, Loss: 0.00196019
Epoch 160/400, Loss: 0.00176765
validating
Current best validation errs by now: 0.1838996806666255
Epoch 161/400, Loss: 0.00239370
Epoch 162/400, Loss: 0.00080763
Epoch 163/400, Loss: 0.00090096
Epoch 164/400, Loss: 0.00863828
Epoch 165/400, Loss: 0.00562732
validating
Current best validation errs by now: 0.17769630348682403
Epoch 166/400, Loss: 0.00412084
Epoch 167/400, Loss: 0.00515807
Epoch 168/400, Loss: 0.00117936
Epoch 169/400, Loss: 0.00576613
Epoch 170/400, Loss: 0.00042334
validating
Current best validation errs by now: 0.17769630348682403
Epoch 171/400, Loss: 0.00364805
Epoch 172/400, Loss: 0.00146985
Epoch 173/400, Loss: 0.00460518
Epoch 174/400, Loss: 0.00103244
Epoch 175/400, Loss: 0.00073175
validating
Current best validation errs by now: 0.17739253149554132
Epoch 176/400, Loss: 0.00088950
Epoch 177/400, Loss: 0.00064663
Epoch 178/400, Loss: 0.00114453
Epoch 179/400, Loss: 0.00056555
Epoch 180/400, Loss: 0.00045232
validating
Current best validation errs by now: 0.17739253149554132
Epoch 181/400, Loss: 0.00109591
Epoch 182/400, Loss: 0.00408734
Epoch 183/400, Loss: 0.00108862
Epoch 184/400, Loss: 0.00174409
Epoch 185/400, Loss: 0.00049985
validating
Current best validation errs by now: 0.17378395218402148
Epoch 186/400, Loss: 0.00320461
Epoch 187/400, Loss: 0.00029386
Epoch 188/400, Loss: 0.00064588
Epoch 189/400, Loss: 0.00103505
Epoch 190/400, Loss: 0.00095656
validating
Current best validation errs by now: 0.17378395218402148
Epoch 191/400, Loss: 0.00189514
Epoch 192/400, Loss: 0.00306039
Epoch 193/400, Loss: 0.00400184
Epoch 194/400, Loss: 0.00662814
Epoch 195/400, Loss: 0.00395494
validating
Current best validation errs by now: 0.17378395218402148
Epoch 196/400, Loss: 0.00060954
Epoch 197/400, Loss: 0.00153902
Epoch 198/400, Loss: 0.00115390
Epoch 199/400, Loss: 0.00068277
Epoch 200/400, Loss: 0.00161547
validating
Current best validation errs by now: 0.17378395218402148
Epoch 201/400, Loss: 0.00083659
Epoch 202/400, Loss: 0.00842903
Epoch 203/400, Loss: 0.00179724
Epoch 204/400, Loss: 0.00048199
Epoch 205/400, Loss: 0.00143317
validating
Current best validation errs by now: 0.16903122537955642
Epoch 206/400, Loss: 0.00054556
Epoch 207/400, Loss: 0.00079746
Epoch 208/400, Loss: 0.00120931
Epoch 209/400, Loss: 0.01056968
Epoch 210/400, Loss: 0.00173780
validating
Current best validation errs by now: 0.16838158937171102
Epoch 211/400, Loss: 0.00058881
Epoch 212/400, Loss: 0.00071049
Epoch 213/400, Loss: 0.00127071
Epoch 214/400, Loss: 0.00066009
Epoch 215/400, Loss: 0.00071674
validating
Current best validation errs by now: 0.16838158937171102
Epoch 216/400, Loss: 0.00381216
Epoch 217/400, Loss: 0.00464091
Epoch 218/400, Loss: 0.00076443
Epoch 219/400, Loss: 0.00162632
Epoch 220/400, Loss: 0.00180952
validating
Current best validation errs by now: 0.16838158937171102
Epoch 221/400, Loss: 0.00020847
Epoch 222/400, Loss: 0.00128607
Epoch 223/400, Loss: 0.00111179
Epoch 224/400, Loss: 0.00281194
Epoch 225/400, Loss: 0.00038560
validating
Current best validation errs by now: 0.16838158937171102
Epoch 226/400, Loss: 0.00344861
Epoch 227/400, Loss: 0.00345492
Epoch 228/400, Loss: 0.00400524
Epoch 229/400, Loss: 0.00015105
Epoch 230/400, Loss: 0.00053619
validating
Current best validation errs by now: 0.162399566963315
Epoch 231/400, Loss: 0.00100637
Epoch 232/400, Loss: 0.00171057
Epoch 233/400, Loss: 0.00232376
Epoch 234/400, Loss: 0.00017692
Epoch 235/400, Loss: 0.00277385
validating
Current best validation errs by now: 0.162399566963315
Epoch 236/400, Loss: 0.00104818
Epoch 237/400, Loss: 0.00250941
Epoch 238/400, Loss: 0.00075877
Epoch 239/400, Loss: 0.00217107
Epoch 240/400, Loss: 0.00087174
validating
Current best validation errs by now: 0.162399566963315
Epoch 241/400, Loss: 0.00061394
Epoch 242/400, Loss: 0.00077780
Epoch 243/400, Loss: 0.00036124
Epoch 244/400, Loss: 0.00056648
Epoch 245/400, Loss: 0.00307803
validating
Current best validation errs by now: 0.162399566963315
Epoch 246/400, Loss: 0.00052183
Epoch 247/400, Loss: 0.00364051
Epoch 248/400, Loss: 0.00030473
Epoch 249/400, Loss: 0.00037740
Epoch 250/400, Loss: 0.00055632
validating
Current best validation errs by now: 0.162399566963315
Epoch 251/400, Loss: 0.00056757
Epoch 252/400, Loss: 0.00264273
Epoch 253/400, Loss: 0.00328506
Epoch 254/400, Loss: 0.00168158
Epoch 255/400, Loss: 0.00062144
validating
Current best validation errs by now: 0.162399566963315
Epoch 256/400, Loss: 0.00315933
Epoch 257/400, Loss: 0.00529811
Epoch 258/400, Loss: 0.00073889
Epoch 259/400, Loss: 0.00244153
Epoch 260/400, Loss: 0.00321818
validating
Current best validation errs by now: 0.15962522757053374
Epoch 261/400, Loss: 0.00102107
Epoch 262/400, Loss: 0.00034532
Epoch 263/400, Loss: 0.00640912
Epoch 264/400, Loss: 0.00174540
Epoch 265/400, Loss: 0.00188969
validating
Current best validation errs by now: 0.15962522757053374
Epoch 266/400, Loss: 0.00028204
Epoch 267/400, Loss: 0.00168334
Epoch 268/400, Loss: 0.00017294
Epoch 269/400, Loss: 0.00111233
Epoch 270/400, Loss: 0.00091808
validating
Current best validation errs by now: 0.15337764197587966
Epoch 271/400, Loss: 0.00131036
Epoch 272/400, Loss: 0.00072205
Epoch 273/400, Loss: 0.00046303
Epoch 274/400, Loss: 0.00119773
Epoch 275/400, Loss: 0.00275680
validating
Current best validation errs by now: 0.15337764197587966
Epoch 276/400, Loss: 0.00360759
Epoch 277/400, Loss: 0.00124657
Epoch 278/400, Loss: 0.00023370
Epoch 279/400, Loss: 0.00089995
Epoch 280/400, Loss: 0.00560468
validating
Current best validation errs by now: 0.15337764197587966
Epoch 281/400, Loss: 0.00112095
Epoch 282/400, Loss: 0.00054864
Epoch 283/400, Loss: 0.00034536
Epoch 284/400, Loss: 0.00077327
Epoch 285/400, Loss: 0.00140135
validating
Current best validation errs by now: 0.15337764197587966
Epoch 286/400, Loss: 0.00030869
Epoch 287/400, Loss: 0.00026215
Epoch 288/400, Loss: 0.00309387
Epoch 289/400, Loss: 0.00098220
Epoch 290/400, Loss: 0.00077060
validating
Current best validation errs by now: 0.15337764197587966
Epoch 291/400, Loss: 0.00046120
Epoch 292/400, Loss: 0.00239381
Epoch 293/400, Loss: 0.00111546
Epoch 294/400, Loss: 0.00154559
Epoch 295/400, Loss: 0.00137906
validating
Current best validation errs by now: 0.15337764197587966
Epoch 296/400, Loss: 0.00019716
Epoch 297/400, Loss: 0.00012818
Epoch 298/400, Loss: 0.00472632
Epoch 299/400, Loss: 0.00038577
Epoch 300/400, Loss: 0.00055525
validating
Current best validation errs by now: 0.15337764197587966
Epoch 301/400, Loss: 0.00031224
Epoch 302/400, Loss: 0.00044664
Epoch 303/400, Loss: 0.00119799
Epoch 304/400, Loss: 0.00072109
Epoch 305/400, Loss: 0.00042206
validating
Current best validation errs by now: 0.15337764197587966
Epoch 306/400, Loss: 0.00118789
Epoch 307/400, Loss: 0.01484244
Epoch 308/400, Loss: 0.00107418
Epoch 309/400, Loss: 0.00021142
Epoch 310/400, Loss: 0.00036321
validating
Current best validation errs by now: 0.15337764197587966
Epoch 311/400, Loss: 0.00028562
Epoch 312/400, Loss: 0.00113725
Epoch 313/400, Loss: 0.00026511
Epoch 314/400, Loss: 0.00081307
Epoch 315/400, Loss: 0.00207219
validating
Current best validation errs by now: 0.15337764197587966
Epoch 316/400, Loss: 0.00035698
Epoch 317/400, Loss: 0.00062437
Epoch 318/400, Loss: 0.00879602
Epoch 319/400, Loss: 0.00219774
Epoch 320/400, Loss: 0.00130060
validating
Current best validation errs by now: 0.15337764197587966
Epoch 321/400, Loss: 0.00157061
Epoch 322/400, Loss: 0.00292015
Epoch 323/400, Loss: 0.01219622
Epoch 324/400, Loss: 0.00065193
Epoch 325/400, Loss: 0.00670422
validating
Current best validation errs by now: 0.15337764197587966
Epoch 326/400, Loss: 0.00042696
Epoch 327/400, Loss: 0.00016309
Epoch 328/400, Loss: 0.00125065
Epoch 329/400, Loss: 0.00037652
Epoch 330/400, Loss: 0.00182517
validating
Current best validation errs by now: 0.15337764197587966
Epoch 331/400, Loss: 0.00370948
Epoch 332/400, Loss: 0.00342540
Epoch 333/400, Loss: 0.00106342
Epoch 334/400, Loss: 0.00032997
Epoch 335/400, Loss: 0.00240794
validating
Current best validation errs by now: 0.15337764197587966
Epoch 336/400, Loss: 0.00298248
Epoch 337/400, Loss: 0.00050373
Epoch 338/400, Loss: 0.00044348
Epoch 339/400, Loss: 0.00109457
Epoch 340/400, Loss: 0.00109923
validating
Current best validation errs by now: 0.15337764197587966
Epoch 341/400, Loss: 0.00144221
Epoch 342/400, Loss: 0.00047709
Epoch 343/400, Loss: 0.00525447
Epoch 344/400, Loss: 0.00035529
Epoch 345/400, Loss: 0.00151735
validating
Current best validation errs by now: 0.15337764197587966
Epoch 346/400, Loss: 0.01397294
Epoch 347/400, Loss: 0.00150270
Epoch 348/400, Loss: 0.00439762
Epoch 349/400, Loss: 0.00352548
Epoch 350/400, Loss: 0.00023618
validating
Current best validation errs by now: 0.15337764197587966
Epoch 351/400, Loss: 0.00577112
Epoch 352/400, Loss: 0.00277057
Epoch 353/400, Loss: 0.00339931
Epoch 354/400, Loss: 0.00088539
Epoch 355/400, Loss: 0.00212121
validating
Current best validation errs by now: 0.15337764197587966
Epoch 356/400, Loss: 0.00415919
Epoch 357/400, Loss: 0.00051005
Epoch 358/400, Loss: 0.00245791
Epoch 359/400, Loss: 0.00022765
Epoch 360/400, Loss: 0.00118882
validating
Current best validation errs by now: 0.15235484297573568
Epoch 361/400, Loss: 0.00181235
Epoch 362/400, Loss: 0.00130063
Epoch 363/400, Loss: 0.00134069
Epoch 364/400, Loss: 0.00022975
Epoch 365/400, Loss: 0.00036493
validating
Current best validation errs by now: 0.15235484297573568
Epoch 366/400, Loss: 0.00032074
Epoch 367/400, Loss: 0.00043381
Epoch 368/400, Loss: 0.00057239
Epoch 369/400, Loss: 0.00279949
Epoch 370/400, Loss: 0.00255573
validating
Current best validation errs by now: 0.15235484297573568
Epoch 371/400, Loss: 0.00175189
Epoch 372/400, Loss: 0.00090544
Epoch 373/400, Loss: 0.00200692
Epoch 374/400, Loss: 0.00248470
Epoch 375/400, Loss: 0.00210197
validating
Current best validation errs by now: 0.1491031866874546
Epoch 376/400, Loss: 0.00089644
Epoch 377/400, Loss: 0.00106756
Epoch 378/400, Loss: 0.00225227
Epoch 379/400, Loss: 0.00046888
Epoch 380/400, Loss: 0.00218741
validating
Current best validation errs by now: 0.1491031866874546
Epoch 381/400, Loss: 0.00054706
Epoch 382/400, Loss: 0.00022601
Epoch 383/400, Loss: 0.00044294
Epoch 384/400, Loss: 0.00144042
Epoch 385/400, Loss: 0.00124046
validating
Current best validation errs by now: 0.14375936282239854
Epoch 386/400, Loss: 0.00274225
Epoch 387/400, Loss: 0.00031070
Epoch 388/400, Loss: 0.00224376
Epoch 389/400, Loss: 0.00039548
Epoch 390/400, Loss: 0.00076316
validating
Current best validation errs by now: 0.14375936282239854
Epoch 391/400, Loss: 0.00094249
Epoch 392/400, Loss: 0.00213646
Epoch 393/400, Loss: 0.00030845
Epoch 394/400, Loss: 0.00038179
Epoch 395/400, Loss: 0.00466136
validating
Current best validation errs by now: 0.14375936282239854
Epoch 396/400, Loss: 0.00137575
Epoch 397/400, Loss: 0.00232253
Epoch 398/400, Loss: 0.00100841
Epoch 399/400, Loss: 0.00361715
Epoch 400/400, Loss: 0.00047249
total training time: 31775.001799821854 seconds
evalute average performance on 3000 samples
average stess relative err: 0.1511550738395502
