
====================
== NVIDIA Modulus ==
====================

NVIDIA Release 24.09 (build 18526012)
Modulus PyPi Version 0.9.0 (Git Commit: eb01d2a)
Modulus Sym PyPi Version 1.7.0 (Git Commit: 249b76a)
Container image Copyright (c) 2024, NVIDIA CORPORATION & AFFILIATES. All rights reserved.
Copyright (c) 2014-2024 Facebook Inc.
Copyright (c) 2011-2014 Idiap Research Institute (Ronan Collobert)
Copyright (c) 2012-2014 Deepmind Technologies    (Koray Kavukcuoglu)
Copyright (c) 2011-2012 NEC Laboratories America (Koray Kavukcuoglu)
Copyright (c) 2011-2013 NYU                      (Clement Farabet)
Copyright (c) 2006-2010 NEC Laboratories America (Ronan Collobert, Leon Bottou, Iain Melvin, Jason Weston)
Copyright (c) 2006      Idiap Research Institute (Samy Bengio)
Copyright (c) 2001-2004 Idiap Research Institute (Ronan Collobert, Samy Bengio, Johnny Mariethoz)
Copyright (c) 2015      Google Inc.
Copyright (c) 2015      Yangqing Jia
Copyright (c) 2013-2016 The Caffe contributors
All rights reserved.

Various files include modifications (c) NVIDIA CORPORATION & AFFILIATES.  All rights reserved.

This container image and its contents are governed by the NVIDIA Deep Learning Container License.
By pulling and using the container, you accept the terms and conditions of this license:
https://developer.nvidia.com/ngc/nvidia-deep-learning-container-license

NOTE: CUDA Forward Compatibility mode ENABLED.
  Using CUDA 12.6 driver version 560.35.03 with kernel driver version 550.144.03.
  See https://docs.nvidia.com/deploy/cuda-compatibility/ for details.

job is starting on gpua056.delta.ncsa.illinois.edu
Python 3.10.12
/usr/local/lib/python3.10/dist-packages/torch_geometric/deprecation.py:22: UserWarning: 'data.DataLoader' is deprecated, use 'loader.DataLoader' instead
  warnings.warn(out)
/usr/local/lib/python3.10/dist-packages/torch/functional.py:512: UserWarning: torch.meshgrid: in an upcoming release, it will be required to pass the indexing argument. (Triggered internally at ../aten/src/ATen/native/TensorShape.cpp:3587.)
  return _VF.meshgrid(tensors, **kwargs)  # type: ignore[attr-defined]
Warp 1.3.3 initialized:
   CUDA Toolkit 12.5, Driver 12.6
   Devices:
     "cpu"      : "x86_64"
     "cuda:0"   : "NVIDIA A100-SXM4-40GB" (39 GiB, sm_80, mempool enabled)
   Kernel cache:
     /u/wzhong/.cache/warp/1.3.3
Creating data loaders...
Data loaders created: Train=1282, Val=213, Test=643
Creating data loaders...
Not finding in path 2
Loading pretrained model ...
model training ...
validating
Module modulus.models.figconvnet.warp_neighbor_search 7da5518 load on device 'cuda:0' took 745.03 ms  (compiled)
Current best validation errs by now: 8.624953818433161
Epoch 1/400, Loss: 0.00027057
Epoch 2/400, Loss: 0.00014185
Epoch 3/400, Loss: 0.00009467
Epoch 4/400, Loss: 0.00017247
Epoch 5/400, Loss: 0.00010581
validating
Current best validation errs by now: 0.39533222959914677
Epoch 6/400, Loss: 0.00008375
Epoch 7/400, Loss: 0.00008792
Epoch 8/400, Loss: 0.00012937
Epoch 9/400, Loss: 0.00006790
Epoch 10/400, Loss: 0.00002117
validating
Current best validation errs by now: 0.3633981445725535
Epoch 11/400, Loss: 0.00002731
Epoch 12/400, Loss: 0.00013537
Epoch 13/400, Loss: 0.00005495
Epoch 14/400, Loss: 0.00003986
Epoch 15/400, Loss: 0.00010749
validating
Current best validation errs by now: 0.3413948804280008
Epoch 16/400, Loss: 0.00002151
Epoch 17/400, Loss: 0.00003211
Epoch 18/400, Loss: 0.00001869
Epoch 19/400, Loss: 0.00005996
Epoch 20/400, Loss: 0.00006394
validating
Current best validation errs by now: 0.3413948804280008
Epoch 21/400, Loss: 0.00005784
Epoch 22/400, Loss: 0.00003452
Epoch 23/400, Loss: 0.00002158
Epoch 24/400, Loss: 0.00001136
Epoch 25/400, Loss: 0.00006019
validating
Current best validation errs by now: 0.3287069771631223
Epoch 26/400, Loss: 0.00003865
Epoch 27/400, Loss: 0.00006330
Epoch 28/400, Loss: 0.00006285
Epoch 29/400, Loss: 0.00004457
Epoch 30/400, Loss: 0.00002009
validating
Current best validation errs by now: 0.32581843106959346
Epoch 31/400, Loss: 0.00003046
Epoch 32/400, Loss: 0.00004208
Epoch 33/400, Loss: 0.00003344
Epoch 34/400, Loss: 0.00003438
Epoch 35/400, Loss: 0.00002451
validating
Current best validation errs by now: 0.32311652978541144
Epoch 36/400, Loss: 0.00002903
Epoch 37/400, Loss: 0.00002026
Epoch 38/400, Loss: 0.00003181
Epoch 39/400, Loss: 0.00002957
Epoch 40/400, Loss: 0.00003070
validating
Current best validation errs by now: 0.32250909234436465
Epoch 41/400, Loss: 0.00001317
Epoch 42/400, Loss: 0.00004823
Epoch 43/400, Loss: 0.00001017
Epoch 44/400, Loss: 0.00002356
Epoch 45/400, Loss: 0.00003352
validating
Current best validation errs by now: 0.32110202571315943
Epoch 46/400, Loss: 0.00003411
Epoch 47/400, Loss: 0.00001670
Epoch 48/400, Loss: 0.00003303
Epoch 49/400, Loss: 0.00001953
Epoch 50/400, Loss: 0.00001653
validating
Current best validation errs by now: 0.32110202571315943
Epoch 51/400, Loss: 0.00002493
Epoch 52/400, Loss: 0.00002892
Epoch 53/400, Loss: 0.00001531
Epoch 54/400, Loss: 0.00001739
Epoch 55/400, Loss: 0.00004551
validating
Current best validation errs by now: 0.32110202571315943
Epoch 56/400, Loss: 0.00002033
Epoch 57/400, Loss: 0.00002082
Epoch 58/400, Loss: 0.00001224
Epoch 59/400, Loss: 0.00001843
Epoch 60/400, Loss: 0.00001378
validating
Current best validation errs by now: 0.32110202571315943
Epoch 61/400, Loss: 0.00005065
Epoch 62/400, Loss: 0.00000672
Epoch 63/400, Loss: 0.00000812
Epoch 64/400, Loss: 0.00001462
Epoch 65/400, Loss: 0.00003342
validating
Current best validation errs by now: 0.32110202571315943
Epoch 66/400, Loss: 0.00001261
Epoch 67/400, Loss: 0.00001029
Epoch 68/400, Loss: 0.00003987
Epoch 69/400, Loss: 0.00001684
Epoch 70/400, Loss: 0.00001260
validating
Current best validation errs by now: 0.32110202571315943
Epoch 71/400, Loss: 0.00001749
Epoch 72/400, Loss: 0.00001694
Epoch 73/400, Loss: 0.00001298
Epoch 74/400, Loss: 0.00002141
Epoch 75/400, Loss: 0.00001573
validating
Current best validation errs by now: 0.32110202571315943
Epoch 76/400, Loss: 0.00001077
Epoch 77/400, Loss: 0.00001380
Epoch 78/400, Loss: 0.00001359
Epoch 79/400, Loss: 0.00000857
Epoch 80/400, Loss: 0.00001068
validating
Current best validation errs by now: 0.32110202571315943
Epoch 81/400, Loss: 0.00001219
Epoch 82/400, Loss: 0.00000890
Epoch 83/400, Loss: 0.00000889
Epoch 84/400, Loss: 0.00002879
Epoch 85/400, Loss: 0.00002123
validating
Current best validation errs by now: 0.32110202571315943
Epoch 86/400, Loss: 0.00000654
Epoch 87/400, Loss: 0.00000926
Epoch 88/400, Loss: 0.00001477
Epoch 89/400, Loss: 0.00001169
Epoch 90/400, Loss: 0.00000909
validating
Current best validation errs by now: 0.32110202571315943
Epoch 91/400, Loss: 0.00001027
Epoch 92/400, Loss: 0.00000984
Epoch 93/400, Loss: 0.00001364
Epoch 94/400, Loss: 0.00001710
Epoch 95/400, Loss: 0.00001063
validating
Current best validation errs by now: 0.32110202571315943
Epoch 96/400, Loss: 0.00001392
Epoch 97/400, Loss: 0.00001485
Epoch 98/400, Loss: 0.00001304
Epoch 99/400, Loss: 0.00002239
Epoch 100/400, Loss: 0.00001017
validating
Current best validation errs by now: 0.32110202571315943
Epoch 101/400, Loss: 0.00001526
Epoch 102/400, Loss: 0.00000967
Epoch 103/400, Loss: 0.00001270
Epoch 104/400, Loss: 0.00000572
Epoch 105/400, Loss: 0.00000698
validating
Current best validation errs by now: 0.32110202571315943
Epoch 106/400, Loss: 0.00000948
Epoch 107/400, Loss: 0.00000982
Epoch 108/400, Loss: 0.00001430
Epoch 109/400, Loss: 0.00001619
Epoch 110/400, Loss: 0.00001772
validating
Current best validation errs by now: 0.32110202571315943
Epoch 111/400, Loss: 0.00001647
Epoch 112/400, Loss: 0.00002979
Epoch 113/400, Loss: 0.00000493
Epoch 114/400, Loss: 0.00000544
Epoch 115/400, Loss: 0.00001344
validating
Current best validation errs by now: 0.32110202571315943
Epoch 116/400, Loss: 0.00001720
Epoch 117/400, Loss: 0.00000943
Epoch 118/400, Loss: 0.00000715
Epoch 119/400, Loss: 0.00000357
Epoch 120/400, Loss: 0.00001325
validating
Current best validation errs by now: 0.32110202571315943
Epoch 121/400, Loss: 0.00001770
Epoch 122/400, Loss: 0.00001321
Epoch 123/400, Loss: 0.00000829
Epoch 124/400, Loss: 0.00001030
Epoch 125/400, Loss: 0.00000640
validating
Current best validation errs by now: 0.32110202571315943
Epoch 126/400, Loss: 0.00001026
Epoch 127/400, Loss: 0.00000585
Epoch 128/400, Loss: 0.00000538
Epoch 129/400, Loss: 0.00000555
Epoch 130/400, Loss: 0.00001672
validating
Current best validation errs by now: 0.32110202571315943
Epoch 131/400, Loss: 0.00000642
Epoch 132/400, Loss: 0.00001230
Epoch 133/400, Loss: 0.00000815
Epoch 134/400, Loss: 0.00001292
Epoch 135/400, Loss: 0.00000606
validating
Current best validation errs by now: 0.32110202571315943
Epoch 136/400, Loss: 0.00000591
Epoch 137/400, Loss: 0.00001395
Epoch 138/400, Loss: 0.00000956
Epoch 139/400, Loss: 0.00000419
Epoch 140/400, Loss: 0.00001141
validating
Current best validation errs by now: 0.32110202571315943
Epoch 141/400, Loss: 0.00000587
Epoch 142/400, Loss: 0.00000513
Epoch 143/400, Loss: 0.00000743
Epoch 144/400, Loss: 0.00000476
Epoch 145/400, Loss: 0.00000719
validating
Current best validation errs by now: 0.32110202571315943
Epoch 146/400, Loss: 0.00000553
Epoch 147/400, Loss: 0.00000685
Epoch 148/400, Loss: 0.00001322
Epoch 149/400, Loss: 0.00000733
Epoch 150/400, Loss: 0.00000345
validating
Current best validation errs by now: 0.32110202571315943
Epoch 151/400, Loss: 0.00001008
Epoch 152/400, Loss: 0.00001326
Epoch 153/400, Loss: 0.00000475
Epoch 154/400, Loss: 0.00000869
Epoch 155/400, Loss: 0.00000930
validating
Current best validation errs by now: 0.32110202571315943
Epoch 156/400, Loss: 0.00000674
Epoch 157/400, Loss: 0.00000510
Epoch 158/400, Loss: 0.00000497
Epoch 159/400, Loss: 0.00000610
Epoch 160/400, Loss: 0.00000386
validating
Current best validation errs by now: 0.32110202571315943
Epoch 161/400, Loss: 0.00000359
Epoch 162/400, Loss: 0.00001097
Epoch 163/400, Loss: 0.00000490
Epoch 164/400, Loss: 0.00000631
Epoch 165/400, Loss: 0.00000688
validating
Current best validation errs by now: 0.32110202571315943
Epoch 166/400, Loss: 0.00000754
Epoch 167/400, Loss: 0.00000641
Epoch 168/400, Loss: 0.00000560
Epoch 169/400, Loss: 0.00000293
Epoch 170/400, Loss: 0.00000480
validating
Current best validation errs by now: 0.32110202571315943
Epoch 171/400, Loss: 0.00001785
Epoch 172/400, Loss: 0.00000839
Epoch 173/400, Loss: 0.00001144
Epoch 174/400, Loss: 0.00000429
Epoch 175/400, Loss: 0.00000371
validating
Current best validation errs by now: 0.32110202571315943
Epoch 176/400, Loss: 0.00000895
Epoch 177/400, Loss: 0.00000639
Epoch 178/400, Loss: 0.00000490
Epoch 179/400, Loss: 0.00000661
Epoch 180/400, Loss: 0.00000728
validating
Current best validation errs by now: 0.32110202571315943
Epoch 181/400, Loss: 0.00000451
Epoch 182/400, Loss: 0.00000852
Epoch 183/400, Loss: 0.00000280
Epoch 184/400, Loss: 0.00000299
Epoch 185/400, Loss: 0.00000859
validating
Current best validation errs by now: 0.32110202571315943
Epoch 186/400, Loss: 0.00000542
Epoch 187/400, Loss: 0.00000699
Epoch 188/400, Loss: 0.00000367
Epoch 189/400, Loss: 0.00000554
Epoch 190/400, Loss: 0.00000889
validating
Current best validation errs by now: 0.32110202571315943
Epoch 191/400, Loss: 0.00000415
Epoch 192/400, Loss: 0.00000464
Epoch 193/400, Loss: 0.00000458
Epoch 194/400, Loss: 0.00000373
Epoch 195/400, Loss: 0.00001875
validating
Current best validation errs by now: 0.32110202571315943
Epoch 196/400, Loss: 0.00000723
Epoch 197/400, Loss: 0.00000655
Epoch 198/400, Loss: 0.00000289
Epoch 199/400, Loss: 0.00000694
Epoch 200/400, Loss: 0.00000214
validating
Current best validation errs by now: 0.32110202571315943
Epoch 201/400, Loss: 0.00000360
Epoch 202/400, Loss: 0.00000674
Epoch 203/400, Loss: 0.00000413
Epoch 204/400, Loss: 0.00000440
Epoch 205/400, Loss: 0.00000472
validating
Current best validation errs by now: 0.32110202571315943
Epoch 206/400, Loss: 0.00000292
Epoch 207/400, Loss: 0.00001026
Epoch 208/400, Loss: 0.00000472
Epoch 209/400, Loss: 0.00000386
Epoch 210/400, Loss: 0.00001298
validating
Current best validation errs by now: 0.32110202571315943
Epoch 211/400, Loss: 0.00000688
Epoch 212/400, Loss: 0.00000257
Epoch 213/400, Loss: 0.00000309
Epoch 214/400, Loss: 0.00000273
Epoch 215/400, Loss: 0.00000323
validating
Current best validation errs by now: 0.32110202571315943
Epoch 216/400, Loss: 0.00000718
Epoch 217/400, Loss: 0.00000546
Epoch 218/400, Loss: 0.00000839
Epoch 219/400, Loss: 0.00001209
Epoch 220/400, Loss: 0.00000460
validating
Current best validation errs by now: 0.32110202571315943
Epoch 221/400, Loss: 0.00000903
Epoch 222/400, Loss: 0.00000391
slurmstepd: error: *** JOB 8918565 ON gpua056 CANCELLED AT 2025-04-06T20:25:16 DUE TO TIME LIMIT ***
