
Currently Loaded Modules:
  1) openmpi/4.1.6

 

job is starting on gpua096.delta.ncsa.illinois.edu
/u/wzhong/miniconda3/bin/python3
# packages in environment at /u/wzhong/miniconda3:
#
# Name                    Version                   Build  Channel
/u/wzhong/miniconda3/lib/python3.12/site-packages/torch_geometric/deprecation.py:26: UserWarning: 'data.DataLoader' is deprecated, use 'loader.DataLoader' instead
  warnings.warn(out)
No Nvidia modulus is detected.
Creating data loaders...
Data loaders created: Train=2499, Val=416, Test=1250
Loading pretrained model ...
No trained model
model training ...
validating
Current best validation errs by now: 0.8174336968133082
/u/wzhong/miniconda3/lib/python3.12/site-packages/torch/_dynamo/eval_frame.py:745: UserWarning: torch.utils.checkpoint: the use_reentrant parameter should be passed explicitly. In version 2.5 we will raise an exception if use_reentrant is not passed. use_reentrant=False is recommended, but if you need to preserve the current default behavior, you can pass use_reentrant=True. Refer to docs for more details on the differences between the two variants.
  return fn(*args, **kwargs)
Epoch 1/400, Loss: 838.45130025
Epoch 2/400, Loss: 340.85152631
Epoch 3/400, Loss: 229.89782979
Epoch 4/400, Loss: 189.24852514
Epoch 5/400, Loss: 168.90699812
validating
Current best validation errs by now: 0.19383488663543874
Epoch 6/400, Loss: 155.62501478
Epoch 7/400, Loss: 139.62379475
Epoch 8/400, Loss: 129.46415529
Epoch 9/400, Loss: 123.62978985
slurmstepd: error: *** JOB 9457730 ON gpua096 CANCELLED AT 2025-04-29T08:36:08 ***
