
Currently Loaded Modules:
  1) openmpi/4.1.6

 

job is starting on gpua059.delta.ncsa.illinois.edu
/u/wzhong/miniconda3/bin/python3
# packages in environment at /u/wzhong/miniconda3:
#
# Name                    Version                   Build  Channel
/u/wzhong/miniconda3/lib/python3.12/site-packages/torch_geometric/deprecation.py:26: UserWarning: 'data.DataLoader' is deprecated, use 'loader.DataLoader' instead
  warnings.warn(out)
No Nvidia modulus is detected.
Creating data loaders...
Data loaders created: Train=1282, Val=213, Test=643
Loading pretrained model ...
model training ...
validating
Current best validation errs by now: 0.6861301134231496
Epoch 1/400, Loss: 626.24732208
Epoch 2/400, Loss: 520.11218633
Epoch 3/400, Loss: 469.08929861
Epoch 4/400, Loss: 444.56076190
Epoch 5/400, Loss: 406.79517781
validating
Current best validation errs by now: 0.5712299170713528
Epoch 6/400, Loss: 385.17735215
Epoch 7/400, Loss: 379.15990873
Epoch 8/400, Loss: 359.21457296
Epoch 9/400, Loss: 344.99397318
Epoch 10/400, Loss: 335.48712453
validating
Current best validation errs by now: 0.4907497694823374
Epoch 11/400, Loss: 323.08552164
Epoch 12/400, Loss: 317.18103371
Epoch 13/400, Loss: 309.90701056
Epoch 14/400, Loss: 301.75448250
Epoch 15/400, Loss: 306.90155588
validating
Current best validation errs by now: 0.4640881310619542
Epoch 16/400, Loss: 292.42485585
Epoch 17/400, Loss: 293.40052622
Epoch 18/400, Loss: 286.20713053
Epoch 19/400, Loss: 278.94845678
Epoch 20/400, Loss: 268.38694553
validating
Current best validation errs by now: 0.4248114483032881
Epoch 21/400, Loss: 264.43257656
Epoch 22/400, Loss: 264.20275890
Epoch 23/400, Loss: 258.44519828
Epoch 24/400, Loss: 259.53834074
Epoch 25/400, Loss: 253.41932819
validating
Current best validation errs by now: 0.4248114483032881
Epoch 26/400, Loss: 249.52153616
Epoch 27/400, Loss: 260.64267380
Epoch 28/400, Loss: 242.40062780
Epoch 29/400, Loss: 250.77888664
Epoch 30/400, Loss: 238.78808518
validating
Current best validation errs by now: 0.4248114483032881
Epoch 31/400, Loss: 240.51748942
Epoch 32/400, Loss: 229.62257566
Epoch 33/400, Loss: 223.00995551
Epoch 34/400, Loss: 223.52244442
Epoch 35/400, Loss: 223.91050166
validating
Current best validation errs by now: 0.39015954639907935
Epoch 36/400, Loss: 215.47942617
Epoch 37/400, Loss: 218.28120827
Epoch 38/400, Loss: 210.69409592
Epoch 39/400, Loss: 210.33029534
Epoch 40/400, Loss: 209.16883980
validating
Current best validation errs by now: 0.39015954639907935
Epoch 41/400, Loss: 204.99573410
Epoch 42/400, Loss: 202.85080911
Epoch 43/400, Loss: 202.78976235
Epoch 44/400, Loss: 202.48941807
Epoch 45/400, Loss: 199.78824712
validating
Current best validation errs by now: 0.3814796589419548
Epoch 46/400, Loss: 199.76212100
Epoch 47/400, Loss: 193.33904543
Epoch 48/400, Loss: 193.57559278
Epoch 49/400, Loss: 193.28092657
Epoch 50/400, Loss: 189.15401351
validating
Current best validation errs by now: 0.3659924976818275
Epoch 51/400, Loss: 200.78148589
Epoch 52/400, Loss: 186.55579510
Epoch 53/400, Loss: 184.99878458
Epoch 54/400, Loss: 184.87778112
Epoch 55/400, Loss: 184.74210658
validating
Current best validation errs by now: 0.36434512256460144
Epoch 56/400, Loss: 199.07263460
Epoch 57/400, Loss: 184.35759875
Epoch 58/400, Loss: 177.80176007
Epoch 59/400, Loss: 182.12403716
Epoch 60/400, Loss: 177.27269568
validating
Current best validation errs by now: 0.36434512256460144
Epoch 61/400, Loss: 180.19570464
Epoch 62/400, Loss: 198.82294526
Epoch 63/400, Loss: 175.17538965
Epoch 64/400, Loss: 177.43217969
Epoch 65/400, Loss: 174.02380982
validating
Current best validation errs by now: 0.3591733616595149
Epoch 66/400, Loss: 168.55807579
Epoch 67/400, Loss: 171.13685173
Epoch 68/400, Loss: 167.51506669
Epoch 69/400, Loss: 169.98803316
Epoch 70/400, Loss: 167.59718423
validating
Current best validation errs by now: 0.3477864538591105
Epoch 71/400, Loss: 163.86811720
Epoch 72/400, Loss: 166.40335724
Epoch 73/400, Loss: 163.79936154
Epoch 74/400, Loss: 166.10081168
Epoch 75/400, Loss: 160.46187716
validating
Current best validation errs by now: 0.3474034725248163
Epoch 76/400, Loss: 161.33048828
Epoch 77/400, Loss: 159.84511419
Epoch 78/400, Loss: 161.03118333
Epoch 79/400, Loss: 155.90136483
Epoch 80/400, Loss: 156.38204535
validating
Current best validation errs by now: 0.33555989768268907
Epoch 81/400, Loss: 154.71570144
Epoch 82/400, Loss: 155.19339852
Epoch 83/400, Loss: 151.92922755
Epoch 84/400, Loss: 156.05115054
Epoch 85/400, Loss: 154.87863237
validating
Current best validation errs by now: 0.328851274564839
Epoch 86/400, Loss: 149.06374067
Epoch 87/400, Loss: 150.64847174
Epoch 88/400, Loss: 149.70931503
Epoch 89/400, Loss: 148.80162189
Epoch 90/400, Loss: 146.08812275
validating
Current best validation errs by now: 0.32866393300514324
Epoch 91/400, Loss: 150.38596045
slurmstepd: error: *** JOB 9453749 ON gpua059 CANCELLED AT 2025-04-29T04:34:19 DUE TO TIME LIMIT ***
