
Currently Loaded Modules:
  1) openmpi/4.1.6

 

job is starting on gpua057.delta.ncsa.illinois.edu
/u/wzhong/miniconda3/bin/python3
# packages in environment at /u/wzhong/miniconda3:
#
# Name                    Version                   Build  Channel
/u/wzhong/miniconda3/lib/python3.12/site-packages/torch_geometric/deprecation.py:26: UserWarning: 'data.DataLoader' is deprecated, use 'loader.DataLoader' instead
  warnings.warn(out)
No Nvidia modulus is detected.
Creating data loaders...
Data loaders created: Train=2460, Val=410, Test=1230
Creating data loaders...
Not finding in path 2
Loading pretrained model ...
num_samples: 1
Traceback (most recent call last):
  File "/u/wzhong/PhD/FairCompare/main.py", line 205, in <module>
    plot_model_driver(args, model, device, test_loader)
  File "/u/wzhong/PhD/FairCompare/utils_plot.py", line 198, in plot_model_driver
    pred = output.detach().cpu().numpy()
           ^^^^^^^^^^^^^
AttributeError: 'tuple' object has no attribute 'detach'
