
Currently Loaded Modules:
  1) openmpi/4.1.6

 

job is starting on gpua065.delta.ncsa.illinois.edu
/u/wzhong/miniconda3/bin/python3
# packages in environment at /u/wzhong/miniconda3:
#
# Name                    Version                   Build  Channel
/u/wzhong/miniconda3/lib/python3.12/site-packages/torch_geometric/deprecation.py:26: UserWarning: 'data.DataLoader' is deprecated, use 'loader.DataLoader' instead
  warnings.warn(out)
No Nvidia modulus is detected.
Creating data loaders...
Not finding in path 1
Creating data loaders...
Data loaders created: Train=2133, Val=355, Test=1067
Loading pretrained model ...
No trained model
model training ...
validating
Current best validation errs by now: 30.45335661122497
Epoch 1/400, Loss: 0.00003027
Epoch 2/400, Loss: 0.00001042
Epoch 3/400, Loss: 0.00001220
Epoch 4/400, Loss: 0.00001330
Epoch 5/400, Loss: 0.00002152
validating
Current best validation errs by now: 0.5867936874779177
Epoch 6/400, Loss: 0.00000198
Epoch 7/400, Loss: 0.00000180
Epoch 8/400, Loss: 0.00000490
Epoch 9/400, Loss: 0.00000221
Epoch 10/400, Loss: 0.00000701
validating
Current best validation errs by now: 0.48054794803471634
Epoch 11/400, Loss: 0.00000986
Epoch 12/400, Loss: 0.00001962
Epoch 13/400, Loss: 0.00000123
Epoch 14/400, Loss: 0.00001842
Epoch 15/400, Loss: 0.00000217
validating
Current best validation errs by now: 0.4381436519219842
Epoch 16/400, Loss: 0.00001173
Epoch 17/400, Loss: 0.00000857
Epoch 18/400, Loss: 0.00000256
Epoch 19/400, Loss: 0.00000136
Epoch 20/400, Loss: 0.00000518
validating
Current best validation errs by now: 0.4302140004198316
Epoch 21/400, Loss: 0.00000346
Epoch 22/400, Loss: 0.00000641
Epoch 23/400, Loss: 0.00000365
Epoch 24/400, Loss: 0.00000083
Epoch 25/400, Loss: 0.00000030
validating
Current best validation errs by now: 0.40142040865522033
Epoch 26/400, Loss: 0.00000022
Epoch 27/400, Loss: 0.00000694
Epoch 28/400, Loss: 0.00001032
Epoch 29/400, Loss: 0.00000243
Epoch 30/400, Loss: 0.00000435
validating
Current best validation errs by now: 0.3729645653509758
Epoch 31/400, Loss: 0.00000388
Epoch 32/400, Loss: 0.00000068
Epoch 33/400, Loss: 0.00000314
Epoch 34/400, Loss: 0.00000280
Epoch 35/400, Loss: 0.00000097
validating
Current best validation errs by now: 0.3502341545803446
Epoch 36/400, Loss: 0.00000199
Epoch 37/400, Loss: 0.00000025
Epoch 38/400, Loss: 0.00000119
Epoch 39/400, Loss: 0.00001085
Epoch 40/400, Loss: 0.00000340
validating
Current best validation errs by now: 0.3502341545803446
Epoch 41/400, Loss: 0.00000371
Epoch 42/400, Loss: 0.00000415
Epoch 43/400, Loss: 0.00000481
Epoch 44/400, Loss: 0.00000238
Epoch 45/400, Loss: 0.00000079
validating
Current best validation errs by now: 0.32269166556882184
Epoch 46/400, Loss: 0.00000043
Epoch 47/400, Loss: 0.00000116
Epoch 48/400, Loss: 0.00000057
Epoch 49/400, Loss: 0.00000059
Epoch 50/400, Loss: 0.00000405
validating
Current best validation errs by now: 0.3182199449606345
Epoch 51/400, Loss: 0.00001130
Epoch 52/400, Loss: 0.00000376
Epoch 53/400, Loss: 0.00000120
Epoch 54/400, Loss: 0.00000074
Epoch 55/400, Loss: 0.00000137
validating
Current best validation errs by now: 0.2930660751503958
Epoch 56/400, Loss: 0.00000192
Epoch 57/400, Loss: 0.00000026
Epoch 58/400, Loss: 0.00000147
Epoch 59/400, Loss: 0.00000486
Epoch 60/400, Loss: 0.00000026
validating
Current best validation errs by now: 0.2930660751503958
Epoch 61/400, Loss: 0.00001019
Epoch 62/400, Loss: 0.00000148
Epoch 63/400, Loss: 0.00000037
Epoch 64/400, Loss: 0.00000107
Epoch 65/400, Loss: 0.00000217
validating
Current best validation errs by now: 0.2930660751503958
Epoch 66/400, Loss: 0.00000093
Epoch 67/400, Loss: 0.00000434
Epoch 68/400, Loss: 0.00000159
Epoch 69/400, Loss: 0.00000303
Epoch 70/400, Loss: 0.00000503
validating
Current best validation errs by now: 0.2714758594271163
Epoch 71/400, Loss: 0.00000373
Epoch 72/400, Loss: 0.00000077
Epoch 73/400, Loss: 0.00000455
Epoch 74/400, Loss: 0.00000024
Epoch 75/400, Loss: 0.00000107
validating
Current best validation errs by now: 0.2714758594271163
Epoch 76/400, Loss: 0.00000020
Epoch 77/400, Loss: 0.00000069
Epoch 78/400, Loss: 0.00000015
Epoch 79/400, Loss: 0.00000187
Epoch 80/400, Loss: 0.00000089
validating
Current best validation errs by now: 0.26323446748961865
Epoch 81/400, Loss: 0.00000108
Epoch 82/400, Loss: 0.00000123
Epoch 83/400, Loss: 0.00000094
Epoch 84/400, Loss: 0.00000085
Epoch 85/400, Loss: 0.00000046
validating
Current best validation errs by now: 0.26323446748961865
Epoch 86/400, Loss: 0.00000110
Epoch 87/400, Loss: 0.00000069
Epoch 88/400, Loss: 0.00000082
Epoch 89/400, Loss: 0.00000138
Epoch 90/400, Loss: 0.00000200
validating
Current best validation errs by now: 0.26323446748961865
Epoch 91/400, Loss: 0.00000188
Epoch 92/400, Loss: 0.00000122
Epoch 93/400, Loss: 0.00000025
Epoch 94/400, Loss: 0.00000320
Epoch 95/400, Loss: 0.00000090
validating
Current best validation errs by now: 0.26323446748961865
Epoch 96/400, Loss: 0.00001409
Epoch 97/400, Loss: 0.00000853
Epoch 98/400, Loss: 0.00000083
Epoch 99/400, Loss: 0.00000256
Epoch 100/400, Loss: 0.00000079
validating
Current best validation errs by now: 0.25959923808843316
Epoch 101/400, Loss: 0.00000084
Epoch 102/400, Loss: 0.00000299
Epoch 103/400, Loss: 0.00000051
Epoch 104/400, Loss: 0.00000092
Epoch 105/400, Loss: 0.00000253
validating
Current best validation errs by now: 0.25959923808843316
Epoch 106/400, Loss: 0.00000255
Epoch 107/400, Loss: 0.00000230
Epoch 108/400, Loss: 0.00000146
Epoch 109/400, Loss: 0.00000049
Epoch 110/400, Loss: 0.00000084
validating
Current best validation errs by now: 0.25959923808843316
Epoch 111/400, Loss: 0.00000012
Epoch 112/400, Loss: 0.00000074
Epoch 113/400, Loss: 0.00000116
Epoch 114/400, Loss: 0.00000266
Epoch 115/400, Loss: 0.00000198
validating
Current best validation errs by now: 0.25959923808843316
Epoch 116/400, Loss: 0.00000057
Epoch 117/400, Loss: 0.00000025
Epoch 118/400, Loss: 0.00000052
Epoch 119/400, Loss: 0.00000039
Epoch 120/400, Loss: 0.00000029
validating
Current best validation errs by now: 0.25959923808843316
Epoch 121/400, Loss: 0.00000346
Epoch 122/400, Loss: 0.00000114
Epoch 123/400, Loss: 0.00001165
Epoch 124/400, Loss: 0.00000576
Epoch 125/400, Loss: 0.00000236
validating
Current best validation errs by now: 0.25959923808843316
Epoch 126/400, Loss: 0.00000054
Epoch 127/400, Loss: 0.00000063
Epoch 128/400, Loss: 0.00000173
Epoch 129/400, Loss: 0.00000097
Epoch 130/400, Loss: 0.00000311
validating
Current best validation errs by now: 0.25531557193944154
Epoch 131/400, Loss: 0.00000143
Epoch 132/400, Loss: 0.00000211
Epoch 133/400, Loss: 0.00000047
slurmstepd: error: *** JOB 8861028 ON gpua065 CANCELLED AT 2025-04-05T08:19:22 DUE TO TIME LIMIT ***
