
Currently Loaded Modules:
  1) openmpi/4.1.6

 

job is starting on gpua079.delta.ncsa.illinois.edu
/u/wzhong/miniconda3/bin/python3
# packages in environment at /u/wzhong/miniconda3:
#
# Name                    Version                   Build  Channel
/u/wzhong/miniconda3/lib/python3.12/site-packages/torch_geometric/deprecation.py:26: UserWarning: 'data.DataLoader' is deprecated, use 'loader.DataLoader' instead
  warnings.warn(out)
No Nvidia modulus is detected.
Creating data loaders...
Data loaders created: Train=1800, Val=300, Test=900
Creating data loaders...
Not finding in path 2
Loading pretrained model ...
No trained model
model training ...
validating
Current best validation errs by now: 1.619064949552218
Epoch 1/400, Loss: 0.00189314
Epoch 2/400, Loss: 0.00376634
Epoch 3/400, Loss: 0.00049625
Epoch 4/400, Loss: 0.00168242
Epoch 5/400, Loss: 0.00032520
validating
Current best validation errs by now: 0.11524841224153837
Epoch 6/400, Loss: 0.00032184
Epoch 7/400, Loss: 0.00013691
Epoch 8/400, Loss: 0.00092263
Epoch 9/400, Loss: 0.00026488
Epoch 10/400, Loss: 0.00020473
validating
Current best validation errs by now: 0.11524841224153837
Epoch 11/400, Loss: 0.00024202
Epoch 12/400, Loss: 0.00013653
Epoch 13/400, Loss: 0.00052239
Epoch 14/400, Loss: 0.00015777
Epoch 15/400, Loss: 0.00005972
validating
Current best validation errs by now: 0.05639879486213128
Epoch 16/400, Loss: 0.00020373
Epoch 17/400, Loss: 0.00005855
Epoch 18/400, Loss: 0.00011193
Epoch 19/400, Loss: 0.00007293
Epoch 20/400, Loss: 0.00007824
validating
Current best validation errs by now: 0.04446441777671377
Epoch 21/400, Loss: 0.00011153
Epoch 22/400, Loss: 0.00003848
Epoch 23/400, Loss: 0.00008099
Epoch 24/400, Loss: 0.00008548
Epoch 25/400, Loss: 0.00010253
validating
Current best validation errs by now: 0.03749709323048592
Epoch 26/400, Loss: 0.00007142
Epoch 27/400, Loss: 0.00002390
Epoch 28/400, Loss: 0.00003613
Epoch 29/400, Loss: 0.00001321
Epoch 30/400, Loss: 0.00002342
validating
Current best validation errs by now: 0.03749709323048592
Epoch 31/400, Loss: 0.00003116
Epoch 32/400, Loss: 0.00000761
Epoch 33/400, Loss: 0.00005687
Epoch 34/400, Loss: 0.00062185
Epoch 35/400, Loss: 0.00008041
validating
Current best validation errs by now: 0.03749709323048592
Epoch 36/400, Loss: 0.00010581
Epoch 37/400, Loss: 0.00001011
Epoch 38/400, Loss: 0.00016125
Epoch 39/400, Loss: 0.00001666
Epoch 40/400, Loss: 0.00001345
validating
Current best validation errs by now: 0.013397581055760383
Epoch 41/400, Loss: 0.00001110
Epoch 42/400, Loss: 0.00000609
Epoch 43/400, Loss: 0.00002902
Epoch 44/400, Loss: 0.00000920
Epoch 45/400, Loss: 0.00016988
validating
Current best validation errs by now: 0.013397581055760383
Epoch 46/400, Loss: 0.00004263
Epoch 47/400, Loss: 0.00010790
Epoch 48/400, Loss: 0.00009628
Epoch 49/400, Loss: 0.00003750
Epoch 50/400, Loss: 0.00001390
validating
Current best validation errs by now: 0.013397581055760383
Epoch 51/400, Loss: 0.00005880
Epoch 52/400, Loss: 0.00001623
Epoch 53/400, Loss: 0.00001444
Epoch 54/400, Loss: 0.00002840
Epoch 55/400, Loss: 0.00003298
validating
Current best validation errs by now: 0.013397581055760383
Epoch 56/400, Loss: 0.00001126
Epoch 57/400, Loss: 0.00000686
Epoch 58/400, Loss: 0.00003091
Epoch 59/400, Loss: 0.00001452
Epoch 60/400, Loss: 0.00002315
validating
Current best validation errs by now: 0.013397581055760383
Epoch 61/400, Loss: 0.00000513
Epoch 62/400, Loss: 0.00001220
Epoch 63/400, Loss: 0.00001556
Epoch 64/400, Loss: 0.00001379
Epoch 65/400, Loss: 0.00000736
validating
Current best validation errs by now: 0.013397581055760383
Epoch 66/400, Loss: 0.00001302
Epoch 67/400, Loss: 0.00001866
Epoch 68/400, Loss: 0.00000651
Epoch 69/400, Loss: 0.00000370
Epoch 70/400, Loss: 0.00001196
validating
Current best validation errs by now: 0.012604211041082938
Epoch 71/400, Loss: 0.00002904
Epoch 72/400, Loss: 0.00001976
Epoch 73/400, Loss: 0.00000652
Epoch 74/400, Loss: 0.00001138
Epoch 75/400, Loss: 0.00000931
validating
Current best validation errs by now: 0.012604211041082938
Epoch 76/400, Loss: 0.00000729
Epoch 77/400, Loss: 0.00002934
Epoch 78/400, Loss: 0.00000511
Epoch 79/400, Loss: 0.00001967
Epoch 80/400, Loss: 0.00001512
validating
Current best validation errs by now: 0.012604211041082938
Epoch 81/400, Loss: 0.00000168
Epoch 82/400, Loss: 0.00001768
Epoch 83/400, Loss: 0.00000299
Epoch 84/400, Loss: 0.00001222
Epoch 85/400, Loss: 0.00000336
validating
Current best validation errs by now: 0.01067825366742909
Epoch 86/400, Loss: 0.00000655
Epoch 87/400, Loss: 0.00000502
Epoch 88/400, Loss: 0.00006262
Epoch 89/400, Loss: 0.00006683
Epoch 90/400, Loss: 0.00001386
validating
Current best validation errs by now: 0.010215946288468936
Epoch 91/400, Loss: 0.00000517
Epoch 92/400, Loss: 0.00000683
Epoch 93/400, Loss: 0.00000676
Epoch 94/400, Loss: 0.00006618
Epoch 95/400, Loss: 0.00000411
validating
Current best validation errs by now: 0.010215946288468936
Epoch 96/400, Loss: 0.00000374
Epoch 97/400, Loss: 0.00002418
Epoch 98/400, Loss: 0.00000794
Epoch 99/400, Loss: 0.00000500
Epoch 100/400, Loss: 0.00000456
validating
Current best validation errs by now: 0.010215946288468936
Epoch 101/400, Loss: 0.00009634
Epoch 102/400, Loss: 0.00000702
Epoch 103/400, Loss: 0.00000678
Epoch 104/400, Loss: 0.00000920
Epoch 105/400, Loss: 0.00051613
validating
Current best validation errs by now: 0.010215946288468936
Epoch 106/400, Loss: 0.00003018
Epoch 107/400, Loss: 0.00004651
Epoch 108/400, Loss: 0.00002343
Epoch 109/400, Loss: 0.00000564
Epoch 110/400, Loss: 0.00000351
validating
Current best validation errs by now: 0.010215946288468936
Epoch 111/400, Loss: 0.00001739
Epoch 112/400, Loss: 0.00000313
Epoch 113/400, Loss: 0.00000533
Epoch 114/400, Loss: 0.00018354
Epoch 115/400, Loss: 0.00003148
validating
Current best validation errs by now: 0.010215946288468936
Epoch 116/400, Loss: 0.00000354
Epoch 117/400, Loss: 0.00000458
Epoch 118/400, Loss: 0.00000358
Epoch 119/400, Loss: 0.00000489
Epoch 120/400, Loss: 0.00000426
validating
Current best validation errs by now: 0.010215946288468936
Epoch 121/400, Loss: 0.00000597
Epoch 122/400, Loss: 0.00000469
Epoch 123/400, Loss: 0.00000133
Epoch 124/400, Loss: 0.00000683
Epoch 125/400, Loss: 0.00002631
validating
Current best validation errs by now: 0.010215946288468936
Epoch 126/400, Loss: 0.00000266
Epoch 127/400, Loss: 0.00000088
Epoch 128/400, Loss: 0.00000293
Epoch 129/400, Loss: 0.00001869
Epoch 130/400, Loss: 0.00002990
validating
Current best validation errs by now: 0.010215946288468936
Epoch 131/400, Loss: 0.00000619
Epoch 132/400, Loss: 0.00001148
Epoch 133/400, Loss: 0.00002742
Epoch 134/400, Loss: 0.00000149
Epoch 135/400, Loss: 0.00000950
validating
Current best validation errs by now: 0.00850102707122763
Epoch 136/400, Loss: 0.00000417
Epoch 137/400, Loss: 0.00000632
Epoch 138/400, Loss: 0.00003534
Epoch 139/400, Loss: 0.00000449
Epoch 140/400, Loss: 0.00000633
validating
Current best validation errs by now: 0.00850102707122763
Epoch 141/400, Loss: 0.00000317
Epoch 142/400, Loss: 0.00001672
Epoch 143/400, Loss: 0.00002129
Epoch 144/400, Loss: 0.00018742
Epoch 145/400, Loss: 0.00001501
validating
Current best validation errs by now: 0.00850102707122763
Epoch 146/400, Loss: 0.00000503
Epoch 147/400, Loss: 0.00000165
Epoch 148/400, Loss: 0.00000320
Epoch 149/400, Loss: 0.00010331
Epoch 150/400, Loss: 0.00002565
validating
Current best validation errs by now: 0.00850102707122763
Epoch 151/400, Loss: 0.00000662
Epoch 152/400, Loss: 0.00000190
Epoch 153/400, Loss: 0.00004861
Epoch 154/400, Loss: 0.00000142
Epoch 155/400, Loss: 0.00000220
validating
Current best validation errs by now: 0.00850102707122763
Epoch 156/400, Loss: 0.00000478
Epoch 157/400, Loss: 0.00000646
Epoch 158/400, Loss: 0.00000359
Epoch 159/400, Loss: 0.00000106
Epoch 160/400, Loss: 0.00000274
validating
Current best validation errs by now: 0.00850102707122763
Epoch 161/400, Loss: 0.00000709
Epoch 162/400, Loss: 0.00000120
Epoch 163/400, Loss: 0.00000606
Epoch 164/400, Loss: 0.00000732
Epoch 165/400, Loss: 0.00004534
validating
Current best validation errs by now: 0.00850102707122763
Epoch 166/400, Loss: 0.00003847
Epoch 167/400, Loss: 0.00000275
Epoch 168/400, Loss: 0.00000162
Epoch 169/400, Loss: 0.00000278
Epoch 170/400, Loss: 0.00025612
validating
Current best validation errs by now: 0.00850102707122763
Epoch 171/400, Loss: 0.00000080
Epoch 172/400, Loss: 0.00000273
Epoch 173/400, Loss: 0.00000083
Epoch 174/400, Loss: 0.00000233
Epoch 175/400, Loss: 0.00000268
validating
Current best validation errs by now: 0.00850102707122763
Epoch 176/400, Loss: 0.00000294
Epoch 177/400, Loss: 0.00014169
Epoch 178/400, Loss: 0.00000521
Epoch 179/400, Loss: 0.00010325
Epoch 180/400, Loss: 0.00001393
validating
Current best validation errs by now: 0.00850102707122763
Epoch 181/400, Loss: 0.00000795
Epoch 182/400, Loss: 0.00001696
Epoch 183/400, Loss: 0.00000812
Epoch 184/400, Loss: 0.00000484
Epoch 185/400, Loss: 0.00000190
validating
Current best validation errs by now: 0.00850102707122763
Epoch 186/400, Loss: 0.00001337
Epoch 187/400, Loss: 0.00000145
Epoch 188/400, Loss: 0.00001530
Epoch 189/400, Loss: 0.00011062
Epoch 190/400, Loss: 0.00000280
validating
Current best validation errs by now: 0.00850102707122763
Epoch 191/400, Loss: 0.00000146
Epoch 192/400, Loss: 0.00000060
Epoch 193/400, Loss: 0.00001450
Epoch 194/400, Loss: 0.00000098
Epoch 195/400, Loss: 0.00001529
validating
Current best validation errs by now: 0.00850102707122763
Epoch 196/400, Loss: 0.00000283
Epoch 197/400, Loss: 0.00001314
Epoch 198/400, Loss: 0.00003467
Epoch 199/400, Loss: 0.00000557
Epoch 200/400, Loss: 0.00000414
validating
Current best validation errs by now: 0.006252750357768188
Epoch 201/400, Loss: 0.00000961
Epoch 202/400, Loss: 0.00000175
Epoch 203/400, Loss: 0.00000797
Epoch 204/400, Loss: 0.00000201
Epoch 205/400, Loss: 0.00001249
validating
Current best validation errs by now: 0.006252750357768188
Epoch 206/400, Loss: 0.00005454
Epoch 207/400, Loss: 0.00000958
Epoch 208/400, Loss: 0.00000121
Epoch 209/400, Loss: 0.00002155
Epoch 210/400, Loss: 0.00000243
validating
Current best validation errs by now: 0.006252750357768188
Epoch 211/400, Loss: 0.00000142
Epoch 212/400, Loss: 0.00000245
Epoch 213/400, Loss: 0.00000456
Epoch 214/400, Loss: 0.00000091
Epoch 215/400, Loss: 0.00000219
validating
Current best validation errs by now: 0.006252750357768188
Epoch 216/400, Loss: 0.00000110
Epoch 217/400, Loss: 0.00000147
Epoch 218/400, Loss: 0.00000393
Epoch 219/400, Loss: 0.00000807
Epoch 220/400, Loss: 0.00002093
validating
Current best validation errs by now: 0.006252750357768188
Epoch 221/400, Loss: 0.00000156
Epoch 222/400, Loss: 0.00000485
Epoch 223/400, Loss: 0.00000857
Epoch 224/400, Loss: 0.00000186
Epoch 225/400, Loss: 0.00000273
validating
Current best validation errs by now: 0.006252750357768188
Epoch 226/400, Loss: 0.00000150
Epoch 227/400, Loss: 0.00002812
Epoch 228/400, Loss: 0.00000157
Epoch 229/400, Loss: 0.00001479
Epoch 230/400, Loss: 0.00000081
validating
Current best validation errs by now: 0.0058558541357827685
Epoch 231/400, Loss: 0.00000351
Epoch 232/400, Loss: 0.00000360
Epoch 233/400, Loss: 0.00000298
Epoch 234/400, Loss: 0.00002202
Epoch 235/400, Loss: 0.00003049
validating
Current best validation errs by now: 0.0058558541357827685
Epoch 236/400, Loss: 0.00000167
Epoch 237/400, Loss: 0.00000141
Epoch 238/400, Loss: 0.00000118
Epoch 239/400, Loss: 0.00000084
Epoch 240/400, Loss: 0.00003374
validating
Current best validation errs by now: 0.0058558541357827685
Epoch 241/400, Loss: 0.00005189
Epoch 242/400, Loss: 0.00000135
Epoch 243/400, Loss: 0.00000139
Epoch 244/400, Loss: 0.00000059
Epoch 245/400, Loss: 0.00023764
validating
Current best validation errs by now: 0.0058558541357827685
Epoch 246/400, Loss: 0.00000135
Epoch 247/400, Loss: 0.00000193
Epoch 248/400, Loss: 0.00000132
Epoch 249/400, Loss: 0.00007605
Epoch 250/400, Loss: 0.00001048
validating
Current best validation errs by now: 0.0058558541357827685
Epoch 251/400, Loss: 0.00000099
Epoch 252/400, Loss: 0.00000220
Epoch 253/400, Loss: 0.00000191
Epoch 254/400, Loss: 0.00000888
Epoch 255/400, Loss: 0.00000118
validating
Current best validation errs by now: 0.0058558541357827685
Epoch 256/400, Loss: 0.00000771
Epoch 257/400, Loss: 0.00000153
Epoch 258/400, Loss: 0.00000642
Epoch 259/400, Loss: 0.00000286
Epoch 260/400, Loss: 0.00004873
validating
Current best validation errs by now: 0.0058558541357827685
Epoch 261/400, Loss: 0.00001756
Epoch 262/400, Loss: 0.00002057
Epoch 263/400, Loss: 0.00000189
Epoch 264/400, Loss: 0.00000459
Epoch 265/400, Loss: 0.00000083
validating
Current best validation errs by now: 0.005738244665941844
Epoch 266/400, Loss: 0.00000279
Epoch 267/400, Loss: 0.00000153
Epoch 268/400, Loss: 0.00000071
Epoch 269/400, Loss: 0.00000100
Epoch 270/400, Loss: 0.00000766
validating
Current best validation errs by now: 0.005738244665941844
Epoch 271/400, Loss: 0.00000342
Epoch 272/400, Loss: 0.00000847
Epoch 273/400, Loss: 0.00000090
Epoch 274/400, Loss: 0.00000379
Epoch 275/400, Loss: 0.00000149
validating
Current best validation errs by now: 0.005738244665941844
Epoch 276/400, Loss: 0.00000190
Epoch 277/400, Loss: 0.00000259
Epoch 278/400, Loss: 0.00000244
Epoch 279/400, Loss: 0.00003116
Epoch 280/400, Loss: 0.00000146
validating
Current best validation errs by now: 0.005738244665941844
Epoch 281/400, Loss: 0.00000275
Epoch 282/400, Loss: 0.00000120
Epoch 283/400, Loss: 0.00000523
Epoch 284/400, Loss: 0.00000059
Epoch 285/400, Loss: 0.00000800
validating
Current best validation errs by now: 0.005738244665941844
Epoch 286/400, Loss: 0.00000133
Epoch 287/400, Loss: 0.00000084
Epoch 288/400, Loss: 0.00000430
Epoch 289/400, Loss: 0.00000339
Epoch 290/400, Loss: 0.00000959
validating
Current best validation errs by now: 0.005738244665941844
Epoch 291/400, Loss: 0.00000265
Epoch 292/400, Loss: 0.00000528
Epoch 293/400, Loss: 0.00000136
Epoch 294/400, Loss: 0.00000219
Epoch 295/400, Loss: 0.00000238
validating
Current best validation errs by now: 0.005738244665941844
Epoch 296/400, Loss: 0.00000101
Epoch 297/400, Loss: 0.00000504
Epoch 298/400, Loss: 0.00001426
Epoch 299/400, Loss: 0.00000104
Epoch 300/400, Loss: 0.00000400
validating
Current best validation errs by now: 0.005738244665941844
Epoch 301/400, Loss: 0.00001119
Epoch 302/400, Loss: 0.00000401
Epoch 303/400, Loss: 0.00000139
Epoch 304/400, Loss: 0.00000357
Epoch 305/400, Loss: 0.00003030
validating
Current best validation errs by now: 0.005738244665941844
Epoch 306/400, Loss: 0.00000485
Epoch 307/400, Loss: 0.00000181
Epoch 308/400, Loss: 0.00000327
Epoch 309/400, Loss: 0.00000203
Epoch 310/400, Loss: 0.00000299
validating
Current best validation errs by now: 0.005738244665941844
Epoch 311/400, Loss: 0.00000149
Epoch 312/400, Loss: 0.00000280
Epoch 313/400, Loss: 0.00000101
Epoch 314/400, Loss: 0.00000134
Epoch 315/400, Loss: 0.00000459
validating
Current best validation errs by now: 0.005738244665941844
Epoch 316/400, Loss: 0.00007676
Epoch 317/400, Loss: 0.00000243
Epoch 318/400, Loss: 0.00000175
Epoch 319/400, Loss: 0.00000322
Epoch 320/400, Loss: 0.00000123
validating
Current best validation errs by now: 0.005738244665941844
Epoch 321/400, Loss: 0.00000039
Epoch 322/400, Loss: 0.00000592
Epoch 323/400, Loss: 0.00000114
Epoch 324/400, Loss: 0.00000151
Epoch 325/400, Loss: 0.00000137
validating
Current best validation errs by now: 0.005738244665941844
Epoch 326/400, Loss: 0.00000660
Epoch 327/400, Loss: 0.00000135
Epoch 328/400, Loss: 0.00004838
Epoch 329/400, Loss: 0.00000116
Epoch 330/400, Loss: 0.00000108
validating
Current best validation errs by now: 0.005567537860479206
Epoch 331/400, Loss: 0.00000267
Epoch 332/400, Loss: 0.00000331
Epoch 333/400, Loss: 0.00000162
Epoch 334/400, Loss: 0.00000266
Epoch 335/400, Loss: 0.00000096
validating
Current best validation errs by now: 0.005567537860479206
Epoch 336/400, Loss: 0.00000210
Epoch 337/400, Loss: 0.00000459
Epoch 338/400, Loss: 0.00000297
Epoch 339/400, Loss: 0.00000096
Epoch 340/400, Loss: 0.00000412
validating
Current best validation errs by now: 0.005567537860479206
Epoch 341/400, Loss: 0.00000132
Epoch 342/400, Loss: 0.00000272
Epoch 343/400, Loss: 0.00000106
Epoch 344/400, Loss: 0.00000577
Epoch 345/400, Loss: 0.00000065
validating
Current best validation errs by now: 0.005567537860479206
Epoch 346/400, Loss: 0.00000232
Epoch 347/400, Loss: 0.00000074
Epoch 348/400, Loss: 0.00000476
Epoch 349/400, Loss: 0.00000318
Epoch 350/400, Loss: 0.00000386
validating
Current best validation errs by now: 0.005567537860479206
Epoch 351/400, Loss: 0.00000104
Epoch 352/400, Loss: 0.00000063
Epoch 353/400, Loss: 0.00000101
Epoch 354/400, Loss: 0.00000328
Epoch 355/400, Loss: 0.00000063
validating
Current best validation errs by now: 0.005425196224047492
Epoch 356/400, Loss: 0.00000824
Epoch 357/400, Loss: 0.00000318
Epoch 358/400, Loss: 0.00000125
Epoch 359/400, Loss: 0.00000184
Epoch 360/400, Loss: 0.00000035
validating
Current best validation errs by now: 0.00459829134400934
Epoch 361/400, Loss: 0.00000143
Epoch 362/400, Loss: 0.00000555
slurmstepd: error: *** JOB 8894718 ON gpua079 CANCELLED AT 2025-04-06T07:03:39 DUE TO TIME LIMIT ***
