
Currently Loaded Modules:
  1) openmpi/4.1.6

 

job is starting on gpua074.delta.ncsa.illinois.edu
/u/wzhong/miniconda3/bin/python3
# packages in environment at /u/wzhong/miniconda3:
#
# Name                    Version                   Build  Channel
/u/wzhong/miniconda3/lib/python3.12/site-packages/torch_geometric/deprecation.py:26: UserWarning: 'data.DataLoader' is deprecated, use 'loader.DataLoader' instead
  warnings.warn(out)
No Nvidia modulus is detected.
Creating data loaders...
Data loaders created: Train=375, Val=62, Test=188
Creating data loaders...
Not finding in path 2
Loading pretrained model ...
model training ...
validating
Current best validation errs by now: 0.052954710479224884
Epoch 1/400, Loss: 0.00069268
Epoch 2/400, Loss: 0.00070109
Epoch 3/400, Loss: 0.00034256
Epoch 4/400, Loss: 0.00038428
Epoch 5/400, Loss: 0.00075816
validating
Current best validation errs by now: 0.00496479564706885
Epoch 6/400, Loss: 0.00051902
Epoch 7/400, Loss: 0.00039695
Epoch 8/400, Loss: 0.00065880
Epoch 9/400, Loss: 0.00034350
Epoch 10/400, Loss: 0.00054301
validating
Current best validation errs by now: 0.0038148302982951845
Epoch 11/400, Loss: 0.00018719
Epoch 12/400, Loss: 0.00054242
Epoch 13/400, Loss: 0.00024448
Epoch 14/400, Loss: 0.00045760
Epoch 15/400, Loss: 0.00023491
validating
Current best validation errs by now: 0.0038148302982951845
Epoch 16/400, Loss: 0.00222502
Epoch 17/400, Loss: 0.00020034
Epoch 18/400, Loss: 0.00013373
Epoch 19/400, Loss: 0.00032549
Epoch 20/400, Loss: 0.00023861
validating
Current best validation errs by now: 0.0028318350800433227
Epoch 21/400, Loss: 0.00011479
Epoch 22/400, Loss: 0.00048159
Epoch 23/400, Loss: 0.00011005
Epoch 24/400, Loss: 0.00031394
Epoch 25/400, Loss: 0.00078983
validating
Current best validation errs by now: 0.0028318350800433227
Epoch 26/400, Loss: 0.00011281
Epoch 27/400, Loss: 0.00005188
Epoch 28/400, Loss: 0.00015074
Epoch 29/400, Loss: 0.00038036
Epoch 30/400, Loss: 0.00012039
validating
Current best validation errs by now: 0.0017864377098909068
Epoch 31/400, Loss: 0.00008056
Epoch 32/400, Loss: 0.00010240
Epoch 33/400, Loss: 0.00021303
Epoch 34/400, Loss: 0.00006970
Epoch 35/400, Loss: 0.00006428
validating
Current best validation errs by now: 0.001694539757145028
Epoch 36/400, Loss: 0.00044522
Epoch 37/400, Loss: 0.00010835
Epoch 38/400, Loss: 0.00004486
Epoch 39/400, Loss: 0.00021676
Epoch 40/400, Loss: 0.00003887
validating
Current best validation errs by now: 0.001694539757145028
Epoch 41/400, Loss: 0.00013674
Epoch 42/400, Loss: 0.00009040
Epoch 43/400, Loss: 0.00016760
Epoch 44/400, Loss: 0.00003036
Epoch 45/400, Loss: 0.00027597
validating
Current best validation errs by now: 0.001694539757145028
Epoch 46/400, Loss: 0.00007265
Epoch 47/400, Loss: 0.00003934
Epoch 48/400, Loss: 0.00003711
Epoch 49/400, Loss: 0.00017092
Epoch 50/400, Loss: 0.00014598
validating
Current best validation errs by now: 0.001694539757145028
Epoch 51/400, Loss: 0.00007980
Epoch 52/400, Loss: 0.00006521
Epoch 53/400, Loss: 0.00035944
Epoch 54/400, Loss: 0.00010596
Epoch 55/400, Loss: 0.00001384
validating
Current best validation errs by now: 0.0016042792459859724
Epoch 56/400, Loss: 0.00010008
Epoch 57/400, Loss: 0.00003039
Epoch 58/400, Loss: 0.00003069
Epoch 59/400, Loss: 0.00003044
Epoch 60/400, Loss: 0.00020186
validating
Current best validation errs by now: 0.0016042792459859724
Epoch 61/400, Loss: 0.00002497
Epoch 62/400, Loss: 0.00002528
Epoch 63/400, Loss: 0.00003333
Epoch 64/400, Loss: 0.00004780
Epoch 65/400, Loss: 0.00012359
validating
Current best validation errs by now: 0.0013326901797911213
Epoch 66/400, Loss: 0.00005489
Epoch 67/400, Loss: 0.00005137
Epoch 68/400, Loss: 0.00006924
Epoch 69/400, Loss: 0.00006220
Epoch 70/400, Loss: 0.00009331
validating
Current best validation errs by now: 0.0013326901797911213
Epoch 71/400, Loss: 0.00005019
Epoch 72/400, Loss: 0.00008910
Epoch 73/400, Loss: 0.00007791
Epoch 74/400, Loss: 0.00006421
Epoch 75/400, Loss: 0.00004521
validating
Current best validation errs by now: 0.0012173646011374771
Epoch 76/400, Loss: 0.00008309
Epoch 77/400, Loss: 0.00042747
Epoch 78/400, Loss: 0.00003143
Epoch 79/400, Loss: 0.00013425
Epoch 80/400, Loss: 0.00003392
validating
Current best validation errs by now: 0.0012173646011374771
Epoch 81/400, Loss: 0.00002813
Epoch 82/400, Loss: 0.00035791
Epoch 83/400, Loss: 0.00003707
Epoch 84/400, Loss: 0.00003809
Epoch 85/400, Loss: 0.00027137
validating
Current best validation errs by now: 0.0010228576101062278
Epoch 86/400, Loss: 0.00019443
Epoch 87/400, Loss: 0.00020288
Epoch 88/400, Loss: 0.00018377
Epoch 89/400, Loss: 0.00001209
Epoch 90/400, Loss: 0.00001034
validating
Current best validation errs by now: 0.001006572665045819
Epoch 91/400, Loss: 0.00002859
Epoch 92/400, Loss: 0.00001234
Epoch 93/400, Loss: 0.00003310
Epoch 94/400, Loss: 0.00019467
Epoch 95/400, Loss: 0.00011118
validating
Current best validation errs by now: 0.001006572665045819
Epoch 96/400, Loss: 0.00003621
Epoch 97/400, Loss: 0.00004582
Epoch 98/400, Loss: 0.00002184
Epoch 99/400, Loss: 0.00003131
Epoch 100/400, Loss: 0.00003155
validating
Current best validation errs by now: 0.0009560870258287798
Epoch 101/400, Loss: 0.00004442
Epoch 102/400, Loss: 0.00007807
Epoch 103/400, Loss: 0.00004913
Epoch 104/400, Loss: 0.00003294
Epoch 105/400, Loss: 0.00004279
validating
Current best validation errs by now: 0.0009560870258287798
Epoch 106/400, Loss: 0.00003213
Epoch 107/400, Loss: 0.00004122
Epoch 108/400, Loss: 0.00001996
Epoch 109/400, Loss: 0.00034086
Epoch 110/400, Loss: 0.00002030
validating
Current best validation errs by now: 0.0009560870258287798
Epoch 111/400, Loss: 0.00059091
Epoch 112/400, Loss: 0.00001596
Epoch 113/400, Loss: 0.00003880
Epoch 114/400, Loss: 0.00001689
Epoch 115/400, Loss: 0.00001038
validating
Current best validation errs by now: 0.0009560870258287798
Epoch 116/400, Loss: 0.00008794
Epoch 117/400, Loss: 0.00006639
Epoch 118/400, Loss: 0.00008877
Epoch 119/400, Loss: 0.00001304
Epoch 120/400, Loss: 0.00005457
validating
Current best validation errs by now: 0.0009560870258287798
Epoch 121/400, Loss: 0.00004882
Epoch 122/400, Loss: 0.00000678
Epoch 123/400, Loss: 0.00000987
Epoch 124/400, Loss: 0.00001648
Epoch 125/400, Loss: 0.00000892
validating
Current best validation errs by now: 0.0008164104304253874
Epoch 126/400, Loss: 0.00010855
Epoch 127/400, Loss: 0.00001977
Epoch 128/400, Loss: 0.00003142
Epoch 129/400, Loss: 0.00001395
Epoch 130/400, Loss: 0.00001434
validating
Current best validation errs by now: 0.0008164104304253874
Epoch 131/400, Loss: 0.00014653
Epoch 132/400, Loss: 0.00014804
Epoch 133/400, Loss: 0.00001031
Epoch 134/400, Loss: 0.00001633
Epoch 135/400, Loss: 0.00001682
validating
Current best validation errs by now: 0.0008164104304253874
Epoch 136/400, Loss: 0.00003662
Epoch 137/400, Loss: 0.00002370
Epoch 138/400, Loss: 0.00005487
Epoch 139/400, Loss: 0.00002227
Epoch 140/400, Loss: 0.00023470
validating
Current best validation errs by now: 0.000737008333559178
Epoch 141/400, Loss: 0.00000671
Epoch 142/400, Loss: 0.00001364
Epoch 143/400, Loss: 0.00002024
Epoch 144/400, Loss: 0.00000809
Epoch 145/400, Loss: 0.00008391
validating
Current best validation errs by now: 0.000737008333559178
Epoch 146/400, Loss: 0.00001414
Epoch 147/400, Loss: 0.00001965
Epoch 148/400, Loss: 0.00003484
Epoch 149/400, Loss: 0.00003108
Epoch 150/400, Loss: 0.00002066
validating
Current best validation errs by now: 0.0007311695071327831
Epoch 151/400, Loss: 0.00002662
Epoch 152/400, Loss: 0.00003483
Epoch 153/400, Loss: 0.00001071
Epoch 154/400, Loss: 0.00011294
Epoch 155/400, Loss: 0.00002244
validating
Current best validation errs by now: 0.0007311695071327831
Epoch 156/400, Loss: 0.00006562
Epoch 157/400, Loss: 0.00000945
Epoch 158/400, Loss: 0.00000411
Epoch 159/400, Loss: 0.00001645
Epoch 160/400, Loss: 0.00001338
validating
Current best validation errs by now: 0.0007242252975101433
Epoch 161/400, Loss: 0.00000692
Epoch 162/400, Loss: 0.00001621
Epoch 163/400, Loss: 0.00004791
Epoch 164/400, Loss: 0.00001799
Epoch 165/400, Loss: 0.00002001
validating
Current best validation errs by now: 0.0007242252975101433
Epoch 166/400, Loss: 0.00001377
Epoch 167/400, Loss: 0.00004989
Epoch 168/400, Loss: 0.00001903
Epoch 169/400, Loss: 0.00088898
Epoch 170/400, Loss: 0.00000889
validating
Current best validation errs by now: 0.0007228938301259111
Epoch 171/400, Loss: 0.00001258
Epoch 172/400, Loss: 0.00001043
Epoch 173/400, Loss: 0.00000934
Epoch 174/400, Loss: 0.00001179
Epoch 175/400, Loss: 0.00002778
validating
Current best validation errs by now: 0.0007228938301259111
Epoch 176/400, Loss: 0.00000916
Epoch 177/400, Loss: 0.00001005
Epoch 178/400, Loss: 0.00003061
Epoch 179/400, Loss: 0.00007875
Epoch 180/400, Loss: 0.00002768
validating
Current best validation errs by now: 0.0006544722507955626
Epoch 181/400, Loss: 0.00001123
Epoch 182/400, Loss: 0.00000800
Epoch 183/400, Loss: 0.00001652
Epoch 184/400, Loss: 0.00001533
Epoch 185/400, Loss: 0.00004399
validating
Current best validation errs by now: 0.0006544722507955626
Epoch 186/400, Loss: 0.00001179
Epoch 187/400, Loss: 0.00001859
Epoch 188/400, Loss: 0.00000597
Epoch 189/400, Loss: 0.00000758
Epoch 190/400, Loss: 0.00003681
validating
Current best validation errs by now: 0.0006544722507955626
Epoch 191/400, Loss: 0.00001449
Epoch 192/400, Loss: 0.00000896
Epoch 193/400, Loss: 0.00002152
Epoch 194/400, Loss: 0.00002588
Epoch 195/400, Loss: 0.00000689
validating
Current best validation errs by now: 0.0006544722507955626
Epoch 196/400, Loss: 0.00000312
Epoch 197/400, Loss: 0.00001227
Epoch 198/400, Loss: 0.00002047
Epoch 199/400, Loss: 0.00003067
Epoch 200/400, Loss: 0.00000790
validating
Current best validation errs by now: 0.0005896615043785723
Epoch 201/400, Loss: 0.00000889
Epoch 202/400, Loss: 0.00002435
Epoch 203/400, Loss: 0.00002978
Epoch 204/400, Loss: 0.00004184
Epoch 205/400, Loss: 0.00022336
validating
Current best validation errs by now: 0.0005896615043785723
Epoch 206/400, Loss: 0.00002052
Epoch 207/400, Loss: 0.00001419
Epoch 208/400, Loss: 0.00000485
Epoch 209/400, Loss: 0.00000976
Epoch 210/400, Loss: 0.00003268
validating
Current best validation errs by now: 0.0005896615043785723
Epoch 211/400, Loss: 0.00001000
Epoch 212/400, Loss: 0.00003187
Epoch 213/400, Loss: 0.00001616
Epoch 214/400, Loss: 0.00001760
Epoch 215/400, Loss: 0.00000681
validating
Current best validation errs by now: 0.0005896615043785723
Epoch 216/400, Loss: 0.00002019
Epoch 217/400, Loss: 0.00000919
Epoch 218/400, Loss: 0.00002440
Epoch 219/400, Loss: 0.00003392
Epoch 220/400, Loss: 0.00002655
validating
Current best validation errs by now: 0.0005896615043785723
Epoch 221/400, Loss: 0.00001574
Epoch 222/400, Loss: 0.00000488
Epoch 223/400, Loss: 0.00003163
Epoch 224/400, Loss: 0.00002041
Epoch 225/400, Loss: 0.00001378
validating
Current best validation errs by now: 0.0005896615043785723
Epoch 226/400, Loss: 0.00001997
Epoch 227/400, Loss: 0.00000553
Epoch 228/400, Loss: 0.00009213
Epoch 229/400, Loss: 0.00000788
Epoch 230/400, Loss: 0.00002604
validating
Current best validation errs by now: 0.000533655435579168
Epoch 231/400, Loss: 0.00004288
Epoch 232/400, Loss: 0.00001403
Epoch 233/400, Loss: 0.00000975
Epoch 234/400, Loss: 0.00000926
Epoch 235/400, Loss: 0.00000444
validating
Current best validation errs by now: 0.000533655435579168
Epoch 236/400, Loss: 0.00000298
Epoch 237/400, Loss: 0.00008912
Epoch 238/400, Loss: 0.00000545
Epoch 239/400, Loss: 0.00001429
Epoch 240/400, Loss: 0.00001476
validating
Current best validation errs by now: 0.000533655435579168
Epoch 241/400, Loss: 0.00000446
Epoch 242/400, Loss: 0.00000446
Epoch 243/400, Loss: 0.00001556
Epoch 244/400, Loss: 0.00000492
Epoch 245/400, Loss: 0.00000478
validating
Current best validation errs by now: 0.000533655435579168
Epoch 246/400, Loss: 0.00000398
Epoch 247/400, Loss: 0.00000231
Epoch 248/400, Loss: 0.00000297
Epoch 249/400, Loss: 0.00000995
Epoch 250/400, Loss: 0.00002517
validating
Current best validation errs by now: 0.000533655435579168
Epoch 251/400, Loss: 0.00000255
Epoch 252/400, Loss: 0.00000253
Epoch 253/400, Loss: 0.00005494
Epoch 254/400, Loss: 0.00001406
Epoch 255/400, Loss: 0.00000510
validating
Current best validation errs by now: 0.000533655435579168
Epoch 256/400, Loss: 0.00000398
Epoch 257/400, Loss: 0.00000489
Epoch 258/400, Loss: 0.00000872
Epoch 259/400, Loss: 0.00000605
Epoch 260/400, Loss: 0.00000992
validating
Current best validation errs by now: 0.0005110823399116916
Epoch 261/400, Loss: 0.00002137
Epoch 262/400, Loss: 0.00001173
Epoch 263/400, Loss: 0.00001612
Epoch 264/400, Loss: 0.00000705
Epoch 265/400, Loss: 0.00000801
validating
Current best validation errs by now: 0.000484395622944219
Epoch 266/400, Loss: 0.00001264
Epoch 267/400, Loss: 0.00000691
Epoch 268/400, Loss: 0.00000609
Epoch 269/400, Loss: 0.00000606
Epoch 270/400, Loss: 0.00000375
validating
Current best validation errs by now: 0.000484395622944219
Epoch 271/400, Loss: 0.00000542
Epoch 272/400, Loss: 0.00000800
Epoch 273/400, Loss: 0.00001196
Epoch 274/400, Loss: 0.00000310
Epoch 275/400, Loss: 0.00001474
validating
Current best validation errs by now: 0.000484395622944219
Epoch 276/400, Loss: 0.00000448
Epoch 277/400, Loss: 0.00000532
Epoch 278/400, Loss: 0.00000607
Epoch 279/400, Loss: 0.00001289
Epoch 280/400, Loss: 0.00000118
validating
Current best validation errs by now: 0.000484395622944219
Epoch 281/400, Loss: 0.00001339
Epoch 282/400, Loss: 0.00000579
Epoch 283/400, Loss: 0.00000971
Epoch 284/400, Loss: 0.00002837
Epoch 285/400, Loss: 0.00001197
validating
Current best validation errs by now: 0.000484395622944219
Epoch 286/400, Loss: 0.00000271
Epoch 287/400, Loss: 0.00000796
Epoch 288/400, Loss: 0.00000735
Epoch 289/400, Loss: 0.00000507
Epoch 290/400, Loss: 0.00002237
validating
Current best validation errs by now: 0.000484395622944219
Epoch 291/400, Loss: 0.00002763
Epoch 292/400, Loss: 0.00000114
Epoch 293/400, Loss: 0.00000146
Epoch 294/400, Loss: 0.00000774
Epoch 295/400, Loss: 0.00002529
validating
Current best validation errs by now: 0.000484395622944219
Epoch 296/400, Loss: 0.00006054
Epoch 297/400, Loss: 0.00000638
Epoch 298/400, Loss: 0.00000793
Epoch 299/400, Loss: 0.00000380
Epoch 300/400, Loss: 0.00000597
validating
Current best validation errs by now: 0.000484395622944219
Epoch 301/400, Loss: 0.00000266
Epoch 302/400, Loss: 0.00000348
Epoch 303/400, Loss: 0.00000883
Epoch 304/400, Loss: 0.00000992
Epoch 305/400, Loss: 0.00012523
validating
Current best validation errs by now: 0.000484395622944219
Epoch 306/400, Loss: 0.00001087
Epoch 307/400, Loss: 0.00000656
Epoch 308/400, Loss: 0.00000814
Epoch 309/400, Loss: 0.00000232
Epoch 310/400, Loss: 0.00000618
validating
Current best validation errs by now: 0.0004817806728815119
Epoch 311/400, Loss: 0.00000429
Epoch 312/400, Loss: 0.00000371
Epoch 313/400, Loss: 0.00000820
Epoch 314/400, Loss: 0.00000452
Epoch 315/400, Loss: 0.00002613
validating
Current best validation errs by now: 0.0004627702320219889
Epoch 316/400, Loss: 0.00000757
Epoch 317/400, Loss: 0.00000601
Epoch 318/400, Loss: 0.00000952
Epoch 319/400, Loss: 0.00000315
Epoch 320/400, Loss: 0.00001111
validating
Current best validation errs by now: 0.0004627702320219889
Epoch 321/400, Loss: 0.00001176
Epoch 322/400, Loss: 0.00000322
Epoch 323/400, Loss: 0.00001220
Epoch 324/400, Loss: 0.00001855
Epoch 325/400, Loss: 0.00000784
validating
Current best validation errs by now: 0.0004627702320219889
Epoch 326/400, Loss: 0.00000613
Epoch 327/400, Loss: 0.00000946
Epoch 328/400, Loss: 0.00000738
Epoch 329/400, Loss: 0.00000340
Epoch 330/400, Loss: 0.00001979
validating
Current best validation errs by now: 0.0004627702320219889
Epoch 331/400, Loss: 0.00000972
Epoch 332/400, Loss: 0.00001634
Epoch 333/400, Loss: 0.00004553
Epoch 334/400, Loss: 0.00001443
Epoch 335/400, Loss: 0.00000293
validating
Current best validation errs by now: 0.0004386981125853415
Epoch 336/400, Loss: 0.00002838
Epoch 337/400, Loss: 0.00000939
Epoch 338/400, Loss: 0.00001000
Epoch 339/400, Loss: 0.00000211
Epoch 340/400, Loss: 0.00001255
validating
Current best validation errs by now: 0.0004386981125853415
Epoch 341/400, Loss: 0.00000595
Epoch 342/400, Loss: 0.00000263
Epoch 343/400, Loss: 0.00000795
Epoch 344/400, Loss: 0.00001235
Epoch 345/400, Loss: 0.00000424
validating
Current best validation errs by now: 0.0004386981125853415
Epoch 346/400, Loss: 0.00003309
Epoch 347/400, Loss: 0.00001035
Epoch 348/400, Loss: 0.00000356
Epoch 349/400, Loss: 0.00001024
Epoch 350/400, Loss: 0.00000265
validating
Current best validation errs by now: 0.0004386981125853415
Epoch 351/400, Loss: 0.00000135
Epoch 352/400, Loss: 0.00000313
Epoch 353/400, Loss: 0.00000581
Epoch 354/400, Loss: 0.00008834
Epoch 355/400, Loss: 0.00010521
validating
Current best validation errs by now: 0.0004386981125853415
Epoch 356/400, Loss: 0.00000686
Epoch 357/400, Loss: 0.00000328
Epoch 358/400, Loss: 0.00000206
Epoch 359/400, Loss: 0.00000481
Epoch 360/400, Loss: 0.00000227
validating
Current best validation errs by now: 0.0004185922335900907
Epoch 361/400, Loss: 0.00000255
Epoch 362/400, Loss: 0.00000146
Epoch 363/400, Loss: 0.00002454
Epoch 364/400, Loss: 0.00001361
Epoch 365/400, Loss: 0.00000085
validating
Current best validation errs by now: 0.0004185922335900907
Epoch 366/400, Loss: 0.00000458
Epoch 367/400, Loss: 0.00000199
Epoch 368/400, Loss: 0.00000422
Epoch 369/400, Loss: 0.00000271
Epoch 370/400, Loss: 0.00001326
validating
Current best validation errs by now: 0.0004185922335900907
Epoch 371/400, Loss: 0.00002479
Epoch 372/400, Loss: 0.00004323
Epoch 373/400, Loss: 0.00000168
Epoch 374/400, Loss: 0.00000575
Epoch 375/400, Loss: 0.00001481
validating
Current best validation errs by now: 0.0004185922335900907
Epoch 376/400, Loss: 0.00000229
Epoch 377/400, Loss: 0.00001155
Epoch 378/400, Loss: 0.00000816
Epoch 379/400, Loss: 0.00000219
Epoch 380/400, Loss: 0.00000106
validating
Current best validation errs by now: 0.0003557767472117238
Epoch 381/400, Loss: 0.00000139
Epoch 382/400, Loss: 0.00000502
Epoch 383/400, Loss: 0.00002968
Epoch 384/400, Loss: 0.00000263
Epoch 385/400, Loss: 0.00000231
validating
Current best validation errs by now: 0.0003557767472117238
Epoch 386/400, Loss: 0.00000134
Epoch 387/400, Loss: 0.00000437
Epoch 388/400, Loss: 0.00000413
Epoch 389/400, Loss: 0.00001273
Epoch 390/400, Loss: 0.00002487
validating
Current best validation errs by now: 0.0003557767472117238
Epoch 391/400, Loss: 0.00000814
Epoch 392/400, Loss: 0.00000277
Epoch 393/400, Loss: 0.00000081
Epoch 394/400, Loss: 0.00000202
Epoch 395/400, Loss: 0.00001125
validating
Current best validation errs by now: 0.0003557767472117238
Epoch 396/400, Loss: 0.00001982
Epoch 397/400, Loss: 0.00000443
Epoch 398/400, Loss: 0.00001170
Epoch 399/400, Loss: 0.00001171
Epoch 400/400, Loss: 0.00000293
total training time: 3643.9863822460175 seconds
evalute average performance on 188 samples
average stess relative err: 0.0014040393291500724
