
Currently Loaded Modules:
  1) openmpi/4.1.6

 

job is starting on gpua021.delta.ncsa.illinois.edu
/u/wzhong/miniconda3/bin/python3
# packages in environment at /u/wzhong/miniconda3:
#
# Name                    Version                   Build  Channel
/u/wzhong/miniconda3/lib/python3.12/site-packages/torch_geometric/deprecation.py:26: UserWarning: 'data.DataLoader' is deprecated, use 'loader.DataLoader' instead
  warnings.warn(out)
No Nvidia modulus is detected.
Creating data loaders...
Data loaders created: Train=1282, Val=213, Test=643
Creating data loaders...
Not finding in path 2
Loading pretrained model ...
No trained model
model training ...
validating
Current best validation errs by now: 3.811443075327806
Epoch 1/400, Loss: 0.00038656
Epoch 2/400, Loss: 0.00058356
Epoch 3/400, Loss: 0.00009396
Epoch 4/400, Loss: 0.00014280
Epoch 5/400, Loss: 0.00025033
validating
Current best validation errs by now: 0.6379457500898782
Epoch 6/400, Loss: 0.00026399
Epoch 7/400, Loss: 0.00012275
Epoch 8/400, Loss: 0.00020544
Epoch 9/400, Loss: 0.00015674
Epoch 10/400, Loss: 0.00052530
validating
Current best validation errs by now: 0.555762702590423
Epoch 11/400, Loss: 0.00011252
Epoch 12/400, Loss: 0.00017301
Epoch 13/400, Loss: 0.00012392
Epoch 14/400, Loss: 0.00015405
Epoch 15/400, Loss: 0.00040590
validating
Current best validation errs by now: 0.5065913792227356
Epoch 16/400, Loss: 0.00040448
Epoch 17/400, Loss: 0.00042795
Epoch 18/400, Loss: 0.00004128
Epoch 19/400, Loss: 0.00010408
Epoch 20/400, Loss: 0.00021454
validating
Current best validation errs by now: 0.4877623849911309
Epoch 21/400, Loss: 0.00010143
Epoch 22/400, Loss: 0.00015231
Epoch 23/400, Loss: 0.00019370
Epoch 24/400, Loss: 0.00014266
Epoch 25/400, Loss: 0.00007474
validating
Current best validation errs by now: 0.4877623849911309
Epoch 26/400, Loss: 0.00005550
Epoch 27/400, Loss: 0.00060229
Epoch 28/400, Loss: 0.00019552
Epoch 29/400, Loss: 0.00016211
Epoch 30/400, Loss: 0.00004530
validating
Current best validation errs by now: 0.459202937117205
Epoch 31/400, Loss: 0.00023113
Epoch 32/400, Loss: 0.00016541
Epoch 33/400, Loss: 0.00003130
Epoch 34/400, Loss: 0.00017885
Epoch 35/400, Loss: 0.00005576
validating
Current best validation errs by now: 0.459202937117205
Epoch 36/400, Loss: 0.00009466
Epoch 37/400, Loss: 0.00004987
Epoch 38/400, Loss: 0.00008346
Epoch 39/400, Loss: 0.00004581
Epoch 40/400, Loss: 0.00005439
validating
Current best validation errs by now: 0.45734346878360693
Epoch 41/400, Loss: 0.00003579
Epoch 42/400, Loss: 0.00004996
Epoch 43/400, Loss: 0.00039339
Epoch 44/400, Loss: 0.00034559
Epoch 45/400, Loss: 0.00035756
validating
Current best validation errs by now: 0.45734346878360693
Epoch 46/400, Loss: 0.00008761
Epoch 47/400, Loss: 0.00008750
Epoch 48/400, Loss: 0.00008324
Epoch 49/400, Loss: 0.00004529
Epoch 50/400, Loss: 0.00014820
validating
Current best validation errs by now: 0.4251572130151758
Epoch 51/400, Loss: 0.00011288
Epoch 52/400, Loss: 0.00013859
Epoch 53/400, Loss: 0.00012960
Epoch 54/400, Loss: 0.00002665
Epoch 55/400, Loss: 0.00021090
validating
Current best validation errs by now: 0.4251572130151758
Epoch 56/400, Loss: 0.00006343
Epoch 57/400, Loss: 0.00010848
Epoch 58/400, Loss: 0.00013743
Epoch 59/400, Loss: 0.00002157
Epoch 60/400, Loss: 0.00011109
validating
Current best validation errs by now: 0.4251572130151758
Epoch 61/400, Loss: 0.00021568
Epoch 62/400, Loss: 0.00009542
Epoch 63/400, Loss: 0.00007467
Epoch 64/400, Loss: 0.00008950
Epoch 65/400, Loss: 0.00008706
validating
Current best validation errs by now: 0.4251572130151758
Epoch 66/400, Loss: 0.00004028
Epoch 67/400, Loss: 0.00006879
Epoch 68/400, Loss: 0.00006029
Epoch 69/400, Loss: 0.00005183
Epoch 70/400, Loss: 0.00018654
validating
Current best validation errs by now: 0.4251572130151758
Epoch 71/400, Loss: 0.00014116
Epoch 72/400, Loss: 0.00008874
Epoch 73/400, Loss: 0.00004623
Epoch 74/400, Loss: 0.00010831
Epoch 75/400, Loss: 0.00004658
validating
Current best validation errs by now: 0.4251572130151758
Epoch 76/400, Loss: 0.00033095
Epoch 77/400, Loss: 0.00006640
Epoch 78/400, Loss: 0.00007747
Epoch 79/400, Loss: 0.00004883
Epoch 80/400, Loss: 0.00010429
validating
Current best validation errs by now: 0.4251572130151758
Epoch 81/400, Loss: 0.00004678
Epoch 82/400, Loss: 0.00011459
Epoch 83/400, Loss: 0.00013531
Epoch 84/400, Loss: 0.00008176
Epoch 85/400, Loss: 0.00023345
validating
Current best validation errs by now: 0.41541938840503423
Epoch 86/400, Loss: 0.00008132
Epoch 87/400, Loss: 0.00011377
Epoch 88/400, Loss: 0.00008425
Epoch 89/400, Loss: 0.00004300
Epoch 90/400, Loss: 0.00007738
validating
Current best validation errs by now: 0.4048087989360514
Epoch 91/400, Loss: 0.00009003
Epoch 92/400, Loss: 0.00005768
Epoch 93/400, Loss: 0.00006812
Epoch 94/400, Loss: 0.00008570
Epoch 95/400, Loss: 0.00004877
validating
Current best validation errs by now: 0.4048087989360514
Epoch 96/400, Loss: 0.00010850
Epoch 97/400, Loss: 0.00010847
Epoch 98/400, Loss: 0.00001300
Epoch 99/400, Loss: 0.00005226
Epoch 100/400, Loss: 0.00005494
validating
Current best validation errs by now: 0.4048087989360514
Epoch 101/400, Loss: 0.00008165
Epoch 102/400, Loss: 0.00005452
Epoch 103/400, Loss: 0.00020944
Epoch 104/400, Loss: 0.00007569
Epoch 105/400, Loss: 0.00001990
validating
Current best validation errs by now: 0.39175832250588377
Epoch 106/400, Loss: 0.00006153
Epoch 107/400, Loss: 0.00009379
Epoch 108/400, Loss: 0.00001647
Epoch 109/400, Loss: 0.00003066
Epoch 110/400, Loss: 0.00012293
validating
Current best validation errs by now: 0.39175832250588377
Epoch 111/400, Loss: 0.00009391
Epoch 112/400, Loss: 0.00007763
Epoch 113/400, Loss: 0.00007222
Epoch 114/400, Loss: 0.00011144
Epoch 115/400, Loss: 0.00004987
validating
Current best validation errs by now: 0.39175832250588377
Epoch 116/400, Loss: 0.00006542
Epoch 117/400, Loss: 0.00014166
Epoch 118/400, Loss: 0.00007127
Epoch 119/400, Loss: 0.00009002
Epoch 120/400, Loss: 0.00005493
validating
Current best validation errs by now: 0.39175832250588377
Epoch 121/400, Loss: 0.00009958
Epoch 122/400, Loss: 0.00013791
Epoch 123/400, Loss: 0.00020968
Epoch 124/400, Loss: 0.00016949
Epoch 125/400, Loss: 0.00004391
validating
Current best validation errs by now: 0.3894695263933128
Epoch 126/400, Loss: 0.00015220
Epoch 127/400, Loss: 0.00004685
Epoch 128/400, Loss: 0.00007115
Epoch 129/400, Loss: 0.00002548
Epoch 130/400, Loss: 0.00007608
validating
Current best validation errs by now: 0.3894695263933128
Epoch 131/400, Loss: 0.00003628
Epoch 132/400, Loss: 0.00009674
Epoch 133/400, Loss: 0.00008450
Epoch 134/400, Loss: 0.00021396
Epoch 135/400, Loss: 0.00001950
validating
Current best validation errs by now: 0.3894695263933128
Epoch 136/400, Loss: 0.00004069
Epoch 137/400, Loss: 0.00013618
Epoch 138/400, Loss: 0.00003141
Epoch 139/400, Loss: 0.00007349
Epoch 140/400, Loss: 0.00005034
validating
Current best validation errs by now: 0.3894695263933128
Epoch 141/400, Loss: 0.00003905
Epoch 142/400, Loss: 0.00006996
Epoch 143/400, Loss: 0.00008138
Epoch 144/400, Loss: 0.00003362
Epoch 145/400, Loss: 0.00011982
validating
Current best validation errs by now: 0.37942088126016893
Epoch 146/400, Loss: 0.00002781
Epoch 147/400, Loss: 0.00003251
Epoch 148/400, Loss: 0.00003216
Epoch 149/400, Loss: 0.00003045
Epoch 150/400, Loss: 0.00009353
validating
Current best validation errs by now: 0.37942088126016893
Epoch 151/400, Loss: 0.00006522
Epoch 152/400, Loss: 0.00010052
Epoch 153/400, Loss: 0.00001958
Epoch 154/400, Loss: 0.00011585
Epoch 155/400, Loss: 0.00005475
validating
Current best validation errs by now: 0.37942088126016893
Epoch 156/400, Loss: 0.00002225
Epoch 157/400, Loss: 0.00013725
Epoch 158/400, Loss: 0.00003944
Epoch 159/400, Loss: 0.00006056
Epoch 160/400, Loss: 0.00007297
validating
Current best validation errs by now: 0.37942088126016893
Epoch 161/400, Loss: 0.00002772
Epoch 162/400, Loss: 0.00008357
Epoch 163/400, Loss: 0.00012016
Epoch 164/400, Loss: 0.00002599
Epoch 165/400, Loss: 0.00004438
validating
Current best validation errs by now: 0.37942088126016893
Epoch 166/400, Loss: 0.00006679
Epoch 167/400, Loss: 0.00007687
Epoch 168/400, Loss: 0.00002327
Epoch 169/400, Loss: 0.00004002
Epoch 170/400, Loss: 0.00025819
validating
Current best validation errs by now: 0.37942088126016893
Epoch 171/400, Loss: 0.00005308
Epoch 172/400, Loss: 0.00006295
Epoch 173/400, Loss: 0.00003966
Epoch 174/400, Loss: 0.00023680
Epoch 175/400, Loss: 0.00001621
validating
Current best validation errs by now: 0.3787170698245366
Epoch 176/400, Loss: 0.00007650
Epoch 177/400, Loss: 0.00002510
Epoch 178/400, Loss: 0.00006004
Epoch 179/400, Loss: 0.00009767
Epoch 180/400, Loss: 0.00013045
validating
Current best validation errs by now: 0.3781581784078213
Epoch 181/400, Loss: 0.00014792
Epoch 182/400, Loss: 0.00002652
Epoch 183/400, Loss: 0.00006486
Epoch 184/400, Loss: 0.00004344
Epoch 185/400, Loss: 0.00005161
validating
Current best validation errs by now: 0.3759241748443792
Epoch 186/400, Loss: 0.00002576
Epoch 187/400, Loss: 0.00007332
Epoch 188/400, Loss: 0.00007906
Epoch 189/400, Loss: 0.00005073
Epoch 190/400, Loss: 0.00001215
validating
Current best validation errs by now: 0.3759241748443792
Epoch 191/400, Loss: 0.00002563
Epoch 192/400, Loss: 0.00007831
Epoch 193/400, Loss: 0.00004810
Epoch 194/400, Loss: 0.00007175
Epoch 195/400, Loss: 0.00011515
validating
Current best validation errs by now: 0.3759241748443792
Epoch 196/400, Loss: 0.00004432
Epoch 197/400, Loss: 0.00010078
Epoch 198/400, Loss: 0.00005239
Epoch 199/400, Loss: 0.00004369
Epoch 200/400, Loss: 0.00003190
validating
Current best validation errs by now: 0.3759241748443792
Epoch 201/400, Loss: 0.00006473
Epoch 202/400, Loss: 0.00006955
Epoch 203/400, Loss: 0.00002886
Epoch 204/400, Loss: 0.00014345
Epoch 205/400, Loss: 0.00004321
validating
Current best validation errs by now: 0.3759241748443792
Epoch 206/400, Loss: 0.00002416
Epoch 207/400, Loss: 0.00002085
Epoch 208/400, Loss: 0.00008817
Epoch 209/400, Loss: 0.00006318
Epoch 210/400, Loss: 0.00004336
validating
Current best validation errs by now: 0.36962661510901834
Epoch 211/400, Loss: 0.00004950
Epoch 212/400, Loss: 0.00013122
Epoch 213/400, Loss: 0.00002615
Epoch 214/400, Loss: 0.00006255
Epoch 215/400, Loss: 0.00008469
validating
Current best validation errs by now: 0.36962661510901834
Epoch 216/400, Loss: 0.00017182
Epoch 217/400, Loss: 0.00005865
Epoch 218/400, Loss: 0.00000978
Epoch 219/400, Loss: 0.00007830
Epoch 220/400, Loss: 0.00004394
validating
Current best validation errs by now: 0.36962661510901834
Epoch 221/400, Loss: 0.00011951
Epoch 222/400, Loss: 0.00007740
Epoch 223/400, Loss: 0.00004807
Epoch 224/400, Loss: 0.00006866
Epoch 225/400, Loss: 0.00005267
validating
Current best validation errs by now: 0.36962661510901834
Epoch 226/400, Loss: 0.00002660
Epoch 227/400, Loss: 0.00007135
Epoch 228/400, Loss: 0.00004722
Epoch 229/400, Loss: 0.00003566
Epoch 230/400, Loss: 0.00006444
validating
Current best validation errs by now: 0.36962661510901834
Epoch 231/400, Loss: 0.00005043
Epoch 232/400, Loss: 0.00005895
Epoch 233/400, Loss: 0.00017152
Epoch 234/400, Loss: 0.00004190
Epoch 235/400, Loss: 0.00010931
validating
Current best validation errs by now: 0.36962661510901834
Epoch 236/400, Loss: 0.00010972
Epoch 237/400, Loss: 0.00001216
Epoch 238/400, Loss: 0.00002879
Epoch 239/400, Loss: 0.00006514
Epoch 240/400, Loss: 0.00014825
validating
Current best validation errs by now: 0.36962661510901834
Epoch 241/400, Loss: 0.00005047
Epoch 242/400, Loss: 0.00012402
Epoch 243/400, Loss: 0.00001825
Epoch 244/400, Loss: 0.00014431
Epoch 245/400, Loss: 0.00006416
validating
Current best validation errs by now: 0.36962661510901834
Epoch 246/400, Loss: 0.00002338
Epoch 247/400, Loss: 0.00002933
Epoch 248/400, Loss: 0.00002642
Epoch 249/400, Loss: 0.00005289
Epoch 250/400, Loss: 0.00001198
validating
Current best validation errs by now: 0.36962661510901834
Epoch 251/400, Loss: 0.00004941
Epoch 252/400, Loss: 0.00002539
Epoch 253/400, Loss: 0.00011645
Epoch 254/400, Loss: 0.00014604
Epoch 255/400, Loss: 0.00007157
validating
Current best validation errs by now: 0.3685763339761277
Epoch 256/400, Loss: 0.00012273
Epoch 257/400, Loss: 0.00010403
Epoch 258/400, Loss: 0.00009051
Epoch 259/400, Loss: 0.00008734
Epoch 260/400, Loss: 0.00001537
validating
Current best validation errs by now: 0.3685763339761277
Epoch 261/400, Loss: 0.00004551
Epoch 262/400, Loss: 0.00004433
Epoch 263/400, Loss: 0.00001121
Epoch 264/400, Loss: 0.00006400
Epoch 265/400, Loss: 0.00010463
validating
Current best validation errs by now: 0.36677580861978126
Epoch 266/400, Loss: 0.00007701
Epoch 267/400, Loss: 0.00006721
Epoch 268/400, Loss: 0.00007416
Epoch 269/400, Loss: 0.00001510
Epoch 270/400, Loss: 0.00003348
validating
Current best validation errs by now: 0.36677580861978126
Epoch 271/400, Loss: 0.00007039
Epoch 272/400, Loss: 0.00004327
Epoch 273/400, Loss: 0.00003792
Epoch 274/400, Loss: 0.00013202
Epoch 275/400, Loss: 0.00006949
validating
Current best validation errs by now: 0.36677580861978126
Epoch 276/400, Loss: 0.00005372
Epoch 277/400, Loss: 0.00005380
Epoch 278/400, Loss: 0.00004483
Epoch 279/400, Loss: 0.00002144
Epoch 280/400, Loss: 0.00001617
validating
Current best validation errs by now: 0.36677580861978126
Epoch 281/400, Loss: 0.00006235
Epoch 282/400, Loss: 0.00008169
Epoch 283/400, Loss: 0.00003936
Epoch 284/400, Loss: 0.00008861
Epoch 285/400, Loss: 0.00001323
validating
Current best validation errs by now: 0.36677580861978126
Epoch 286/400, Loss: 0.00003875
Epoch 287/400, Loss: 0.00002809
Epoch 288/400, Loss: 0.00003186
Epoch 289/400, Loss: 0.00010692
Epoch 290/400, Loss: 0.00008320
validating
Current best validation errs by now: 0.3663625563953964
slurmstepd: error: *** JOB 8861033 ON gpua021 CANCELLED AT 2025-04-05T08:26:53 DUE TO TIME LIMIT ***
