
Currently Loaded Modules:
  1) openmpi/4.1.6

 

job is starting on gpua006.delta.ncsa.illinois.edu
/u/wzhong/miniconda3/bin/python3
# packages in environment at /u/wzhong/miniconda3:
#
# Name                    Version                   Build  Channel
/u/wzhong/miniconda3/lib/python3.12/site-packages/torch_geometric/deprecation.py:26: UserWarning: 'data.DataLoader' is deprecated, use 'loader.DataLoader' instead
  warnings.warn(out)
No Nvidia modulus is detected.
Creating data loaders...
Not finding in path 1
Creating data loaders...
Data loaders created: Train=6000, Val=1000, Test=3000
Loading pretrained model ...
No trained model
model training ...
validating
Traceback (most recent call last):
  File "/u/wzhong/PhD/FairCompare/main.py", line 168, in <module>
    train_model(args, model, optimizer, device, train_loader, val_loader, scale_factor, epochs=400)
  File "/u/wzhong/PhD/FairCompare/utils.py", line 20, in train_model
    val_err = validate_model(args, model,  device, val_loader, scale_factor)
              ^^^^^^^^^^^^^^^^^^^^^^^^^^^^^^^^^^^^^^^^^^^^^^^^^^^^^^^^^^^^^^
  File "/u/wzhong/PhD/FairCompare/utils.py", line 62, in validate_model
    output = model.predict(graph_data)
             ^^^^^^^^^^^^^^^^^^^^^^^^^
  File "/u/wzhong/PhD/FairCompare/models/PNOs/transformer.py", line 136, in predict
    assert hasattr(graph, 'control_points') == True, 'transformer need point cloud of geometry representation'
           ^^^^^^^^^^^^^^^^^^^^^^^^^^^^^^^^^^^^^^^^
AssertionError: transformer need point cloud of geometry representation
